{"/home/runner/work/CollegeOS/CollegeOS/backend/src/config/constants.js": {"path":"/home/runner/work/CollegeOS/CollegeOS/backend/src/config/constants.js","statementMap":{"0":{"start":{"line":1,"column":0},"end":{"line":72,"column":2}}},"fnMap":{},"branchMap":{},"s":{"0":0},"f":{},"b":{}}
,"/home/runner/work/CollegeOS/CollegeOS/backend/src/config/database.js": {"path":"/home/runner/work/CollegeOS/CollegeOS/backend/src/config/database.js","statementMap":{"0":{"start":{"line":1,"column":17},"end":{"line":1,"column":42}},"1":{"start":{"line":2,"column":13},"end":{"line":2,"column":28}},"2":{"start":{"line":3,"column":11},"end":{"line":3,"column":24}},"3":{"start":{"line":4,"column":15},"end":{"line":4,"column":41}},"4":{"start":{"line":5,"column":15},"end":{"line":5,"column":31}},"5":{"start":{"line":9,"column":4},"end":{"line":9,"column":19}},"6":{"start":{"line":10,"column":4},"end":{"line":10,"column":29}},"7":{"start":{"line":14,"column":4},"end":{"line":14,"column":41}},"8":{"start":{"line":14,"column":26},"end":{"line":14,"column":41}},"9":{"start":{"line":16,"column":4},"end":{"line":42,"column":5}},"10":{"start":{"line":18,"column":20},"end":{"line":18,"column":54}},"11":{"start":{"line":19,"column":6},"end":{"line":21,"column":7}},"12":{"start":{"line":20,"column":8},"end":{"line":20,"column":49}},"13":{"start":{"line":24,"column":6},"end":{"line":26,"column":9}},"14":{"start":{"line":29,"column":6},"end":{"line":29,"column":42}},"15":{"start":{"line":32,"column":6},"end":{"line":32,"column":43}},"16":{"start":{"line":33,"column":6},"end":{"line":33,"column":45}},"17":{"start":{"line":35,"column":6},"end":{"line":35,"column":53}},"18":{"start":{"line":36,"column":6},"end":{"line":36,"column":30}},"19":{"start":{"line":38,"column":6},"end":{"line":38,"column":21}},"20":{"start":{"line":40,"column":6},"end":{"line":40,"column":57}},"21":{"start":{"line":41,"column":6},"end":{"line":41,"column":18}},"22":{"start":{"line":46,"column":15},"end":{"line":46,"column":32}},"23":{"start":{"line":48,"column":4},"end":{"line":48,"column":50}},"24":{"start":{"line":51,"column":4},"end":{"line":834,"column":7}},"25":{"start":{"line":837,"column":4},"end":{"line":841,"column":5}},"26":{"start":{"line":838,"column":6},"end":{"line":838,"column":75}},"27":{"start":{"line":844,"column":27},"end":{"line":863,"column":5}},"28":{"start":{"line":865,"column":4},"end":{"line":871,"column":5}},"29":{"start":{"line":866,"column":6},"end":{"line":870,"column":7}},"30":{"start":{"line":867,"column":8},"end":{"line":867,"column":83}},"31":{"start":{"line":874,"column":4},"end":{"line":880,"column":5}},"32":{"start":{"line":875,"column":6},"end":{"line":875,"column":109}},"33":{"start":{"line":876,"column":6},"end":{"line":876,"column":95}},"34":{"start":{"line":877,"column":6},"end":{"line":877,"column":102}},"35":{"start":{"line":882,"column":4},"end":{"line":882,"column":62}},"36":{"start":{"line":886,"column":4},"end":{"line":888,"column":5}},"37":{"start":{"line":887,"column":6},"end":{"line":887,"column":24}},"38":{"start":{"line":889,"column":4},"end":{"line":889,"column":19}},"39":{"start":{"line":893,"column":4},"end":{"line":897,"column":5}},"40":{"start":{"line":894,"column":6},"end":{"line":894,"column":22}},"41":{"start":{"line":895,"column":6},"end":{"line":895,"column":31}},"42":{"start":{"line":896,"column":6},"end":{"line":896,"column":48}},"43":{"start":{"line":902,"column":18},"end":{"line":902,"column":39}},"44":{"start":{"line":904,"column":0},"end":{"line":904,"column":27}}},"fnMap":{"0":{"name":"(anonymous_0)","decl":{"start":{"line":8,"column":2},"end":{"line":8,"column":3}},"loc":{"start":{"line":8,"column":16},"end":{"line":11,"column":3}},"line":8},"1":{"name":"(anonymous_1)","decl":{"start":{"line":13,"column":2},"end":{"line":13,"column":3}},"loc":{"start":{"line":13,"column":15},"end":{"line":43,"column":3}},"line":13},"2":{"name":"(anonymous_2)","decl":{"start":{"line":45,"column":2},"end":{"line":45,"column":3}},"loc":{"start":{"line":45,"column":18},"end":{"line":883,"column":3}},"line":45},"3":{"name":"(anonymous_3)","decl":{"start":{"line":885,"column":2},"end":{"line":885,"column":3}},"loc":{"start":{"line":885,"column":16},"end":{"line":890,"column":3}},"line":885},"4":{"name":"(anonymous_4)","decl":{"start":{"line":892,"column":2},"end":{"line":892,"column":3}},"loc":{"start":{"line":892,"column":10},"end":{"line":898,"column":3}},"line":892}},"branchMap":{"0":{"loc":{"start":{"line":14,"column":4},"end":{"line":14,"column":41}},"type":"if","locations":[{"start":{"line":14,"column":4},"end":{"line":14,"column":41}},{"start":{},"end":{}}],"line":14},"1":{"loc":{"start":{"line":19,"column":6},"end":{"line":21,"column":7}},"type":"if","locations":[{"start":{"line":19,"column":6},"end":{"line":21,"column":7}},{"start":{},"end":{}}],"line":19},"2":{"loc":{"start":{"line":25,"column":17},"end":{"line":25,"column":71}},"type":"cond-expr","locations":[{"start":{"line":25,"column":52},"end":{"line":25,"column":64}},{"start":{"line":25,"column":67},"end":{"line":25,"column":71}}],"line":25},"3":{"loc":{"start":{"line":886,"column":4},"end":{"line":888,"column":5}},"type":"if","locations":[{"start":{"line":886,"column":4},"end":{"line":888,"column":5}},{"start":{},"end":{}}],"line":886},"4":{"loc":{"start":{"line":893,"column":4},"end":{"line":897,"column":5}},"type":"if","locations":[{"start":{"line":893,"column":4},"end":{"line":897,"column":5}},{"start":{},"end":{}}],"line":893}},"s":{"0":1,"1":1,"2":1,"3":1,"4":1,"5":1,"6":1,"7":2,"8":1,"9":1,"10":1,"11":1,"12":0,"13":1,"14":1,"15":1,"16":1,"17":1,"18":1,"19":1,"20":0,"21":0,"22":1,"23":1,"24":1,"25":1,"26":1,"27":1,"28":1,"29":18,"30":18,"31":1,"32":1,"33":1,"34":1,"35":1,"36":0,"37":0,"38":0,"39":1,"40":1,"41":1,"42":1,"43":1,"44":1},"f":{"0":1,"1":2,"2":1,"3":0,"4":1},"b":{"0":[1,1],"1":[0,1],"2":[0,1],"3":[0,0],"4":[1,0]},"_coverageSchema":"1a1c01bbd47fc00a2c39e90264f33305004495a9","hash":"6cb1905ff19f1444e39065a9a655f73f38b3f33b"}
,"/home/runner/work/CollegeOS/CollegeOS/backend/src/config/env.js": {"path":"/home/runner/work/CollegeOS/CollegeOS/backend/src/config/env.js","statementMap":{"0":{"start":{"line":1,"column":0},"end":{"line":1,"column":27}},"1":{"start":{"line":2,"column":13},"end":{"line":2,"column":28}},"2":{"start":{"line":4,"column":0},"end":{"line":39,"column":2}}},"fnMap":{},"branchMap":{"0":{"loc":{"start":{"line":5,"column":8},"end":{"line":5,"column":32}},"type":"binary-expr","locations":[{"start":{"line":5,"column":8},"end":{"line":5,"column":24}},{"start":{"line":5,"column":28},"end":{"line":5,"column":32}}],"line":5},"1":{"loc":{"start":{"line":6,"column":11},"end":{"line":6,"column":48}},"type":"binary-expr","locations":[{"start":{"line":6,"column":11},"end":{"line":6,"column":31}},{"start":{"line":6,"column":35},"end":{"line":6,"column":48}}],"line":6},"2":{"loc":{"start":{"line":9,"column":10},"end":{"line":9,"column":92}},"type":"binary-expr","locations":[{"start":{"line":9,"column":10},"end":{"line":9,"column":35}},{"start":{"line":9,"column":39},"end":{"line":9,"column":92}}],"line":9},"3":{"loc":{"start":{"line":14,"column":15},"end":{"line":14,"column":50}},"type":"binary-expr","locations":[{"start":{"line":14,"column":15},"end":{"line":14,"column":41}},{"start":{"line":14,"column":45},"end":{"line":14,"column":50}}],"line":14},"4":{"loc":{"start":{"line":16,"column":22},"end":{"line":16,"column":66}},"type":"binary-expr","locations":[{"start":{"line":16,"column":22},"end":{"line":16,"column":58}},{"start":{"line":16,"column":62},"end":{"line":16,"column":66}}],"line":16},"5":{"loc":{"start":{"line":26,"column":9},"end":{"line":26,"column":60}},"type":"binary-expr","locations":[{"start":{"line":26,"column":9},"end":{"line":26,"column":33}},{"start":{"line":26,"column":37},"end":{"line":26,"column":60}}],"line":26},"6":{"loc":{"start":{"line":30,"column":15},"end":{"line":30,"column":69}},"type":"binary-expr","locations":[{"start":{"line":30,"column":15},"end":{"line":30,"column":46}},{"start":{"line":30,"column":50},"end":{"line":30,"column":69}}],"line":30},"7":{"loc":{"start":{"line":31,"column":13},"end":{"line":31,"column":60}},"type":"binary-expr","locations":[{"start":{"line":31,"column":13},"end":{"line":31,"column":52}},{"start":{"line":31,"column":56},"end":{"line":31,"column":60}}],"line":31},"8":{"loc":{"start":{"line":32,"column":19},"end":{"line":32,"column":62}},"type":"binary-expr","locations":[{"start":{"line":32,"column":19},"end":{"line":32,"column":56}},{"start":{"line":32,"column":60},"end":{"line":32,"column":62}}],"line":32},"9":{"loc":{"start":{"line":36,"column":14},"end":{"line":36,"column":66}},"type":"binary-expr","locations":[{"start":{"line":36,"column":14},"end":{"line":36,"column":56}},{"start":{"line":36,"column":60},"end":{"line":36,"column":66}}],"line":36},"10":{"loc":{"start":{"line":37,"column":17},"end":{"line":37,"column":69}},"type":"binary-expr","locations":[{"start":{"line":37,"column":17},"end":{"line":37,"column":62}},{"start":{"line":37,"column":66},"end":{"line":37,"column":69}}],"line":37}},"s":{"0":1,"1":1,"2":1},"f":{},"b":{"0":[1,1],"1":[1,0],"2":[1,1],"3":[1,1],"4":[1,1],"5":[1,1],"6":[1,1],"7":[1,1],"8":[1,1],"9":[1,1],"10":[1,1]},"_coverageSchema":"1a1c01bbd47fc00a2c39e90264f33305004495a9","hash":"93f9f1d9eec21769685ef1f619674e02b17ef083"}
,"/home/runner/work/CollegeOS/CollegeOS/backend/src/controllers/applicationController.js": {"path":"/home/runner/work/CollegeOS/CollegeOS/backend/src/controllers/applicationController.js","statementMap":{"0":{"start":{"line":1,"column":20},"end":{"line":1,"column":52}},"1":{"start":{"line":2,"column":15},"end":{"line":2,"column":41}},"2":{"start":{"line":6,"column":2},"end":{"line":6,"column":75}},"3":{"start":{"line":11,"column":2},"end":{"line":13,"column":3}},"4":{"start":{"line":12,"column":4},"end":{"line":12,"column":41}},"5":{"start":{"line":14,"column":2},"end":{"line":14,"column":13}},"6":{"start":{"line":20,"column":22},"end":{"line":20,"column":41}},"7":{"start":{"line":21,"column":22},"end":{"line":21,"column":32}},"8":{"start":{"line":23,"column":4},"end":{"line":52,"column":5}},"9":{"start":{"line":24,"column":21},"end":{"line":24,"column":37}},"10":{"start":{"line":25,"column":35},"end":{"line":25,"column":44}},"11":{"start":{"line":27,"column":6},"end":{"line":27,"column":121}},"12":{"start":{"line":29,"column":6},"end":{"line":36,"column":7}},"13":{"start":{"line":30,"column":8},"end":{"line":30,"column":92}},"14":{"start":{"line":31,"column":8},"end":{"line":35,"column":11}},"15":{"start":{"line":38,"column":6},"end":{"line":38,"column":79}},"16":{"start":{"line":39,"column":27},"end":{"line":39,"column":79}},"17":{"start":{"line":41,"column":23},"end":{"line":41,"column":45}},"18":{"start":{"line":42,"column":6},"end":{"line":42,"column":101}},"19":{"start":{"line":44,"column":6},"end":{"line":48,"column":52}},"20":{"start":{"line":50,"column":6},"end":{"line":50,"column":70}},"21":{"start":{"line":51,"column":6},"end":{"line":51,"column":18}},"22":{"start":{"line":57,"column":22},"end":{"line":57,"column":41}},"23":{"start":{"line":58,"column":22},"end":{"line":58,"column":32}},"24":{"start":{"line":60,"column":4},"end":{"line":141,"column":5}},"25":{"start":{"line":61,"column":21},"end":{"line":61,"column":37}},"26":{"start":{"line":62,"column":19},"end":{"line":62,"column":48}},"27":{"start":{"line":64,"column":6},"end":{"line":64,"column":73}},"28":{"start":{"line":65,"column":6},"end":{"line":65,"column":94}},"29":{"start":{"line":67,"column":6},"end":{"line":74,"column":7}},"30":{"start":{"line":68,"column":8},"end":{"line":68,"column":64}},"31":{"start":{"line":69,"column":8},"end":{"line":73,"column":11}},"32":{"start":{"line":77,"column":6},"end":{"line":80,"column":7}},"33":{"start":{"line":78,"column":8},"end":{"line":78,"column":41}},"34":{"start":{"line":79,"column":8},"end":{"line":79,"column":93}},"35":{"start":{"line":82,"column":6},"end":{"line":89,"column":7}},"36":{"start":{"line":83,"column":8},"end":{"line":83,"column":71}},"37":{"start":{"line":84,"column":8},"end":{"line":88,"column":11}},"38":{"start":{"line":91,"column":6},"end":{"line":91,"column":89}},"39":{"start":{"line":92,"column":26},"end":{"line":92,"column":58}},"40":{"start":{"line":94,"column":6},"end":{"line":97,"column":7}},"41":{"start":{"line":95,"column":8},"end":{"line":95,"column":82}},"42":{"start":{"line":96,"column":8},"end":{"line":96,"column":77}},"43":{"start":{"line":99,"column":6},"end":{"line":99,"column":83}},"44":{"start":{"line":102,"column":6},"end":{"line":119,"column":7}},"45":{"start":{"line":103,"column":8},"end":{"line":118,"column":9}},"46":{"start":{"line":104,"column":10},"end":{"line":104,"column":100}},"47":{"start":{"line":105,"column":50},"end":{"line":105,"column":93}},"48":{"start":{"line":106,"column":26},"end":{"line":106,"column":54}},"49":{"start":{"line":107,"column":26},"end":{"line":107,"column":72}},"50":{"start":{"line":109,"column":10},"end":{"line":114,"column":11}},"51":{"start":{"line":110,"column":12},"end":{"line":110,"column":79}},"52":{"start":{"line":111,"column":12},"end":{"line":111,"column":96}},"53":{"start":{"line":113,"column":12},"end":{"line":113,"column":110}},"54":{"start":{"line":117,"column":10},"end":{"line":117,"column":86}},"55":{"start":{"line":121,"column":23},"end":{"line":121,"column":45}},"56":{"start":{"line":122,"column":6},"end":{"line":122,"column":84}},"57":{"start":{"line":124,"column":6},"end":{"line":128,"column":52}},"58":{"start":{"line":130,"column":6},"end":{"line":130,"column":72}},"59":{"start":{"line":133,"column":6},"end":{"line":139,"column":7}},"60":{"start":{"line":134,"column":8},"end":{"line":138,"column":27}},"61":{"start":{"line":140,"column":6},"end":{"line":140,"column":18}},"62":{"start":{"line":146,"column":22},"end":{"line":146,"column":41}},"63":{"start":{"line":148,"column":4},"end":{"line":243,"column":5}},"64":{"start":{"line":149,"column":21},"end":{"line":149,"column":31}},"65":{"start":{"line":150,"column":21},"end":{"line":150,"column":37}},"66":{"start":{"line":151,"column":19},"end":{"line":151,"column":48}},"67":{"start":{"line":153,"column":6},"end":{"line":153,"column":60}},"68":{"start":{"line":154,"column":6},"end":{"line":154,"column":93}},"69":{"start":{"line":157,"column":29},"end":{"line":157,"column":63}},"70":{"start":{"line":159,"column":26},"end":{"line":159,"column":64}},"71":{"start":{"line":161,"column":6},"end":{"line":168,"column":7}},"72":{"start":{"line":162,"column":8},"end":{"line":162,"column":83}},"73":{"start":{"line":163,"column":8},"end":{"line":167,"column":11}},"74":{"start":{"line":170,"column":6},"end":{"line":170,"column":75}},"75":{"start":{"line":173,"column":6},"end":{"line":233,"column":7}},"76":{"start":{"line":176,"column":8},"end":{"line":232,"column":9}},"77":{"start":{"line":177,"column":28},"end":{"line":177,"column":57}},"78":{"start":{"line":178,"column":21},"end":{"line":178,"column":44}},"79":{"start":{"line":181,"column":23},"end":{"line":181,"column":90}},"80":{"start":{"line":183,"column":10},"end":{"line":228,"column":11}},"81":{"start":{"line":185,"column":35},"end":{"line":185,"column":70}},"82":{"start":{"line":186,"column":28},"end":{"line":186,"column":56}},"83":{"start":{"line":188,"column":28},"end":{"line":188,"column":69}},"84":{"start":{"line":189,"column":28},"end":{"line":189,"column":68}},"85":{"start":{"line":191,"column":12},"end":{"line":227,"column":13}},"86":{"start":{"line":192,"column":33},"end":{"line":192,"column":57}},"87":{"start":{"line":193,"column":33},"end":{"line":193,"column":83}},"88":{"start":{"line":193,"column":56},"end":{"line":193,"column":75}},"89":{"start":{"line":194,"column":33},"end":{"line":194,"column":83}},"90":{"start":{"line":194,"column":56},"end":{"line":194,"column":75}},"91":{"start":{"line":195,"column":32},"end":{"line":195,"column":129}},"92":{"start":{"line":195,"column":71},"end":{"line":195,"column":121}},"93":{"start":{"line":197,"column":14},"end":{"line":224,"column":16}},"94":{"start":{"line":226,"column":14},"end":{"line":226,"column":98}},"95":{"start":{"line":231,"column":10},"end":{"line":231,"column":77}},"96":{"start":{"line":235,"column":6},"end":{"line":239,"column":25}},"97":{"start":{"line":241,"column":6},"end":{"line":241,"column":72}},"98":{"start":{"line":242,"column":6},"end":{"line":242,"column":18}},"99":{"start":{"line":248,"column":22},"end":{"line":248,"column":41}},"100":{"start":{"line":250,"column":4},"end":{"line":266,"column":5}},"101":{"start":{"line":251,"column":21},"end":{"line":251,"column":31}},"102":{"start":{"line":253,"column":6},"end":{"line":253,"column":63}},"103":{"start":{"line":255,"column":6},"end":{"line":255,"column":39}},"104":{"start":{"line":257,"column":6},"end":{"line":257,"column":75}},"105":{"start":{"line":259,"column":6},"end":{"line":262,"column":25}},"106":{"start":{"line":264,"column":6},"end":{"line":264,"column":72}},"107":{"start":{"line":265,"column":6},"end":{"line":265,"column":18}},"108":{"start":{"line":271,"column":22},"end":{"line":271,"column":41}},"109":{"start":{"line":273,"column":4},"end":{"line":289,"column":5}},"110":{"start":{"line":274,"column":21},"end":{"line":274,"column":31}},"111":{"start":{"line":276,"column":6},"end":{"line":276,"column":69}},"112":{"start":{"line":278,"column":23},"end":{"line":278,"column":60}},"113":{"start":{"line":280,"column":6},"end":{"line":280,"column":80}},"114":{"start":{"line":282,"column":6},"end":{"line":285,"column":25}},"115":{"start":{"line":287,"column":6},"end":{"line":287,"column":66}},"116":{"start":{"line":288,"column":6},"end":{"line":288,"column":18}},"117":{"start":{"line":293,"column":0},"end":{"line":293,"column":39}}},"fnMap":{"0":{"name":"generateRequestId","decl":{"start":{"line":5,"column":9},"end":{"line":5,"column":26}},"loc":{"start":{"line":5,"column":29},"end":{"line":7,"column":1}},"line":5},"1":{"name":"addDebugInfo","decl":{"start":{"line":10,"column":9},"end":{"line":10,"column":21}},"loc":{"start":{"line":10,"column":38},"end":{"line":15,"column":1}},"line":10},"2":{"name":"(anonymous_2)","decl":{"start":{"line":19,"column":2},"end":{"line":19,"column":3}},"loc":{"start":{"line":19,"column":47},"end":{"line":53,"column":3}},"line":19},"3":{"name":"(anonymous_3)","decl":{"start":{"line":56,"column":2},"end":{"line":56,"column":3}},"loc":{"start":{"line":56,"column":49},"end":{"line":142,"column":3}},"line":56},"4":{"name":"(anonymous_4)","decl":{"start":{"line":145,"column":2},"end":{"line":145,"column":3}},"loc":{"start":{"line":145,"column":49},"end":{"line":244,"column":3}},"line":145},"5":{"name":"(anonymous_5)","decl":{"start":{"line":193,"column":51},"end":{"line":193,"column":52}},"loc":{"start":{"line":193,"column":56},"end":{"line":193,"column":75}},"line":193},"6":{"name":"(anonymous_6)","decl":{"start":{"line":194,"column":51},"end":{"line":194,"column":52}},"loc":{"start":{"line":194,"column":56},"end":{"line":194,"column":75}},"line":194},"7":{"name":"(anonymous_7)","decl":{"start":{"line":195,"column":66},"end":{"line":195,"column":67}},"loc":{"start":{"line":195,"column":71},"end":{"line":195,"column":121}},"line":195},"8":{"name":"(anonymous_8)","decl":{"start":{"line":247,"column":2},"end":{"line":247,"column":3}},"loc":{"start":{"line":247,"column":49},"end":{"line":267,"column":3}},"line":247},"9":{"name":"(anonymous_9)","decl":{"start":{"line":270,"column":2},"end":{"line":270,"column":3}},"loc":{"start":{"line":270,"column":43},"end":{"line":290,"column":3}},"line":270}},"branchMap":{"0":{"loc":{"start":{"line":11,"column":2},"end":{"line":13,"column":3}},"type":"if","locations":[{"start":{"line":11,"column":2},"end":{"line":13,"column":3}},{"start":{},"end":{}}],"line":11},"1":{"loc":{"start":{"line":29,"column":6},"end":{"line":36,"column":7}},"type":"if","locations":[{"start":{"line":29,"column":6},"end":{"line":36,"column":7}},{"start":{},"end":{}}],"line":29},"2":{"loc":{"start":{"line":42,"column":42},"end":{"line":42,"column":67}},"type":"binary-expr","locations":[{"start":{"line":42,"column":42},"end":{"line":42,"column":62}},{"start":{"line":42,"column":66},"end":{"line":42,"column":67}}],"line":42},"3":{"loc":{"start":{"line":62,"column":19},"end":{"line":62,"column":48}},"type":"binary-expr","locations":[{"start":{"line":62,"column":19},"end":{"line":62,"column":36}},{"start":{"line":62,"column":40},"end":{"line":62,"column":48}}],"line":62},"4":{"loc":{"start":{"line":65,"column":68},"end":{"line":65,"column":78}},"type":"binary-expr","locations":[{"start":{"line":65,"column":68},"end":{"line":65,"column":72}},{"start":{"line":65,"column":76},"end":{"line":65,"column":78}}],"line":65},"5":{"loc":{"start":{"line":67,"column":6},"end":{"line":74,"column":7}},"type":"if","locations":[{"start":{"line":67,"column":6},"end":{"line":74,"column":7}},{"start":{},"end":{}}],"line":67},"6":{"loc":{"start":{"line":77,"column":6},"end":{"line":80,"column":7}},"type":"if","locations":[{"start":{"line":77,"column":6},"end":{"line":80,"column":7}},{"start":{},"end":{}}],"line":77},"7":{"loc":{"start":{"line":77,"column":10},"end":{"line":77,"column":44}},"type":"binary-expr","locations":[{"start":{"line":77,"column":10},"end":{"line":77,"column":25}},{"start":{"line":77,"column":29},"end":{"line":77,"column":44}}],"line":77},"8":{"loc":{"start":{"line":82,"column":6},"end":{"line":89,"column":7}},"type":"if","locations":[{"start":{"line":82,"column":6},"end":{"line":89,"column":7}},{"start":{},"end":{}}],"line":82},"9":{"loc":{"start":{"line":94,"column":6},"end":{"line":97,"column":7}},"type":"if","locations":[{"start":{"line":94,"column":6},"end":{"line":97,"column":7}},{"start":{},"end":{}}],"line":94},"10":{"loc":{"start":{"line":102,"column":6},"end":{"line":119,"column":7}},"type":"if","locations":[{"start":{"line":102,"column":6},"end":{"line":119,"column":7}},{"start":{},"end":{}}],"line":102},"11":{"loc":{"start":{"line":102,"column":10},"end":{"line":102,"column":47}},"type":"binary-expr","locations":[{"start":{"line":102,"column":10},"end":{"line":102,"column":21}},{"start":{"line":102,"column":25},"end":{"line":102,"column":47}}],"line":102},"12":{"loc":{"start":{"line":109,"column":10},"end":{"line":114,"column":11}},"type":"if","locations":[{"start":{"line":109,"column":10},"end":{"line":114,"column":11}},{"start":{"line":112,"column":17},"end":{"line":114,"column":11}}],"line":109},"13":{"loc":{"start":{"line":133,"column":6},"end":{"line":139,"column":7}},"type":"if","locations":[{"start":{"line":133,"column":6},"end":{"line":139,"column":7}},{"start":{},"end":{}}],"line":133},"14":{"loc":{"start":{"line":151,"column":19},"end":{"line":151,"column":48}},"type":"binary-expr","locations":[{"start":{"line":151,"column":19},"end":{"line":151,"column":36}},{"start":{"line":151,"column":40},"end":{"line":151,"column":48}}],"line":151},"15":{"loc":{"start":{"line":154,"column":67},"end":{"line":154,"column":77}},"type":"binary-expr","locations":[{"start":{"line":154,"column":67},"end":{"line":154,"column":71}},{"start":{"line":154,"column":75},"end":{"line":154,"column":77}}],"line":154},"16":{"loc":{"start":{"line":161,"column":6},"end":{"line":168,"column":7}},"type":"if","locations":[{"start":{"line":161,"column":6},"end":{"line":168,"column":7}},{"start":{},"end":{}}],"line":161},"17":{"loc":{"start":{"line":173,"column":6},"end":{"line":233,"column":7}},"type":"if","locations":[{"start":{"line":173,"column":6},"end":{"line":233,"column":7}},{"start":{},"end":{}}],"line":173},"18":{"loc":{"start":{"line":173,"column":10},"end":{"line":175,"column":47}},"type":"binary-expr","locations":[{"start":{"line":173,"column":10},"end":{"line":173,"column":24}},{"start":{"line":173,"column":28},"end":{"line":173,"column":39}},{"start":{"line":174,"column":10},"end":{"line":174,"column":70}},{"start":{"line":175,"column":10},"end":{"line":175,"column":47}}],"line":173},"19":{"loc":{"start":{"line":183,"column":10},"end":{"line":228,"column":11}},"type":"if","locations":[{"start":{"line":183,"column":10},"end":{"line":228,"column":11}},{"start":{},"end":{}}],"line":183},"20":{"loc":{"start":{"line":183,"column":14},"end":{"line":183,"column":43}},"type":"binary-expr","locations":[{"start":{"line":183,"column":14},"end":{"line":183,"column":18}},{"start":{"line":183,"column":22},"end":{"line":183,"column":43}}],"line":183},"21":{"loc":{"start":{"line":191,"column":12},"end":{"line":227,"column":13}},"type":"if","locations":[{"start":{"line":191,"column":12},"end":{"line":227,"column":13}},{"start":{},"end":{}}],"line":191},"22":{"loc":{"start":{"line":191,"column":16},"end":{"line":191,"column":34}},"type":"binary-expr","locations":[{"start":{"line":191,"column":16},"end":{"line":191,"column":23}},{"start":{"line":191,"column":27},"end":{"line":191,"column":34}}],"line":191},"23":{"loc":{"start":{"line":192,"column":33},"end":{"line":192,"column":57}},"type":"binary-expr","locations":[{"start":{"line":192,"column":33},"end":{"line":192,"column":51}},{"start":{"line":192,"column":55},"end":{"line":192,"column":57}}],"line":192},"24":{"loc":{"start":{"line":195,"column":33},"end":{"line":195,"column":57}},"type":"binary-expr","locations":[{"start":{"line":195,"column":33},"end":{"line":195,"column":51}},{"start":{"line":195,"column":55},"end":{"line":195,"column":57}}],"line":195},"25":{"loc":{"start":{"line":195,"column":71},"end":{"line":195,"column":121}},"type":"binary-expr","locations":[{"start":{"line":195,"column":71},"end":{"line":195,"column":94}},{"start":{"line":195,"column":98},"end":{"line":195,"column":121}}],"line":195},"26":{"loc":{"start":{"line":208,"column":16},"end":{"line":208,"column":70}},"type":"binary-expr","locations":[{"start":{"line":208,"column":16},"end":{"line":208,"column":38}},{"start":{"line":208,"column":42},"end":{"line":208,"column":62}},{"start":{"line":208,"column":66},"end":{"line":208,"column":70}}],"line":208},"27":{"loc":{"start":{"line":209,"column":16},"end":{"line":209,"column":41}},"type":"binary-expr","locations":[{"start":{"line":209,"column":16},"end":{"line":209,"column":33}},{"start":{"line":209,"column":37},"end":{"line":209,"column":41}}],"line":209},"28":{"loc":{"start":{"line":210,"column":16},"end":{"line":210,"column":45}},"type":"binary-expr","locations":[{"start":{"line":210,"column":16},"end":{"line":210,"column":37}},{"start":{"line":210,"column":41},"end":{"line":210,"column":45}}],"line":210},"29":{"loc":{"start":{"line":211,"column":16},"end":{"line":211,"column":53}},"type":"binary-expr","locations":[{"start":{"line":211,"column":16},"end":{"line":211,"column":45}},{"start":{"line":211,"column":49},"end":{"line":211,"column":53}}],"line":211},"30":{"loc":{"start":{"line":215,"column":16},"end":{"line":215,"column":51}},"type":"cond-expr","locations":[{"start":{"line":215,"column":46},"end":{"line":215,"column":47}},{"start":{"line":215,"column":50},"end":{"line":215,"column":51}}],"line":215},"31":{"loc":{"start":{"line":216,"column":16},"end":{"line":216,"column":41}},"type":"cond-expr","locations":[{"start":{"line":216,"column":36},"end":{"line":216,"column":37}},{"start":{"line":216,"column":40},"end":{"line":216,"column":41}}],"line":216},"32":{"loc":{"start":{"line":217,"column":16},"end":{"line":217,"column":46}},"type":"binary-expr","locations":[{"start":{"line":217,"column":16},"end":{"line":217,"column":38}},{"start":{"line":217,"column":42},"end":{"line":217,"column":46}}],"line":217},"33":{"loc":{"start":{"line":218,"column":16},"end":{"line":218,"column":47}},"type":"binary-expr","locations":[{"start":{"line":218,"column":16},"end":{"line":218,"column":39}},{"start":{"line":218,"column":43},"end":{"line":218,"column":47}}],"line":218},"34":{"loc":{"start":{"line":219,"column":16},"end":{"line":219,"column":48}},"type":"binary-expr","locations":[{"start":{"line":219,"column":16},"end":{"line":219,"column":40}},{"start":{"line":219,"column":44},"end":{"line":219,"column":48}}],"line":219},"35":{"loc":{"start":{"line":220,"column":16},"end":{"line":220,"column":36}},"type":"binary-expr","locations":[{"start":{"line":220,"column":16},"end":{"line":220,"column":28}},{"start":{"line":220,"column":32},"end":{"line":220,"column":36}}],"line":220},"36":{"loc":{"start":{"line":280,"column":55},"end":{"line":280,"column":76}},"type":"binary-expr","locations":[{"start":{"line":280,"column":55},"end":{"line":280,"column":71}},{"start":{"line":280,"column":75},"end":{"line":280,"column":76}}],"line":280}},"s":{"0":0,"1":0,"2":0,"3":0,"4":0,"5":0,"6":0,"7":0,"8":0,"9":0,"10":0,"11":0,"12":0,"13":0,"14":0,"15":0,"16":0,"17":0,"18":0,"19":0,"20":0,"21":0,"22":0,"23":0,"24":0,"25":0,"26":0,"27":0,"28":0,"29":0,"30":0,"31":0,"32":0,"33":0,"34":0,"35":0,"36":0,"37":0,"38":0,"39":0,"40":0,"41":0,"42":0,"43":0,"44":0,"45":0,"46":0,"47":0,"48":0,"49":0,"50":0,"51":0,"52":0,"53":0,"54":0,"55":0,"56":0,"57":0,"58":0,"59":0,"60":0,"61":0,"62":0,"63":0,"64":0,"65":0,"66":0,"67":0,"68":0,"69":0,"70":0,"71":0,"72":0,"73":0,"74":0,"75":0,"76":0,"77":0,"78":0,"79":0,"80":0,"81":0,"82":0,"83":0,"84":0,"85":0,"86":0,"87":0,"88":0,"89":0,"90":0,"91":0,"92":0,"93":0,"94":0,"95":0,"96":0,"97":0,"98":0,"99":0,"100":0,"101":0,"102":0,"103":0,"104":0,"105":0,"106":0,"107":0,"108":0,"109":0,"110":0,"111":0,"112":0,"113":0,"114":0,"115":0,"116":0,"117":0},"f":{"0":0,"1":0,"2":0,"3":0,"4":0,"5":0,"6":0,"7":0,"8":0,"9":0},"b":{"0":[0,0],"1":[0,0],"2":[0,0],"3":[0,0],"4":[0,0],"5":[0,0],"6":[0,0],"7":[0,0],"8":[0,0],"9":[0,0],"10":[0,0],"11":[0,0],"12":[0,0],"13":[0,0],"14":[0,0],"15":[0,0],"16":[0,0],"17":[0,0],"18":[0,0,0,0],"19":[0,0],"20":[0,0],"21":[0,0],"22":[0,0],"23":[0,0],"24":[0,0],"25":[0,0],"26":[0,0,0],"27":[0,0],"28":[0,0],"29":[0,0],"30":[0,0],"31":[0,0],"32":[0,0],"33":[0,0],"34":[0,0],"35":[0,0],"36":[0,0]}}
,"/home/runner/work/CollegeOS/CollegeOS/backend/src/controllers/authController.js": {"path":"/home/runner/work/CollegeOS/CollegeOS/backend/src/controllers/authController.js","statementMap":{"0":{"start":{"line":1,"column":20},"end":{"line":1,"column":54}},"1":{"start":{"line":2,"column":13},"end":{"line":2,"column":38}},"2":{"start":{"line":3,"column":15},"end":{"line":3,"column":41}},"3":{"start":{"line":8,"column":4},"end":{"line":20,"column":5}},"4":{"start":{"line":9,"column":53},"end":{"line":9,"column":70}},"5":{"start":{"line":11,"column":21},"end":{"line":11,"column":83}},"6":{"start":{"line":13,"column":6},"end":{"line":17,"column":9}},"7":{"start":{"line":19,"column":6},"end":{"line":19,"column":18}},"8":{"start":{"line":25,"column":4},"end":{"line":37,"column":5}},"9":{"start":{"line":26,"column":34},"end":{"line":26,"column":51}},"10":{"start":{"line":28,"column":21},"end":{"line":28,"column":61}},"11":{"start":{"line":30,"column":6},"end":{"line":34,"column":9}},"12":{"start":{"line":36,"column":6},"end":{"line":36,"column":18}},"13":{"start":{"line":42,"column":4},"end":{"line":60,"column":5}},"14":{"start":{"line":43,"column":31},"end":{"line":43,"column":39}},"15":{"start":{"line":45,"column":6},"end":{"line":50,"column":7}},"16":{"start":{"line":46,"column":8},"end":{"line":49,"column":11}},"17":{"start":{"line":52,"column":21},"end":{"line":52,"column":71}},"18":{"start":{"line":54,"column":6},"end":{"line":57,"column":9}},"19":{"start":{"line":59,"column":6},"end":{"line":59,"column":18}},"20":{"start":{"line":65,"column":4},"end":{"line":78,"column":5}},"21":{"start":{"line":66,"column":31},"end":{"line":66,"column":39}},"22":{"start":{"line":68,"column":6},"end":{"line":70,"column":7}},"23":{"start":{"line":69,"column":8},"end":{"line":69,"column":47}},"24":{"start":{"line":72,"column":6},"end":{"line":75,"column":9}},"25":{"start":{"line":77,"column":6},"end":{"line":77,"column":18}},"26":{"start":{"line":83,"column":4},"end":{"line":99,"column":5}},"27":{"start":{"line":84,"column":19},"end":{"line":84,"column":49}},"28":{"start":{"line":86,"column":6},"end":{"line":91,"column":7}},"29":{"start":{"line":87,"column":8},"end":{"line":90,"column":11}},"30":{"start":{"line":93,"column":6},"end":{"line":96,"column":9}},"31":{"start":{"line":98,"column":6},"end":{"line":98,"column":18}},"32":{"start":{"line":104,"column":4},"end":{"line":117,"column":5}},"33":{"start":{"line":105,"column":21},"end":{"line":105,"column":36}},"34":{"start":{"line":106,"column":19},"end":{"line":106,"column":36}},"35":{"start":{"line":108,"column":19},"end":{"line":108,"column":54}},"36":{"start":{"line":110,"column":6},"end":{"line":114,"column":9}},"37":{"start":{"line":116,"column":6},"end":{"line":116,"column":18}},"38":{"start":{"line":121,"column":0},"end":{"line":121,"column":32}}},"fnMap":{"0":{"name":"(anonymous_0)","decl":{"start":{"line":7,"column":2},"end":{"line":7,"column":3}},"loc":{"start":{"line":7,"column":40},"end":{"line":21,"column":3}},"line":7},"1":{"name":"(anonymous_1)","decl":{"start":{"line":24,"column":2},"end":{"line":24,"column":3}},"loc":{"start":{"line":24,"column":37},"end":{"line":38,"column":3}},"line":24},"2":{"name":"(anonymous_2)","decl":{"start":{"line":41,"column":2},"end":{"line":41,"column":3}},"loc":{"start":{"line":41,"column":39},"end":{"line":61,"column":3}},"line":41},"3":{"name":"(anonymous_3)","decl":{"start":{"line":64,"column":2},"end":{"line":64,"column":3}},"loc":{"start":{"line":64,"column":38},"end":{"line":79,"column":3}},"line":64},"4":{"name":"(anonymous_4)","decl":{"start":{"line":82,"column":2},"end":{"line":82,"column":3}},"loc":{"start":{"line":82,"column":46},"end":{"line":100,"column":3}},"line":82},"5":{"name":"(anonymous_5)","decl":{"start":{"line":103,"column":2},"end":{"line":103,"column":3}},"loc":{"start":{"line":103,"column":50},"end":{"line":118,"column":3}},"line":103}},"branchMap":{"0":{"loc":{"start":{"line":45,"column":6},"end":{"line":50,"column":7}},"type":"if","locations":[{"start":{"line":45,"column":6},"end":{"line":50,"column":7}},{"start":{},"end":{}}],"line":45},"1":{"loc":{"start":{"line":68,"column":6},"end":{"line":70,"column":7}},"type":"if","locations":[{"start":{"line":68,"column":6},"end":{"line":70,"column":7}},{"start":{},"end":{}}],"line":68},"2":{"loc":{"start":{"line":86,"column":6},"end":{"line":91,"column":7}},"type":"if","locations":[{"start":{"line":86,"column":6},"end":{"line":91,"column":7}},{"start":{},"end":{}}],"line":86}},"s":{"0":0,"1":0,"2":0,"3":0,"4":0,"5":0,"6":0,"7":0,"8":0,"9":0,"10":0,"11":0,"12":0,"13":0,"14":0,"15":0,"16":0,"17":0,"18":0,"19":0,"20":0,"21":0,"22":0,"23":0,"24":0,"25":0,"26":0,"27":0,"28":0,"29":0,"30":0,"31":0,"32":0,"33":0,"34":0,"35":0,"36":0,"37":0,"38":0},"f":{"0":0,"1":0,"2":0,"3":0,"4":0,"5":0},"b":{"0":[0,0],"1":[0,0],"2":[0,0]}}
,"/home/runner/work/CollegeOS/CollegeOS/backend/src/controllers/collegeController.js": {"path":"/home/runner/work/CollegeOS/CollegeOS/backend/src/controllers/collegeController.js","statementMap":{"0":{"start":{"line":1,"column":23},"end":{"line":1,"column":60}},"1":{"start":{"line":2,"column":15},"end":{"line":2,"column":41}},"2":{"start":{"line":6,"column":2},"end":{"line":6,"column":75}},"3":{"start":{"line":11,"column":2},"end":{"line":13,"column":3}},"4":{"start":{"line":12,"column":4},"end":{"line":12,"column":41}},"5":{"start":{"line":14,"column":2},"end":{"line":14,"column":13}},"6":{"start":{"line":20,"column":22},"end":{"line":20,"column":41}},"7":{"start":{"line":21,"column":22},"end":{"line":21,"column":32}},"8":{"start":{"line":23,"column":4},"end":{"line":47,"column":5}},"9":{"start":{"line":24,"column":41},"end":{"line":24,"column":50}},"10":{"start":{"line":26,"column":6},"end":{"line":26,"column":105}},"11":{"start":{"line":30,"column":23},"end":{"line":34,"column":8}},"12":{"start":{"line":36,"column":23},"end":{"line":36,"column":45}},"13":{"start":{"line":37,"column":6},"end":{"line":37,"column":93}},"14":{"start":{"line":39,"column":6},"end":{"line":43,"column":52}},"15":{"start":{"line":45,"column":6},"end":{"line":45,"column":66}},"16":{"start":{"line":46,"column":6},"end":{"line":46,"column":18}},"17":{"start":{"line":52,"column":22},"end":{"line":52,"column":41}},"18":{"start":{"line":53,"column":22},"end":{"line":53,"column":32}},"19":{"start":{"line":55,"column":4},"end":{"line":90,"column":5}},"20":{"start":{"line":56,"column":21},"end":{"line":56,"column":31}},"21":{"start":{"line":58,"column":6},"end":{"line":58,"column":56}},"22":{"start":{"line":60,"column":6},"end":{"line":67,"column":7}},"23":{"start":{"line":61,"column":8},"end":{"line":61,"column":64}},"24":{"start":{"line":62,"column":8},"end":{"line":66,"column":11}},"25":{"start":{"line":69,"column":22},"end":{"line":69,"column":71}},"26":{"start":{"line":71,"column":6},"end":{"line":78,"column":7}},"27":{"start":{"line":72,"column":8},"end":{"line":72,"column":62}},"28":{"start":{"line":73,"column":8},"end":{"line":77,"column":11}},"29":{"start":{"line":80,"column":23},"end":{"line":80,"column":45}},"30":{"start":{"line":81,"column":6},"end":{"line":81,"column":78}},"31":{"start":{"line":83,"column":6},"end":{"line":86,"column":52}},"32":{"start":{"line":88,"column":6},"end":{"line":88,"column":69}},"33":{"start":{"line":89,"column":6},"end":{"line":89,"column":18}},"34":{"start":{"line":95,"column":22},"end":{"line":95,"column":41}},"35":{"start":{"line":96,"column":22},"end":{"line":96,"column":32}},"36":{"start":{"line":98,"column":4},"end":{"line":126,"column":5}},"37":{"start":{"line":99,"column":45},"end":{"line":99,"column":54}},"38":{"start":{"line":101,"column":6},"end":{"line":101,"column":108}},"39":{"start":{"line":103,"column":6},"end":{"line":107,"column":7}},"40":{"start":{"line":104,"column":8},"end":{"line":104,"column":83}},"41":{"start":{"line":106,"column":8},"end":{"line":106,"column":61}},"42":{"start":{"line":109,"column":23},"end":{"line":113,"column":8}},"43":{"start":{"line":115,"column":23},"end":{"line":115,"column":45}},"44":{"start":{"line":116,"column":6},"end":{"line":116,"column":102}},"45":{"start":{"line":118,"column":6},"end":{"line":122,"column":62}},"46":{"start":{"line":124,"column":6},"end":{"line":124,"column":67}},"47":{"start":{"line":125,"column":6},"end":{"line":125,"column":18}},"48":{"start":{"line":131,"column":22},"end":{"line":131,"column":41}},"49":{"start":{"line":133,"column":4},"end":{"line":159,"column":5}},"50":{"start":{"line":134,"column":21},"end":{"line":134,"column":31}},"51":{"start":{"line":135,"column":23},"end":{"line":135,"column":32}},"52":{"start":{"line":137,"column":6},"end":{"line":137,"column":76}},"53":{"start":{"line":139,"column":6},"end":{"line":146,"column":7}},"54":{"start":{"line":140,"column":8},"end":{"line":140,"column":66}},"55":{"start":{"line":141,"column":8},"end":{"line":145,"column":11}},"56":{"start":{"line":148,"column":19},"end":{"line":148,"column":74}},"57":{"start":{"line":150,"column":6},"end":{"line":150,"column":78}},"58":{"start":{"line":152,"column":6},"end":{"line":155,"column":25}},"59":{"start":{"line":157,"column":6},"end":{"line":157,"column":69}},"60":{"start":{"line":158,"column":6},"end":{"line":158,"column":18}},"61":{"start":{"line":164,"column":4},"end":{"line":173,"column":5}},"62":{"start":{"line":165,"column":22},"end":{"line":165,"column":50}},"63":{"start":{"line":166,"column":29},"end":{"line":166,"column":56}},"64":{"start":{"line":167,"column":6},"end":{"line":170,"column":9}},"65":{"start":{"line":172,"column":6},"end":{"line":172,"column":18}},"66":{"start":{"line":178,"column":4},"end":{"line":186,"column":5}},"67":{"start":{"line":179,"column":23},"end":{"line":179,"column":57}},"68":{"start":{"line":180,"column":6},"end":{"line":183,"column":9}},"69":{"start":{"line":185,"column":6},"end":{"line":185,"column":18}},"70":{"start":{"line":192,"column":4},"end":{"line":233,"column":5}},"71":{"start":{"line":203,"column":10},"end":{"line":203,"column":18}},"72":{"start":{"line":205,"column":6},"end":{"line":210,"column":7}},"73":{"start":{"line":206,"column":8},"end":{"line":209,"column":11}},"74":{"start":{"line":212,"column":22},"end":{"line":224,"column":8}},"75":{"start":{"line":226,"column":6},"end":{"line":230,"column":9}},"76":{"start":{"line":232,"column":6},"end":{"line":232,"column":18}},"77":{"start":{"line":238,"column":4},"end":{"line":272,"column":5}},"78":{"start":{"line":239,"column":21},"end":{"line":239,"column":31}},"79":{"start":{"line":240,"column":26},"end":{"line":240,"column":35}},"80":{"start":{"line":243,"column":22},"end":{"line":243,"column":71}},"81":{"start":{"line":244,"column":6},"end":{"line":249,"column":7}},"82":{"start":{"line":245,"column":8},"end":{"line":248,"column":11}},"83":{"start":{"line":252,"column":19},"end":{"line":252,"column":44}},"84":{"start":{"line":253,"column":26},"end":{"line":253,"column":72}},"85":{"start":{"line":255,"column":6},"end":{"line":260,"column":7}},"86":{"start":{"line":256,"column":8},"end":{"line":259,"column":11}},"87":{"start":{"line":263,"column":35},"end":{"line":263,"column":79}},"88":{"start":{"line":264,"column":26},"end":{"line":264,"column":73}},"89":{"start":{"line":266,"column":6},"end":{"line":269,"column":9}},"90":{"start":{"line":271,"column":6},"end":{"line":271,"column":18}},"91":{"start":{"line":277,"column":4},"end":{"line":285,"column":5}},"92":{"start":{"line":278,"column":20},"end":{"line":278,"column":59}},"93":{"start":{"line":279,"column":6},"end":{"line":282,"column":9}},"94":{"start":{"line":284,"column":6},"end":{"line":284,"column":18}},"95":{"start":{"line":290,"column":4},"end":{"line":327,"column":5}},"96":{"start":{"line":291,"column":69},"end":{"line":291,"column":78}},"97":{"start":{"line":294,"column":22},"end":{"line":294,"column":54}},"98":{"start":{"line":295,"column":23},"end":{"line":295,"column":72}},"99":{"start":{"line":296,"column":21},"end":{"line":296,"column":45}},"100":{"start":{"line":298,"column":22},"end":{"line":298,"column":50}},"101":{"start":{"line":301,"column":25},"end":{"line":301,"column":60}},"102":{"start":{"line":302,"column":25},"end":{"line":302,"column":57}},"103":{"start":{"line":305,"column":23},"end":{"line":310,"column":8}},"104":{"start":{"line":312,"column":6},"end":{"line":323,"column":9}},"105":{"start":{"line":325,"column":6},"end":{"line":325,"column":47}},"106":{"start":{"line":326,"column":6},"end":{"line":326,"column":18}},"107":{"start":{"line":332,"column":4},"end":{"line":375,"column":5}},"108":{"start":{"line":333,"column":24},"end":{"line":333,"column":34}},"109":{"start":{"line":336,"column":6},"end":{"line":341,"column":7}},"110":{"start":{"line":337,"column":8},"end":{"line":340,"column":11}},"111":{"start":{"line":344,"column":29},"end":{"line":344,"column":59}},"112":{"start":{"line":346,"column":48},"end":{"line":346,"column":57}},"113":{"start":{"line":349,"column":22},"end":{"line":349,"column":54}},"114":{"start":{"line":350,"column":23},"end":{"line":350,"column":72}},"115":{"start":{"line":351,"column":21},"end":{"line":351,"column":45}},"116":{"start":{"line":353,"column":22},"end":{"line":353,"column":50}},"117":{"start":{"line":355,"column":23},"end":{"line":359,"column":8}},"118":{"start":{"line":361,"column":6},"end":{"line":371,"column":9}},"119":{"start":{"line":373,"column":6},"end":{"line":373,"column":52}},"120":{"start":{"line":374,"column":6},"end":{"line":374,"column":18}},"121":{"start":{"line":380,"column":4},"end":{"line":392,"column":5}},"122":{"start":{"line":381,"column":22},"end":{"line":381,"column":50}},"123":{"start":{"line":382,"column":21},"end":{"line":382,"column":50}},"124":{"start":{"line":384,"column":6},"end":{"line":388,"column":9}},"125":{"start":{"line":390,"column":6},"end":{"line":390,"column":47}},"126":{"start":{"line":391,"column":6},"end":{"line":391,"column":18}},"127":{"start":{"line":397,"column":4},"end":{"line":428,"column":5}},"128":{"start":{"line":398,"column":69},"end":{"line":398,"column":77}},"129":{"start":{"line":400,"column":6},"end":{"line":405,"column":7}},"130":{"start":{"line":401,"column":8},"end":{"line":404,"column":11}},"131":{"start":{"line":407,"column":22},"end":{"line":416,"column":8}},"132":{"start":{"line":418,"column":6},"end":{"line":424,"column":9}},"133":{"start":{"line":426,"column":6},"end":{"line":426,"column":52}},"134":{"start":{"line":427,"column":6},"end":{"line":427,"column":18}},"135":{"start":{"line":433,"column":4},"end":{"line":448,"column":5}},"136":{"start":{"line":434,"column":49},"end":{"line":434,"column":58}},"137":{"start":{"line":436,"column":23},"end":{"line":439,"column":8}},"138":{"start":{"line":441,"column":6},"end":{"line":445,"column":9}},"139":{"start":{"line":447,"column":6},"end":{"line":447,"column":18}},"140":{"start":{"line":453,"column":4},"end":{"line":465,"column":5}},"141":{"start":{"line":454,"column":21},"end":{"line":454,"column":31}},"142":{"start":{"line":456,"column":22},"end":{"line":456,"column":70}},"143":{"start":{"line":458,"column":6},"end":{"line":462,"column":9}},"144":{"start":{"line":464,"column":6},"end":{"line":464,"column":18}},"145":{"start":{"line":470,"column":4},"end":{"line":505,"column":5}},"146":{"start":{"line":471,"column":80},"end":{"line":471,"column":88}},"147":{"start":{"line":473,"column":6},"end":{"line":478,"column":7}},"148":{"start":{"line":474,"column":8},"end":{"line":477,"column":11}},"149":{"start":{"line":480,"column":6},"end":{"line":485,"column":7}},"150":{"start":{"line":481,"column":8},"end":{"line":484,"column":11}},"151":{"start":{"line":487,"column":27},"end":{"line":495,"column":8}},"152":{"start":{"line":497,"column":6},"end":{"line":501,"column":9}},"153":{"start":{"line":503,"column":6},"end":{"line":503,"column":52}},"154":{"start":{"line":504,"column":6},"end":{"line":504,"column":18}},"155":{"start":{"line":510,"column":4},"end":{"line":526,"column":5}},"156":{"start":{"line":511,"column":28},"end":{"line":511,"column":38}},"157":{"start":{"line":512,"column":38},"end":{"line":512,"column":47}},"158":{"start":{"line":514,"column":28},"end":{"line":517,"column":8}},"159":{"start":{"line":519,"column":6},"end":{"line":523,"column":9}},"160":{"start":{"line":525,"column":6},"end":{"line":525,"column":18}},"161":{"start":{"line":530,"column":0},"end":{"line":530,"column":35}}},"fnMap":{"0":{"name":"generateRequestId","decl":{"start":{"line":5,"column":9},"end":{"line":5,"column":26}},"loc":{"start":{"line":5,"column":29},"end":{"line":7,"column":1}},"line":5},"1":{"name":"addDebugInfo","decl":{"start":{"line":10,"column":9},"end":{"line":10,"column":21}},"loc":{"start":{"line":10,"column":38},"end":{"line":15,"column":1}},"line":10},"2":{"name":"(anonymous_2)","decl":{"start":{"line":19,"column":2},"end":{"line":19,"column":3}},"loc":{"start":{"line":19,"column":43},"end":{"line":48,"column":3}},"line":19},"3":{"name":"(anonymous_3)","decl":{"start":{"line":51,"column":2},"end":{"line":51,"column":3}},"loc":{"start":{"line":51,"column":46},"end":{"line":91,"column":3}},"line":51},"4":{"name":"(anonymous_4)","decl":{"start":{"line":94,"column":2},"end":{"line":94,"column":3}},"loc":{"start":{"line":94,"column":46},"end":{"line":127,"column":3}},"line":94},"5":{"name":"(anonymous_5)","decl":{"start":{"line":130,"column":2},"end":{"line":130,"column":3}},"loc":{"start":{"line":130,"column":46},"end":{"line":160,"column":3}},"line":130},"6":{"name":"(anonymous_6)","decl":{"start":{"line":163,"column":2},"end":{"line":163,"column":3}},"loc":{"start":{"line":163,"column":44},"end":{"line":174,"column":3}},"line":163},"7":{"name":"(anonymous_7)","decl":{"start":{"line":177,"column":2},"end":{"line":177,"column":3}},"loc":{"start":{"line":177,"column":43},"end":{"line":187,"column":3}},"line":177},"8":{"name":"(anonymous_8)","decl":{"start":{"line":191,"column":2},"end":{"line":191,"column":3}},"loc":{"start":{"line":191,"column":45},"end":{"line":234,"column":3}},"line":191},"9":{"name":"(anonymous_9)","decl":{"start":{"line":237,"column":2},"end":{"line":237,"column":3}},"loc":{"start":{"line":237,"column":48},"end":{"line":273,"column":3}},"line":237},"10":{"name":"(anonymous_10)","decl":{"start":{"line":276,"column":2},"end":{"line":276,"column":3}},"loc":{"start":{"line":276,"column":48},"end":{"line":286,"column":3}},"line":276},"11":{"name":"(anonymous_11)","decl":{"start":{"line":289,"column":2},"end":{"line":289,"column":3}},"loc":{"start":{"line":289,"column":41},"end":{"line":328,"column":3}},"line":289},"12":{"name":"(anonymous_12)","decl":{"start":{"line":331,"column":2},"end":{"line":331,"column":3}},"loc":{"start":{"line":331,"column":45},"end":{"line":376,"column":3}},"line":331},"13":{"name":"(anonymous_13)","decl":{"start":{"line":379,"column":2},"end":{"line":379,"column":3}},"loc":{"start":{"line":379,"column":41},"end":{"line":393,"column":3}},"line":379},"14":{"name":"(anonymous_14)","decl":{"start":{"line":396,"column":2},"end":{"line":396,"column":3}},"loc":{"start":{"line":396,"column":46},"end":{"line":429,"column":3}},"line":396},"15":{"name":"(anonymous_15)","decl":{"start":{"line":432,"column":2},"end":{"line":432,"column":3}},"loc":{"start":{"line":432,"column":50},"end":{"line":449,"column":3}},"line":432},"16":{"name":"(anonymous_16)","decl":{"start":{"line":452,"column":2},"end":{"line":452,"column":3}},"loc":{"start":{"line":452,"column":45},"end":{"line":466,"column":3}},"line":452},"17":{"name":"(anonymous_17)","decl":{"start":{"line":469,"column":2},"end":{"line":469,"column":3}},"loc":{"start":{"line":469,"column":46},"end":{"line":506,"column":3}},"line":469},"18":{"name":"(anonymous_18)","decl":{"start":{"line":509,"column":2},"end":{"line":509,"column":3}},"loc":{"start":{"line":509,"column":48},"end":{"line":527,"column":3}},"line":509}},"branchMap":{"0":{"loc":{"start":{"line":11,"column":2},"end":{"line":13,"column":3}},"type":"if","locations":[{"start":{"line":11,"column":2},"end":{"line":13,"column":3}},{"start":{},"end":{}}],"line":11},"1":{"loc":{"start":{"line":33,"column":15},"end":{"line":33,"column":50}},"type":"cond-expr","locations":[{"start":{"line":33,"column":23},"end":{"line":33,"column":38}},{"start":{"line":33,"column":41},"end":{"line":33,"column":50}}],"line":33},"2":{"loc":{"start":{"line":37,"column":42},"end":{"line":37,"column":63}},"type":"binary-expr","locations":[{"start":{"line":37,"column":42},"end":{"line":37,"column":58}},{"start":{"line":37,"column":62},"end":{"line":37,"column":63}}],"line":37},"3":{"loc":{"start":{"line":60,"column":6},"end":{"line":67,"column":7}},"type":"if","locations":[{"start":{"line":60,"column":6},"end":{"line":67,"column":7}},{"start":{},"end":{}}],"line":60},"4":{"loc":{"start":{"line":60,"column":10},"end":{"line":60,"column":36}},"type":"binary-expr","locations":[{"start":{"line":60,"column":10},"end":{"line":60,"column":13}},{"start":{"line":60,"column":17},"end":{"line":60,"column":36}}],"line":60},"5":{"loc":{"start":{"line":71,"column":6},"end":{"line":78,"column":7}},"type":"if","locations":[{"start":{"line":71,"column":6},"end":{"line":78,"column":7}},{"start":{},"end":{}}],"line":71},"6":{"loc":{"start":{"line":103,"column":6},"end":{"line":107,"column":7}},"type":"if","locations":[{"start":{"line":103,"column":6},"end":{"line":107,"column":7}},{"start":{},"end":{}}],"line":103},"7":{"loc":{"start":{"line":103,"column":10},"end":{"line":103,"column":31}},"type":"binary-expr","locations":[{"start":{"line":103,"column":10},"end":{"line":103,"column":12}},{"start":{"line":103,"column":16},"end":{"line":103,"column":31}}],"line":103},"8":{"loc":{"start":{"line":112,"column":15},"end":{"line":112,"column":45}},"type":"cond-expr","locations":[{"start":{"line":112,"column":23},"end":{"line":112,"column":38}},{"start":{"line":112,"column":41},"end":{"line":112,"column":45}}],"line":112},"9":{"loc":{"start":{"line":116,"column":52},"end":{"line":116,"column":73}},"type":"binary-expr","locations":[{"start":{"line":116,"column":52},"end":{"line":116,"column":68}},{"start":{"line":116,"column":72},"end":{"line":116,"column":73}}],"line":116},"10":{"loc":{"start":{"line":139,"column":6},"end":{"line":146,"column":7}},"type":"if","locations":[{"start":{"line":139,"column":6},"end":{"line":146,"column":7}},{"start":{},"end":{}}],"line":139},"11":{"loc":{"start":{"line":205,"column":6},"end":{"line":210,"column":7}},"type":"if","locations":[{"start":{"line":205,"column":6},"end":{"line":210,"column":7}},{"start":{},"end":{}}],"line":205},"12":{"loc":{"start":{"line":205,"column":10},"end":{"line":205,"column":47}},"type":"binary-expr","locations":[{"start":{"line":205,"column":10},"end":{"line":205,"column":15}},{"start":{"line":205,"column":19},"end":{"line":205,"column":27}},{"start":{"line":205,"column":31},"end":{"line":205,"column":47}}],"line":205},"13":{"loc":{"start":{"line":220,"column":27},"end":{"line":220,"column":50}},"type":"binary-expr","locations":[{"start":{"line":220,"column":27},"end":{"line":220,"column":44}},{"start":{"line":220,"column":48},"end":{"line":220,"column":50}}],"line":220},"14":{"loc":{"start":{"line":221,"column":25},"end":{"line":221,"column":46}},"type":"binary-expr","locations":[{"start":{"line":221,"column":25},"end":{"line":221,"column":40}},{"start":{"line":221,"column":44},"end":{"line":221,"column":46}}],"line":221},"15":{"loc":{"start":{"line":244,"column":6},"end":{"line":249,"column":7}},"type":"if","locations":[{"start":{"line":244,"column":6},"end":{"line":249,"column":7}},{"start":{},"end":{}}],"line":244},"16":{"loc":{"start":{"line":255,"column":6},"end":{"line":260,"column":7}},"type":"if","locations":[{"start":{"line":255,"column":6},"end":{"line":260,"column":7}},{"start":{},"end":{}}],"line":255},"17":{"loc":{"start":{"line":291,"column":14},"end":{"line":291,"column":22}},"type":"default-arg","locations":[{"start":{"line":291,"column":21},"end":{"line":291,"column":22}}],"line":291},"18":{"loc":{"start":{"line":291,"column":24},"end":{"line":291,"column":34}},"type":"default-arg","locations":[{"start":{"line":291,"column":32},"end":{"line":291,"column":34}}],"line":291},"19":{"loc":{"start":{"line":291,"column":36},"end":{"line":291,"column":49}},"type":"default-arg","locations":[{"start":{"line":291,"column":43},"end":{"line":291,"column":49}}],"line":291},"20":{"loc":{"start":{"line":294,"column":34},"end":{"line":294,"column":53}},"type":"binary-expr","locations":[{"start":{"line":294,"column":34},"end":{"line":294,"column":48}},{"start":{"line":294,"column":52},"end":{"line":294,"column":53}}],"line":294},"21":{"loc":{"start":{"line":295,"column":44},"end":{"line":295,"column":65}},"type":"binary-expr","locations":[{"start":{"line":295,"column":44},"end":{"line":295,"column":59}},{"start":{"line":295,"column":63},"end":{"line":295,"column":65}}],"line":295},"22":{"loc":{"start":{"line":336,"column":6},"end":{"line":341,"column":7}},"type":"if","locations":[{"start":{"line":336,"column":6},"end":{"line":341,"column":7}},{"start":{},"end":{}}],"line":336},"23":{"loc":{"start":{"line":336,"column":10},"end":{"line":336,"column":45}},"type":"binary-expr","locations":[{"start":{"line":336,"column":10},"end":{"line":336,"column":16}},{"start":{"line":336,"column":20},"end":{"line":336,"column":45}}],"line":336},"24":{"loc":{"start":{"line":346,"column":14},"end":{"line":346,"column":22}},"type":"default-arg","locations":[{"start":{"line":346,"column":21},"end":{"line":346,"column":22}}],"line":346},"25":{"loc":{"start":{"line":346,"column":24},"end":{"line":346,"column":34}},"type":"default-arg","locations":[{"start":{"line":346,"column":32},"end":{"line":346,"column":34}}],"line":346},"26":{"loc":{"start":{"line":349,"column":34},"end":{"line":349,"column":53}},"type":"binary-expr","locations":[{"start":{"line":349,"column":34},"end":{"line":349,"column":48}},{"start":{"line":349,"column":52},"end":{"line":349,"column":53}}],"line":349},"27":{"loc":{"start":{"line":350,"column":44},"end":{"line":350,"column":65}},"type":"binary-expr","locations":[{"start":{"line":350,"column":44},"end":{"line":350,"column":59}},{"start":{"line":350,"column":63},"end":{"line":350,"column":65}}],"line":350},"28":{"loc":{"start":{"line":400,"column":6},"end":{"line":405,"column":7}},"type":"if","locations":[{"start":{"line":400,"column":6},"end":{"line":405,"column":7}},{"start":{},"end":{}}],"line":400},"29":{"loc":{"start":{"line":400,"column":10},"end":{"line":400,"column":27}},"type":"binary-expr","locations":[{"start":{"line":400,"column":10},"end":{"line":400,"column":15}},{"start":{"line":400,"column":19},"end":{"line":400,"column":27}}],"line":400},"30":{"loc":{"start":{"line":420,"column":17},"end":{"line":422,"column":79}},"type":"cond-expr","locations":[{"start":{"line":421,"column":12},"end":{"line":421,"column":84}},{"start":{"line":422,"column":12},"end":{"line":422,"column":79}}],"line":420},"31":{"loc":{"start":{"line":434,"column":14},"end":{"line":434,"column":24}},"type":"default-arg","locations":[{"start":{"line":434,"column":22},"end":{"line":434,"column":24}}],"line":434},"32":{"loc":{"start":{"line":434,"column":26},"end":{"line":434,"column":44}},"type":"default-arg","locations":[{"start":{"line":434,"column":35},"end":{"line":434,"column":44}}],"line":434},"33":{"loc":{"start":{"line":473,"column":6},"end":{"line":478,"column":7}},"type":"if","locations":[{"start":{"line":473,"column":6},"end":{"line":478,"column":7}},{"start":{},"end":{}}],"line":473},"34":{"loc":{"start":{"line":473,"column":10},"end":{"line":473,"column":33}},"type":"binary-expr","locations":[{"start":{"line":473,"column":10},"end":{"line":473,"column":19}},{"start":{"line":473,"column":23},"end":{"line":473,"column":33}}],"line":473},"35":{"loc":{"start":{"line":480,"column":6},"end":{"line":485,"column":7}},"type":"if","locations":[{"start":{"line":480,"column":6},"end":{"line":485,"column":7}},{"start":{},"end":{}}],"line":480},"36":{"loc":{"start":{"line":480,"column":10},"end":{"line":480,"column":43}},"type":"binary-expr","locations":[{"start":{"line":480,"column":10},"end":{"line":480,"column":20}},{"start":{"line":480,"column":24},"end":{"line":480,"column":43}}],"line":480},"37":{"loc":{"start":{"line":491,"column":19},"end":{"line":491,"column":88}},"type":"cond-expr","locations":[{"start":{"line":491,"column":51},"end":{"line":491,"column":60}},{"start":{"line":491,"column":63},"end":{"line":491,"column":88}}],"line":491},"38":{"loc":{"start":{"line":512,"column":14},"end":{"line":512,"column":33}},"type":"default-arg","locations":[{"start":{"line":512,"column":23},"end":{"line":512,"column":33}}],"line":512}},"s":{"0":0,"1":0,"2":0,"3":0,"4":0,"5":0,"6":0,"7":0,"8":0,"9":0,"10":0,"11":0,"12":0,"13":0,"14":0,"15":0,"16":0,"17":0,"18":0,"19":0,"20":0,"21":0,"22":0,"23":0,"24":0,"25":0,"26":0,"27":0,"28":0,"29":0,"30":0,"31":0,"32":0,"33":0,"34":0,"35":0,"36":0,"37":0,"38":0,"39":0,"40":0,"41":0,"42":0,"43":0,"44":0,"45":0,"46":0,"47":0,"48":0,"49":0,"50":0,"51":0,"52":0,"53":0,"54":0,"55":0,"56":0,"57":0,"58":0,"59":0,"60":0,"61":0,"62":0,"63":0,"64":0,"65":0,"66":0,"67":0,"68":0,"69":0,"70":0,"71":0,"72":0,"73":0,"74":0,"75":0,"76":0,"77":0,"78":0,"79":0,"80":0,"81":0,"82":0,"83":0,"84":0,"85":0,"86":0,"87":0,"88":0,"89":0,"90":0,"91":0,"92":0,"93":0,"94":0,"95":0,"96":0,"97":0,"98":0,"99":0,"100":0,"101":0,"102":0,"103":0,"104":0,"105":0,"106":0,"107":0,"108":0,"109":0,"110":0,"111":0,"112":0,"113":0,"114":0,"115":0,"116":0,"117":0,"118":0,"119":0,"120":0,"121":0,"122":0,"123":0,"124":0,"125":0,"126":0,"127":0,"128":0,"129":0,"130":0,"131":0,"132":0,"133":0,"134":0,"135":0,"136":0,"137":0,"138":0,"139":0,"140":0,"141":0,"142":0,"143":0,"144":0,"145":0,"146":0,"147":0,"148":0,"149":0,"150":0,"151":0,"152":0,"153":0,"154":0,"155":0,"156":0,"157":0,"158":0,"159":0,"160":0,"161":0},"f":{"0":0,"1":0,"2":0,"3":0,"4":0,"5":0,"6":0,"7":0,"8":0,"9":0,"10":0,"11":0,"12":0,"13":0,"14":0,"15":0,"16":0,"17":0,"18":0},"b":{"0":[0,0],"1":[0,0],"2":[0,0],"3":[0,0],"4":[0,0],"5":[0,0],"6":[0,0],"7":[0,0],"8":[0,0],"9":[0,0],"10":[0,0],"11":[0,0],"12":[0,0,0],"13":[0,0],"14":[0,0],"15":[0,0],"16":[0,0],"17":[0],"18":[0],"19":[0],"20":[0,0],"21":[0,0],"22":[0,0],"23":[0,0],"24":[0],"25":[0],"26":[0,0],"27":[0,0],"28":[0,0],"29":[0,0],"30":[0,0],"31":[0],"32":[0],"33":[0,0],"34":[0,0],"35":[0,0],"36":[0,0],"37":[0,0],"38":[0]}}
,"/home/runner/work/CollegeOS/CollegeOS/backend/src/controllers/deadlineController.js": {"path":"/home/runner/work/CollegeOS/CollegeOS/backend/src/controllers/deadlineController.js","statementMap":{"0":{"start":{"line":1,"column":17},"end":{"line":1,"column":46}},"1":{"start":{"line":6,"column":4},"end":{"line":19,"column":5}},"2":{"start":{"line":7,"column":21},"end":{"line":7,"column":36}},"3":{"start":{"line":8,"column":28},"end":{"line":8,"column":37}},"4":{"start":{"line":10,"column":24},"end":{"line":10,"column":91}},"5":{"start":{"line":12,"column":6},"end":{"line":16,"column":9}},"6":{"start":{"line":18,"column":6},"end":{"line":18,"column":18}},"7":{"start":{"line":24,"column":4},"end":{"line":36,"column":5}},"8":{"start":{"line":25,"column":19},"end":{"line":25,"column":36}},"9":{"start":{"line":27,"column":23},"end":{"line":27,"column":44}},"10":{"start":{"line":29,"column":6},"end":{"line":33,"column":9}},"11":{"start":{"line":35,"column":6},"end":{"line":35,"column":18}},"12":{"start":{"line":41,"column":4},"end":{"line":54,"column":5}},"13":{"start":{"line":42,"column":21},"end":{"line":42,"column":31}},"14":{"start":{"line":43,"column":19},"end":{"line":43,"column":27}},"15":{"start":{"line":45,"column":23},"end":{"line":45,"column":58}},"16":{"start":{"line":47,"column":6},"end":{"line":51,"column":9}},"17":{"start":{"line":53,"column":6},"end":{"line":53,"column":18}},"18":{"start":{"line":59,"column":4},"end":{"line":70,"column":5}},"19":{"start":{"line":60,"column":21},"end":{"line":60,"column":31}},"20":{"start":{"line":62,"column":6},"end":{"line":62,"column":36}},"21":{"start":{"line":64,"column":6},"end":{"line":67,"column":9}},"22":{"start":{"line":69,"column":6},"end":{"line":69,"column":18}},"23":{"start":{"line":74,"column":0},"end":{"line":74,"column":36}}},"fnMap":{"0":{"name":"(anonymous_0)","decl":{"start":{"line":5,"column":2},"end":{"line":5,"column":3}},"loc":{"start":{"line":5,"column":44},"end":{"line":20,"column":3}},"line":5},"1":{"name":"(anonymous_1)","decl":{"start":{"line":23,"column":2},"end":{"line":23,"column":3}},"loc":{"start":{"line":23,"column":46},"end":{"line":37,"column":3}},"line":23},"2":{"name":"(anonymous_2)","decl":{"start":{"line":40,"column":2},"end":{"line":40,"column":3}},"loc":{"start":{"line":40,"column":46},"end":{"line":55,"column":3}},"line":40},"3":{"name":"(anonymous_3)","decl":{"start":{"line":58,"column":2},"end":{"line":58,"column":3}},"loc":{"start":{"line":58,"column":46},"end":{"line":71,"column":3}},"line":58}},"branchMap":{"0":{"loc":{"start":{"line":10,"column":54},"end":{"line":10,"column":90}},"type":"cond-expr","locations":[{"start":{"line":10,"column":66},"end":{"line":10,"column":85}},{"start":{"line":10,"column":88},"end":{"line":10,"column":90}}],"line":10}},"s":{"0":0,"1":0,"2":0,"3":0,"4":0,"5":0,"6":0,"7":0,"8":0,"9":0,"10":0,"11":0,"12":0,"13":0,"14":0,"15":0,"16":0,"17":0,"18":0,"19":0,"20":0,"21":0,"22":0,"23":0},"f":{"0":0,"1":0,"2":0,"3":0},"b":{"0":[0,0]}}
,"/home/runner/work/CollegeOS/CollegeOS/backend/src/controllers/essayController.js": {"path":"/home/runner/work/CollegeOS/CollegeOS/backend/src/controllers/essayController.js","statementMap":{"0":{"start":{"line":1,"column":18},"end":{"line":1,"column":44}},"1":{"start":{"line":6,"column":8},"end":{"line":18,"column":9}},"2":{"start":{"line":7,"column":25},"end":{"line":7,"column":40}},"3":{"start":{"line":9,"column":25},"end":{"line":9,"column":49}},"4":{"start":{"line":11,"column":10},"end":{"line":15,"column":13}},"5":{"start":{"line":17,"column":10},"end":{"line":17,"column":22}},"6":{"start":{"line":23,"column":8},"end":{"line":35,"column":9}},"7":{"start":{"line":24,"column":23},"end":{"line":24,"column":40}},"8":{"start":{"line":26,"column":24},"end":{"line":26,"column":42}},"9":{"start":{"line":28,"column":10},"end":{"line":32,"column":13}},"10":{"start":{"line":34,"column":10},"end":{"line":34,"column":22}},"11":{"start":{"line":40,"column":8},"end":{"line":53,"column":9}},"12":{"start":{"line":41,"column":25},"end":{"line":41,"column":35}},"13":{"start":{"line":42,"column":23},"end":{"line":42,"column":40}},"14":{"start":{"line":44,"column":24},"end":{"line":44,"column":56}},"15":{"start":{"line":46,"column":10},"end":{"line":50,"column":13}},"16":{"start":{"line":52,"column":10},"end":{"line":52,"column":22}},"17":{"start":{"line":58,"column":8},"end":{"line":69,"column":9}},"18":{"start":{"line":59,"column":25},"end":{"line":59,"column":35}},"19":{"start":{"line":61,"column":10},"end":{"line":61,"column":37}},"20":{"start":{"line":63,"column":10},"end":{"line":66,"column":13}},"21":{"start":{"line":68,"column":10},"end":{"line":68,"column":22}},"22":{"start":{"line":73,"column":4},"end":{"line":73,"column":37}}},"fnMap":{"0":{"name":"(anonymous_0)","decl":{"start":{"line":5,"column":6},"end":{"line":5,"column":7}},"loc":{"start":{"line":5,"column":45},"end":{"line":19,"column":7}},"line":5},"1":{"name":"(anonymous_1)","decl":{"start":{"line":22,"column":6},"end":{"line":22,"column":7}},"loc":{"start":{"line":22,"column":47},"end":{"line":36,"column":7}},"line":22},"2":{"name":"(anonymous_2)","decl":{"start":{"line":39,"column":6},"end":{"line":39,"column":7}},"loc":{"start":{"line":39,"column":47},"end":{"line":54,"column":7}},"line":39},"3":{"name":"(anonymous_3)","decl":{"start":{"line":57,"column":6},"end":{"line":57,"column":7}},"loc":{"start":{"line":57,"column":47},"end":{"line":70,"column":7}},"line":57}},"branchMap":{},"s":{"0":0,"1":0,"2":0,"3":0,"4":0,"5":0,"6":0,"7":0,"8":0,"9":0,"10":0,"11":0,"12":0,"13":0,"14":0,"15":0,"16":0,"17":0,"18":0,"19":0,"20":0,"21":0,"22":0},"f":{"0":0,"1":0,"2":0,"3":0},"b":{}}
,"/home/runner/work/CollegeOS/CollegeOS/backend/src/controllers/researchController.js": {"path":"/home/runner/work/CollegeOS/CollegeOS/backend/src/controllers/researchController.js","statementMap":{"0":{"start":{"line":1,"column":24},"end":{"line":1,"column":62}},"1":{"start":{"line":2,"column":15},"end":{"line":2,"column":41}},"2":{"start":{"line":7,"column":4},"end":{"line":30,"column":5}},"3":{"start":{"line":8,"column":56},"end":{"line":8,"column":64}},"4":{"start":{"line":10,"column":6},"end":{"line":15,"column":7}},"5":{"start":{"line":11,"column":8},"end":{"line":14,"column":11}},"6":{"start":{"line":17,"column":21},"end":{"line":21,"column":7}},"7":{"start":{"line":23,"column":6},"end":{"line":26,"column":9}},"8":{"start":{"line":28,"column":6},"end":{"line":28,"column":54}},"9":{"start":{"line":29,"column":6},"end":{"line":29,"column":18}},"10":{"start":{"line":34,"column":0},"end":{"line":34,"column":36}}},"fnMap":{"0":{"name":"(anonymous_0)","decl":{"start":{"line":6,"column":2},"end":{"line":6,"column":3}},"loc":{"start":{"line":6,"column":47},"end":{"line":31,"column":3}},"line":6}},"branchMap":{"0":{"loc":{"start":{"line":10,"column":6},"end":{"line":15,"column":7}},"type":"if","locations":[{"start":{"line":10,"column":6},"end":{"line":15,"column":7}},{"start":{},"end":{}}],"line":10},"1":{"loc":{"start":{"line":10,"column":10},"end":{"line":10,"column":37}},"type":"binary-expr","locations":[{"start":{"line":10,"column":10},"end":{"line":10,"column":20}},{"start":{"line":10,"column":24},"end":{"line":10,"column":37}}],"line":10}},"s":{"0":0,"1":0,"2":0,"3":0,"4":0,"5":0,"6":0,"7":0,"8":0,"9":0,"10":0},"f":{"0":0},"b":{"0":[0,0],"1":[0,0]}}
,"/home/runner/work/CollegeOS/CollegeOS/backend/src/data/knowledgeBase.js": {"path":"/home/runner/work/CollegeOS/CollegeOS/backend/src/data/knowledgeBase.js","statementMap":{"0":{"start":{"line":4,"column":22},"end":{"line":80,"column":1}},"1":{"start":{"line":82,"column":0},"end":{"line":82,"column":31}}},"fnMap":{},"branchMap":{},"s":{"0":0,"1":0},"f":{},"b":{}}
,"/home/runner/work/CollegeOS/CollegeOS/backend/src/jobs/dataRefresh.js": {"path":"/home/runner/work/CollegeOS/CollegeOS/backend/src/jobs/dataRefresh.js","statementMap":{"0":{"start":{"line":4,"column":13},"end":{"line":4,"column":33}},"1":{"start":{"line":5,"column":18},"end":{"line":5,"column":47}},"2":{"start":{"line":6,"column":23},"end":{"line":6,"column":60}},"3":{"start":{"line":7,"column":15},"end":{"line":7,"column":41}},"4":{"start":{"line":11,"column":4},"end":{"line":11,"column":19}},"5":{"start":{"line":20,"column":4},"end":{"line":25,"column":6}},"6":{"start":{"line":22,"column":8},"end":{"line":22,"column":60}},"7":{"start":{"line":23,"column":8},"end":{"line":23,"column":38}},"8":{"start":{"line":29,"column":4},"end":{"line":34,"column":6}},"9":{"start":{"line":31,"column":8},"end":{"line":31,"column":66}},"10":{"start":{"line":32,"column":8},"end":{"line":32,"column":40}},"11":{"start":{"line":36,"column":4},"end":{"line":36,"column":47}},"12":{"start":{"line":43,"column":4},"end":{"line":43,"column":41}},"13":{"start":{"line":43,"column":29},"end":{"line":43,"column":39}},"14":{"start":{"line":44,"column":4},"end":{"line":44,"column":45}},"15":{"start":{"line":51,"column":4},"end":{"line":84,"column":5}},"16":{"start":{"line":52,"column":17},"end":{"line":52,"column":40}},"17":{"start":{"line":54,"column":19},"end":{"line":61,"column":8}},"18":{"start":{"line":63,"column":23},"end":{"line":63,"column":33}},"19":{"start":{"line":65,"column":6},"end":{"line":65,"column":74}},"20":{"start":{"line":67,"column":6},"end":{"line":78,"column":7}},"21":{"start":{"line":68,"column":8},"end":{"line":77,"column":9}},"22":{"start":{"line":69,"column":10},"end":{"line":71,"column":13}},"23":{"start":{"line":73,"column":10},"end":{"line":73,"column":66}},"24":{"start":{"line":73,"column":39},"end":{"line":73,"column":64}},"25":{"start":{"line":76,"column":10},"end":{"line":76,"column":76}},"26":{"start":{"line":80,"column":6},"end":{"line":80,"column":48}},"27":{"start":{"line":83,"column":6},"end":{"line":83,"column":54}},"28":{"start":{"line":91,"column":4},"end":{"line":133,"column":5}},"29":{"start":{"line":92,"column":17},"end":{"line":92,"column":40}},"30":{"start":{"line":94,"column":19},"end":{"line":101,"column":8}},"31":{"start":{"line":103,"column":23},"end":{"line":103,"column":33}},"32":{"start":{"line":105,"column":6},"end":{"line":105,"column":69}},"33":{"start":{"line":107,"column":6},"end":{"line":127,"column":7}},"34":{"start":{"line":108,"column":8},"end":{"line":126,"column":9}},"35":{"start":{"line":109,"column":26},"end":{"line":109,"column":28}},"36":{"start":{"line":110,"column":10},"end":{"line":110,"column":82}},"37":{"start":{"line":110,"column":38},"end":{"line":110,"column":82}},"38":{"start":{"line":111,"column":10},"end":{"line":111,"column":76}},"39":{"start":{"line":111,"column":36},"end":{"line":111,"column":76}},"40":{"start":{"line":113,"column":10},"end":{"line":113,"column":73}},"41":{"start":{"line":115,"column":29},"end":{"line":119,"column":12}},"42":{"start":{"line":120,"column":10},"end":{"line":120,"column":37}},"43":{"start":{"line":122,"column":10},"end":{"line":122,"column":66}},"44":{"start":{"line":122,"column":39},"end":{"line":122,"column":64}},"45":{"start":{"line":125,"column":10},"end":{"line":125,"column":76}},"46":{"start":{"line":129,"column":6},"end":{"line":129,"column":52}},"47":{"start":{"line":132,"column":6},"end":{"line":132,"column":58}},"48":{"start":{"line":137,"column":23},"end":{"line":137,"column":43}},"49":{"start":{"line":139,"column":0},"end":{"line":139,"column":32}}},"fnMap":{"0":{"name":"(anonymous_0)","decl":{"start":{"line":10,"column":2},"end":{"line":10,"column":3}},"loc":{"start":{"line":10,"column":16},"end":{"line":12,"column":3}},"line":10},"1":{"name":"(anonymous_1)","decl":{"start":{"line":17,"column":2},"end":{"line":17,"column":3}},"loc":{"start":{"line":17,"column":10},"end":{"line":37,"column":3}},"line":17},"2":{"name":"(anonymous_2)","decl":{"start":{"line":21,"column":33},"end":{"line":21,"column":34}},"loc":{"start":{"line":21,"column":45},"end":{"line":24,"column":7}},"line":21},"3":{"name":"(anonymous_3)","decl":{"start":{"line":30,"column":35},"end":{"line":30,"column":36}},"loc":{"start":{"line":30,"column":47},"end":{"line":33,"column":7}},"line":30},"4":{"name":"(anonymous_4)","decl":{"start":{"line":42,"column":2},"end":{"line":42,"column":3}},"loc":{"start":{"line":42,"column":9},"end":{"line":45,"column":3}},"line":42},"5":{"name":"(anonymous_5)","decl":{"start":{"line":43,"column":22},"end":{"line":43,"column":23}},"loc":{"start":{"line":43,"column":29},"end":{"line":43,"column":39}},"line":43},"6":{"name":"(anonymous_6)","decl":{"start":{"line":50,"column":2},"end":{"line":50,"column":3}},"loc":{"start":{"line":50,"column":27},"end":{"line":85,"column":3}},"line":50},"7":{"name":"(anonymous_7)","decl":{"start":{"line":73,"column":28},"end":{"line":73,"column":29}},"loc":{"start":{"line":73,"column":39},"end":{"line":73,"column":64}},"line":73},"8":{"name":"(anonymous_8)","decl":{"start":{"line":90,"column":2},"end":{"line":90,"column":3}},"loc":{"start":{"line":90,"column":29},"end":{"line":134,"column":3}},"line":90},"9":{"name":"(anonymous_9)","decl":{"start":{"line":122,"column":28},"end":{"line":122,"column":29}},"loc":{"start":{"line":122,"column":39},"end":{"line":122,"column":64}},"line":122}},"branchMap":{"0":{"loc":{"start":{"line":110,"column":10},"end":{"line":110,"column":82}},"type":"if","locations":[{"start":{"line":110,"column":10},"end":{"line":110,"column":82}},{"start":{},"end":{}}],"line":110},"1":{"loc":{"start":{"line":111,"column":10},"end":{"line":111,"column":76}},"type":"if","locations":[{"start":{"line":111,"column":10},"end":{"line":111,"column":76}},{"start":{},"end":{}}],"line":111}},"s":{"0":0,"1":0,"2":0,"3":0,"4":0,"5":0,"6":0,"7":0,"8":0,"9":0,"10":0,"11":0,"12":0,"13":0,"14":0,"15":0,"16":0,"17":0,"18":0,"19":0,"20":0,"21":0,"22":0,"23":0,"24":0,"25":0,"26":0,"27":0,"28":0,"29":0,"30":0,"31":0,"32":0,"33":0,"34":0,"35":0,"36":0,"37":0,"38":0,"39":0,"40":0,"41":0,"42":0,"43":0,"44":0,"45":0,"46":0,"47":0,"48":0,"49":0},"f":{"0":0,"1":0,"2":0,"3":0,"4":0,"5":0,"6":0,"7":0,"8":0,"9":0},"b":{"0":[0,0],"1":[0,0]}}
,"/home/runner/work/CollegeOS/CollegeOS/backend/src/jobs/mlRetraining.js": {"path":"/home/runner/work/CollegeOS/CollegeOS/backend/src/jobs/mlRetraining.js","statementMap":{"0":{"start":{"line":4,"column":13},"end":{"line":4,"column":33}},"1":{"start":{"line":5,"column":18},"end":{"line":5,"column":47}},"2":{"start":{"line":6,"column":28},"end":{"line":6,"column":70}},"3":{"start":{"line":7,"column":15},"end":{"line":7,"column":41}},"4":{"start":{"line":11,"column":4},"end":{"line":11,"column":19}},"5":{"start":{"line":12,"column":4},"end":{"line":12,"column":27}},"6":{"start":{"line":13,"column":4},"end":{"line":13,"column":29}},"7":{"start":{"line":21,"column":4},"end":{"line":26,"column":6}},"8":{"start":{"line":23,"column":8},"end":{"line":23,"column":63}},"9":{"start":{"line":24,"column":8},"end":{"line":24,"column":40}},"10":{"start":{"line":29,"column":4},"end":{"line":34,"column":6}},"11":{"start":{"line":31,"column":8},"end":{"line":31,"column":64}},"12":{"start":{"line":32,"column":8},"end":{"line":32,"column":38}},"13":{"start":{"line":37,"column":4},"end":{"line":42,"column":6}},"14":{"start":{"line":39,"column":8},"end":{"line":39,"column":66}},"15":{"start":{"line":40,"column":8},"end":{"line":40,"column":41}},"16":{"start":{"line":44,"column":4},"end":{"line":44,"column":48}},"17":{"start":{"line":51,"column":4},"end":{"line":51,"column":41}},"18":{"start":{"line":51,"column":29},"end":{"line":51,"column":39}},"19":{"start":{"line":52,"column":4},"end":{"line":52,"column":19}},"20":{"start":{"line":53,"column":4},"end":{"line":53,"column":46}},"21":{"start":{"line":60,"column":4},"end":{"line":63,"column":5}},"22":{"start":{"line":61,"column":6},"end":{"line":61,"column":68}},"23":{"start":{"line":62,"column":6},"end":{"line":62,"column":13}},"24":{"start":{"line":65,"column":4},"end":{"line":65,"column":26}},"25":{"start":{"line":66,"column":18},"end":{"line":72,"column":5}},"26":{"start":{"line":74,"column":4},"end":{"line":191,"column":5}},"27":{"start":{"line":76,"column":26},"end":{"line":76,"column":65}},"28":{"start":{"line":77,"column":6},"end":{"line":81,"column":7}},"29":{"start":{"line":78,"column":8},"end":{"line":78,"column":75}},"30":{"start":{"line":79,"column":8},"end":{"line":79,"column":31}},"31":{"start":{"line":80,"column":8},"end":{"line":80,"column":15}},"32":{"start":{"line":83,"column":17},"end":{"line":83,"column":40}},"33":{"start":{"line":86,"column":31},"end":{"line":101,"column":14}},"34":{"start":{"line":103,"column":6},"end":{"line":103,"column":54}},"35":{"start":{"line":105,"column":6},"end":{"line":180,"column":7}},"36":{"start":{"line":106,"column":8},"end":{"line":179,"column":9}},"37":{"start":{"line":108,"column":28},"end":{"line":108,"column":86}},"38":{"start":{"line":110,"column":32},"end":{"line":110,"column":37}},"39":{"start":{"line":111,"column":23},"end":{"line":111,"column":25}},"40":{"start":{"line":113,"column":10},"end":{"line":127,"column":11}},"41":{"start":{"line":114,"column":12},"end":{"line":114,"column":35}},"42":{"start":{"line":115,"column":12},"end":{"line":115,"column":41}},"43":{"start":{"line":117,"column":30},"end":{"line":117,"column":60}},"44":{"start":{"line":118,"column":38},"end":{"line":118,"column":96}},"45":{"start":{"line":120,"column":12},"end":{"line":126,"column":13}},"46":{"start":{"line":121,"column":14},"end":{"line":121,"column":37}},"47":{"start":{"line":122,"column":14},"end":{"line":122,"column":76}},"48":{"start":{"line":123,"column":19},"end":{"line":126,"column":13}},"49":{"start":{"line":124,"column":14},"end":{"line":124,"column":37}},"50":{"start":{"line":125,"column":14},"end":{"line":125,"column":102}},"51":{"start":{"line":129,"column":10},"end":{"line":169,"column":11}},"52":{"start":{"line":131,"column":33},"end":{"line":136,"column":38}},"53":{"start":{"line":139,"column":27},"end":{"line":143,"column":13}},"54":{"start":{"line":145,"column":12},"end":{"line":161,"column":13}},"55":{"start":{"line":146,"column":14},"end":{"line":146,"column":40}},"56":{"start":{"line":149,"column":14},"end":{"line":158,"column":16}},"57":{"start":{"line":160,"column":14},"end":{"line":160,"column":37}},"58":{"start":{"line":163,"column":12},"end":{"line":168,"column":15}},"59":{"start":{"line":172,"column":10},"end":{"line":172,"column":33}},"60":{"start":{"line":173,"column":10},"end":{"line":177,"column":13}},"61":{"start":{"line":178,"column":10},"end":{"line":178,"column":94}},"62":{"start":{"line":182,"column":6},"end":{"line":182,"column":51}},"63":{"start":{"line":183,"column":6},"end":{"line":183,"column":32}},"64":{"start":{"line":185,"column":6},"end":{"line":185,"column":124}},"65":{"start":{"line":188,"column":6},"end":{"line":188,"column":54}},"66":{"start":{"line":190,"column":6},"end":{"line":190,"column":29}},"67":{"start":{"line":198,"column":4},"end":{"line":235,"column":5}},"68":{"start":{"line":199,"column":17},"end":{"line":199,"column":40}},"69":{"start":{"line":202,"column":32},"end":{"line":202,"column":34}},"70":{"start":{"line":205,"column":26},"end":{"line":210,"column":14}},"71":{"start":{"line":211,"column":6},"end":{"line":211,"column":91}},"72":{"start":{"line":214,"column":26},"end":{"line":219,"column":14}},"73":{"start":{"line":220,"column":6},"end":{"line":220,"column":86}},"74":{"start":{"line":223,"column":26},"end":{"line":228,"column":14}},"75":{"start":{"line":229,"column":6},"end":{"line":229,"column":86}},"76":{"start":{"line":231,"column":6},"end":{"line":231,"column":69}},"77":{"start":{"line":234,"column":6},"end":{"line":234,"column":56}},"78":{"start":{"line":242,"column":4},"end":{"line":315,"column":5}},"79":{"start":{"line":243,"column":26},"end":{"line":243,"co
[...]
61":{"start":{"line":165,"column":35},"end":{"line":165,"column":68}},"62":{"start":{"line":171,"column":32},"end":{"line":171,"column":109}},"63":{"start":{"line":172,"column":4},"end":{"line":177,"column":7}},"64":{"start":{"line":173,"column":19},"end":{"line":173,"column":40}},"65":{"start":{"line":174,"column":6},"end":{"line":176,"column":7}},"66":{"start":{"line":175,"column":8},"end":{"line":175,"column":37}},"67":{"start":{"line":180,"column":4},"end":{"line":180,"column":63}},"68":{"start":{"line":181,"column":4},"end":{"line":181,"column":68}},"69":{"start":{"line":183,"column":4},"end":{"line":183,"column":16}},"70":{"start":{"line":192,"column":19},"end":{"line":192,"column":52}},"71":{"start":{"line":194,"column":4},"end":{"line":196,"column":5}},"72":{"start":{"line":195,"column":6},"end":{"line":195,"column":16}},"73":{"start":{"line":198,"column":14},"end":{"line":198,"column":22}},"74":{"start":{"line":199,"column":21},"end":{"line":199,"column":30}},"75":{"start":{"line":202,"column":4},"end":{"line":215,"column":7}},"76":{"start":{"line":203,"column":19},"end":{"line":203,"column":40}},"77":{"start":{"line":206,"column":30},"end":{"line":209,"column":7}},"78":{"start":{"line":211,"column":24},"end":{"line":211,"column":75}},"79":{"start":{"line":211,"column":56},"end":{"line":211,"column":74}},"80":{"start":{"line":212,"column":6},"end":{"line":214,"column":7}},"81":{"start":{"line":213,"column":8},"end":{"line":213,"column":27}},"82":{"start":{"line":217,"column":4},"end":{"line":217,"column":45}},"83":{"start":{"line":227,"column":15},"end":{"line":227,"column":19}},"84":{"start":{"line":229,"column":4},"end":{"line":242,"column":5}},"85":{"start":{"line":232,"column":8},"end":{"line":232,"column":48}},"86":{"start":{"line":233,"column":8},"end":{"line":233,"column":14}},"87":{"start":{"line":236,"column":8},"end":{"line":236,"column":46}},"88":{"start":{"line":237,"column":8},"end":{"line":237,"column":14}},"89":{"start":{"line":240,"column":8},"end":{"line":240,"column":55}},"90":{"start":{"line":241,"column":8},"end":{"line":241,"column":21}},"91":{"start":{"line":244,"column":4},"end":{"line":246,"column":5}},"92":{"start":{"line":245,"column":6},"end":{"line":245,"column":19}},"93":{"start":{"line":249,"column":4},"end":{"line":278,"column":5}},"94":{"start":{"line":250,"column":17},"end":{"line":250,"column":40}},"95":{"start":{"line":251,"column":19},"end":{"line":256,"column":8}},"96":{"start":{"line":258,"column":24},"end":{"line":258,"column":34}},"97":{"start":{"line":259,"column":6},"end":{"line":259,"column":51}},"98":{"start":{"line":261,"column":6},"end":{"line":270,"column":8}},"99":{"start":{"line":272,"column":6},"end":{"line":272,"column":71}},"100":{"start":{"line":273,"column":6},"end":{"line":273,"column":18}},"101":{"start":{"line":276,"column":6},"end":{"line":276,"column":69}},"102":{"start":{"line":277,"column":6},"end":{"line":277,"column":19}},"103":{"start":{"line":288,"column":4},"end":{"line":288,"column":28}},"104":{"start":{"line":288,"column":15},"end":{"line":288,"column":28}},"105":{"start":{"line":290,"column":4},"end":{"line":302,"column":5}},"106":{"start":{"line":292,"column":8},"end":{"line":292,"column":59}},"107":{"start":{"line":295,"column":8},"end":{"line":295,"column":65}},"108":{"start":{"line":298,"column":8},"end":{"line":298,"column":54}},"109":{"start":{"line":301,"column":8},"end":{"line":301,"column":21}},"110":{"start":{"line":307,"column":19},"end":{"line":307,"column":35}},"111":{"start":{"line":309,"column":0},"end":{"line":309,"column":28}}},"fnMap":{"0":{"name":"(anonymous_0)","decl":{"start":{"line":11,"column":2},"end":{"line":11,"column":3}},"loc":{"start":{"line":11,"column":16},"end":{"line":16,"column":3}},"line":11},"1":{"name":"(anonymous_1)","decl":{"start":{"line":23,"column":2},"end":{"line":23,"column":3}},"loc":{"start":{"line":23,"column":28},"end":{"line":58,"column":3}},"line":23},"2":{"name":"(anonymous_2)","decl":{"start":{"line":41,"column":24},"end":{"line":41,"column":25}},"loc":{"start":{"line":41,"column":36},"end":{"line":41,"column":48}},"line":41},"3":{"name":"(anonymous_3)","decl":{"start":{"line":64,"column":2},"end":{"line":64,"column":3}},"loc":{"start":{"line":64,"column":33},"end":{"line":76,"column":3}},"line":64},"4":{"name":"(anonymous_4)","decl":{"start":{"line":72,"column":24},"end":{"line":72,"column":25}},"loc":{"start":{"line":72,"column":35},"end":{"line":72,"column":64}},"line":72},"5":{"name":"(anonymous_5)","decl":{"start":{"line":83,"column":2},"end":{"line":83,"column":3}},"loc":{"start":{"line":83,"column":23},"end":{"line":128,"column":3}},"line":83},"6":{"name":"(anonymous_6)","decl":{"start":{"line":135,"column":2},"end":{"line":135,"column":3}},"loc":{"start":{"line":135,"column":40},"end":{"line":184,"column":3}},"line":135},"7":{"name":"(anonymous_7)","decl":{"start":{"line":152,"column":16},"end":{"line":152,"column":17}},"loc":{"start":{"line":152,"column":29},"end":{"line":168,"column":5}},"line":152},"8":{"name":"(anonymous_8)","decl":{"start":{"line":162,"column":31},"end":{"line":162,"column":32}},"loc":{"start":{"line":162,"column":42},"end":{"line":167,"column":7}},"line":162},"9":{"name":"(anonymous_9)","decl":{"start":{"line":165,"column":26},"end":{"line":165,"column":27}},"loc":{"start":{"line":165,"column":35},"end":{"line":165,"column":68}},"line":165},"10":{"name":"(anonymous_10)","decl":{"start":{"line":172,"column":68},"end":{"line":172,"column":69}},"loc":{"start":{"line":172,"column":81},"end":{"line":177,"column":5}},"line":172},"11":{"name":"(anonymous_11)","decl":{"start":{"line":191,"column":2},"end":{"line":191,"column":3}},"loc":{"start":{"line":191,"column":36},"end":{"line":218,"column":3}},"line":191},"12":{"name":"(anonymous_12)","decl":{"start":{"line":202,"column":55},"end":{"line":202,"column":56}},"loc":{"start":{"line":202,"column":68},"end":{"line":215,"column":5}},"line":202},"13":{"name":"(anonymous_13)","decl":{"start":{"line":211,"column":45},"end":{"line":211,"column":46}},"loc":{"start":{"line":211,"column":56},"end":{"line":211,"column":74}},"line":211},"14":{"name":"(anonymous_14)","decl":{"start":{"line":226,"column":2},"end":{"line":226,"column":3}},"loc":{"start":{"line":226,"column":48},"end":{"line":279,"column":3}},"line":226},"15":{"name":"(anonymous_15)","decl":{"start":{"line":287,"column":2},"end":{"line":287,"column":3}},"loc":{"start":{"line":287,"column":31},"end":{"line":303,"column":3}},"line":287}},"branchMap":{"0":{"loc":{"start":{"line":12,"column":23},"end":{"line":12,"column":55}},"type":"binary-expr","locations":[{"start":{"line":12,"column":23},"end":{"line":12,"column":47}},{"start":{"line":12,"column":51},"end":{"line":12,"column":55}}],"line":12},"1":{"loc":{"start":{"line":13,"column":21},"end":{"line":13,"column":70}},"type":"binary-expr","locations":[{"start":{"line":13,"column":21},"end":{"line":13,"column":47}},{"start":{"line":13,"column":51},"end":{"line":13,"column":70}}],"line":13},"2":{"loc":{"start":{"line":29,"column":6},"end":{"line":35,"column":7}},"type":"if","locations":[{"start":{"line":29,"column":6},"end":{"line":35,"column":7}},{"start":{},"end":{}}],"line":29},"3":{"loc":{"start":{"line":32,"column":8},"end":{"line":34,"column":9}},"type":"if","locations":[{"start":{"line":32,"column":8},"end":{"line":34,"column":9}},{"start":{},"end":{}}],"line":32},"4":{"loc":{"start":{"line":32,"column":12},"end":{"line":32,"column":60}},"type":"binary-expr","locations":[{"start":{"line":32,"column":12},"end":{"line":32,"column":18}},{"start":{"line":32,"column":22},"end":{"line":32,"column":60}}],"line":32},"5":{"loc":{"start":{"line":46,"column":6},"end":{"line":49,"column":7}},"type":"if","locations":[{"start":{"line":46,"column":6},"end":{"line":49,"column":7}},{"start":{},"end":{}}],"line":46},"6":{"loc":{"start":{"line":46,"column":10},"end":{"line":46,"column":58}},"type":"binary-expr","locations":[{"start":{"line":46,"column":10},"end":{"line":46,"column":16}},{"start":{"line":46,"column":20},"end":{"line":46,"column":58}}],"line":46},"7":{"loc":{"start":{"line":66,"column":24},"end":{"line":66,"column":61}},"type":"binary-expr","locations":[{"start":{"line":66,"column":24},"end":{"line":66,"column":56}},{"start":{"line":66,"column":60},"end":{"line":66,"column":61}}],"line":66},"8":{"loc":{"start":{"line":69,"column":4},"end":{"line":73,"column":5}},"type":"if","locations":[{"start":{"line":69,"column":4},"end":{"line":73,"column":5}},{"start":{},"end":{}}],"line":69},"9":{"loc":{"start":{"line":87,"column":6},"end":{"line":90,"column":7}},"type":"if","locations":[{"start":{"line":87,"column":6},"end":{"line":90,"column":7}},{"start":{},"end":{}}],"line":87},"10":{"loc":{"start":{"line":138,"column":4},"end":{"line":140,"column":5}},"type":"if","locations":[{"start":{"line":138,"column":4},"end":{"line":140,"column":5}},{"start":{},"end":{}}],"line":138},"11":{"loc":{"start":{"line":164,"column":8},"end":{"line":166,"column":9}},"type":"if","locations":[{"start":{"line":164,"column":8},"end":{"line":166,"column":9}},{"start":{},"end":{}}],"line":164},"12":{"loc":{"start":{"line":174,"column":6},"end":{"line":176,"column":7}},"type":"if","locations":[{"start":{"line":174,"column":6},"end":{"line":176,"column":7}},{"start":{},"end":{}}],"line":174},"13":{"loc":{"start":{"line":174,"column":10},"end":{"line":174,"column":47}},"type":"binary-expr","locations":[{"start":{"line":174,"column":10},"end":{"line":174,"column":26}},{"start":{"line":174,"column":30},"end":{"line":174,"column":47}}],"line":174},"14":{"loc":{"start":{"line":194,"column":4},"end":{"line":196,"column":5}},"type":"if","locations":[{"start":{"line":194,"column":4},"end":{"line":196,"column":5}},{"start":{},"end":{}}],"line":194},"15":{"loc":{"start":{"line":212,"column":6},"end":{"line":214,"column":7}},"type":"if","locations":[{"start":{"line":212,"column":6},"end":{"line":214,"column":7}},{"start":{},"end":{}}],"line":212},"16":{"loc":{"start":{"line":212,"column":10},"end":{"line":212,"column":59}},"type":"binary-expr","locations":[{"start":{"line":212,"column":10},"end":{"line":212,"column":19}},{"start":{"line":212,"column":23},"end":{"line":212,"column":38}},{"start":{"line":212,"column":42},"end":{"line":212,"column":59}}],"line":212},"17":{"loc":{"start":{"line":229,"column":4},"end":{"line":242,"column":5}},"type":"switch","locations":[{"start":{"line":230,"column":6},"end":{"line":230,"column":23}},{"start":{"line":231,"column":6},"end":{"line":233,"column":14}},{"start":{"line":235,"column":6},"end":{"line":237,"column":14}},{"start":{"line":239,"column":6},"end":{"line":241,"column":21}}],"line":229},"18":{"loc":{"start":{"line":244,"column":4},"end":{"line":246,"column":5}},"type":"if","locations":[{"start":{"line":244,"column":4},"end":{"line":246,"column":5}},{"start":{},"end":{}}],"line":244},"19":{"loc":{"start":{"line":288,"column":4},"end":{"line":288,"column":28}},"type":"if","locations":[{"start":{"line":288,"column":4},"end":{"line":288,"column":28}},{"start":{},"end":{}}],"line":288},"20":{"loc":{"start":{"line":290,"column":4},"end":{"line":302,"column":5}},"type":"switch","locations":[{"start":{"line":291,"column":6},"end":{"line":292,"column":59}},{"start":{"line":294,"column":6},"end":{"line":295,"column":65}},{"start":{"line":297,"column":6},"end":{"line":298,"column":54}},{"start":{"line":300,"column":6},"end":{"line":301,"column":21}}],"line":290},"21":{"loc":{"start":{"line":292,"column":15},"end":{"line":292,"column":58}},"type":"binary-expr","locations":[{"start":{"line":292,"column":15},"end":{"line":292,"column":29}},{"start":{"line":292,"column":33},"end":{"line":292,"column":58}}],"line":292},"22":{"loc":{"start":{"line":295,"column":15},"end":{"line":295,"column":64}},"type":"binary-expr","locations":[{"start":{"line":295,"column":15},"end":{"line":295,"column":32}},{"start":{"line":295,"column":36},"end":{"line":295,"column":64}}],"line":295},"23":{"loc":{"start":{"line":298,"column":15},"end":{"line":298,"column":53}},"type":"binary-expr","locations":[{"start":{"line":298,"column":15},"end":{"line":298,"column":34}},{"start":{"line":298,"column":38},"end":{"line":298,"column":53}}],"line":298}},"s":{"0":0,"1":0,"2":0,"3":0,"4":0,"5":0,"6":0,"7":0,"8":0,"9":0,"10":0,"11":0,"12":0,"13":0,"14":0,"15":0,"16":0,"17":0,"18":0,"19":0,"20":0,"21":0,"22":0,"23":0,"24":0,"25":0,"26":0,"27":0,"28":0,"29":0,"30":0,"31":0,"32":0,"33":0,"34":0,"35":0,"36":0,"37":0,"38":0,"39":0,"40":0,"41":0,"42":0,"43":0,"44":0,"45":0,"46":0,"47":0,"48":0,"49":0,"50":0,"51":0,"52":0,"53":0,"54":0,"55":0,"56":0,"57":0,"58":0,"59":0,"60":0,"61":0,"62":0,"63":0,"64":0,"65":0,"66":0,"67":0,"68":0,"69":0,"70":0,"71":0,"72":0,"73":0,"74":0,"75":0,"76":0,"77":0,"78":0,"79":0,"80":0,"81":0,"82":0,"83":0,"84":0,"85":0,"86":0,"87":0,"88":0,"89":0,"90":0,"91":0,"92":0,"93":0,"94":0,"95":0,"96":0,"97":0,"98":0,"99":0,"100":0,"101":0,"102":0,"103":0,"104":0,"105":0,"106":0,"107":0,"108":0,"109":0,"110":0,"111":0},"f":{"0":0,"1":0,"2":0,"3":0,"4":0,"5":0,"6":0,"7":0,"8":0,"9":0,"10":0,"11":0,"12":0,"13":0,"14":0,"15":0},"b":{"0":[0,0],"1":[0,0],"2":[0,0],"3":[0,0],"4":[0,0],"5":[0,0],"6":[0,0],"7":[0,0],"8":[0,0],"9":[0,0],"10":[0,0],"11":[0,0],"12":[0,0],"13":[0,0],"14":[0,0],"15":[0,0],"16":[0,0,0],"17":[0,0,0,0],"18":[0,0],"19":[0,0],"20":[0,0,0,0],"21":[0,0],"22":[0,0],"23":[0,0]}}
,"/home/runner/work/CollegeOS/CollegeOS/backend/src/utils/helpers.js": {"path":"/home/runner/work/CollegeOS/CollegeOS/backend/src/utils/helpers.js","statementMap":{"0":{"start":{"line":1,"column":15},"end":{"line":1,"column":32}},"1":{"start":{"line":6,"column":22},"end":{"line":6,"column":45}},"2":{"start":{"line":7,"column":22},"end":{"line":7,"column":59}},"3":{"start":{"line":8,"column":4},"end":{"line":8,"column":47}},"4":{"start":{"line":13,"column":16},"end":{"line":13,"column":26}},"5":{"start":{"line":14,"column":19},"end":{"line":14,"column":39}},"6":{"start":{"line":15,"column":17},"end":{"line":15,"column":29}},"7":{"start":{"line":16,"column":4},"end":{"line":16,"column":51}},"8":{"start":{"line":21,"column":14},"end":{"line":21,"column":28}},"9":{"start":{"line":23,"column":4},"end":{"line":27,"column":5}},"10":{"start":{"line":24,"column":6},"end":{"line":24,"column":96}},"11":{"start":{"line":25,"column":11},"end":{"line":27,"column":5}},"12":{"start":{"line":26,"column":6},"end":{"line":26,"column":112}},"13":{"start":{"line":29,"column":4},"end":{"line":29,"column":27}},"14":{"start":{"line":34,"column":4},"end":{"line":34,"column":24}},"15":{"start":{"line":34,"column":14},"end":{"line":34,"column":24}},"16":{"start":{"line":35,"column":4},"end":{"line":35,"column":43}},"17":{"start":{"line":40,"column":4},"end":{"line":45,"column":5}},"18":{"start":{"line":41,"column":21},"end":{"line":41,"column":33}},"19":{"start":{"line":42,"column":6},"end":{"line":42,"column":29}},"20":{"start":{"line":44,"column":6},"end":{"line":44,"column":18}},"21":{"start":{"line":50,"column":4},"end":{"line":50,"column":59}},"22":{"start":{"line":50,"column":34},"end":{"line":50,"column":57}},"23":{"start":{"line":55,"column":19},"end":{"line":55,"column":21}},"24":{"start":{"line":56,"column":4},"end":{"line":58,"column":5}},"25":{"start":{"line":56,"column":17},"end":{"line":56,"column":18}},"26":{"start":{"line":57,"column":6},"end":{"line":57,"column":44}},"27":{"start":{"line":59,"column":4},"end":{"line":59,"column":18}},"28":{"start":{"line":63,"column":0},"end":{"line":63,"column":25}}},"fnMap":{"0":{"name":"(anonymous_0)","decl":{"start":{"line":5,"column":2},"end":{"line":5,"column":3}},"loc":{"start":{"line":5,"column":33},"end":{"line":9,"column":3}},"line":5},"1":{"name":"(anonymous_1)","decl":{"start":{"line":12,"column":2},"end":{"line":12,"column":3}},"loc":{"start":{"line":12,"column":31},"end":{"line":17,"column":3}},"line":12},"2":{"name":"(anonymous_2)","decl":{"start":{"line":20,"column":2},"end":{"line":20,"column":3}},"loc":{"start":{"line":20,"column":44},"end":{"line":30,"column":3}},"line":20},"3":{"name":"(anonymous_3)","decl":{"start":{"line":33,"column":2},"end":{"line":33,"column":3}},"loc":{"start":{"line":33,"column":23},"end":{"line":36,"column":3}},"line":33},"4":{"name":"(anonymous_4)","decl":{"start":{"line":39,"column":2},"end":{"line":39,"column":3}},"loc":{"start":{"line":39,"column":28},"end":{"line":46,"column":3}},"line":39},"5":{"name":"(anonymous_5)","decl":{"start":{"line":49,"column":2},"end":{"line":49,"column":3}},"loc":{"start":{"line":49,"column":19},"end":{"line":51,"column":3}},"line":49},"6":{"name":"(anonymous_6)","decl":{"start":{"line":50,"column":23},"end":{"line":50,"column":24}},"loc":{"start":{"line":50,"column":34},"end":{"line":50,"column":57}},"line":50},"7":{"name":"(anonymous_7)","decl":{"start":{"line":54,"column":2},"end":{"line":54,"column":3}},"loc":{"start":{"line":54,"column":33},"end":{"line":60,"column":3}},"line":54}},"branchMap":{"0":{"loc":{"start":{"line":5,"column":20},"end":{"line":5,"column":31}},"type":"default-arg","locations":[{"start":{"line":5,"column":29},"end":{"line":5,"column":31}}],"line":5},"1":{"loc":{"start":{"line":20,"column":26},"end":{"line":20,"column":42}},"type":"default-arg","locations":[{"start":{"line":20,"column":35},"end":{"line":20,"column":42}}],"line":20},"2":{"loc":{"start":{"line":23,"column":4},"end":{"line":27,"column":5}},"type":"if","locations":[{"start":{"line":23,"column":4},"end":{"line":27,"column":5}},{"start":{"line":25,"column":11},"end":{"line":27,"column":5}}],"line":23},"3":{"loc":{"start":{"line":25,"column":11},"end":{"line":27,"column":5}},"type":"if","locations":[{"start":{"line":25,"column":11},"end":{"line":27,"column":5}},{"start":{},"end":{}}],"line":25},"4":{"loc":{"start":{"line":34,"column":4},"end":{"line":34,"column":24}},"type":"if","locations":[{"start":{"line":34,"column":4},"end":{"line":34,"column":24}},{"start":{},"end":{}}],"line":34}},"s":{"0":0,"1":0,"2":0,"3":0,"4":0,"5":0,"6":0,"7":0,"8":0,"9":0,"10":0,"11":0,"12":0,"13":0,"14":0,"15":0,"16":0,"17":0,"18":0,"19":0,"20":0,"21":0,"22":0,"23":0,"24":0,"25":0,"26":0,"27":0,"28":0},"f":{"0":0,"1":0,"2":0,"3":0,"4":0,"5":0,"6":0,"7":0},"b":{"0":[0],"1":[0],"2":[0,0],"3":[0,0],"4":[0,0]}}
,"/home/runner/work/CollegeOS/CollegeOS/backend/src/utils/logger.js": {"path":"/home/runner/work/CollegeOS/CollegeOS/backend/src/utils/logger.js","statementMap":{"0":{"start":{"line":1,"column":16},"end":{"line":1,"column":34}},"1":{"start":{"line":2,"column":15},"end":{"line":2,"column":39}},"2":{"start":{"line":4,"column":15},"end":{"line":15,"column":2}},"3":{"start":{"line":17,"column":0},"end":{"line":24,"column":1}},"4":{"start":{"line":18,"column":2},"end":{"line":23,"column":6}},"5":{"start":{"line":26,"column":0},"end":{"line":26,"column":24}}},"fnMap":{},"branchMap":{"0":{"loc":{"start":{"line":5,"column":9},"end":{"line":5,"column":60}},"type":"cond-expr","locations":[{"start":{"line":5,"column":44},"end":{"line":5,"column":51}},{"start":{"line":5,"column":54},"end":{"line":5,"column":60}}],"line":5},"1":{"loc":{"start":{"line":17,"column":0},"end":{"line":24,"column":1}},"type":"if","locations":[{"start":{"line":17,"column":0},"end":{"line":24,"column":1}},{"start":{},"end":{}}],"line":17}},"s":{"0":1,"1":1,"2":1,"3":1,"4":0,"5":1},"f":{},"b":{"0":[0,1],"1":[0,1]},"_coverageSchema":"1a1c01bbd47fc00a2c39e90264f33305004495a9","hash":"4c9ed3cd7170d43536ffa638fa36e54e744a81d6"}
,"/home/runner/work/CollegeOS/CollegeOS/backend/src/utils/validators.js": {"path":"/home/runner/work/CollegeOS/CollegeOS/backend/src/utils/validators.js","statementMap":{"0":{"start":{"line":1,"column":12},"end":{"line":1,"column":26}},"1":{"start":{"line":2,"column":56},"end":{"line":2,"column":86}},"2":{"start":{"line":4,"column":19},"end":{"line":77,"column":1}},"3":{"start":{"line":79,"column":0},"end":{"line":79,"column":28}}},"fnMap":{},"branchMap":{},"s":{"0":0,"1":0,"2":0,"3":0},"f":{},"b":{}}
}
