{"/home/runner/work/CollegeOS/CollegeOS/backend/src/config/constants.js": {"path":"/home/runner/work/CollegeOS/CollegeOS/backend/src/config/constants.js","statementMap":{"0":{"start":{"line":1,"column":0},"end":{"line":72,"column":2}}},"fnMap":{},"branchMap":{},"s":{"0":0},"f":{},"b":{}}
,"/home/runner/work/CollegeOS/CollegeOS/backend/src/config/database.js": {"path":"/home/runner/work/CollegeOS/CollegeOS/backend/src/config/database.js","statementMap":{"0":{"start":{"line":1,"column":17},"end":{"line":1,"column":42}},"1":{"start":{"line":2,"column":13},"end":{"line":2,"column":28}},"2":{"start":{"line":3,"column":11},"end":{"line":3,"column":24}},"3":{"start":{"line":4,"column":15},"end":{"line":4,"column":41}},"4":{"start":{"line":5,"column":15},"end":{"line":5,"column":31}},"5":{"start":{"line":9,"column":4},"end":{"line":9,"column":19}},"6":{"start":{"line":10,"column":4},"end":{"line":10,"column":29}},"7":{"start":{"line":14,"column":4},"end":{"line":14,"column":41}},"8":{"start":{"line":14,"column":26},"end":{"line":14,"column":41}},"9":{"start":{"line":16,"column":4},"end":{"line":42,"column":5}},"10":{"start":{"line":18,"column":20},"end":{"line":18,"column":54}},"11":{"start":{"line":19,"column":6},"end":{"line":21,"column":7}},"12":{"start":{"line":20,"column":8},"end":{"line":20,"column":49}},"13":{"start":{"line":24,"column":6},"end":{"line":26,"column":9}},"14":{"start":{"line":29,"column":6},"end":{"line":29,"column":42}},"15":{"start":{"line":32,"column":6},"end":{"line":32,"column":43}},"16":{"start":{"line":33,"column":6},"end":{"line":33,"column":45}},"17":{"start":{"line":35,"column":6},"end":{"line":35,"column":53}},"18":{"start":{"line":36,"column":6},"end":{"line":36,"column":30}},"19":{"start":{"line":38,"column":6},"end":{"line":38,"column":21}},"20":{"start":{"line":40,"column":6},"end":{"line":40,"column":57}},"21":{"start":{"line":41,"column":6},"end":{"line":41,"column":18}},"22":{"start":{"line":46,"column":15},"end":{"line":46,"column":32}},"23":{"start":{"line":48,"column":4},"end":{"line":48,"column":50}},"24":{"start":{"line":51,"column":4},"end":{"line":214,"column":7}},"25":{"start":{"line":216,"column":4},"end":{"line":216,"column":62}},"26":{"start":{"line":220,"column":4},"end":{"line":222,"column":5}},"27":{"start":{"line":221,"column":6},"end":{"line":221,"column":24}},"28":{"start":{"line":223,"column":4},"end":{"line":223,"column":19}},"29":{"start":{"line":227,"column":4},"end":{"line":231,"column":5}},"30":{"start":{"line":228,"column":6},"end":{"line":228,"column":22}},"31":{"start":{"line":229,"column":6},"end":{"line":229,"column":31}},"32":{"start":{"line":230,"column":6},"end":{"line":230,"column":48}},"33":{"start":{"line":236,"column":18},"end":{"line":236,"column":39}},"34":{"start":{"line":238,"column":0},"end":{"line":238,"column":27}}},"fnMap":{"0":{"name":"(anonymous_0)","decl":{"start":{"line":8,"column":2},"end":{"line":8,"column":3}},"loc":{"start":{"line":8,"column":16},"end":{"line":11,"column":3}},"line":8},"1":{"name":"(anonymous_1)","decl":{"start":{"line":13,"column":2},"end":{"line":13,"column":3}},"loc":{"start":{"line":13,"column":15},"end":{"line":43,"column":3}},"line":13},"2":{"name":"(anonymous_2)","decl":{"start":{"line":45,"column":2},"end":{"line":45,"column":3}},"loc":{"start":{"line":45,"column":18},"end":{"line":217,"column":3}},"line":45},"3":{"name":"(anonymous_3)","decl":{"start":{"line":219,"column":2},"end":{"line":219,"column":3}},"loc":{"start":{"line":219,"column":16},"end":{"line":224,"column":3}},"line":219},"4":{"name":"(anonymous_4)","decl":{"start":{"line":226,"column":2},"end":{"line":226,"column":3}},"loc":{"start":{"line":226,"column":10},"end":{"line":232,"column":3}},"line":226}},"branchMap":{"0":{"loc":{"start":{"line":14,"column":4},"end":{"line":14,"column":41}},"type":"if","locations":[{"start":{"line":14,"column":4},"end":{"line":14,"column":41}},{"start":{},"end":{}}],"line":14},"1":{"loc":{"start":{"line":19,"column":6},"end":{"line":21,"column":7}},"type":"if","locations":[{"start":{"line":19,"column":6},"end":{"line":21,"column":7}},{"start":{},"end":{}}],"line":19},"2":{"loc":{"start":{"line":25,"column":17},"end":{"line":25,"column":71}},"type":"cond-expr","locations":[{"start":{"line":25,"column":52},"end":{"line":25,"column":64}},{"start":{"line":25,"column":67},"end":{"line":25,"column":71}}],"line":25},"3":{"loc":{"start":{"line":220,"column":4},"end":{"line":222,"column":5}},"type":"if","locations":[{"start":{"line":220,"column":4},"end":{"line":222,"column":5}},{"start":{},"end":{}}],"line":220},"4":{"loc":{"start":{"line":227,"column":4},"end":{"line":231,"column":5}},"type":"if","locations":[{"start":{"line":227,"column":4},"end":{"line":231,"column":5}},{"start":{},"end":{}}],"line":227}},"s":{"0":2,"1":2,"2":2,"3":2,"4":2,"5":2,"6":2,"7":4,"8":2,"9":2,"10":2,"11":2,"12":0,"13":2,"14":2,"15":2,"16":2,"17":2,"18":2,"19":2,"20":0,"21":0,"22":2,"23":2,"24":2,"25":2,"26":0,"27":0,"28":0,"29":2,"30":2,"31":2,"32":2,"33":2,"34":2},"f":{"0":2,"1":4,"2":2,"3":0,"4":2},"b":{"0":[2,2],"1":[0,2],"2":[0,2],"3":[0,0],"4":[2,0]},"_coverageSchema":"1a1c01bbd47fc00a2c39e90264f33305004495a9","hash":"af6090993c0082eba0232edeafd560569b993722"}
,"/home/runner/work/CollegeOS/CollegeOS/backend/src/config/env.js": {"path":"/home/runner/work/CollegeOS/CollegeOS/backend/src/config/env.js","statementMap":{"0":{"start":{"line":1,"column":0},"end":{"line":1,"column":27}},"1":{"start":{"line":2,"column":13},"end":{"line":2,"column":28}},"2":{"start":{"line":4,"column":0},"end":{"line":39,"column":2}}},"fnMap":{},"branchMap":{"0":{"loc":{"start":{"line":5,"column":8},"end":{"line":5,"column":32}},"type":"binary-expr","locations":[{"start":{"line":5,"column":8},"end":{"line":5,"column":24}},{"start":{"line":5,"column":28},"end":{"line":5,"column":32}}],"line":5},"1":{"loc":{"start":{"line":6,"column":11},"end":{"line":6,"column":48}},"type":"binary-expr","locations":[{"start":{"line":6,"column":11},"end":{"line":6,"column":31}},{"start":{"line":6,"column":35},"end":{"line":6,"column":48}}],"line":6},"2":{"loc":{"start":{"line":9,"column":10},"end":{"line":9,"column":92}},"type":"binary-expr","locations":[{"start":{"line":9,"column":10},"end":{"line":9,"column":35}},{"start":{"line":9,"column":39},"end":{"line":9,"column":92}}],"line":9},"3":{"loc":{"start":{"line":14,"column":15},"end":{"line":14,"column":50}},"type":"binary-expr","locations":[{"start":{"line":14,"column":15},"end":{"line":14,"column":41}},{"start":{"line":14,"column":45},"end":{"line":14,"column":50}}],"line":14},"4":{"loc":{"start":{"line":16,"column":22},"end":{"line":16,"column":66}},"type":"binary-expr","locations":[{"start":{"line":16,"column":22},"end":{"line":16,"column":58}},{"start":{"line":16,"column":62},"end":{"line":16,"column":66}}],"line":16},"5":{"loc":{"start":{"line":26,"column":9},"end":{"line":26,"column":60}},"type":"binary-expr","locations":[{"start":{"line":26,"column":9},"end":{"line":26,"column":33}},{"start":{"line":26,"column":37},"end":{"line":26,"column":60}}],"line":26},"6":{"loc":{"start":{"line":30,"column":15},"end":{"line":30,"column":69}},"type":"binary-expr","locations":[{"start":{"line":30,"column":15},"end":{"line":30,"column":46}},{"start":{"line":30,"column":50},"end":{"line":30,"column":69}}],"line":30},"7":{"loc":{"start":{"line":31,"column":13},"end":{"line":31,"column":60}},"type":"binary-expr","locations":[{"start":{"line":31,"column":13},"end":{"line":31,"column":52}},{"start":{"line":31,"column":56},"end":{"line":31,"column":60}}],"line":31},"8":{"loc":{"start":{"line":32,"column":19},"end":{"line":32,"column":62}},"type":"binary-expr","locations":[{"start":{"line":32,"column":19},"end":{"line":32,"column":56}},{"start":{"line":32,"column":60},"end":{"line":32,"column":62}}],"line":32},"9":{"loc":{"start":{"line":36,"column":14},"end":{"line":36,"column":66}},"type":"binary-expr","locations":[{"start":{"line":36,"column":14},"end":{"line":36,"column":56}},{"start":{"line":36,"column":60},"end":{"line":36,"column":66}}],"line":36},"10":{"loc":{"start":{"line":37,"column":17},"end":{"line":37,"column":69}},"type":"binary-expr","locations":[{"start":{"line":37,"column":17},"end":{"line":37,"column":62}},{"start":{"line":37,"column":66},"end":{"line":37,"column":69}}],"line":37}},"s":{"0":2,"1":2,"2":2},"f":{},"b":{"0":[2,2],"1":[2,0],"2":[2,2],"3":[2,2],"4":[2,2],"5":[2,2],"6":[2,2],"7":[2,2],"8":[2,2],"9":[2,2],"10":[2,2]},"_coverageSchema":"1a1c01bbd47fc00a2c39e90264f33305004495a9","hash":"93f9f1d9eec21769685ef1f619674e02b17ef083"}
,"/home/runner/work/CollegeOS/CollegeOS/backend/src/controllers/applicationController.js": {"path":"/home/runner/work/CollegeOS/CollegeOS/backend/src/controllers/applicationController.js","statementMap":{"0":{"start":{"line":1,"column":20},"end":{"line":1,"column":52}},"1":{"start":{"line":6,"column":4},"end":{"line":19,"column":5}},"2":{"start":{"line":7,"column":21},"end":{"line":7,"column":36}},"3":{"start":{"line":8,"column":35},"end":{"line":8,"column":44}},"4":{"start":{"line":10,"column":27},"end":{"line":10,"column":79}},"5":{"start":{"line":12,"column":6},"end":{"line":16,"column":9}},"6":{"start":{"line":18,"column":6},"end":{"line":18,"column":18}},"7":{"start":{"line":24,"column":4},"end":{"line":66,"column":5}},"8":{"start":{"line":25,"column":21},"end":{"line":25,"column":36}},"9":{"start":{"line":26,"column":19},"end":{"line":26,"column":36}},"10":{"start":{"line":29,"column":6},"end":{"line":31,"column":7}},"11":{"start":{"line":30,"column":8},"end":{"line":30,"column":41}},"12":{"start":{"line":33,"column":26},"end":{"line":33,"column":58}},"13":{"start":{"line":36,"column":6},"end":{"line":49,"column":7}},"14":{"start":{"line":37,"column":8},"end":{"line":48,"column":9}},"15":{"start":{"line":38,"column":50},"end":{"line":38,"column":93}},"16":{"start":{"line":39,"column":26},"end":{"line":39,"column":54}},"17":{"start":{"line":40,"column":26},"end":{"line":40,"column":72}},"18":{"start":{"line":42,"column":10},"end":{"line":44,"column":11}},"19":{"start":{"line":43,"column":12},"end":{"line":43,"column":79}},"20":{"start":{"line":47,"column":10},"end":{"line":47,"column":72}},"21":{"start":{"line":51,"column":6},"end":{"line":55,"column":9}},"22":{"start":{"line":58,"column":6},"end":{"line":64,"column":7}},"23":{"start":{"line":59,"column":8},"end":{"line":63,"column":11}},"24":{"start":{"line":65,"column":6},"end":{"line":65,"column":18}},"25":{"start":{"line":71,"column":4},"end":{"line":84,"column":5}},"26":{"start":{"line":72,"column":21},"end":{"line":72,"column":31}},"27":{"start":{"line":73,"column":19},"end":{"line":73,"column":36}},"28":{"start":{"line":75,"column":26},"end":{"line":75,"column":64}},"29":{"start":{"line":77,"column":6},"end":{"line":81,"column":9}},"30":{"start":{"line":83,"column":6},"end":{"line":83,"column":18}},"31":{"start":{"line":89,"column":4},"end":{"line":100,"column":5}},"32":{"start":{"line":90,"column":21},"end":{"line":90,"column":31}},"33":{"start":{"line":92,"column":6},"end":{"line":92,"column":39}},"34":{"start":{"line":94,"column":6},"end":{"line":97,"column":9}},"35":{"start":{"line":99,"column":6},"end":{"line":99,"column":18}},"36":{"start":{"line":105,"column":4},"end":{"line":116,"column":5}},"37":{"start":{"line":106,"column":21},"end":{"line":106,"column":31}},"38":{"start":{"line":108,"column":23},"end":{"line":108,"column":60}},"39":{"start":{"line":110,"column":6},"end":{"line":113,"column":9}},"40":{"start":{"line":115,"column":6},"end":{"line":115,"column":18}},"41":{"start":{"line":120,"column":0},"end":{"line":120,"column":39}}},"fnMap":{"0":{"name":"(anonymous_0)","decl":{"start":{"line":5,"column":2},"end":{"line":5,"column":3}},"loc":{"start":{"line":5,"column":47},"end":{"line":20,"column":3}},"line":5},"1":{"name":"(anonymous_1)","decl":{"start":{"line":23,"column":2},"end":{"line":23,"column":3}},"loc":{"start":{"line":23,"column":49},"end":{"line":67,"column":3}},"line":23},"2":{"name":"(anonymous_2)","decl":{"start":{"line":70,"column":2},"end":{"line":70,"column":3}},"loc":{"start":{"line":70,"column":49},"end":{"line":85,"column":3}},"line":70},"3":{"name":"(anonymous_3)","decl":{"start":{"line":88,"column":2},"end":{"line":88,"column":3}},"loc":{"start":{"line":88,"column":49},"end":{"line":101,"column":3}},"line":88},"4":{"name":"(anonymous_4)","decl":{"start":{"line":104,"column":2},"end":{"line":104,"column":3}},"loc":{"start":{"line":104,"column":43},"end":{"line":117,"column":3}},"line":104}},"branchMap":{"0":{"loc":{"start":{"line":29,"column":6},"end":{"line":31,"column":7}},"type":"if","locations":[{"start":{"line":29,"column":6},"end":{"line":31,"column":7}},{"start":{},"end":{}}],"line":29},"1":{"loc":{"start":{"line":29,"column":10},"end":{"line":29,"column":44}},"type":"binary-expr","locations":[{"start":{"line":29,"column":10},"end":{"line":29,"column":25}},{"start":{"line":29,"column":29},"end":{"line":29,"column":44}}],"line":29},"2":{"loc":{"start":{"line":36,"column":6},"end":{"line":49,"column":7}},"type":"if","locations":[{"start":{"line":36,"column":6},"end":{"line":49,"column":7}},{"start":{},"end":{}}],"line":36},"3":{"loc":{"start":{"line":36,"column":10},"end":{"line":36,"column":47}},"type":"binary-expr","locations":[{"start":{"line":36,"column":10},"end":{"line":36,"column":21}},{"start":{"line":36,"column":25},"end":{"line":36,"column":47}}],"line":36},"4":{"loc":{"start":{"line":42,"column":10},"end":{"line":44,"column":11}},"type":"if","locations":[{"start":{"line":42,"column":10},"end":{"line":44,"column":11}},{"start":{},"end":{}}],"line":42},"5":{"loc":{"start":{"line":58,"column":6},"end":{"line":64,"column":7}},"type":"if","locations":[{"start":{"line":58,"column":6},"end":{"line":64,"column":7}},{"start":{},"end":{}}],"line":58}},"s":{"0":0,"1":0,"2":0,"3":0,"4":0,"5":0,"6":0,"7":0,"8":0,"9":0,"10":0,"11":0,"12":0,"13":0,"14":0,"15":0,"16":0,"17":0,"18":0,"19":0,"20":0,"21":0,"22":0,"23":0,"24":0,"25":0,"26":0,"27":0,"28":0,"29":0,"30":0,"31":0,"32":0,"33":0,"34":0,"35":0,"36":0,"37":0,"38":0,"39":0,"40":0,"41":0},"f":{"0":0,"1":0,"2":0,"3":0,"4":0},"b":{"0":[0,0],"1":[0,0],"2":[0,0],"3":[0,0],"4":[0,0],"5":[0,0]}}
,"/home/runner/work/CollegeOS/CollegeOS/backend/src/controllers/authController.js": {"path":"/home/runner/work/CollegeOS/CollegeOS/backend/src/controllers/authController.js","statementMap":{"0":{"start":{"line":1,"column":20},"end":{"line":1,"column":54}},"1":{"start":{"line":2,"column":13},"end":{"line":2,"column":38}},"2":{"start":{"line":3,"column":15},"end":{"line":3,"column":41}},"3":{"start":{"line":8,"column":4},"end":{"line":20,"column":5}},"4":{"start":{"line":9,"column":53},"end":{"line":9,"column":70}},"5":{"start":{"line":11,"column":21},"end":{"line":11,"column":83}},"6":{"start":{"line":13,"column":6},"end":{"line":17,"column":9}},"7":{"start":{"line":19,"column":6},"end":{"line":19,"column":18}},"8":{"start":{"line":25,"column":4},"end":{"line":37,"column":5}},"9":{"start":{"line":26,"column":34},"end":{"line":26,"column":51}},"10":{"start":{"line":28,"column":21},"end":{"line":28,"column":61}},"11":{"start":{"line":30,"column":6},"end":{"line":34,"column":9}},"12":{"start":{"line":36,"column":6},"end":{"line":36,"column":18}},"13":{"start":{"line":42,"column":4},"end":{"line":60,"column":5}},"14":{"start":{"line":43,"column":31},"end":{"line":43,"column":39}},"15":{"start":{"line":45,"column":6},"end":{"line":50,"column":7}},"16":{"start":{"line":46,"column":8},"end":{"line":49,"column":11}},"17":{"start":{"line":52,"column":21},"end":{"line":52,"column":71}},"18":{"start":{"line":54,"column":6},"end":{"line":57,"column":9}},"19":{"start":{"line":59,"column":6},"end":{"line":59,"column":18}},"20":{"start":{"line":65,"column":4},"end":{"line":78,"column":5}},"21":{"start":{"line":66,"column":31},"end":{"line":66,"column":39}},"22":{"start":{"line":68,"column":6},"end":{"line":70,"column":7}},"23":{"start":{"line":69,"column":8},"end":{"line":69,"column":47}},"24":{"start":{"line":72,"column":6},"end":{"line":75,"column":9}},"25":{"start":{"line":77,"column":6},"end":{"line":77,"column":18}},"26":{"start":{"line":83,"column":4},"end":{"line":99,"column":5}},"27":{"start":{"line":84,"column":19},"end":{"line":84,"column":49}},"28":{"start":{"line":86,"column":6},"end":{"line":91,"column":7}},"29":{"start":{"line":87,"column":8},"end":{"line":90,"column":11}},"30":{"start":{"line":93,"column":6},"end":{"line":96,"column":9}},"31":{"start":{"line":98,"column":6},"end":{"line":98,"column":18}},"32":{"start":{"line":104,"column":4},"end":{"line":117,"column":5}},"33":{"start":{"line":105,"column":21},"end":{"line":105,"column":36}},"34":{"start":{"line":106,"column":19},"end":{"line":106,"column":36}},"35":{"start":{"line":108,"column":19},"end":{"line":108,"column":54}},"36":{"start":{"line":110,"column":6},"end":{"line":114,"column":9}},"37":{"start":{"line":116,"column":6},"end":{"line":116,"column":18}},"38":{"start":{"line":121,"column":0},"end":{"line":121,"column":32}}},"fnMap":{"0":{"name":"(anonymous_0)","decl":{"start":{"line":7,"column":2},"end":{"line":7,"column":3}},"loc":{"start":{"line":7,"column":40},"end":{"line":21,"column":3}},"line":7},"1":{"name":"(anonymous_1)","decl":{"start":{"line":24,"column":2},"end":{"line":24,"column":3}},"loc":{"start":{"line":24,"column":37},"end":{"line":38,"column":3}},"line":24},"2":{"name":"(anonymous_2)","decl":{"start":{"line":41,"column":2},"end":{"line":41,"column":3}},"loc":{"start":{"line":41,"column":39},"end":{"line":61,"column":3}},"line":41},"3":{"name":"(anonymous_3)","decl":{"start":{"line":64,"column":2},"end":{"line":64,"column":3}},"loc":{"start":{"line":64,"column":38},"end":{"line":79,"column":3}},"line":64},"4":{"name":"(anonymous_4)","decl":{"start":{"line":82,"column":2},"end":{"line":82,"column":3}},"loc":{"start":{"line":82,"column":46},"end":{"line":100,"column":3}},"line":82},"5":{"name":"(anonymous_5)","decl":{"start":{"line":103,"column":2},"end":{"line":103,"column":3}},"loc":{"start":{"line":103,"column":50},"end":{"line":118,"column":3}},"line":103}},"branchMap":{"0":{"loc":{"start":{"line":45,"column":6},"end":{"line":50,"column":7}},"type":"if","locations":[{"start":{"line":45,"column":6},"end":{"line":50,"column":7}},{"start":{},"end":{}}],"line":45},"1":{"loc":{"start":{"line":68,"column":6},"end":{"line":70,"column":7}},"type":"if","locations":[{"start":{"line":68,"column":6},"end":{"line":70,"column":7}},{"start":{},"end":{}}],"line":68},"2":{"loc":{"start":{"line":86,"column":6},"end":{"line":91,"column":7}},"type":"if","locations":[{"start":{"line":86,"column":6},"end":{"line":91,"column":7}},{"start":{},"end":{}}],"line":86}},"s":{"0":0,"1":0,"2":0,"3":0,"4":0,"5":0,"6":0,"7":0,"8":0,"9":0,"10":0,"11":0,"12":0,"13":0,"14":0,"15":0,"16":0,"17":0,"18":0,"19":0,"20":0,"21":0,"22":0,"23":0,"24":0,"25":0,"26":0,"27":0,"28":0,"29":0,"30":0,"31":0,"32":0,"33":0,"34":0,"35":0,"36":0,"37":0,"38":0},"f":{"0":0,"1":0,"2":0,"3":0,"4":0,"5":0},"b":{"0":[0,0],"1":[0,0],"2":[0,0]}}
,"/home/runner/work/CollegeOS/CollegeOS/backend/src/controllers/collegeController.js": {"path":"/home/runner/work/CollegeOS/CollegeOS/backend/src/controllers/collegeController.js","statementMap":{"0":{"start":{"line":1,"column":23},"end":{"line":1,"column":60}},"1":{"start":{"line":2,"column":15},"end":{"line":2,"column":41}},"2":{"start":{"line":7,"column":4},"end":{"line":25,"column":5}},"3":{"start":{"line":8,"column":41},"end":{"line":8,"column":50}},"4":{"start":{"line":12,"column":23},"end":{"line":16,"column":8}},"5":{"start":{"line":18,"column":6},"end":{"line":22,"column":9}},"6":{"start":{"line":24,"column":6},"end":{"line":24,"column":18}},"7":{"start":{"line":30,"column":4},"end":{"line":40,"column":5}},"8":{"start":{"line":31,"column":21},"end":{"line":31,"column":31}},"9":{"start":{"line":32,"column":22},"end":{"line":32,"column":71}},"10":{"start":{"line":34,"column":6},"end":{"line":37,"column":9}},"11":{"start":{"line":39,"column":6},"end":{"line":39,"column":18}},"12":{"start":{"line":45,"column":4},"end":{"line":67,"column":5}},"13":{"start":{"line":46,"column":45},"end":{"line":46,"column":54}},"14":{"start":{"line":48,"column":6},"end":{"line":51,"column":7}},"15":{"start":{"line":50,"column":8},"end":{"line":50,"column":61}},"16":{"start":{"line":53,"column":23},"end":{"line":57,"column":8}},"17":{"start":{"line":59,"column":6},"end":{"line":63,"column":9}},"18":{"start":{"line":65,"column":6},"end":{"line":65,"column":52}},"19":{"start":{"line":66,"column":6},"end":{"line":66,"column":18}},"20":{"start":{"line":72,"column":4},"end":{"line":91,"column":5}},"21":{"start":{"line":73,"column":21},"end":{"line":73,"column":31}},"22":{"start":{"line":74,"column":23},"end":{"line":74,"column":32}},"23":{"start":{"line":76,"column":6},"end":{"line":81,"column":7}},"24":{"start":{"line":77,"column":8},"end":{"line":80,"column":11}},"25":{"start":{"line":83,"column":19},"end":{"line":83,"column":74}},"26":{"start":{"line":85,"column":6},"end":{"line":88,"column":9}},"27":{"start":{"line":90,"column":6},"end":{"line":90,"column":18}},"28":{"start":{"line":96,"column":4},"end":{"line":104,"column":5}},"29":{"start":{"line":97,"column":24},"end":{"line":97,"column":59}},"30":{"start":{"line":98,"column":6},"end":{"line":101,"column":9}},"31":{"start":{"line":103,"column":6},"end":{"line":103,"column":18}},"32":{"start":{"line":109,"column":4},"end":{"line":117,"column":5}},"33":{"start":{"line":110,"column":23},"end":{"line":110,"column":57}},"34":{"start":{"line":111,"column":6},"end":{"line":114,"column":9}},"35":{"start":{"line":116,"column":6},"end":{"line":116,"column":18}},"36":{"start":{"line":123,"column":4},"end":{"line":164,"column":5}},"37":{"start":{"line":134,"column":10},"end":{"line":134,"column":18}},"38":{"start":{"line":136,"column":6},"end":{"line":141,"column":7}},"39":{"start":{"line":137,"column":8},"end":{"line":140,"column":11}},"40":{"start":{"line":143,"column":22},"end":{"line":155,"column":8}},"41":{"start":{"line":157,"column":6},"end":{"line":161,"column":9}},"42":{"start":{"line":163,"column":6},"end":{"line":163,"column":18}},"43":{"start":{"line":169,"column":4},"end":{"line":203,"column":5}},"44":{"start":{"line":170,"column":21},"end":{"line":170,"column":31}},"45":{"start":{"line":171,"column":26},"end":{"line":171,"column":35}},"46":{"start":{"line":174,"column":22},"end":{"line":174,"column":71}},"47":{"start":{"line":175,"column":6},"end":{"line":180,"column":7}},"48":{"start":{"line":176,"column":8},"end":{"line":179,"column":11}},"49":{"start":{"line":183,"column":19},"end":{"line":183,"column":44}},"50":{"start":{"line":184,"column":26},"end":{"line":184,"column":72}},"51":{"start":{"line":186,"column":6},"end":{"line":191,"column":7}},"52":{"start":{"line":187,"column":8},"end":{"line":190,"column":11}},"53":{"start":{"line":194,"column":35},"end":{"line":194,"column":79}},"54":{"start":{"line":195,"column":26},"end":{"line":195,"column":73}},"55":{"start":{"line":197,"column":6},"end":{"line":200,"column":9}},"56":{"start":{"line":202,"column":6},"end":{"line":202,"column":18}},"57":{"start":{"line":207,"column":0},"end":{"line":207,"column":35}}},"fnMap":{"0":{"name":"(anonymous_0)","decl":{"start":{"line":6,"column":2},"end":{"line":6,"column":3}},"loc":{"start":{"line":6,"column":43},"end":{"line":26,"column":3}},"line":6},"1":{"name":"(anonymous_1)","decl":{"start":{"line":29,"column":2},"end":{"line":29,"column":3}},"loc":{"start":{"line":29,"column":46},"end":{"line":41,"column":3}},"line":29},"2":{"name":"(anonymous_2)","decl":{"start":{"line":44,"column":2},"end":{"line":44,"column":3}},"loc":{"start":{"line":44,"column":46},"end":{"line":68,"column":3}},"line":44},"3":{"name":"(anonymous_3)","decl":{"start":{"line":71,"column":2},"end":{"line":71,"column":3}},"loc":{"start":{"line":71,"column":46},"end":{"line":92,"column":3}},"line":71},"4":{"name":"(anonymous_4)","decl":{"start":{"line":95,"column":2},"end":{"line":95,"column":3}},"loc":{"start":{"line":95,"column":44},"end":{"line":105,"column":3}},"line":95},"5":{"name":"(anonymous_5)","decl":{"start":{"line":108,"column":2},"end":{"line":108,"column":3}},"loc":{"start":{"line":108,"column":43},"end":{"line":118,"column":3}},"line":108},"6":{"name":"(anonymous_6)","decl":{"start":{"line":122,"column":2},"end":{"line":122,"column":3}},"loc":{"start":{"line":122,"column":45},"end":{"line":165,"column":3}},"line":122},"7":{"name":"(anonymous_7)","decl":{"start":{"line":168,"column":2},"end":{"line":168,"column":3}},"loc":{"start":{"line":168,"column":48},"end":{"line":204,"column":3}},"line":168}},"branchMap":{"0":{"loc":{"start":{"line":15,"column":15},"end":{"line":15,"column":50}},"type":"cond-expr","locations":[{"start":{"line":15,"column":23},"end":{"line":15,"column":38}},{"start":{"line":15,"column":41},"end":{"line":15,"column":50}}],"line":15},"1":{"loc":{"start":{"line":48,"column":6},"end":{"line":51,"column":7}},"type":"if","locations":[{"start":{"line":48,"column":6},"end":{"line":51,"column":7}},{"start":{},"end":{}}],"line":48},"2":{"loc":{"start":{"line":48,"column":10},"end":{"line":48,"column":31}},"type":"binary-expr","locations":[{"start":{"line":48,"column":10},"end":{"line":48,"column":12}},{"start":{"line":48,"column":16},"end":{"line":48,"column":31}}],"line":48},"3":{"loc":{"start":{"line":56,"column":15},"end":{"line":56,"column":45}},"type":"cond-expr","locations":[{"start":{"line":56,"column":23},"end":{"line":56,"column":38}},{"start":{"line":56,"column":41},"end":{"line":56,"column":45}}],"line":56},"4":{"loc":{"start":{"line":76,"column":6},"end":{"line":81,"column":7}},"type":"if","locations":[{"start":{"line":76,"column":6},"end":{"line":81,"column":7}},{"start":{},"end":{}}],"line":76},"5":{"loc":{"start":{"line":136,"column":6},"end":{"line":141,"column":7}},"type":"if","locations":[{"start":{"line":136,"column":6},"end":{"line":141,"column":7}},{"start":{},"end":{}}],"line":136},"6":{"loc":{"start":{"line":136,"column":10},"end":{"line":136,"column":47}},"type":"binary-expr","locations":[{"start":{"line":136,"column":10},"end":{"line":136,"column":15}},{"start":{"line":136,"column":19},"end":{"line":136,"column":27}},{"start":{"line":136,"column":31},"end":{"line":136,"column":47}}],"line":136},"7":{"loc":{"start":{"line":151,"column":27},"end":{"line":151,"column":50}},"type":"binary-expr","locations":[{"start":{"line":151,"column":27},"end":{"line":151,"column":44}},{"start":{"line":151,"column":48},"end":{"line":151,"column":50}}],"line":151},"8":{"loc":{"start":{"line":152,"column":25},"end":{"line":152,"column":46}},"type":"binary-expr","locations":[{"start":{"line":152,"column":25},"end":{"line":152,"column":40}},{"start":{"line":152,"column":44},"end":{"line":152,"column":46}}],"line":152},"9":{"loc":{"start":{"line":175,"column":6},"end":{"line":180,"column":7}},"type":"if","locations":[{"start":{"line":175,"column":6},"end":{"line":180,"column":7}},{"start":{},"end":{}}],"line":175},"10":{"loc":{"start":{"line":186,"column":6},"end":{"line":191,"column":7}},"type":"if","locations":[{"start":{"line":186,"column":6},"end":{"line":191,"column":7}},{"start":{},"end":{}}],"line":186}},"s":{"0":0,"1":0,"2":0,"3":0,"4":0,"5":0,"6":0,"7":0,"8":0,"9":0,"10":0,"11":0,"12":0,"13":0,"14":0,"15":0,"16":0,"17":0,"18":0,"19":0,"20":0,"21":0,"22":0,"23":0,"24":0,"25":0,"26":0,"27":0,"28":0,"29":0,"30":0,"31":0,"32":0,"33":0,"34":0,"35":0,"36":0,"37":0,"38":0,"39":0,"40":0,"41":0,"42":0,"43":0,"44":0,"45":0,"46":0,"47":0,"48":0,"49":0,"50":0,"51":0,"52":0,"53":0,"54":0,"55":0,"56":0,"57":0},"f":{"0":0,"1":0,"2":0,"3":0,"4":0,"5":0,"6":0,"7":0},"b":{"0":[0,0],"1":[0,0],"2":[0,0],"3":[0,0],"4":[0,0],"5":[0,0],"6":[0,0,0],"7":[0,0],"8":[0,0],"9":[0,0],"10":[0,0]}}
,"/home/runner/work/CollegeOS/CollegeOS/backend/src/controllers/deadlineController.js": {"path":"/home/runner/work/CollegeOS/CollegeOS/backend/src/controllers/deadlineController.js","statementMap":{"0":{"start":{"line":1,"column":17},"end":{"line":1,"column":46}},"1":{"start":{"line":6,"column":4},"end":{"line":19,"column":5}},"2":{"start":{"line":7,"column":21},"end":{"line":7,"column":36}},"3":{"start":{"line":8,"column":28},"end":{"line":8,"column":37}},"4":{"start":{"line":10,"column":24},"end":{"line":10,"column":91}},"5":{"start":{"line":12,"column":6},"end":{"line":16,"column":9}},"6":{"start":{"line":18,"column":6},"end":{"line":18,"column":18}},"7":{"start":{"line":24,"column":4},"end":{"line":36,"column":5}},"8":{"start":{"line":25,"column":19},"end":{"line":25,"column":36}},"9":{"start":{"line":27,"column":23},"end":{"line":27,"column":44}},"10":{"start":{"line":29,"column":6},"end":{"line":33,"column":9}},"11":{"start":{"line":35,"column":6},"end":{"line":35,"column":18}},"12":{"start":{"line":41,"column":4},"end":{"line":54,"column":5}},"13":{"start":{"line":42,"column":21},"end":{"line":42,"column":31}},"14":{"start":{"line":43,"column":19},"end":{"line":43,"column":27}},"15":{"start":{"line":45,"column":23},"end":{"line":45,"column":58}},"16":{"start":{"line":47,"column":6},"end":{"line":51,"column":9}},"17":{"start":{"line":53,"column":6},"end":{"line":53,"column":18}},"18":{"start":{"line":59,"column":4},"end":{"line":70,"column":5}},"19":{"start":{"line":60,"column":21},"end":{"line":60,"column":31}},"20":{"start":{"line":62,"column":6},"end":{"line":62,"column":36}},"21":{"start":{"line":64,"column":6},"end":{"line":67,"column":9}},"22":{"start":{"line":69,"column":6},"end":{"line":69,"column":18}},"23":{"start":{"line":74,"column":0},"end":{"line":74,"column":36}}},"fnMap":{"0":{"name":"(anonymous_0)","decl":{"start":{"line":5,"column":2},"end":{"line":5,"column":3}},"loc":{"start":{"line":5,"column":44},"end":{"line":20,"column":3}},"line":5},"1":{"name":"(anonymous_1)","decl":{"start":{"line":23,"column":2},"end":{"line":23,"column":3}},"loc":{"start":{"line":23,"column":46},"end":{"line":37,"column":3}},"line":23},"2":{"name":"(anonymous_2)","decl":{"start":{"line":40,"column":2},"end":{"line":40,"column":3}},"loc":{"start":{"line":40,"column":46},"end":{"line":55,"column":3}},"line":40},"3":{"name":"(anonymous_3)","decl":{"start":{"line":58,"column":2},"end":{"line":58,"column":3}},"loc":{"start":{"line":58,"column":46},"end":{"line":71,"column":3}},"line":58}},"branchMap":{"0":{"loc":{"start":{"line":10,"column":54},"end":{"line":10,"column":90}},"type":"cond-expr","locations":[{"start":{"line":10,"column":66},"end":{"line":10,"column":85}},{"start":{"line":10,"column":88},"end":{"line":10,"column":90}}],"line":10}},"s":{"0":0,"1":0,"2":0,"3":0,"4":0,"5":0,"6":0,"7":0,"8":0,"9":0,"10":0,"11":0,"12":0,"13":0,"14":0,"15":0,"16":0,"17":0,"18":0,"19":0,"20":0,"21":0,"22":0,"23":0},"f":{"0":0,"1":0,"2":0,"3":0},"b":{"0":[0,0]}}
,"/home/runner/work/CollegeOS/CollegeOS/backend/src/controllers/essayController.js": {"path":"/home/runner/work/CollegeOS/CollegeOS/backend/src/controllers/essayController.js","statementMap":{"0":{"start":{"line":1,"column":18},"end":{"line":1,"column":44}},"1":{"start":{"line":6,"column":8},"end":{"line":18,"column":9}},"2":{"start":{"line":7,"column":25},"end":{"line":7,"column":40}},"3":{"start":{"line":9,"column":25},"end":{"line":9,"column":49}},"4":{"start":{"line":11,"column":10},"end":{"line":15,"column":13}},"5":{"start":{"line":17,"column":10},"end":{"line":17,"column":22}},"6":{"start":{"line":23,"column":8},"end":{"line":35,"column":9}},"7":{"start":{"line":24,"column":23},"end":{"line":24,"column":40}},"8":{"start":{"line":26,"column":24},"end":{"line":26,"column":42}},"9":{"start":{"line":28,"column":10},"end":{"line":32,"column":13}},"10":{"start":{"line":34,"column":10},"end":{"line":34,"column":22}},"11":{"start":{"line":40,"column":8},"end":{"line":53,"column":9}},"12":{"start":{"line":41,"column":25},"end":{"line":41,"column":35}},"13":{"start":{"line":42,"column":23},"end":{"line":42,"column":40}},"14":{"start":{"line":44,"column":24},"end":{"line":44,"column":56}},"15":{"start":{"line":46,"column":10},"end":{"line":50,"column":13}},"16":{"start":{"line":52,"column":10},"end":{"line":52,"column":22}},"17":{"start":{"line":58,"column":8},"end":{"line":69,"column":9}},"18":{"start":{"line":59,"column":25},"end":{"line":59,"column":35}},"19":{"start":{"line":61,"column":10},"end":{"line":61,"column":37}},"20":{"start":{"line":63,"column":10},"end":{"line":66,"column":13}},"21":{"start":{"line":68,"column":10},"end":{"line":68,"column":22}},"22":{"start":{"line":73,"column":4},"end":{"line":73,"column":37}}},"fnMap":{"0":{"name":"(anonymous_0)","decl":{"start":{"line":5,"column":6},"end":{"line":5,"column":7}},"loc":{"start":{"line":5,"column":45},"end":{"line":19,"column":7}},"line":5},"1":{"name":"(anonymous_1)","decl":{"start":{"line":22,"column":6},"end":{"line":22,"column":7}},"loc":{"start":{"line":22,"column":47},"end":{"line":36,"column":7}},"line":22},"2":{"name":"(anonymous_2)","decl":{"start":{"line":39,"column":6},"end":{"line":39,"column":7}},"loc":{"start":{"line":39,"column":47},"end":{"line":54,"column":7}},"line":39},"3":{"name":"(anonymous_3)","decl":{"start":{"line":57,"column":6},"end":{"line":57,"column":7}},"loc":{"start":{"line":57,"column":47},"end":{"line":70,"column":7}},"line":57}},"branchMap":{},"s":{"0":0,"1":0,"2":0,"3":0,"4":0,"5":0,"6":0,"7":0,"8":0,"9":0,"10":0,"11":0,"12":0,"13":0,"14":0,"15":0,"16":0,"17":0,"18":0,"19":0,"20":0,"21":0,"22":0},"f":{"0":0,"1":0,"2":0,"3":0},"b":{}}
,"/home/runner/work/CollegeOS/CollegeOS/backend/src/controllers/researchController.js": {"path":"/home/runner/work/CollegeOS/CollegeOS/backend/src/controllers/researchController.js","statementMap":{"0":{"start":{"line":1,"column":24},"end":{"line":1,"column":62}},"1":{"start":{"line":2,"column":15},"end":{"line":2,"column":41}},"2":{"start":{"line":7,"column":4},"end":{"line":30,"column":5}},"3":{"start":{"line":8,"column":56},"end":{"line":8,"column":64}},"4":{"start":{"line":10,"column":6},"end":{"line":15,"column":7}},"5":{"start":{"line":11,"column":8},"end":{"line":14,"column":11}},"6":{"start":{"line":17,"column":21},"end":{"line":21,"column":7}},"7":{"start":{"line":23,"column":6},"end":{"line":26,"column":9}},"8":{"start":{"line":28,"column":6},"end":{"line":28,"column":54}},"9":{"start":{"line":29,"column":6},"end":{"line":29,"column":18}},"10":{"start":{"line":34,"column":0},"end":{"line":34,"column":36}}},"fnMap":{"0":{"name":"(anonymous_0)","decl":{"start":{"line":6,"column":2},"end":{"line":6,"column":3}},"loc":{"start":{"line":6,"column":47},"end":{"line":31,"column":3}},"line":6}},"branchMap":{"0":{"loc":{"start":{"line":10,"column":6},"end":{"line":15,"column":7}},"type":"if","locations":[{"start":{"line":10,"column":6},"end":{"line":15,"column":7}},{"start":{},"end":{}}],"line":10},"1":{"loc":{"start":{"line":10,"column":10},"end":{"line":10,"column":37}},"type":"binary-expr","locations":[{"start":{"line":10,"column":10},"end":{"line":10,"column":20}},{"start":{"line":10,"column":24},"end":{"line":10,"column":37}}],"line":10}},"s":{"0":0,"1":0,"2":0,"3":0,"4":0,"5":0,"6":0,"7":0,"8":0,"9":0,"10":0},"f":{"0":0},"b":{"0":[0,0],"1":[0,0]}}
,"/home/runner/work/CollegeOS/CollegeOS/backend/src/data/knowledgeBase.js": {"path":"/home/runner/work/CollegeOS/CollegeOS/backend/src/data/knowledgeBase.js","statementMap":{"0":{"start":{"line":4,"column":22},"end":{"line":80,"column":1}},"1":{"start":{"line":82,"column":0},"end":{"line":82,"column":31}}},"fnMap":{},"branchMap":{},"s":{"0":0,"1":0},"f":{},"b":{}}
,"/home/runner/work/CollegeOS/CollegeOS/backend/src/jobs/dataRefresh.js": {"path":"/home/runner/work/CollegeOS/CollegeOS/backend/src/jobs/dataRefresh.js","statementMap":{"0":{"start":{"line":4,"column":13},"end":{"line":4,"column":33}},"1":{"start":{"line":5,"column":18},"end":{"line":5,"column":47}},"2":{"start":{"line":6,"column":23},"end":{"line":6,"column":60}},"3":{"start":{"line":7,"column":15},"end":{"line":7,"column":41}},"4":{"start":{"line":11,"column":4},"end":{"line":11,"column":19}},"5":{"start":{"line":20,"column":4},"end":{"line":25,"column":6}},"6":{"start":{"line":22,"column":8},"end":{"line":22,"column":60}},"7":{"start":{"line":23,"column":8},"end":{"line":23,"column":38}},"8":{"start":{"line":29,"column":4},"end":{"line":34,"column":6}},"9":{"start":{"line":31,"column":8},"end":{"line":31,"column":66}},"10":{"start":{"line":32,"column":8},"end":{"line":32,"column":40}},"11":{"start":{"line":36,"column":4},"end":{"line":36,"column":47}},"12":{"start":{"line":43,"column":4},"end":{"line":43,"column":41}},"13":{"start":{"line":43,"column":29},"end":{"line":43,"column":39}},"14":{"start":{"line":44,"column":4},"end":{"line":44,"column":45}},"15":{"start":{"line":51,"column":4},"end":{"line":84,"column":5}},"16":{"start":{"line":52,"column":17},"end":{"line":52,"column":40}},"17":{"start":{"line":54,"column":19},"end":{"line":61,"column":8}},"18":{"start":{"line":63,"column":23},"end":{"line":63,"column":33}},"19":{"start":{"line":65,"column":6},"end":{"line":65,"column":74}},"20":{"start":{"line":67,"column":6},"end":{"line":78,"column":7}},"21":{"start":{"line":68,"column":8},"end":{"line":77,"column":9}},"22":{"start":{"line":69,"column":10},"end":{"line":71,"column":13}},"23":{"start":{"line":73,"column":10},"end":{"line":73,"column":66}},"24":{"start":{"line":73,"column":39},"end":{"line":73,"column":64}},"25":{"start":{"line":76,"column":10},"end":{"line":76,"column":76}},"26":{"start":{"line":80,"column":6},"end":{"line":80,"column":48}},"27":{"start":{"line":83,"column":6},"end":{"line":83,"column":54}},"28":{"start":{"line":91,"column":4},"end":{"line":133,"column":5}},"29":{"start":{"line":92,"column":17},"end":{"line":92,"column":40}},"30":{"start":{"line":94,"column":19},"end":{"line":101,"column":8}},"31":{"start":{"line":103,"column":23},"end":{"line":103,"column":33}},"32":{"start":{"line":105,"column":6},"end":{"line":105,"column":69}},"33":{"start":{"line":107,"column":6},"end":{"line":127,"column":7}},"34":{"start":{"line":108,"column":8},"end":{"line":126,"column":9}},"35":{"start":{"line":109,"column":26},"end":{"line":109,"column":28}},"36":{"start":{"line":110,"column":10},"end":{"line":110,"column":82}},"37":{"start":{"line":110,"column":38},"end":{"line":110,"column":82}},"38":{"start":{"line":111,"column":10},"end":{"line":111,"column":76}},"39":{"start":{"line":111,"column":36},"end":{"line":111,"column":76}},"40":{"start":{"line":113,"column":10},"end":{"line":113,"column":73}},"41":{"start":{"line":115,"column":29},"end":{"line":119,"column":12}},"42":{"start":{"line":120,"column":10},"end":{"line":120,"column":37}},"43":{"start":{"line":122,"column":10},"end":{"line":122,"column":66}},"44":{"start":{"line":122,"column":39},"end":{"line":122,"column":64}},"45":{"start":{"line":125,"column":10},"end":{"line":125,"column":76}},"46":{"start":{"line":129,"column":6},"end":{"line":129,"column":52}},"47":{"start":{"line":132,"column":6},"end":{"line":132,"column":58}},"48":{"start":{"line":137,"column":23},"end":{"line":137,"column":43}},"49":{"start":{"line":139,"column":0},"end":{"line":139,"column":32}}},"fnMap":{"0":{"name":"(anonymous_0)","decl":{"start":{"line":10,"column":2},"end":{"line":10,"column":3}},"loc":{"start":{"line":10,"column":16},"end":{"line":12,"column":3}},"line":10},"1":{"name":"(anonymous_1)","decl":{"start":{"line":17,"column":2},"end":{"line":17,"column":3}},"loc":{"start":{"line":17,"column":10},"end":{"line":37,"column":3}},"line":17},"2":{"name":"(anonymous_2)","decl":{"start":{"line":21,"column":33},"end":{"line":21,"column":34}},"loc":{"start":{"line":21,"column":45},"end":{"line":24,"column":7}},"line":21},"3":{"name":"(anonymous_3)","decl":{"start":{"line":30,"column":35},"end":{"line":30,"column":36}},"loc":{"start":{"line":30,"column":47},"end":{"line":33,"column":7}},"line":30},"4":{"name":"(anonymous_4)","decl":{"start":{"line":42,"column":2},"end":{"line":42,"column":3}},"loc":{"start":{"line":42,"column":9},"end":{"line":45,"column":3}},"line":42},"5":{"name":"(anonymous_5)","decl":{"start":{"line":43,"column":22},"end":{"line":43,"column":23}},"loc":{"start":{"line":43,"column":29},"end":{"line":43,"column":39}},"line":43},"6":{"name":"(anonymous_6)","decl":{"start":{"line":50,"column":2},"end":{"line":50,"column":3}},"loc":{"start":{"line":50,"column":27},"end":{"line":85,"column":3}},"line":50},"7":{"name":"(anonymous_7)","decl":{"start":{"line":73,"column":28},"end":{"line":73,"column":29}},"loc":{"start":{"line":73,"column":39},"end":{"line":73,"column":64}},"line":73},"8":{"name":"(anonymous_8)","decl":{"start":{"line":90,"column":2},"end":{"line":90,"column":3}},"loc":{"start":{"line":90,"column":29},"end":{"line":134,"column":3}},"line":90},"9":{"name":"(anonymous_9)","decl":{"start":{"line":122,"column":28},"end":{"line":122,"column":29}},"loc":{"start":{"line":122,"column":39},"end":{"line":122,"column":64}},"line":122}},"branchMap":{"0":{"loc":{"start":{"line":110,"column":10},"end":{"line":110,"column":82}},"type":"if","locations":[{"start":{"line":110,"column":10},"end":{"line":110,"column":82}},{"start":{},"end":{}}],"line":110},"1":{"loc":{"start":{"line":111,"column":10},"end":{"line":111,"column":76}},"type":"if","locations":[{"start":{"line":111,"column":10},"end":{"line":111,"column":76}},{"start":{},"end":{}}],"line":111}},"s":{"0":0,"1":0,"2":0,"3":0,"4":0,"5":0,"6":0,"7":0,"8":0,"9":0,"10":0,"11":0,"12":0,"13":0,"14":0,"15":0,"16":0,"17":0,"18":0,"19":0,"20":0,"21":0,"22":0,"23":0,"24":0,"25":0,"26":0,"27":0,"28":0,"29":0,"30":0,"31":0,"32":0,"33":0,"34":0,"35":0,"36":0,"37":0,"38":0,"39":0,"40":0,"41":0,"42":0,"43":0,"44":0,"45":0,"46":0,"47":0,"48":0,"49":0},"f":{"0":0,"1":0,"2":0,"3":0,"4":0,"5":0,"6":0,"7":0,"8":0,"9":0},"b":{"0":[0,0],"1":[0,0]}}
,"/home/runner/work/CollegeOS/CollegeOS/backend/src/middleware/auth.js": {"path":"/home/runner/work/CollegeOS/CollegeOS/backend/src/middleware/auth.js","statementMap":{"0":{"start":{"line":1,"column":20},"end":{"line":1,"column":54}},"1":{"start":{"line":2,"column":15},"end":{"line":2,"column":41}},"2":{"start":{"line":4,"column":21},"end":{"line":27,"column":1}},"3":{"start":{"line":5,"column":2},"end":{"line":26,"column":3}},"4":{"start":{"line":6,"column":23},"end":{"line":6,"column":48}},"5":{"start":{"line":8,"column":4},"end":{"line":13,"column":5}},"6":{"start":{"line":9,"column":6},"end":{"line":12,"column":9}},"7":{"start":{"line":15,"column":18},"end":{"line":15,"column":41}},"8":{"start":{"line":16,"column":20},"end":{"line":16,"column":50}},"9":{"start":{"line":18,"column":4},"end":{"line":18,"column":23}},"10":{"start":{"line":19,"column":4},"end":{"line":19,"column":11}},"11":{"start":{"line":21,"column":4},"end":{"line":21,"column":50}},"12":{"start":{"line":22,"column":4},"end":{"line":25,"column":7}},"13":{"start":{"line":29,"column":0},"end":{"line":29,"column":34}}},"fnMap":{"0":{"name":"(anonymous_0)","decl":{"start":{"line":4,"column":21},"end":{"line":4,"column":22}},"loc":{"start":{"line":4,"column":41},"end":{"line":27,"column":1}},"line":4}},"branchMap":{"0":{"loc":{"start":{"line":8,"column":4},"end":{"line":13,"column":5}},"type":"if","locations":[{"start":{"line":8,"column":4},"end":{"line":13,"column":5}},{"start":{},"end":{}}],"line":8},"1":{"loc":{"start":{"line":8,"column":8},"end":{"line":8,"column":56}},"type":"binary-expr","locations":[{"start":{"line":8,"column":8},"end":{"line":8,"column":19}},{"start":{"line":8,"column":23},"end":{"line":8,"column":56}}],"line":8}},"s":{"0":0,"1":0,"2":0,"3":0,"4":0,"5":0,"6":0,"7":0,"8":0,"9":0,"10":0,"11":0,"12":0,"13":0},"f":{"0":0},"b":{"0":[0,0],"1":[0,0]}}
,"/home/runner/work/CollegeOS/CollegeOS/backend/src/middleware/errorHandler.js": {"path":"/home/runner/work/CollegeOS/CollegeOS/backend/src/middleware/errorHandler.js","statementMap":{"0":{"start":{"line":1,"column":15},"end":{"line":1,"column":41}},"1":{"start":{"line":3,"column":21},"end":{"line":24,"column":1}},"2":{"start":{"line":4,"column":2},"end":{"line":4,"column":40}},"3":{"start":{"line":7,"column":15},"end":{"line":7,"column":18}},"4":{"start":{"line":8,"column":16},"end":{"line":8,"column":39}},"5":{"start":{"line":11,"column":2},"end":{"line":17,"column":3}},"6":{"start":{"line":12,"column":4},"end":{"line":12,"column":17}},"7":{"start":{"line":13,"column":4},"end":{"line":13,"column":26}},"8":{"start":{"line":14,"column":9},"end":{"line":17,"column":3}},"9":{"start":{"line":15,"column":4},"end":{"line":15,"column":17}},"10":{"start":{"line":16,"column":4},"end":{"line":16,"column":26}},"11":{"start":{"line":19,"column":2},"end":{"line":23,"column":5}},"12":{"start":{"line":26,"column":0},"end":{"line":26,"column":30}}},"fnMap":{"0":{"name":"(anonymous_0)","decl":{"start":{"line":3,"column":21},"end":{"line":3,"column":22}},"loc":{"start":{"line":3,"column":46},"end":{"line":24,"column":1}},"line":3}},"branchMap":{"0":{"loc":{"start":{"line":11,"column":2},"end":{"line":17,"column":3}},"type":"if","locations":[{"start":{"line":11,"column":2},"end":{"line":17,"column":3}},{"start":{"line":14,"column":9},"end":{"line":17,"column":3}}],"line":11},"1":{"loc":{"start":{"line":11,"column":6},"end":{"line":11,"column":77}},"type":"binary-expr","locations":[{"start":{"line":11,"column":6},"end":{"line":11,"column":38}},{"start":{"line":11,"column":42},"end":{"line":11,"column":77}}],"line":11},"2":{"loc":{"start":{"line":14,"column":9},"end":{"line":17,"column":3}},"type":"if","locations":[{"start":{"line":14,"column":9},"end":{"line":17,"column":3}},{"start":{},"end":{}}],"line":14},"3":{"loc":{"start":{"line":14,"column":13},"end":{"line":14,"column":86}},"type":"binary-expr","locations":[{"start":{"line":14,"column":13},"end":{"line":14,"column":51}},{"start":{"line":14,"column":55},"end":{"line":14,"column":86}}],"line":14},"4":{"loc":{"start":{"line":22,"column":8},"end":{"line":22,"column":70}},"type":"binary-expr","locations":[{"start":{"line":22,"column":8},"end":{"line":22,"column":46}},{"start":{"line":22,"column":50},"end":{"line":22,"column":70}}],"line":22}},"s":{"0":0,"1":0,"2":0,"3":0,"4":0,"5":0,"6":0,"7":0,"8":0,"9":0,"10":0,"11":0,"12":0},"f":{"0":0},"b":{"0":[0,0],"1":[0,0],"2":[0,0],"3":[0,0],"4":[0,0]}}
,"/home/runner/work/CollegeOS/CollegeOS/backend/src/middleware/rateLimiter.js": {"path":"/home/runner/work/CollegeOS/CollegeOS/backend/src/middleware/rateLimiter.js","statementMap":{"0":{"start":{"line":1,"column":18},"end":{"line":1,"column":47}},"1":{"start":{"line":2,"column":15},"end":{"line":2,"column":39}},"2":{"start":{"line":4,"column":19},"end":{"line":13,"column":2}},"3":{"start":{"line":15,"column":20},"end":{"line":22,"column":2}},"4":{"start":{"line":24,"column":0},"end":{"line":24,"column":45}}},"fnMap":{},"branchMap":{},"s":{"0":0,"1":0,"2":0,"3":0,"4":0},"f":{},"b":{}}
,"/home/runner/work/CollegeOS/CollegeOS/backend/src/middleware/validation.js": {"path":"/home/runner/work/CollegeOS/CollegeOS/backend/src/middleware/validation.js","statementMap":{"0":{"start":{"line":1,"column":15},"end":{"line":1,"column":41}},"1":{"start":{"line":3,"column":17},"end":{"line":28,"column":1}},"2":{"start":{"line":4,"column":2},"end":{"line":27,"column":4}},"3":{"start":{"line":5,"column":29},"end":{"line":8,"column":6}},"4":{"start":{"line":10,"column":4},"end":{"line":23,"column":5}},"5":{"start":{"line":11,"column":21},"end":{"line":14,"column":9}},"6":{"start":{"line":11,"column":50},"end":{"line":14,"column":7}},"7":{"start":{"line":16,"column":6},"end":{"line":16,"column":48}},"8":{"start":{"line":18,"column":6},"end":{"line":22,"column":9}},"9":{"start":{"line":25,"column":4},"end":{"line":25,"column":30}},"10":{"start":{"line":26,"column":4},"end":{"line":26,"column":11}},"11":{"start":{"line":30,"column":0},"end":{"line":30,"column":30}}},"fnMap":{"0":{"name":"(anonymous_0)","decl":{"start":{"line":3,"column":17},"end":{"line":3,"column":18}},"loc":{"start":{"line":3,"column":29},"end":{"line":28,"column":1}},"line":3},"1":{"name":"(anonymous_1)","decl":{"start":{"line":4,"column":9},"end":{"line":4,"column":10}},"loc":{"start":{"line":4,"column":29},"end":{"line":27,"column":3}},"line":4},"2":{"name":"(anonymous_2)","decl":{"start":{"line":11,"column":39},"end":{"line":11,"column":40}},"loc":{"start":{"line":11,"column":50},"end":{"line":14,"column":7}},"line":11}},"branchMap":{"0":{"loc":{"start":{"line":10,"column":4},"end":{"line":23,"column":5}},"type":"if","locations":[{"start":{"line":10,"column":4},"end":{"line":23,"column":5}},{"start":{},"end":{}}],"line":10}},"s":{"0":0,"1":0,"2":0,"3":0,"4":0,"5":0,"6":0,"7":0,"8":0,"9":0,"10":0,"11":0},"f":{"0":0,"1":0,"2":0},"b":{"0":[0,0]}}
,"/home/runner/work/CollegeOS/CollegeOS/backend/src/models/Application.js": {"path":"/home/runner/work/CollegeOS/CollegeOS/backend/src/models/Application.js","statementMap":{"0":{"start":{"line":1,"column":18},"end":{"line":1,"column":47}},"1":{"start":{"line":5,"column":15},"end":{"line":5,"column":38}},"2":{"start":{"line":8,"column":24},"end":{"line":8,"column":92}},"3":{"start":{"line":9,"column":4},"end":{"line":14,"column":5}},"4":{"start":{"line":10,"column":20},"end":{"line":10,"column":67}},"5":{"start":{"line":11,"column":6},"end":{"line":11,"column":29}},"6":{"start":{"line":12,"column":6},"end":{"line":12,"column":43}},"7":{"start":{"line":13,"column":6},"end":{"line":13,"column":18}},"8":{"start":{"line":16,"column":17},"end":{"line":20,"column":6}},"9":{"start":{"line":22,"column":19},"end":{"line":29,"column":5}},"10":{"start":{"line":31,"column":4},"end":{"line":31,"column":49}},"11":{"start":{"line":35,"column":15},"end":{"line":35,"column":38}},"12":{"start":{"line":36,"column":17},"end":{"line":41,"column":6}},"13":{"start":{"line":42,"column":4},"end":{"line":42,"column":39}},"14":{"start":{"line":46,"column":15},"end":{"line":46,"column":38}},"15":{"start":{"line":47,"column":17},"end":{"line":52,"column":6}},"16":{"start":{"line":53,"column":4},"end":{"line":53,"column":24}},"17":{"start":{"line":57,"column":15},"end":{"line":57,"column":38}},"18":{"start":{"line":58,"column":16},"end":{"line":63,"column":5}},"19":{"start":{"line":64,"column":19},"end":{"line":64,"column":27}},"20":{"start":{"line":66,"column":4},"end":{"line":69,"column":5}},"21":{"start":{"line":67,"column":6},"end":{"line":67,"column":35}},"22":{"start":{"line":68,"column":6},"end":{"line":68,"column":34}},"23":{"start":{"line":71,"column":4},"end":{"line":74,"column":5}},"24":{"start":{"line":72,"column":6},"end":{"line":72,"column":37}},"25":{"start":{"line":73,"column":6},"end":{"line":73,"column":36}},"26":{"start":{"line":76,"column":4},"end":{"line":76,"column":43}},"27":{"start":{"line":78,"column":17},"end":{"line":78,"column":34}},"28":{"start":{"line":79,"column":4},"end":{"line":79,"column":31}},"29":{"start":{"line":83,"column":15},"end":{"line":83,"column":38}},"30":{"start":{"line":84,"column":20},"end":{"line":84,"column":22}},"31":{"start":{"line":85,"column":19},"end":{"line":85,"column":21}},"32":{"start":{"line":87,"column":4},"end":{"line":90,"column":5}},"33":{"start":{"line":88,"column":6},"end":{"line":88,"column":33}},"34":{"start":{"line":89,"column":6},"end":{"line":89,"column":31}},"35":{"start":{"line":92,"column":4},"end":{"line":95,"column":5}},"36":{"start":{"line":93,"column":6},"end":{"line":93,"column":43}},"37":{"start":{"line":94,"column":6},"end":{"line":94,"column":40}},"38":{"start":{"line":97,"column":4},"end":{"line":100,"column":5}},"39":{"start":{"line":98,"column":6},"end":{"line":98,"column":35}},"40":{"start":{"line":99,"column":6},"end":{"line":99,"column":33}},"41":{"start":{"line":102,"column":4},"end":{"line":105,"column":5}},"42":{"start":{"line":103,"column":6},"end":{"line":103,"column":32}},"43":{"start":{"line":104,"column":6},"end":{"line":104,"column":30}},"44":{"start":{"line":107,"column":4},"end":{"line":110,"column":5}},"45":{"start":{"line":108,"column":6},"end":{"line":108,"column":39}},"46":{"start":{"line":109,"column":6},"end":{"line":109,"column":36}},"47":{"start":{"line":112,"column":4},"end":{"line":115,"column":5}},"48":{"start":{"line":113,"column":6},"end":{"line":113,"column":47}},"49":{"start":{"line":114,"column":6},"end":{"line":114,"column":43}},"50":{"start":{"line":117,"column":4},"end":{"line":117,"column":51}},"51":{"start":{"line":118,"column":4},"end":{"line":118,"column":20}},"52":{"start":{"line":120,"column":17},"end":{"line":122,"column":6}},"53":{"start":{"line":123,"column":4},"end":{"line":123,"column":24}},"54":{"start":{"line":125,"column":4},"end":{"line":125,"column":29}},"55":{"start":{"line":129,"column":15},"end":{"line":129,"column":38}},"56":{"start":{"line":130,"column":17},"end":{"line":130,"column":68}},"57":{"start":{"line":131,"column":4},"end":{"line":131,"column":24}},"58":{"start":{"line":135,"column":15},"end":{"line":135,"column":38}},"59":{"start":{"line":138,"column":24},"end":{"line":138,"column":52}},"60":{"start":{"line":141,"column":26},"end":{"line":143,"column":6}},"61":{"start":{"line":144,"column":22},"end":{"line":144,"column":54}},"62":{"start":{"line":147,"column":23},"end":{"line":149,"column":6}},"63":{"start":{"line":150,"column":19},"end":{"line":150,"column":48}},"64":{"start":{"line":152,"column":4},"end":{"line":157,"column":6}},"65":{"start":{"line":161,"column":23},"end":{"line":161,"column":25}},"66":{"start":{"line":164,"column":4},"end":{"line":168,"column":7}},"67":{"start":{"line":171,"column":4},"end":{"line":179,"column":7}},"68":{"start":{"line":172,"column":6},"end":{"line":178,"column":9}},"69":{"start":{"line":182,"column":4},"end":{"line":189,"column":7}},"70":{"start":{"line":183,"column":6},"end":{"line":188,"column":9}},"71":{"start":{"line":192,"column":4},"end":{"line":198,"column":5}},"72":{"start":{"line":193,"column":6},"end":{"line":197,"column":9}},"73":{"start":{"line":201,"column":4},"end":{"line":208,"column":5}},"74":{"start":{"line":202,"column":6},"end":{"line":207,"column":9}},"75":{"start":{"line":210,"column":4},"end":{"line":210,"column":74}},"76":{"start":{"line":210,"column":37},"end":{"line":210,"column":72}},"77":{"start":{"line":214,"column":0},"end":{"line":214,"column":29}}},"fnMap":{"0":{"name":"(anonymous_0)","decl":{"start":{"line":4,"column":2},"end":{"line":4,"column":3}},"loc":{"start":{"line":4,"column":30},"end":{"line":32,"column":3}},"line":4},"1":{"name":"(anonymous_1)","decl":{"start":{"line":34,"column":2},"end":{"line":34,"column":3}},"loc":{"start":{"line":34,"column":49},"end":{"line":43,"column":3}},"line":34},"2":{"name":"(anonymous_2)","decl":{"start":{"line":45,"column":2},"end":{"line":45,"column":3}},"loc":{"start":{"line":45,"column":22},"end":{"line":54,"column":3}},"line":45},"3":{"name":"(anonymous_3)","decl":{"start":{"line":56,"column":2},"end":{"line":56,"column":3}},"loc":{"start":{"line":56,"column":42},"end":{"line":80,"column":3}},"line":56},"4":{"name":"(anonymous_4)","decl":{"start":{"line":82,"column":2},"end":{"line":82,"column":3}},"loc":{"start":{"line":82,"column":26},"end":{"line":126,"column":3}},"line":82},"5":{"name":"(anonymous_5)","decl":{"start":{"line":128,"column":2},"end":{"line":128,"column":3}},"loc":{"start":{"line":128,"column":20},"end":{"line":132,"column":3}},"line":128},"6":{"name":"(anonymous_6)","decl":{"start":{"line":134,"column":2},"end":{"line":134,"column":3}},"loc":{"start":{"line":134,"column":36},"end":{"line":158,"column":3}},"line":134},"7":{"name":"(anonymous_7)","decl":{"start":{"line":160,"column":2},"end":{"line":160,"column":3}},"loc":{"start":{"line":160,"column":62},"end":{"line":211,"column":3}},"line":160},"8":{"name":"(anonymous_8)","decl":{"start":{"line":171,"column":19},"end":{"line":171,"column":20}},"loc":{"start":{"line":171,"column":28},"end":{"line":179,"column":5}},"line":171},"9":{"name":"(anonymous_9)","decl":{"start":{"line":182,"column":22},"end":{"line":182,"column":23}},"loc":{"start":{"line":182,"column":34},"end":{"line":189,"column":5}},"line":182},"10":{"name":"(anonymous_10)","decl":{"start":{"line":210,"column":27},"end":{"line":210,"column":28}},"loc":{"start":{"line":210,"column":37},"end":{"line":210,"column":72}},"line":210}},"branchMap":{"0":{"loc":{"start":{"line":8,"column":58},"end":{"line":8,"column":91}},"type":"binary-expr","locations":[{"start":{"line":8,"column":58},"end":{"line":8,"column":72}},{"start":{"line":8,"column":76},"end":{"line":8,"column":91}}],"line":8},"1":{"loc":{"start":{"line":9,"column":4},"end":{"line":14,"column":5}},"type":"if","locations":[{"start":{"line":9,"column":4},"end":{"line":14,"column":5}},{"start":{},"end":{}}],"line":9},"2":{"loc":{"start":{"line":24,"column":6},"end":{"line":24,"column":39}},"type":"binary-expr","locations":[{"start":{"line":24,"column":6},"end":{"line":24,"column":20}},{"start":{"line":24,"column":24},"end":{"line":24,"column":39}}],"line":24},"3":{"loc":{"start":{"line":25,"column":6},"end":{"line":25,"column":34}},"type":"binary-expr","locations":[{"start":{"line":25,"column":6},"end":{"line":25,"column":17}},{"start":{"line":25,"column":21},"end":{"line":25,"column":34}}],"line":25},"4":{"loc":{"start":{"line":26,"column":6},"end":{"line":26,"column":59}},"type":"binary-expr","locations":[{"start":{"line":26,"column":6},"end":{"line":26,"column":26}},{"start":{"line":26,"column":30},"end":{"line":26,"column":51}},{"start":{"line":26,"column":55},"end":{"line":26,"column":59}}],"line":26},"5":{"loc":{"start":{"line":27,"column":6},"end":{"line":27,"column":27}},"type":"binary-expr","locations":[{"start":{"line":27,"column":6},"end":{"line":27,"column":19}},{"start":{"line":27,"column":23},"end":{"line":27,"column":27}}],"line":27},"6":{"loc":{"start":{"line":28,"column":6},"end":{"line":28,"column":24}},"type":"binary-expr","locations":[{"start":{"line":28,"column":6},"end":{"line":28,"column":16}},{"start":{"line":28,"column":20},"end":{"line":28,"column":24}}],"line":28},"7":{"loc":{"start":{"line":56,"column":28},"end":{"line":56,"column":40}},"type":"default-arg","locations":[{"start":{"line":56,"column":38},"end":{"line":56,"column":40}}],"line":56},"8":{"loc":{"start":{"line":66,"column":4},"end":{"line":69,"column":5}},"type":"if","locations":[{"start":{"line":66,"column":4},"end":{"line":69,"column":5}},{"start":{},"end":{}}],"line":66},"9":{"loc":{"start":{"line":71,"column":4},"end":{"line":74,"column":5}},"type":"if","locations":[{"start":{"line":71,"column":4},"end":{"line":74,"column":5}},{"start":{},"end":{}}],"line":71},"10":{"loc":{"start":{"line":87,"column":4},"end":{"line":90,"column":5}},"type":"if","locations":[{"start":{"line":87,"column":4},"end":{"line":90,"column":5}},{"start":{},"end":{}}],"line":87},"11":{"loc":{"start":{"line":92,"column":4},"end":{"line":95,"column":5}},"type":"if","locations":[{"start":{"line":92,"column":4},"end":{"line":95,"column":5}},{"start":{},"end":{}}],"line":92},"12":{"loc":{"start":{"line":97,"column":4},"end":{"line":100,"column":5}},"type":"if","locations":[{"start":{"line":97,"column":4},"end":{"line":100,"column":5}},{"start":{},"end":{}}],"line":97},"13":{"loc":{"start":{"line":102,"column":4},"end":{"line":105,"column":5}},"type":"if","locations":[{"start":{"line":102,"column":4},"end":{"line":105,"column":5}},{"start":{},"end":{}}],"line":102},"14":{"loc":{"start":{"line":107,"column":4},"end":{"line":110,"column":5}},"type":"if","locations":[{"start":{"line":107,"column":4},"end":{"line":110,"column":5}},{"start":{},"end":{}}],"line":107},"15":{"loc":{"start":{"line":112,"column":4},"end":{"line":115,"column":5}},"type":"if","locations":[{"start":{"line":112,"column":4},"end":{"line":115,"column":5}},{"start":{},"end":{}}],"line":112},"16":{"loc":{"start":{"line":192,"column":4},"end":{"line":198,"column":5}},"type":"if","locations":[{"start":{"line":192,"column":4},"end":{"line":198,"column":5}},{"start":{},"end":{}}],"line":192},"17":{"loc":{"start":{"line":201,"column":4},"end":{"line":208,"column":5}},"type":"if","locations":[{"start":{"line":201,"column":4},"end":{"line":208,"column":5}},{"start":{},"end":{}}],"line":201}},"s":{"0":0,"1":0,"2":0,"3":0,"4":0,"5":0,"6":0,"7":0,"8":0,"9":0,"10":0,"11":0,"12":0,"13":0,"14":0,"15":0,"16":0,"17":0,"18":0,"19":0,"20":0,"21":0,"22":0,"23":0,"24":0,"25":0,"26":0,"27":0,"28":0,"29":0,"30":0,"31":0,"32":0,"33":0,"34":0,"35":0,"36":0,"37":0,"38":0,"39":0,"40":0,"41":0,"42":0,"43":0,"44":0,"45":0,"46":0,"47":0,"48":0,"49":0,"50":0,"51":0,"52":0,"53":0,"54":0,"55":0,"56":0,"57":0,"58":0,"59":0,"60":0,"61":0,"62":0,"63":0,"64":0,"65":0,"66":0,"67":0,"68":0,"69":0,"70":0,"71":0,"72":0,"73":0,"74":0,"75":0,"76":0,"77":0},"f":{"0":0,"1":0,"2":0,"3":0,"4":0,"5":0,"6":0,"7":0,"8":0,"9":0,"10":0},"b":{"0":[0,0],"1":[0,0],"2":[0,0],"3":[0,0],"4":[0,0,0],"5":[0,0],"6":[0,0],"7":[0],"8":[0,0],"9":[0,0],"10":[0,0],"11":[0,0],"12":[0,0],"13":[0,0],"14":[0,0],"15":[0,0],"16":[0,0],"17":[0,0]}}
,"/home/runner/work/CollegeOS/CollegeOS/backend/src/models/College.js": {"path":"/home/runner/work/CollegeOS/CollegeOS/backend/src/models/College.js","statementMap":{"0":{"start":{"line":1,"column":18},"end":{"line":1,"column":47}},"1":{"start":{"line":5,"column":15},"end":{"line":5,"column":38}},"2":{"start":{"line":6,"column":17},"end":{"line":15,"column":6}},"3":{"start":{"line":17,"column":19},"end":{"line":47,"column":5}},"4":{"start":{"line":49,"column":4},"end":{"line":49,"column":49}},"5":{"start":{"line":53,"column":15},"end":{"line":53,"column":38}},"6":{"start":{"line":54,"column":17},"end":{"line":54,"column":66}},"7":{"start":{"line":55,"column":20},"end":{"line":55,"column":32}},"8":{"start":{"line":57,"column":4},"end":{"line":71,"column":5}},"9":{"start":{"line":59,"column":6},"end":{"line":59,"column":62}},"10":{"start":{"line":60,"column":6},"end":{"line":60,"column":81}},"11":{"start":{"line":61,"column":6},"end":{"line":61,"column":77}},"12":{"start":{"line":62,"column":6},"end":{"line":62,"column":70}},"13":{"start":{"line":63,"column":6},"end":{"line":63,"column":81}},"14":{"start":{"line":64,"column":6},"end":{"line":64,"column":71}},"15":{"start":{"line":65,"column":6},"end":{"line":65,"column":79}},"16":{"start":{"line":66,"column":6},"end":{"line":66,"column":81}},"17":{"start":{"line":67,"column":6},"end":{"line":67,"column":75}},"18":{"start":{"line":68,"column":6},"end":{"line":70,"column":7}},"19":{"start":{"line":69,"column":8},"end":{"line":69,"column":82}},"20":{"start":{"line":73,"column":4},"end":{"line":73,"column":19}},"21":{"start":{"line":77,"column":15},"end":{"line":77,"column":38}},"22":{"start":{"line":78,"column":16},"end":{"line":78,"column":50}},"23":{"start":{"line":79,"column":19},"end":{"line":79,"column":21}},"24":{"start":{"line":81,"column":4},"end":{"line":84,"column":5}},"25":{"start":{"line":82,"column":6},"end":{"line":82,"column":34}},"26":{"start":{"line":83,"column":6},"end":{"line":83,"column":35}},"27":{"start":{"line":86,"column":4},"end":{"line":89,"column":5}},"28":{"start":{"line":87,"column":6},"end":{"line":87,"column":31}},"29":{"start":{"line":88,"column":6},"end":{"line":88,"column":32}},"30":{"start":{"line":91,"column":4},"end":{"line":94,"column":5}},"31":{"start":{"line":92,"column":6},"end":{"line":92,"column":34}},"32":{"start":{"line":93,"column":6},"end":{"line":93,"column":41}},"33":{"start":{"line":96,"column":4},"end":{"line":99,"column":5}},"34":{"start":{"line":97,"column":6},"end":{"line":97,"column":45}},"35":{"start":{"line":98,"column":6},"end":{"line":98,"column":45}},"36":{"start":{"line":101,"column":4},"end":{"line":101,"column":34}},"37":{"start":{"line":103,"column":4},"end":{"line":106,"column":5}},"38":{"start":{"line":104,"column":6},"end":{"line":104,"column":26}},"39":{"start":{"line":105,"column":6},"end":{"line":105,"column":33}},"40":{"start":{"line":108,"column":17},"end":{"line":108,"column":34}},"41":{"start":{"line":109,"column":21},"end":{"line":109,"column":40}},"42":{"start":{"line":111,"column":4},"end":{"line":119,"column":8}},"43":{"start":{"line":111,"column":36},"end":{"line":119,"column":5}},"44":{"start":{"line":123,"column":15},"end":{"line":123,"column":38}},"45":{"start":{"line":124,"column":26},"end":{"line":124,"column":43}},"46":{"start":{"line":127,"column":16},"end":{"line":138,"column":5}},"47":{"start":{"line":139,"column":19},"end":{"line":147,"column":5}},"48":{"start":{"line":149,"column":4},"end":{"line":152,"column":5}},"49":{"start":{"line":150,"column":6},"end":{"line":150,"column":34}},"50":{"start":{"line":151,"column":6},"end":{"line":151,"column":35}},"51":{"start":{"line":154,"column":4},"end":{"line":157,"column":5}},"52":{"start":{"line":155,"column":6},"end":{"line":155,"column":31}},"53":{"start":{"line":156,"column":6},"end":{"line":156,"column":32}},"54":{"start":{"line":159,"column":4},"end":{"line":162,"column":5}},"55":{"start":{"line":160,"column":6},"end":{"line":160,"column":45}},"56":{"start":{"line":161,"column":6},"end":{"line":161,"column":45}},"57":{"start":{"line":164,"column":4},"end":{"line":167,"column":5}},"58":{"start":{"line":165,"column":6},"end":{"line":165,"column":40}},"59":{"start":{"line":166,"column":6},"end":{"line":166,"column":38}},"60":{"start":{"line":170,"column":4},"end":{"line":173,"column":5}},"61":{"start":{"line":171,"column":6},"end":{"line":171,"column":67}},"62":{"start":{"line":172,"column":6},"end":{"line":172,"column":70}},"63":{"start":{"line":175,"column":4},"end":{"line":175,"column":55}},"64":{"start":{"line":177,"column":4},"end":{"line":180,"column":5}},"65":{"start":{"line":178,"column":6},"end":{"line":178,"column":26}},"66":{"start":{"line":179,"column":6},"end":{"line":179,"column":33}},"67":{"start":{"line":182,"column":17},"end":{"line":182,"column":34}},"68":{"start":{"line":183,"column":21},"end":{"line":183,"column":40}},"69":{"start":{"line":185,"column":4},"end":{"line":193,"column":8}},"70":{"start":{"line":185,"column":36},"end":{"line":193,"column":5}},"71":{"start":{"line":197,"column":0},"end":{"line":197,"column":25}}},"fnMap":{"0":{"name":"(anonymous_0)","decl":{"start":{"line":4,"column":2},"end":{"line":4,"column":3}},"loc":{"start":{"line":4,"column":22},"end":{"line":50,"column":3}},"line":4},"1":{"name":"(anonymous_1)","decl":{"start":{"line":52,"column":2},"end":{"line":52,"column":3}},"loc":{"start":{"line":52,"column":22},"end":{"line":74,"column":3}},"line":52},"2":{"name":"(anonymous_2)","decl":{"start":{"line":76,"column":2},"end":{"line":76,"column":3}},"loc":{"start":{"line":76,"column":31},"end":{"line":120,"column":3}},"line":76},"3":{"name":"(anonymous_3)","decl":{"start":{"line":111,"column":24},"end":{"line":111,"column":25}},"loc":{"start":{"line":111,"column":36},"end":{"line":119,"column":5}},"line":111},"4":{"name":"(anonymous_4)","decl":{"start":{"line":122,"column":2},"end":{"line":122,"column":3}},"loc":{"start":{"line":122,"column":42},"end":{"line":194,"column":3}},"line":122},"5":{"name":"(anonymous_5)","decl":{"start":{"line":185,"column":24},"end":{"line":185,"column":25}},"loc":{"start":{"line":185,"column":36},"end":{"line":193,"column":5}},"line":185}},"branchMap":{"0":{"loc":{"start":{"line":20,"column":6},"end":{"line":20,"column":27}},"type":"binary-expr","locations":[{"start":{"line":20,"column":6},"end":{"line":20,"column":19}},{"start":{"line":20,"column":23},"end":{"line":20,"column":27}}],"line":20},"1":{"loc":{"start":{"line":21,"column":6},"end":{"line":21,"column":23}},"type":"binary-expr","locations":[{"start":{"line":21,"column":6},"end":{"line":21,"column":15}},{"start":{"line":21,"column":19},"end":{"line":21,"column":23}}],"line":21},"2":{"loc":{"start":{"line":22,"column":6},"end":{"line":22,"column":51}},"type":"binary-expr","locations":[{"start":{"line":22,"column":6},"end":{"line":22,"column":26}},{"start":{"line":22,"column":30},"end":{"line":22,"column":51}}],"line":22},"3":{"loc":{"start":{"line":23,"column":6},"end":{"line":23,"column":55}},"type":"binary-expr","locations":[{"start":{"line":23,"column":6},"end":{"line":23,"column":24}},{"start":{"line":23,"column":28},"end":{"line":23,"column":47}},{"start":{"line":23,"column":51},"end":{"line":23,"column":55}}],"line":23},"4":{"loc":{"start":{"line":24,"column":6},"end":{"line":24,"column":51}},"type":"binary-expr","locations":[{"start":{"line":24,"column":6},"end":{"line":24,"column":22}},{"start":{"line":24,"column":26},"end":{"line":24,"column":43}},{"start":{"line":24,"column":47},"end":{"line":24,"column":51}}],"line":24},"5":{"loc":{"start":{"line":25,"column":6},"end":{"line":25,"column":70}},"type":"binary-expr","locations":[{"start":{"line":25,"column":6},"end":{"line":25,"column":31}},{"start":{"line":25,"column":35},"end":{"line":25,"column":62}},{"start":{"line":25,"column":66},"end":{"line":25,"column":70}}],"line":25},"6":{"loc":{"start":{"line":26,"column":21},"end":{"line":26,"column":40}},"type":"binary-expr","locations":[{"start":{"line":26,"column":21},"end":{"line":26,"column":34}},{"start":{"line":26,"column":38},"end":{"line":26,"column":40}}],"line":26},"7":{"loc":{"start":{"line":27,"column":21},"end":{"line":27,"column":72}},"type":"binary-expr","locations":[{"start":{"line":27,"column":21},"end":{"line":27,"column":41}},{"start":{"line":27,"column":45},"end":{"line":27,"column":66}},{"start":{"line":27,"column":70},"end":{"line":27,"column":72}}],"line":27},"8":{"loc":{"start":{"line":28,"column":21},"end":{"line":28,"column":76}},"type":"binary-expr","locations":[{"start":{"line":28,"column":21},"end":{"line":28,"column":43}},{"start":{"line":28,"column":47},"end":{"line":28,"column":70}},{"start":{"line":28,"column":74},"end":{"line":28,"column":76}}],"line":28},"9":{"loc":{"start":{"line":29,"column":6},"end":{"line":29,"column":63}},"type":"binary-expr","locations":[{"start":{"line":29,"column":6},"end":{"line":29,"column":28}},{"start":{"line":29,"column":32},"end":{"line":29,"column":55}},{"start":{"line":29,"column":59},"end":{"line":29,"column":63}}],"line":29},"10":{"loc":{"start":{"line":30,"column":6},"end":{"line":30,"column":57}},"type":"binary-expr","locations":[{"start":{"line":30,"column":6},"end":{"line":30,"column":25}},{"start":{"line":30,"column":29},"end":{"line":30,"column":49}},{"start":{"line":30,"column":53},"end":{"line":30,"column":57}}],"line":30},"11":{"loc":{"start":{"line":31,"column":21},"end":{"line":31,"column":44}},"type":"binary-expr","locations":[{"start":{"line":31,"column":21},"end":{"line":31,"column":38}},{"start":{"line":31,"column":42},"end":{"line":31,"column":44}}],"line":31},"12":{"loc":{"start":{"line":32,"column":21},"end":{"line":32,"column":76}},"type":"binary-expr","locations":[{"start":{"line":32,"column":21},"end":{"line":32,"column":43}},{"start":{"line":32,"column":47},"end":{"line":32,"column":70}},{"start":{"line":32,"column":74},"end":{"line":32,"column":76}}],"line":32},"13":{"loc":{"start":{"line":33,"column":6},"end":{"line":33,"column":51}},"type":"binary-expr","locations":[{"start":{"line":33,"column":6},"end":{"line":33,"column":22}},{"start":{"line":33,"column":26},"end":{"line":33,"column":43}},{"start":{"line":33,"column":47},"end":{"line":33,"column":51}}],"line":33},"14":{"loc":{"start":{"line":34,"column":6},"end":{"line":34,"column":69}},"type":"binary-expr","locations":[{"start":{"line":34,"column":6},"end":{"line":34,"column":32}},{"start":{"line":34,"column":36},"end":{"line":34,"column":64}},{"start":{"line":34,"column":68},"end":{"line":34,"column":69}}],"line":34},"15":{"loc":{"start":{"line":35,"column":21},"end":{"line":35,"column":66}},"type":"binary-expr","locations":[{"start":{"line":35,"column":21},"end":{"line":35,"column":38}},{"start":{"line":35,"column":42},"end":{"line":35,"column":60}},{"start":{"line":35,"column":64},"end":{"line":35,"column":66}}],"line":35},"16":{"loc":{"start":{"line":36,"column":6},"end":{"line":36,"column":30}},"type":"binary-expr","locations":[{"start":{"line":36,"column":6},"end":{"line":36,"column":22}},{"start":{"line":36,"column":26},"end":{"line":36,"column":30}}],"line":36},"17":{"loc":{"start":{"line":37,"column":6},"end":{"line":37,"column":43}},"type":"binary-expr","locations":[{"start":{"line":37,"column":6},"end":{"line":37,"column":18}},{"start":{"line":37,"column":22},"end":{"line":37,"column":35}},{"start":{"line":37,"column":39},"end":{"line":37,"column":43}}],"line":37},"18":{"loc":{"start":{"line":38,"column":21},"end":{"line":38,"column":74}},"type":"binary-expr","locations":[{"start":{"line":38,"column":21},"end":{"line":38,"column":42}},{"start":{"line":38,"column":46},"end":{"line":38,"column":68}},{"start":{"line":38,"column":72},"end":{"line":38,"column":74}}],"line":38},"19":{"loc":{"start":{"line":39,"column":21},"end":{"line":39,"column":76}},"type":"binary-expr","locations":[{"start":{"line":39,"column":21},"end":{"line":39,"column":43}},{"start":{"line":39,"column":47},"end":{"line":39,"column":70}},{"start":{"line":39,"column":74},"end":{"line":39,"column":76}}],"line":39},"20":{"loc":{"start":{"line":40,"column":21},"end":{"line":40,"column":70}},"type":"binary-expr","locations":[{"start":{"line":40,"column":21},"end":{"line":40,"column":40}},{"start":{"line":40,"column":44},"end":{"line":40,"column":64}},{"start":{"line":40,"column":68},"end":{"line":40,"column":70}}],"line":40},"21":{"loc":{"start":{"line":41,"column":6},"end":{"line":41,"column":62}},"type":"binary-expr","locations":[{"start":{"line":41,"column":6},"end":{"line":41,"column":29}},{"start":{"line":41,"column":33},"end":{"line":41,"column":57}},{"start":{"line":41,"column":61},"end":{"line":41,"column":62}}],"line":41},"22":{"loc":{"start":{"line":42,"column":21},"end":{"line":42,"column":85}},"type":"binary-expr","locations":[{"start":{"line":42,"column":21},"end":{"line":42,"column":46}},{"start":{"line":42,"column":50},"end":{"line":42,"column":77}},{"start":{"line":42,"column":81},"end":{"line":42,"column":85}}],"line":42},"23":{"loc":{"start":{"line":43,"column":6},"end":{"line":43,"column":45}},"type":"binary-expr","locations":[{"start":{"line":43,"column":6},"end":{"line":43,"column":19}},{"start":{"line":43,"column":23},"end":{"line":43,"column":37}},{"start":{"line":43,"column":41},"end":{"line":43,"column":45}}],"line":43},"24":{"loc":{"start":{"line":44,"column":6},"end":{"line":44,"column":52}},"type":"binary-expr","locations":[{"start":{"line":44,"column":6},"end":{"line":44,"column":22}},{"start":{"line":44,"column":26},"end":{"line":44,"column":44}},{"start":{"line":44,"column":48},"end":{"line":44,"column":52}}],"line":44},"25":{"loc":{"start":{"line":45,"column":6},"end":{"line":45,"column":53}},"type":"binary-expr","locations":[{"start":{"line":45,"column":6},"end":{"line":45,"column":20}},{"start":{"line":45,"column":24},"end":{"line":45,"column":39}},{"start":{"line":45,"column":43},"end":{"line":45,"column":53}}],"line":45},"26":{"loc":{"start":{"line":46,"column":6},"end":{"line":46,"column":46}},"type":"binary-expr","locations":[{"start":{"line":46,"column":6},"end":{"line":46,"column":21}},{"start":{"line":46,"column":25},"end":{"line":46,"column":41}},{"start":{"line":46,"column":45},"end":{"line":46,"column":46}}],"line":46},"27":{"loc":{"start":{"line":57,"column":4},"end":{"line":71,"column":5}},"type":"if","locations":[{"start":{"line":57,"column":4},"end":{"line":71,"column":5}},{"start":{},"end":{}}],"line":57},"28":{"loc":{"start":{"line":59,"column":36},"end":{"line":59,"column":60}},"type":"binary-expr","locations":[{"start":{"line":59,"column":36},"end":{"line":59,"column":52}},{"start":{"line":59,"column":56},"end":{"line":59,"column":60}}],"line":59},"29":{"loc":{"start":{"line":60,"column":45},"end":{"line":60,"column":79}},"type":"binary-expr","locations":[{"start":{"line":60,"column":45},"end":{"line":60,"column":71}},{"start":{"line":60,"column":75},"end":{"line":60,"column":79}}],"line":60},"30":{"loc":{"start":{"line":61,"column":43},"end":{"line":61,"column":75}},"type":"binary-expr","locations":[{"start":{"line":61,"column":43},"end":{"line":61,"column":67}},{"start":{"line":61,"column":71},"end":{"line":61,"column":75}}],"line":61},"31":{"loc":{"start":{"line":62,"column":40},"end":{"line":62,"column":68}},"type":"binary-expr","locations":[{"start":{"line":62,"column":40},"end":{"line":62,"column":60}},{"start":{"line":62,"column":64},"end":{"line":62,"column":68}}],"line":62},"32":{"loc":{"start":{"line":63,"column":45},"end":{"line":63,"column":79}},"type":"binary-expr","locations":[{"start":{"line":63,"column":45},"end":{"line":63,"column":71}},{"start":{"line":63,"column":75},"end":{"line":63,"column":79}}],"line":63},"33":{"loc":{"start":{"line":64,"column":40},"end":{"line":64,"column":69}},"type":"binary-expr","locations":[{"start":{"line":64,"column":40},"end":{"line":64,"column":61}},{"start":{"line":64,"column":65},"end":{"line":64,"column":69}}],"line":64},"34":{"loc":{"start":{"line":65,"column":44},"end":{"line":65,"column":77}},"type":"binary-expr","locations":[{"start":{"line":65,"column":44},"end":{"line":65,"column":69}},{"start":{"line":65,"column":73},"end":{"line":65,"column":77}}],"line":65},"35":{"loc":{"start":{"line":66,"column":45},"end":{"line":66,"column":79}},"type":"binary-expr","locations":[{"start":{"line":66,"column":45},"end":{"line":66,"column":71}},{"start":{"line":66,"column":75},"end":{"line":66,"column":79}}],"line":66},"36":{"loc":{"start":{"line":67,"column":42},"end":{"line":67,"column":73}},"type":"binary-expr","locations":[{"start":{"line":67,"column":42},"end":{"line":67,"column":65}},{"start":{"line":67,"column":69},"end":{"line":67,"column":73}}],"line":67},"37":{"loc":{"start":{"line":68,"column":6},"end":{"line":70,"column":7}},"type":"if","locations":[{"start":{"line":68,"column":6},"end":{"line":70,"column":7}},{"start":{},"end":{}}],"line":68},"38":{"loc":{"start":{"line":76,"column":17},"end":{"line":76,"column":29}},"type":"default-arg","locations":[{"start":{"line":76,"column":27},"end":{"line":76,"column":29}}],"line":76},"39":{"loc":{"start":{"line":81,"column":4},"end":{"line":84,"column":5}},"type":"if","locations":[{"start":{"line":81,"column":4},"end":{"line":84,"column":5}},{"start":{},"end":{}}],"line":81},"40":{"loc":{"start":{"line":86,"column":4},"end":{"line":89,"column":5}},"type":"if","locations":[{"start":{"line":86,"column":4},"end":{"line":89,"column":5}},{"start":{},"end":{}}],"line":86},"41":{"loc":{"start":{"line":91,"column":4},"end":{"line":94,"column":5}},"type":"if","locations":[{"start":{"line":91,"column":4},"end":{"line":94,"column":5}},{"start":{},"end":{}}],"line":91},"42":{"loc":{"start":{"line":96,"column":4},"end":{"line":99,"column":5}},"type":"if","locations":[{"start":{"line":96,"column":4},"end":{"line":99,"column":5}},{"start":{},"end":{}}],"line":96},"43":{"loc":{"start":{"line":103,"column":4},"end":{"line":106,"column":5}},"type":"if","locations":[{"start":{"line":103,"column":4},"end":{"line":106,"column":5}},{"start":{},"end":{}}],"line":103},"44":{"loc":{"start":{"line":113,"column":27},"end":{"line":113,"column":51}},"type":"binary-expr","locations":[{"start":{"line":113,"column":27},"end":{"line":113,"column":43}},{"start":{"line":113,"column":47},"end":{"line":113,"column":51}}],"line":113},"45":{"loc":{"start":{"line":114,"column":36},"end":{"line":114,"column":70}},"type":"binary-expr","locations":[{"start":{"line":114,"column":36},"end":{"line":114,"column":62}},{"start":{"line":114,"column":66},"end":{"line":114,"column":70}}],"line":114},"46":{"loc":{"start":{"line":115,"column":34},"end":{"line":115,"column":66}},"type":"binary-expr","locations":[{"start":{"line":115,"column":34},"end":{"line":115,"column":58}},{"start":{"line":115,"column":62},"end":{"line":115,"column":66}}],"line":115},"47":{"loc":{"start":{"line":116,"column":31},"end":{"line":116,"column":59}},"type":"binary-expr","locations":[{"start":{"line":116,"column":31},"end":{"line":116,"column"
[...]
61":{"start":{"line":165,"column":35},"end":{"line":165,"column":68}},"62":{"start":{"line":171,"column":32},"end":{"line":171,"column":109}},"63":{"start":{"line":172,"column":4},"end":{"line":177,"column":7}},"64":{"start":{"line":173,"column":19},"end":{"line":173,"column":40}},"65":{"start":{"line":174,"column":6},"end":{"line":176,"column":7}},"66":{"start":{"line":175,"column":8},"end":{"line":175,"column":37}},"67":{"start":{"line":180,"column":4},"end":{"line":180,"column":63}},"68":{"start":{"line":181,"column":4},"end":{"line":181,"column":68}},"69":{"start":{"line":183,"column":4},"end":{"line":183,"column":16}},"70":{"start":{"line":192,"column":19},"end":{"line":192,"column":52}},"71":{"start":{"line":194,"column":4},"end":{"line":196,"column":5}},"72":{"start":{"line":195,"column":6},"end":{"line":195,"column":16}},"73":{"start":{"line":198,"column":14},"end":{"line":198,"column":22}},"74":{"start":{"line":199,"column":21},"end":{"line":199,"column":30}},"75":{"start":{"line":202,"column":4},"end":{"line":215,"column":7}},"76":{"start":{"line":203,"column":19},"end":{"line":203,"column":40}},"77":{"start":{"line":206,"column":30},"end":{"line":209,"column":7}},"78":{"start":{"line":211,"column":24},"end":{"line":211,"column":75}},"79":{"start":{"line":211,"column":56},"end":{"line":211,"column":74}},"80":{"start":{"line":212,"column":6},"end":{"line":214,"column":7}},"81":{"start":{"line":213,"column":8},"end":{"line":213,"column":27}},"82":{"start":{"line":217,"column":4},"end":{"line":217,"column":45}},"83":{"start":{"line":227,"column":15},"end":{"line":227,"column":19}},"84":{"start":{"line":229,"column":4},"end":{"line":242,"column":5}},"85":{"start":{"line":232,"column":8},"end":{"line":232,"column":48}},"86":{"start":{"line":233,"column":8},"end":{"line":233,"column":14}},"87":{"start":{"line":236,"column":8},"end":{"line":236,"column":46}},"88":{"start":{"line":237,"column":8},"end":{"line":237,"column":14}},"89":{"start":{"line":240,"column":8},"end":{"line":240,"column":55}},"90":{"start":{"line":241,"column":8},"end":{"line":241,"column":21}},"91":{"start":{"line":244,"column":4},"end":{"line":246,"column":5}},"92":{"start":{"line":245,"column":6},"end":{"line":245,"column":19}},"93":{"start":{"line":249,"column":4},"end":{"line":278,"column":5}},"94":{"start":{"line":250,"column":17},"end":{"line":250,"column":40}},"95":{"start":{"line":251,"column":19},"end":{"line":256,"column":8}},"96":{"start":{"line":258,"column":24},"end":{"line":258,"column":34}},"97":{"start":{"line":259,"column":6},"end":{"line":259,"column":51}},"98":{"start":{"line":261,"column":6},"end":{"line":270,"column":8}},"99":{"start":{"line":272,"column":6},"end":{"line":272,"column":71}},"100":{"start":{"line":273,"column":6},"end":{"line":273,"column":18}},"101":{"start":{"line":276,"column":6},"end":{"line":276,"column":69}},"102":{"start":{"line":277,"column":6},"end":{"line":277,"column":19}},"103":{"start":{"line":288,"column":4},"end":{"line":288,"column":28}},"104":{"start":{"line":288,"column":15},"end":{"line":288,"column":28}},"105":{"start":{"line":290,"column":4},"end":{"line":302,"column":5}},"106":{"start":{"line":292,"column":8},"end":{"line":292,"column":59}},"107":{"start":{"line":295,"column":8},"end":{"line":295,"column":65}},"108":{"start":{"line":298,"column":8},"end":{"line":298,"column":54}},"109":{"start":{"line":301,"column":8},"end":{"line":301,"column":21}},"110":{"start":{"line":307,"column":19},"end":{"line":307,"column":35}},"111":{"start":{"line":309,"column":0},"end":{"line":309,"column":28}}},"fnMap":{"0":{"name":"(anonymous_0)","decl":{"start":{"line":11,"column":2},"end":{"line":11,"column":3}},"loc":{"start":{"line":11,"column":16},"end":{"line":16,"column":3}},"line":11},"1":{"name":"(anonymous_1)","decl":{"start":{"line":23,"column":2},"end":{"line":23,"column":3}},"loc":{"start":{"line":23,"column":28},"end":{"line":58,"column":3}},"line":23},"2":{"name":"(anonymous_2)","decl":{"start":{"line":41,"column":24},"end":{"line":41,"column":25}},"loc":{"start":{"line":41,"column":36},"end":{"line":41,"column":48}},"line":41},"3":{"name":"(anonymous_3)","decl":{"start":{"line":64,"column":2},"end":{"line":64,"column":3}},"loc":{"start":{"line":64,"column":33},"end":{"line":76,"column":3}},"line":64},"4":{"name":"(anonymous_4)","decl":{"start":{"line":72,"column":24},"end":{"line":72,"column":25}},"loc":{"start":{"line":72,"column":35},"end":{"line":72,"column":64}},"line":72},"5":{"name":"(anonymous_5)","decl":{"start":{"line":83,"column":2},"end":{"line":83,"column":3}},"loc":{"start":{"line":83,"column":23},"end":{"line":128,"column":3}},"line":83},"6":{"name":"(anonymous_6)","decl":{"start":{"line":135,"column":2},"end":{"line":135,"column":3}},"loc":{"start":{"line":135,"column":40},"end":{"line":184,"column":3}},"line":135},"7":{"name":"(anonymous_7)","decl":{"start":{"line":152,"column":16},"end":{"line":152,"column":17}},"loc":{"start":{"line":152,"column":29},"end":{"line":168,"column":5}},"line":152},"8":{"name":"(anonymous_8)","decl":{"start":{"line":162,"column":31},"end":{"line":162,"column":32}},"loc":{"start":{"line":162,"column":42},"end":{"line":167,"column":7}},"line":162},"9":{"name":"(anonymous_9)","decl":{"start":{"line":165,"column":26},"end":{"line":165,"column":27}},"loc":{"start":{"line":165,"column":35},"end":{"line":165,"column":68}},"line":165},"10":{"name":"(anonymous_10)","decl":{"start":{"line":172,"column":68},"end":{"line":172,"column":69}},"loc":{"start":{"line":172,"column":81},"end":{"line":177,"column":5}},"line":172},"11":{"name":"(anonymous_11)","decl":{"start":{"line":191,"column":2},"end":{"line":191,"column":3}},"loc":{"start":{"line":191,"column":36},"end":{"line":218,"column":3}},"line":191},"12":{"name":"(anonymous_12)","decl":{"start":{"line":202,"column":55},"end":{"line":202,"column":56}},"loc":{"start":{"line":202,"column":68},"end":{"line":215,"column":5}},"line":202},"13":{"name":"(anonymous_13)","decl":{"start":{"line":211,"column":45},"end":{"line":211,"column":46}},"loc":{"start":{"line":211,"column":56},"end":{"line":211,"column":74}},"line":211},"14":{"name":"(anonymous_14)","decl":{"start":{"line":226,"column":2},"end":{"line":226,"column":3}},"loc":{"start":{"line":226,"column":48},"end":{"line":279,"column":3}},"line":226},"15":{"name":"(anonymous_15)","decl":{"start":{"line":287,"column":2},"end":{"line":287,"column":3}},"loc":{"start":{"line":287,"column":31},"end":{"line":303,"column":3}},"line":287}},"branchMap":{"0":{"loc":{"start":{"line":12,"column":23},"end":{"line":12,"column":55}},"type":"binary-expr","locations":[{"start":{"line":12,"column":23},"end":{"line":12,"column":47}},{"start":{"line":12,"column":51},"end":{"line":12,"column":55}}],"line":12},"1":{"loc":{"start":{"line":13,"column":21},"end":{"line":13,"column":70}},"type":"binary-expr","locations":[{"start":{"line":13,"column":21},"end":{"line":13,"column":47}},{"start":{"line":13,"column":51},"end":{"line":13,"column":70}}],"line":13},"2":{"loc":{"start":{"line":29,"column":6},"end":{"line":35,"column":7}},"type":"if","locations":[{"start":{"line":29,"column":6},"end":{"line":35,"column":7}},{"start":{},"end":{}}],"line":29},"3":{"loc":{"start":{"line":32,"column":8},"end":{"line":34,"column":9}},"type":"if","locations":[{"start":{"line":32,"column":8},"end":{"line":34,"column":9}},{"start":{},"end":{}}],"line":32},"4":{"loc":{"start":{"line":32,"column":12},"end":{"line":32,"column":60}},"type":"binary-expr","locations":[{"start":{"line":32,"column":12},"end":{"line":32,"column":18}},{"start":{"line":32,"column":22},"end":{"line":32,"column":60}}],"line":32},"5":{"loc":{"start":{"line":46,"column":6},"end":{"line":49,"column":7}},"type":"if","locations":[{"start":{"line":46,"column":6},"end":{"line":49,"column":7}},{"start":{},"end":{}}],"line":46},"6":{"loc":{"start":{"line":46,"column":10},"end":{"line":46,"column":58}},"type":"binary-expr","locations":[{"start":{"line":46,"column":10},"end":{"line":46,"column":16}},{"start":{"line":46,"column":20},"end":{"line":46,"column":58}}],"line":46},"7":{"loc":{"start":{"line":66,"column":24},"end":{"line":66,"column":61}},"type":"binary-expr","locations":[{"start":{"line":66,"column":24},"end":{"line":66,"column":56}},{"start":{"line":66,"column":60},"end":{"line":66,"column":61}}],"line":66},"8":{"loc":{"start":{"line":69,"column":4},"end":{"line":73,"column":5}},"type":"if","locations":[{"start":{"line":69,"column":4},"end":{"line":73,"column":5}},{"start":{},"end":{}}],"line":69},"9":{"loc":{"start":{"line":87,"column":6},"end":{"line":90,"column":7}},"type":"if","locations":[{"start":{"line":87,"column":6},"end":{"line":90,"column":7}},{"start":{},"end":{}}],"line":87},"10":{"loc":{"start":{"line":138,"column":4},"end":{"line":140,"column":5}},"type":"if","locations":[{"start":{"line":138,"column":4},"end":{"line":140,"column":5}},{"start":{},"end":{}}],"line":138},"11":{"loc":{"start":{"line":164,"column":8},"end":{"line":166,"column":9}},"type":"if","locations":[{"start":{"line":164,"column":8},"end":{"line":166,"column":9}},{"start":{},"end":{}}],"line":164},"12":{"loc":{"start":{"line":174,"column":6},"end":{"line":176,"column":7}},"type":"if","locations":[{"start":{"line":174,"column":6},"end":{"line":176,"column":7}},{"start":{},"end":{}}],"line":174},"13":{"loc":{"start":{"line":174,"column":10},"end":{"line":174,"column":47}},"type":"binary-expr","locations":[{"start":{"line":174,"column":10},"end":{"line":174,"column":26}},{"start":{"line":174,"column":30},"end":{"line":174,"column":47}}],"line":174},"14":{"loc":{"start":{"line":194,"column":4},"end":{"line":196,"column":5}},"type":"if","locations":[{"start":{"line":194,"column":4},"end":{"line":196,"column":5}},{"start":{},"end":{}}],"line":194},"15":{"loc":{"start":{"line":212,"column":6},"end":{"line":214,"column":7}},"type":"if","locations":[{"start":{"line":212,"column":6},"end":{"line":214,"column":7}},{"start":{},"end":{}}],"line":212},"16":{"loc":{"start":{"line":212,"column":10},"end":{"line":212,"column":59}},"type":"binary-expr","locations":[{"start":{"line":212,"column":10},"end":{"line":212,"column":19}},{"start":{"line":212,"column":23},"end":{"line":212,"column":38}},{"start":{"line":212,"column":42},"end":{"line":212,"column":59}}],"line":212},"17":{"loc":{"start":{"line":229,"column":4},"end":{"line":242,"column":5}},"type":"switch","locations":[{"start":{"line":230,"column":6},"end":{"line":230,"column":23}},{"start":{"line":231,"column":6},"end":{"line":233,"column":14}},{"start":{"line":235,"column":6},"end":{"line":237,"column":14}},{"start":{"line":239,"column":6},"end":{"line":241,"column":21}}],"line":229},"18":{"loc":{"start":{"line":244,"column":4},"end":{"line":246,"column":5}},"type":"if","locations":[{"start":{"line":244,"column":4},"end":{"line":246,"column":5}},{"start":{},"end":{}}],"line":244},"19":{"loc":{"start":{"line":288,"column":4},"end":{"line":288,"column":28}},"type":"if","locations":[{"start":{"line":288,"column":4},"end":{"line":288,"column":28}},{"start":{},"end":{}}],"line":288},"20":{"loc":{"start":{"line":290,"column":4},"end":{"line":302,"column":5}},"type":"switch","locations":[{"start":{"line":291,"column":6},"end":{"line":292,"column":59}},{"start":{"line":294,"column":6},"end":{"line":295,"column":65}},{"start":{"line":297,"column":6},"end":{"line":298,"column":54}},{"start":{"line":300,"column":6},"end":{"line":301,"column":21}}],"line":290},"21":{"loc":{"start":{"line":292,"column":15},"end":{"line":292,"column":58}},"type":"binary-expr","locations":[{"start":{"line":292,"column":15},"end":{"line":292,"column":29}},{"start":{"line":292,"column":33},"end":{"line":292,"column":58}}],"line":292},"22":{"loc":{"start":{"line":295,"column":15},"end":{"line":295,"column":64}},"type":"binary-expr","locations":[{"start":{"line":295,"column":15},"end":{"line":295,"column":32}},{"start":{"line":295,"column":36},"end":{"line":295,"column":64}}],"line":295},"23":{"loc":{"start":{"line":298,"column":15},"end":{"line":298,"column":53}},"type":"binary-expr","locations":[{"start":{"line":298,"column":15},"end":{"line":298,"column":34}},{"start":{"line":298,"column":38},"end":{"line":298,"column":53}}],"line":298}},"s":{"0":0,"1":0,"2":0,"3":0,"4":0,"5":0,"6":0,"7":0,"8":0,"9":0,"10":0,"11":0,"12":0,"13":0,"14":0,"15":0,"16":0,"17":0,"18":0,"19":0,"20":0,"21":0,"22":0,"23":0,"24":0,"25":0,"26":0,"27":0,"28":0,"29":0,"30":0,"31":0,"32":0,"33":0,"34":0,"35":0,"36":0,"37":0,"38":0,"39":0,"40":0,"41":0,"42":0,"43":0,"44":0,"45":0,"46":0,"47":0,"48":0,"49":0,"50":0,"51":0,"52":0,"53":0,"54":0,"55":0,"56":0,"57":0,"58":0,"59":0,"60":0,"61":0,"62":0,"63":0,"64":0,"65":0,"66":0,"67":0,"68":0,"69":0,"70":0,"71":0,"72":0,"73":0,"74":0,"75":0,"76":0,"77":0,"78":0,"79":0,"80":0,"81":0,"82":0,"83":0,"84":0,"85":0,"86":0,"87":0,"88":0,"89":0,"90":0,"91":0,"92":0,"93":0,"94":0,"95":0,"96":0,"97":0,"98":0,"99":0,"100":0,"101":0,"102":0,"103":0,"104":0,"105":0,"106":0,"107":0,"108":0,"109":0,"110":0,"111":0},"f":{"0":0,"1":0,"2":0,"3":0,"4":0,"5":0,"6":0,"7":0,"8":0,"9":0,"10":0,"11":0,"12":0,"13":0,"14":0,"15":0},"b":{"0":[0,0],"1":[0,0],"2":[0,0],"3":[0,0],"4":[0,0],"5":[0,0],"6":[0,0],"7":[0,0],"8":[0,0],"9":[0,0],"10":[0,0],"11":[0,0],"12":[0,0],"13":[0,0],"14":[0,0],"15":[0,0],"16":[0,0,0],"17":[0,0,0,0],"18":[0,0],"19":[0,0],"20":[0,0,0,0],"21":[0,0],"22":[0,0],"23":[0,0]}}
,"/home/runner/work/CollegeOS/CollegeOS/backend/src/utils/helpers.js": {"path":"/home/runner/work/CollegeOS/CollegeOS/backend/src/utils/helpers.js","statementMap":{"0":{"start":{"line":1,"column":15},"end":{"line":1,"column":32}},"1":{"start":{"line":6,"column":22},"end":{"line":6,"column":45}},"2":{"start":{"line":7,"column":22},"end":{"line":7,"column":59}},"3":{"start":{"line":8,"column":4},"end":{"line":8,"column":47}},"4":{"start":{"line":13,"column":16},"end":{"line":13,"column":26}},"5":{"start":{"line":14,"column":19},"end":{"line":14,"column":39}},"6":{"start":{"line":15,"column":17},"end":{"line":15,"column":29}},"7":{"start":{"line":16,"column":4},"end":{"line":16,"column":51}},"8":{"start":{"line":21,"column":14},"end":{"line":21,"column":28}},"9":{"start":{"line":23,"column":4},"end":{"line":27,"column":5}},"10":{"start":{"line":24,"column":6},"end":{"line":24,"column":96}},"11":{"start":{"line":25,"column":11},"end":{"line":27,"column":5}},"12":{"start":{"line":26,"column":6},"end":{"line":26,"column":112}},"13":{"start":{"line":29,"column":4},"end":{"line":29,"column":27}},"14":{"start":{"line":34,"column":4},"end":{"line":34,"column":24}},"15":{"start":{"line":34,"column":14},"end":{"line":34,"column":24}},"16":{"start":{"line":35,"column":4},"end":{"line":35,"column":43}},"17":{"start":{"line":40,"column":4},"end":{"line":45,"column":5}},"18":{"start":{"line":41,"column":21},"end":{"line":41,"column":33}},"19":{"start":{"line":42,"column":6},"end":{"line":42,"column":29}},"20":{"start":{"line":44,"column":6},"end":{"line":44,"column":18}},"21":{"start":{"line":50,"column":4},"end":{"line":50,"column":59}},"22":{"start":{"line":50,"column":34},"end":{"line":50,"column":57}},"23":{"start":{"line":55,"column":19},"end":{"line":55,"column":21}},"24":{"start":{"line":56,"column":4},"end":{"line":58,"column":5}},"25":{"start":{"line":56,"column":17},"end":{"line":56,"column":18}},"26":{"start":{"line":57,"column":6},"end":{"line":57,"column":44}},"27":{"start":{"line":59,"column":4},"end":{"line":59,"column":18}},"28":{"start":{"line":63,"column":0},"end":{"line":63,"column":25}}},"fnMap":{"0":{"name":"(anonymous_0)","decl":{"start":{"line":5,"column":2},"end":{"line":5,"column":3}},"loc":{"start":{"line":5,"column":33},"end":{"line":9,"column":3}},"line":5},"1":{"name":"(anonymous_1)","decl":{"start":{"line":12,"column":2},"end":{"line":12,"column":3}},"loc":{"start":{"line":12,"column":31},"end":{"line":17,"column":3}},"line":12},"2":{"name":"(anonymous_2)","decl":{"start":{"line":20,"column":2},"end":{"line":20,"column":3}},"loc":{"start":{"line":20,"column":44},"end":{"line":30,"column":3}},"line":20},"3":{"name":"(anonymous_3)","decl":{"start":{"line":33,"column":2},"end":{"line":33,"column":3}},"loc":{"start":{"line":33,"column":23},"end":{"line":36,"column":3}},"line":33},"4":{"name":"(anonymous_4)","decl":{"start":{"line":39,"column":2},"end":{"line":39,"column":3}},"loc":{"start":{"line":39,"column":28},"end":{"line":46,"column":3}},"line":39},"5":{"name":"(anonymous_5)","decl":{"start":{"line":49,"column":2},"end":{"line":49,"column":3}},"loc":{"start":{"line":49,"column":19},"end":{"line":51,"column":3}},"line":49},"6":{"name":"(anonymous_6)","decl":{"start":{"line":50,"column":23},"end":{"line":50,"column":24}},"loc":{"start":{"line":50,"column":34},"end":{"line":50,"column":57}},"line":50},"7":{"name":"(anonymous_7)","decl":{"start":{"line":54,"column":2},"end":{"line":54,"column":3}},"loc":{"start":{"line":54,"column":33},"end":{"line":60,"column":3}},"line":54}},"branchMap":{"0":{"loc":{"start":{"line":5,"column":20},"end":{"line":5,"column":31}},"type":"default-arg","locations":[{"start":{"line":5,"column":29},"end":{"line":5,"column":31}}],"line":5},"1":{"loc":{"start":{"line":20,"column":26},"end":{"line":20,"column":42}},"type":"default-arg","locations":[{"start":{"line":20,"column":35},"end":{"line":20,"column":42}}],"line":20},"2":{"loc":{"start":{"line":23,"column":4},"end":{"line":27,"column":5}},"type":"if","locations":[{"start":{"line":23,"column":4},"end":{"line":27,"column":5}},{"start":{"line":25,"column":11},"end":{"line":27,"column":5}}],"line":23},"3":{"loc":{"start":{"line":25,"column":11},"end":{"line":27,"column":5}},"type":"if","locations":[{"start":{"line":25,"column":11},"end":{"line":27,"column":5}},{"start":{},"end":{}}],"line":25},"4":{"loc":{"start":{"line":34,"column":4},"end":{"line":34,"column":24}},"type":"if","locations":[{"start":{"line":34,"column":4},"end":{"line":34,"column":24}},{"start":{},"end":{}}],"line":34}},"s":{"0":0,"1":0,"2":0,"3":0,"4":0,"5":0,"6":0,"7":0,"8":0,"9":0,"10":0,"11":0,"12":0,"13":0,"14":0,"15":0,"16":0,"17":0,"18":0,"19":0,"20":0,"21":0,"22":0,"23":0,"24":0,"25":0,"26":0,"27":0,"28":0},"f":{"0":0,"1":0,"2":0,"3":0,"4":0,"5":0,"6":0,"7":0},"b":{"0":[0],"1":[0],"2":[0,0],"3":[0,0],"4":[0,0]}}
,"/home/runner/work/CollegeOS/CollegeOS/backend/src/utils/logger.js": {"path":"/home/runner/work/CollegeOS/CollegeOS/backend/src/utils/logger.js","statementMap":{"0":{"start":{"line":1,"column":16},"end":{"line":1,"column":34}},"1":{"start":{"line":2,"column":15},"end":{"line":2,"column":39}},"2":{"start":{"line":4,"column":15},"end":{"line":15,"column":2}},"3":{"start":{"line":17,"column":0},"end":{"line":24,"column":1}},"4":{"start":{"line":18,"column":2},"end":{"line":23,"column":6}},"5":{"start":{"line":26,"column":0},"end":{"line":26,"column":24}}},"fnMap":{},"branchMap":{"0":{"loc":{"start":{"line":5,"column":9},"end":{"line":5,"column":60}},"type":"cond-expr","locations":[{"start":{"line":5,"column":44},"end":{"line":5,"column":51}},{"start":{"line":5,"column":54},"end":{"line":5,"column":60}}],"line":5},"1":{"loc":{"start":{"line":17,"column":0},"end":{"line":24,"column":1}},"type":"if","locations":[{"start":{"line":17,"column":0},"end":{"line":24,"column":1}},{"start":{},"end":{}}],"line":17}},"s":{"0":2,"1":2,"2":2,"3":2,"4":0,"5":2},"f":{},"b":{"0":[0,2],"1":[0,2]},"_coverageSchema":"1a1c01bbd47fc00a2c39e90264f33305004495a9","hash":"4c9ed3cd7170d43536ffa638fa36e54e744a81d6"}
,"/home/runner/work/CollegeOS/CollegeOS/backend/src/utils/validators.js": {"path":"/home/runner/work/CollegeOS/CollegeOS/backend/src/utils/validators.js","statementMap":{"0":{"start":{"line":1,"column":12},"end":{"line":1,"column":26}},"1":{"start":{"line":2,"column":56},"end":{"line":2,"column":86}},"2":{"start":{"line":4,"column":19},"end":{"line":75,"column":1}},"3":{"start":{"line":77,"column":0},"end":{"line":77,"column":28}}},"fnMap":{},"branchMap":{},"s":{"0":0,"1":0,"2":0,"3":0},"f":{},"b":{}}
}
