TN:
SF:src/config/constants.js
FNF:0
FNH:0
DA:1,0
LF:1
LH:0
BRF:0
BRH:0
end_of_record
TN:
SF:src/config/database.js
FN:8,(anonymous_0)
FN:13,(anonymous_1)
FN:45,(anonymous_2)
FN:885,(anonymous_3)
FN:892,(anonymous_4)
FNF:5
FNH:4
FNDA:1,(anonymous_0)
FNDA:2,(anonymous_1)
FNDA:1,(anonymous_2)
FNDA:0,(anonymous_3)
FNDA:1,(anonymous_4)
DA:1,1
DA:2,1
DA:3,1
DA:4,1
DA:5,1
DA:9,1
DA:10,1
DA:14,2
DA:16,1
DA:18,1
DA:19,1
DA:20,0
DA:24,1
DA:29,1
DA:32,1
DA:33,1
DA:35,1
DA:36,1
DA:38,1
DA:40,0
DA:41,0
DA:46,1
DA:48,1
DA:51,1
DA:837,1
DA:838,1
DA:844,1
DA:865,1
DA:866,18
DA:867,18
DA:874,1
DA:875,1
DA:876,1
DA:877,1
DA:882,1
DA:886,0
DA:887,0
DA:889,0
DA:893,1
DA:894,1
DA:895,1
DA:896,1
DA:902,1
DA:904,1
LF:44
LH:38
BRDA:14,0,0,1
BRDA:14,0,1,1
BRDA:19,1,0,0
BRDA:19,1,1,1
BRDA:25,2,0,0
BRDA:25,2,1,1
BRDA:886,3,0,0
BRDA:886,3,1,0
BRDA:893,4,0,1
BRDA:893,4,1,0
BRF:10
BRH:5
end_of_record
TN:
SF:src/config/env.js
FNF:0
FNH:0
DA:1,1
DA:2,1
DA:4,1
LF:3
LH:3
BRDA:5,0,0,1
BRDA:5,0,1,1
BRDA:6,1,0,1
BRDA:6,1,1,0
BRDA:9,2,0,1
BRDA:9,2,1,1
BRDA:14,3,0,1
BRDA:14,3,1,1
BRDA:16,4,0,1
BRDA:16,4,1,1
BRDA:26,5,0,1
BRDA:26,5,1,1
BRDA:30,6,0,1
BRDA:30,6,1,1
BRDA:31,7,0,1
BRDA:31,7,1,1
BRDA:32,8,0,1
BRDA:32,8,1,1
BRDA:36,9,0,1
BRDA:36,9,1,1
BRDA:37,10,0,1
BRDA:37,10,1,1
BRF:22
BRH:21
end_of_record
TN:
SF:src/controllers/applicationController.js
FN:5,generateRequestId
FN:10,addDebugInfo
FN:19,(anonymous_2)
FN:56,(anonymous_3)
FN:145,(anonymous_4)
FN:193,(anonymous_5)
FN:194,(anonymous_6)
FN:195,(anonymous_7)
FN:247,(anonymous_8)
FN:270,(anonymous_9)
FNF:10
FNH:0
FNDA:0,generateRequestId
FNDA:0,addDebugInfo
FNDA:0,(anonymous_2)
FNDA:0,(anonymous_3)
FNDA:0,(anonymous_4)
FNDA:0,(anonymous_5)
FNDA:0,(anonymous_6)
FNDA:0,(anonymous_7)
FNDA:0,(anonymous_8)
FNDA:0,(anonymous_9)
DA:1,0
DA:2,0
DA:6,0
DA:11,0
DA:12,0
DA:14,0
DA:20,0
DA:21,0
DA:23,0
DA:24,0
DA:25,0
DA:27,0
DA:29,0
DA:30,0
DA:31,0
DA:38,0
DA:39,0
DA:41,0
DA:42,0
DA:44,0
DA:50,0
DA:51,0
DA:57,0
DA:58,0
DA:60,0
DA:61,0
DA:62,0
DA:64,0
DA:65,0
DA:67,0
DA:68,0
DA:69,0
DA:77,0
DA:78,0
DA:79,0
DA:82,0
DA:83,0
DA:84,0
DA:91,0
DA:92,0
DA:94,0
DA:95,0
DA:96,0
DA:99,0
DA:102,0
DA:103,0
DA:104,0
DA:105,0
DA:106,0
DA:107,0
DA:109,0
DA:110,0
DA:111,0
DA:113,0
DA:117,0
DA:121,0
DA:122,0
DA:124,0
DA:130,0
DA:133,0
DA:134,0
DA:140,0
DA:146,0
DA:148,0
DA:149,0
DA:150,0
DA:151,0
DA:153,0
DA:154,0
DA:157,0
DA:159,0
DA:161,0
DA:162,0
DA:163,0
DA:170,0
DA:173,0
DA:176,0
DA:177,0
DA:178,0
DA:181,0
DA:183,0
DA:185,0
DA:186,0
DA:188,0
DA:189,0
DA:191,0
DA:192,0
DA:193,0
DA:194,0
DA:195,0
DA:197,0
DA:226,0
DA:231,0
DA:235,0
DA:241,0
DA:242,0
DA:248,0
DA:250,0
DA:251,0
DA:253,0
DA:255,0
DA:257,0
DA:259,0
DA:264,0
DA:265,0
DA:271,0
DA:273,0
DA:274,0
DA:276,0
DA:278,0
DA:280,0
DA:282,0
DA:287,0
DA:288,0
DA:293,0
LF:115
LH:0
BRDA:11,0,0,0
BRDA:11,0,1,0
BRDA:29,1,0,0
BRDA:29,1,1,0
BRDA:42,2,0,0
BRDA:42,2,1,0
BRDA:62,3,0,0
BRDA:62,3,1,0
BRDA:65,4,0,0
BRDA:65,4,1,0
BRDA:67,5,0,0
BRDA:67,5,1,0
BRDA:77,6,0,0
BRDA:77,6,1,0
BRDA:77,7,0,0
BRDA:77,7,1,0
BRDA:82,8,0,0
BRDA:82,8,1,0
BRDA:94,9,0,0
BRDA:94,9,1,0
BRDA:102,10,0,0
BRDA:102,10,1,0
BRDA:102,11,0,0
BRDA:102,11,1,0
BRDA:109,12,0,0
BRDA:109,12,1,0
BRDA:133,13,0,0
BRDA:133,13,1,0
BRDA:151,14,0,0
BRDA:151,14,1,0
BRDA:154,15,0,0
BRDA:154,15,1,0
BRDA:161,16,0,0
BRDA:161,16,1,0
BRDA:173,17,0,0
BRDA:173,17,1,0
BRDA:173,18,0,0
BRDA:173,18,1,0
BRDA:173,18,2,0
BRDA:173,18,3,0
BRDA:183,19,0,0
BRDA:183,19,1,0
BRDA:183,20,0,0
BRDA:183,20,1,0
BRDA:191,21,0,0
BRDA:191,21,1,0
BRDA:191,22,0,0
BRDA:191,22,1,0
BRDA:192,23,0,0
BRDA:192,23,1,0
BRDA:195,24,0,0
BRDA:195,24,1,0
BRDA:195,25,0,0
BRDA:195,25,1,0
BRDA:208,26,0,0
BRDA:208,26,1,0
BRDA:208,26,2,0
BRDA:209,27,0,0
BRDA:209,27,1,0
BRDA:210,28,0,0
BRDA:210,28,1,0
BRDA:211,29,0,0
BRDA:211,29,1,0
BRDA:215,30,0,0
BRDA:215,30,1,0
BRDA:216,31,0,0
BRDA:216,31,1,0
BRDA:217,32,0,0
BRDA:217,32,1,0
BRDA:218,33,0,0
BRDA:218,33,1,0
BRDA:219,34,0,0
BRDA:219,34,1,0
BRDA:220,35,0,0
BRDA:220,35,1,0
BRDA:280,36,0,0
BRDA:280,36,1,0
BRF:77
BRH:0
end_of_record
TN:
SF:src/controllers/authController.js
FN:7,(anonymous_0)
FN:24,(anonymous_1)
FN:41,(anonymous_2)
FN:64,(anonymous_3)
FN:82,(anonymous_4)
FN:103,(anonymous_5)
FNF:6
FNH:0
FNDA:0,(anonymous_0)
FNDA:0,(anonymous_1)
FNDA:0,(anonymous_2)
FNDA:0,(anonymous_3)
FNDA:0,(anonymous_4)
FNDA:0,(anonymous_5)
DA:1,0
DA:2,0
DA:3,0
DA:8,0
DA:9,0
DA:11,0
DA:13,0
DA:19,0
DA:25,0
DA:26,0
DA:28,0
DA:30,0
DA:36,0
DA:42,0
DA:43,0
DA:45,0
DA:46,0
DA:52,0
DA:54,0
DA:59,0
DA:65,0
DA:66,0
DA:68,0
DA:69,0
DA:72,0
DA:77,0
DA:83,0
DA:84,0
DA:86,0
DA:87,0
DA:93,0
DA:98,0
DA:104,0
DA:105,0
DA:106,0
DA:108,0
DA:110,0
DA:116,0
DA:121,0
LF:39
LH:0
BRDA:45,0,0,0
BRDA:45,0,1,0
BRDA:68,1,0,0
BRDA:68,1,1,0
BRDA:86,2,0,0
BRDA:86,2,1,0
BRF:6
BRH:0
end_of_record
TN:
SF:src/controllers/collegeController.js
FN:5,generateRequestId
FN:10,addDebugInfo
FN:19,(anonymous_2)
FN:51,(anonymous_3)
FN:94,(anonymous_4)
FN:130,(anonymous_5)
FN:163,(anonymous_6)
FN:177,(anonymous_7)
FN:191,(anonymous_8)
FN:237,(anonymous_9)
FN:276,(anonymous_10)
FN:289,(anonymous_11)
FN:331,(anonymous_12)
FN:379,(anonymous_13)
FN:396,(anonymous_14)
FN:432,(anonymous_15)
FN:452,(anonymous_16)
FN:469,(anonymous_17)
FN:509,(anonymous_18)
FNF:19
FNH:0
FNDA:0,generateRequestId
FNDA:0,addDebugInfo
FNDA:0,(anonymous_2)
FNDA:0,(anonymous_3)
FNDA:0,(anonymous_4)
FNDA:0,(anonymous_5)
FNDA:0,(anonymous_6)
FNDA:0,(anonymous_7)
FNDA:0,(anonymous_8)
FNDA:0,(anonymous_9)
FNDA:0,(anonymous_10)
FNDA:0,(anonymous_11)
FNDA:0,(anonymous_12)
FNDA:0,(anonymous_13)
FNDA:0,(anonymous_14)
FNDA:0,(anonymous_15)
FNDA:0,(anonymous_16)
FNDA:0,(anonymous_17)
FNDA:0,(anonymous_18)
DA:1,0
DA:2,0
DA:6,0
DA:11,0
DA:12,0
DA:14,0
DA:20,0
DA:21,0
DA:23,0
DA:24,0
DA:26,0
DA:30,0
DA:36,0
DA:37,0
DA:39,0
DA:45,0
DA:46,0
DA:52,0
DA:53,0
DA:55,0
DA:56,0
DA:58,0
DA:60,0
DA:61,0
DA:62,0
DA:69,0
DA:71,0
DA:72,0
DA:73,0
DA:80,0
DA:81,0
DA:83,0
DA:88,0
DA:89,0
DA:95,0
DA:96,0
DA:98,0
DA:99,0
DA:101,0
DA:103,0
DA:104,0
DA:106,0
DA:109,0
DA:115,0
DA:116,0
DA:118,0
DA:124,0
DA:125,0
DA:131,0
DA:133,0
DA:134,0
DA:135,0
DA:137,0
DA:139,0
DA:140,0
DA:141,0
DA:148,0
DA:150,0
DA:152,0
DA:157,0
DA:158,0
DA:164,0
DA:165,0
DA:166,0
DA:167,0
DA:172,0
DA:178,0
DA:179,0
DA:180,0
DA:185,0
DA:192,0
DA:203,0
DA:205,0
DA:206,0
DA:212,0
DA:226,0
DA:232,0
DA:238,0
DA:239,0
DA:240,0
DA:243,0
DA:244,0
DA:245,0
DA:252,0
DA:253,0
DA:255,0
DA:256,0
DA:263,0
DA:264,0
DA:266,0
DA:271,0
DA:277,0
DA:278,0
DA:279,0
DA:284,0
DA:290,0
DA:291,0
DA:294,0
DA:295,0
DA:296,0
DA:298,0
DA:301,0
DA:302,0
DA:305,0
DA:312,0
DA:325,0
DA:326,0
DA:332,0
DA:333,0
DA:336,0
DA:337,0
DA:344,0
DA:346,0
DA:349,0
DA:350,0
DA:351,0
DA:353,0
DA:355,0
DA:361,0
DA:373,0
DA:374,0
DA:380,0
DA:381,0
DA:382,0
DA:384,0
DA:390,0
DA:391,0
DA:397,0
DA:398,0
DA:400,0
DA:401,0
DA:407,0
DA:418,0
DA:426,0
DA:427,0
DA:433,0
DA:434,0
DA:436,0
DA:441,0
DA:447,0
DA:453,0
DA:454,0
DA:456,0
DA:458,0
DA:464,0
DA:470,0
DA:471,0
DA:473,0
DA:474,0
DA:480,0
DA:481,0
DA:487,0
DA:497,0
DA:503,0
DA:504,0
DA:510,0
DA:511,0
DA:512,0
DA:514,0
DA:519,0
DA:525,0
DA:530,0
LF:162
LH:0
BRDA:11,0,0,0
BRDA:11,0,1,0
BRDA:33,1,0,0
BRDA:33,1,1,0
BRDA:37,2,0,0
BRDA:37,2,1,0
BRDA:60,3,0,0
BRDA:60,3,1,0
BRDA:60,4,0,0
BRDA:60,4,1,0
BRDA:71,5,0,0
BRDA:71,5,1,0
BRDA:103,6,0,0
BRDA:103,6,1,0
BRDA:103,7,0,0
BRDA:103,7,1,0
BRDA:112,8,0,0
BRDA:112,8,1,0
BRDA:116,9,0,0
BRDA:116,9,1,0
BRDA:139,10,0,0
BRDA:139,10,1,0
BRDA:205,11,0,0
BRDA:205,11,1,0
BRDA:205,12,0,0
BRDA:205,12,1,0
BRDA:205,12,2,0
BRDA:220,13,0,0
BRDA:220,13,1,0
BRDA:221,14,0,0
BRDA:221,14,1,0
BRDA:244,15,0,0
BRDA:244,15,1,0
BRDA:255,16,0,0
BRDA:255,16,1,0
BRDA:291,17,0,0
BRDA:291,18,0,0
BRDA:291,19,0,0
BRDA:294,20,0,0
BRDA:294,20,1,0
BRDA:295,21,0,0
BRDA:295,21,1,0
BRDA:336,22,0,0
BRDA:336,22,1,0
BRDA:336,23,0,0
BRDA:336,23,1,0
BRDA:346,24,0,0
BRDA:346,25,0,0
BRDA:349,26,0,0
BRDA:349,26,1,0
BRDA:350,27,0,0
BRDA:350,27,1,0
BRDA:400,28,0,0
BRDA:400,28,1,0
BRDA:400,29,0,0
BRDA:400,29,1,0
BRDA:420,30,0,0
BRDA:420,30,1,0
BRDA:434,31,0,0
BRDA:434,32,0,0
BRDA:473,33,0,0
BRDA:473,33,1,0
BRDA:473,34,0,0
BRDA:473,34,1,0
BRDA:480,35,0,0
BRDA:480,35,1,0
BRDA:480,36,0,0
BRDA:480,36,1,0
BRDA:491,37,0,0
BRDA:491,37,1,0
BRDA:512,38,0,0
BRF:71
BRH:0
end_of_record
TN:
SF:src/controllers/deadlineController.js
FN:5,(anonymous_0)
FN:23,(anonymous_1)
FN:40,(anonymous_2)
FN:58,(anonymous_3)
FNF:4
FNH:0
FNDA:0,(anonymous_0)
FNDA:0,(anonymous_1)
FNDA:0,(anonymous_2)
FNDA:0,(anonymous_3)
DA:1,0
DA:6,0
DA:7,0
DA:8,0
DA:10,0
DA:12,0
DA:18,0
DA:24,0
DA:25,0
DA:27,0
DA:29,0
DA:35,0
DA:41,0
DA:42,0
DA:43,0
DA:45,0
DA:47,0
DA:53,0
DA:59,0
DA:60,0
DA:62,0
DA:64,0
DA:69,0
DA:74,0
LF:24
LH:0
BRDA:10,0,0,0
BRDA:10,0,1,0
BRF:2
BRH:0
end_of_record
TN:
SF:src/controllers/essayController.js
FN:5,(anonymous_0)
FN:22,(anonymous_1)
FN:39,(anonymous_2)
FN:57,(anonymous_3)
FNF:4
FNH:0
FNDA:0,(anonymous_0)
FNDA:0,(anonymous_1)
FNDA:0,(anonymous_2)
FNDA:0,(anonymous_3)
DA:1,0
DA:6,0
DA:7,0
DA:9,0
DA:11,0
DA:17,0
DA:23,0
DA:24,0
DA:26,0
DA:28,0
DA:34,0
DA:40,0
DA:41,0
DA:42,0
DA:44,0
DA:46,0
DA:52,0
DA:58,0
DA:59,0
DA:61,0
DA:63,0
DA:68,0
DA:73,0
LF:23
LH:0
BRF:0
BRH:0
end_of_record
TN:
SF:src/controllers/researchController.js
FN:6,(anonymous_0)
FNF:1
FNH:0
FNDA:0,(anonymous_0)
DA:1,0
DA:2,0
DA:7,0
DA:8,0
DA:10,0
DA:11,0
DA:17,0
DA:23,0
DA:28,0
DA:29,0
DA:34,0
LF:11
LH:0
BRDA:10,0,0,0
BRDA:10,0,1,0
BRDA:10,1,0,0
BRDA:10,1,1,0
BRF:4
BRH:0
end_of_record
TN:
SF:src/data/knowledgeBase.js
FNF:0
FNH:0
DA:4,0
DA:82,0
LF:2
LH:0
BRF:0
BRH:0
end_of_record
TN:
SF:src/jobs/dataRefresh.js
FN:10,(anonymous_0)
FN:17,(anonymous_1)
FN:21,(anonymous_2)
FN:30,(anonymous_3)
FN:42,(anonymous_4)
FN:43,(anonymous_5)
FN:50,(anonymous_6)
FN:73,(anonymous_7)
FN:90,(anonymous_8)
FN:122,(anonymous_9)
FNF:10
FNH:0
FNDA:0,(anonymous_0)
FNDA:0,(anonymous_1)
FNDA:0,(anonymous_2)
FNDA:0,(anonymous_3)
FNDA:0,(anonymous_4)
FNDA:0,(anonymous_5)
FNDA:0,(anonymous_6)
FNDA:0,(anonymous_7)
FNDA:0,(anonymous_8)
FNDA:0,(anonymous_9)
DA:4,0
DA:5,0
DA:6,0
DA:7,0
DA:11,0
DA:20,0
DA:22,0
DA:23,0
DA:29,0
DA:31,0
DA:32,0
DA:36,0
DA:43,0
DA:44,0
DA:51,0
DA:52,0
DA:54,0
DA:63,0
DA:65,0
DA:67,0
DA:68,0
DA:69,0
DA:73,0
DA:76,0
DA:80,0
DA:83,0
DA:91,0
DA:92,0
DA:94,0
DA:103,0
DA:105,0
DA:107,0
DA:108,0
DA:109,0
DA:110,0
DA:111,0
DA:113,0
DA:115,0
DA:120,0
DA:122,0
DA:125,0
DA:129,0
DA:132,0
DA:137,0
DA:139,0
LF:45
LH:0
BRDA:110,0,0,0
BRDA:110,0,1,0
BRDA:111,1,0,0
BRDA:111,1,1,0
BRF:4
BRH:0
end_of_record
TN:
SF:src/jobs/mlRetraining.js
FN:10,(anonymous_0)
FN:19,(anonymous_1)
FN:22,(anonymous_2)
FN:30,(anonymous_3)
FN:38,(anonymous_4)
FN:50,(anonymous_5)
FN:51,(anonymous_6)
FN:59,(anonymous_7)
FN:197,(anonymous_8)
FN:241,(anonymous_9)
FN:321,(anonymous_10)
FN:328,(anonymous_11)
FNF:12
FNH:0
FNDA:0,(anonymous_0)
FNDA:0,(anonymous_1)
FNDA:0,(anonymous_2)
FNDA:0,(anonymous_3)
FNDA:0,(anonymous_4)
FNDA:0,(anonymous_5)
FNDA:0,(anonymous_6)
FNDA:0,(anonymous_7)
FNDA:0,(anonymous_8)
FNDA:0,(anonymous_9)
FNDA:0,(anonymous_10)
FNDA:0,(anonymous_11)
DA:4,0
DA:5,0
DA:6,0
DA:7,0
DA:11,0
DA:12,0
DA:13,0
DA:21,0
DA:23,0
DA:24,0
DA:29,0
DA:31,0
DA:32,0
DA:37,0
DA:39,0
DA:40,0
DA:44,0
DA:51,0
DA:52,0
DA:53,0
DA:60,0
DA:61,0
DA:62,0
DA:65,0
DA:66,0
DA:74,0
DA:76,0
DA:77,0
DA:78,0
DA:79,0
DA:80,0
DA:83,0
DA:86,0
DA:103,0
DA:105,0
DA:106,0
DA:108,0
DA:110,0
DA:111,0
DA:113,0
DA:114,0
DA:115,0
DA:117,0
DA:118,0
DA:120,0
DA:121,0
DA:122,0
DA:123,0
DA:124,0
DA:125,0
DA:129,0
DA:131,0
DA:139,0
DA:145,0
DA:146,0
DA:149,0
DA:160,0
DA:163,0
DA:172,0
DA:173,0
DA:178,0
DA:182,0
DA:183,0
DA:185,0
DA:188,0
DA:190,0
DA:198,0
DA:199,0
DA:202,0
DA:205,0
DA:211,0
DA:214,0
DA:220,0
DA:223,0
DA:229,0
DA:231,0
DA:234,0
DA:242,0
DA:243,0
DA:244,0
DA:245,0
DA:248,0
DA:251,0
DA:269,0
DA:271,0
DA:273,0
DA:275,0
DA:277,0
DA:284,0
DA:290,0
DA:291,0
DA:292,0
DA:295,0
DA:309,0
DA:310,0
DA:314,0
DA:322,0
DA:329,0
DA:330,0
DA:333,0
DA:345,0
DA:348,0
DA:355,0
DA:364,0
DA:365,0
DA:370,0
DA:372,0
LF:107
LH:0
BRDA:60,0,0,0
BRDA:60,0,1,0
BRDA:77,1,0,0
BRDA:77,1,1,0
BRDA:113,2,0,0
BRDA:113,2,1,0
BRDA:120,3,0,0
BRDA:120,3,1,0
BRDA:123,4,0,0
BRDA:123,4,1,0
BRDA:129,5,0,0
BRDA:129,5,1,0
BRDA:145,6,0,0
BRDA:145,6,1,0
BRDA:155,7,0,0
BRDA:155,7,1,0
BRDA:157,8,0,0
BRDA:157,8,1,0
BRDA:244,9,0,0
BRDA:244,9,1,0
BRDA:275,10,0,0
BRDA:275,10,1,0
BRDA:290,11,0,0
BRDA:290,11,1,0
BRDA:301,12,0,0
BRDA:301,12,1,0
BRDA:303,13,0,0
BRDA:303,13,1,0
BRDA:309,14,0,0
BRDA:309,14,1,0
BRF:30
BRH:0
end_of_record
TN:
SF:src/middleware/auth.js
FN:4,(anonymous_0)
FNF:1
FNH:0
FNDA:0,(anonymous_0)
DA:1,0
DA:2,0
DA:4,0
DA:5,0
DA:6,0
DA:8,0
DA:9,0
DA:15,0
DA:16,0
DA:18,0
DA:19,0
DA:21,0
DA:22,0
DA:29,0
LF:14
LH:0
BRDA:8,0,0,0
BRDA:8,0,1,0
BRDA:8,1,0,0
BRDA:8,1,1,0
BRF:4
BRH:0
end_of_record
TN:
SF:src/middleware/errorHandler.js
FN:4,generateRequestId
FN:8,(anonymous_1)
FNF:2
FNH:0
FNDA:0,generateRequestId
FNDA:0,(anonymous_1)
DA:1,0
DA:5,0
DA:8,0
DA:9,0
DA:12,0
DA:13,0
DA:14,0
DA:15,0
DA:16,0
DA:17,0
DA:18,0
DA:20,0
DA:21,0
DA:24,0
DA:25,0
DA:26,0
DA:28,0
DA:31,0
DA:32,0
DA:33,0
DA:36,0
DA:37,0
DA:38,0
DA:39,0
DA:40,0
DA:41,0
DA:42,0
DA:43,0
DA:44,0
DA:45,0
DA:46,0
DA:47,0
DA:48,0
DA:49,0
DA:50,0
DA:51,0
DA:52,0
DA:53,0
DA:54,0
DA:55,0
DA:56,0
DA:57,0
DA:58,0
DA:59,0
DA:60,0
DA:61,0
DA:62,0
DA:63,0
DA:64,0
DA:65,0
DA:66,0
DA:67,0
DA:68,0
DA:69,0
DA:70,0
DA:71,0
DA:75,0
DA:86,0
DA:87,0
DA:88,0
DA:95,0
DA:98,0
LF:62
LH:0
BRDA:15,0,0,0
BRDA:15,0,1,0
BRDA:16,1,0,0
BRDA:16,1,1,0
BRDA:17,2,0,0
BRDA:17,2,1,0
BRDA:18,3,0,0
BRDA:18,3,1,0
BRDA:20,4,0,0
BRDA:20,4,1,0
BRDA:20,5,0,0
BRDA:20,5,1,0
BRDA:24,6,0,0
BRDA:24,6,1,0
BRDA:36,7,0,0
BRDA:36,7,1,0
BRDA:40,8,0,0
BRDA:40,8,1,0
BRDA:44,9,0,0
BRDA:44,9,1,0
BRDA:48,10,0,0
BRDA:48,10,1,0
BRDA:52,11,0,0
BRDA:52,11,1,0
BRDA:56,12,0,0
BRDA:56,12,1,0
BRDA:60,13,0,0
BRDA:60,13,1,0
BRDA:64,14,0,0
BRDA:64,14,1,0
BRDA:68,15,0,0
BRDA:68,15,1,0
BRDA:86,16,0,0
BRDA:86,16,1,0
BRF:34
BRH:0
end_of_record
TN:
SF:src/middleware/rateLimiter.js
FNF:0
FNH:0
DA:1,0
DA:2,0
DA:4,0
DA:15,0
DA:24,0
LF:5
LH:0
BRF:0
BRH:0
end_of_record
TN:
SF:src/middleware/validation.js
FN:3,(anonymous_0)
FN:4,(anonymous_1)
FN:11,(anonymous_2)
FNF:3
FNH:0
FNDA:0,(anonymous_0)
FNDA:0,(anonymous_1)
FNDA:0,(anonymous_2)
DA:1,0
DA:3,0
DA:4,0
DA:5,0
DA:10,0
DA:11,0
DA:16,0
DA:18,0
DA:25,0
DA:26,0
DA:30,0
LF:11
LH:0
BRDA:10,0,0,0
BRDA:10,0,1,0
BRF:2
BRH:0
end_of_record
TN:
SF:src/models/Application.js
FN:4,(anonymous_0)
FN:34,(anonymous_1)
FN:45,(anonymous_2)
FN:56,(anonymous_3)
FN:82,(anonymous_4)
FN:128,(anonymous_5)
FN:134,(anonymous_6)
FN:160,(anonymous_7)
FN:171,(anonymous_8)
FN:182,(anonymous_9)
FN:210,(anonymous_10)
FNF:11
FNH:0
FNDA:0,(anonymous_0)
FNDA:0,(anonymous_1)
FNDA:0,(anonymous_2)
FNDA:0,(anonymous_3)
FNDA:0,(anonymous_4)
FNDA:0,(anonymous_5)
FNDA:0,(anonymous_6)
FNDA:0,(anonymous_7)
FNDA:0,(anonymous_8)
FNDA:0,(anonymous_9)
FNDA:0,(anonymous_10)
DA:1,0
DA:5,0
DA:8,0
DA:9,0
DA:10,0
DA:11,0
DA:12,0
DA:13,0
DA:16,0
DA:22,0
DA:31,0
DA:35,0
DA:36,0
DA:42,0
DA:46,0
DA:47,0
DA:53,0
DA:57,0
DA:58,0
DA:64,0
DA:66,0
DA:67,0
DA:68,0
DA:71,0
DA:72,0
DA:73,0
DA:76,0
DA:78,0
DA:79,0
DA:83,0
DA:84,0
DA:85,0
DA:87,0
DA:88,0
DA:89,0
DA:92,0
DA:93,0
DA:94,0
DA:97,0
DA:98,0
DA:99,0
DA:102,0
DA:103,0
DA:104,0
DA:107,0
DA:108,0
DA:109,0
DA:112,0
DA:113,0
DA:114,0
DA:117,0
DA:118,0
DA:120,0
DA:123,0
DA:125,0
DA:129,0
DA:130,0
DA:131,0
DA:135,0
DA:138,0
DA:141,0
DA:144,0
DA:147,0
DA:150,0
DA:152,0
DA:161,0
DA:164,0
DA:171,0
DA:172,0
DA:182,0
DA:183,0
DA:192,0
DA:193,0
DA:201,0
DA:202,0
DA:210,0
DA:214,0
LF:77
LH:0
BRDA:8,0,0,0
BRDA:8,0,1,0
BRDA:9,1,0,0
BRDA:9,1,1,0
BRDA:24,2,0,0
BRDA:24,2,1,0
BRDA:25,3,0,0
BRDA:25,3,1,0
BRDA:26,4,0,0
BRDA:26,4,1,0
BRDA:26,4,2,0
BRDA:27,5,0,0
BRDA:27,5,1,0
BRDA:28,6,0,0
BRDA:28,6,1,0
BRDA:56,7,0,0
BRDA:66,8,0,0
BRDA:66,8,1,0
BRDA:71,9,0,0
BRDA:71,9,1,0
BRDA:87,10,0,0
BRDA:87,10,1,0
BRDA:92,11,0,0
BRDA:92,11,1,0
BRDA:97,12,0,0
BRDA:97,12,1,0
BRDA:102,13,0,0
BRDA:102,13,1,0
BRDA:107,14,0,0
BRDA:107,14,1,0
BRDA:112,15,0,0
BRDA:112,15,1,0
BRDA:192,16,0,0
BRDA:192,16,1,0
BRDA:201,17,0,0
BRDA:201,17,1,0
BRF:36
BRH:0
end_of_record
TN:
SF:src/models/College.js
FN:8,normalizeAcceptanceRate
FN:23,safeJsonParse
FN:34,getCountryRequirements
FN:107,getRegion
FN:127,(anonymous_4)
FN:181,(anonymous_5)
FN:195,(anonymous_6)
FN:252,(anonymous_7)
FN:317,(anonymous_8)
FN:323,(anonymous_9)
FN:362,(anonymous_10)
FN:372,(anonymous_11)
FN:384,(anonymous_12)
FN:406,(anonymous_13)
FN:411,(anonymous_14)
FN:413,(anonymous_15)
FN:422,(anonymous_16)
FN:486,(anonymous_17)
FNF:18
FNH:0
FNDA:0,normalizeAcceptanceRate
FNDA:0,safeJsonParse
FNDA:0,getCountryRequirements
FNDA:0,getRegion
FNDA:0,(anonymous_4)
FNDA:0,(anonymous_5)
FNDA:0,(anonymous_6)
FNDA:0,(anonymous_7)
FNDA:0,(anonymous_8)
FNDA:0,(anonymous_9)
FNDA:0,(anonymous_10)
FNDA:0,(anonymous_11)
FNDA:0,(anonymous_12)
FNDA:0,(anonymous_13)
FNDA:0,(anonymous_14)
FNDA:0,(anonymous_15)
FNDA:0,(anonymous_16)
FNDA:0,(anonymous_17)
DA:1,0
DA:4,0
DA:5,0
DA:9,0
DA:10,0
DA:11,0
DA:12,0
DA:13,0
DA:14,0
DA:16,0
DA:17,0
DA:19,0
DA:24,0
DA:25,0
DA:26,0
DA:27,0
DA:29,0
DA:35,0
DA:37,0
DA:38,0
DA:56,0
DA:57,0
DA:72,0
DA:73,0
DA:90,0
DA:108,0
DA:110,0
DA:111,0
DA:113,0
DA:114,0
DA:116,0
DA:117,0
DA:120,0
DA:128,0
DA:131,0
DA:136,0
DA:137,0
DA:140,0
DA:150,0
DA:152,0
DA:175,0
DA:182,0
DA:183,0
DA:184,0
DA:186,0
DA:187,0
DA:189,0
DA:197,0
DA:198,0
DA:201,0
DA:204,0
DA:205,0
DA:207,0
DA:253,0
DA:255,0
DA:256,0
DA:259,0
DA:260,0
DA:261,0
DA:263,0
DA:264,0
DA:265,0
DA:266,0
DA:267,0
DA:269,0
DA:270,0
DA:275,0
DA:276,0
DA:283,0
DA:284,0
DA:288,0
DA:289,0
DA:290,0
DA:292,0
DA:293,0
DA:294,0
DA:298,0
DA:299,0
DA:300,0
DA:301,0
DA:302,0
DA:303,0
DA:305,0
DA:309,0
DA:310,0
DA:311,0
DA:312,0
DA:314,0
DA:315,0
DA:317,0
DA:324,0
DA:326,0
DA:327,0
DA:329,0
DA:330,0
DA:331,0
DA:332,0
DA:333,0
DA:334,0
DA:335,0
DA:336,0
DA:338,0
DA:339,0
DA:343,0
DA:344,0
DA:351,0
DA:352,0
DA:355,0
DA:356,0
DA:363,0
DA:373,0
DA:385,0
DA:387,0
DA:388,0
DA:390,0
DA:391,0
DA:393,0
DA:394,0
DA:396,0
DA:397,0
DA:400,0
DA:407,0
DA:408,0
DA:410,0
DA:411,0
DA:412,0
DA:413,0
DA:416,0
DA:423,0
DA:425,0
DA:426,0
DA:428,0
DA:451,0
DA:452,0
DA:453,0
DA:456,0
DA:457,0
DA:461,0
DA:462,0
DA:465,0
DA:466,0
DA:470,0
DA:471,0
DA:474,0
DA:475,0
DA:477,0
DA:478,0
DA:480,0
DA:487,0
DA:488,0
DA:489,0
DA:493,0
LF:152
LH:0
BRDA:9,0,0,0
BRDA:9,0,1,0
BRDA:9,1,0,0
BRDA:9,1,1,0
BRDA:11,2,0,0
BRDA:11,2,1,0
BRDA:12,3,0,0
BRDA:12,3,1,0
BRDA:16,4,0,0
BRDA:16,4,1,0
BRDA:23,5,0,0
BRDA:24,6,0,0
BRDA:24,6,1,0
BRDA:25,7,0,0
BRDA:25,7,1,0
BRDA:35,8,0,0
BRDA:35,8,1,0
BRDA:37,9,0,0
BRDA:37,9,1,0
BRDA:37,10,0,0
BRDA:37,10,1,0
BRDA:37,10,2,0
BRDA:56,11,0,0
BRDA:56,11,1,0
BRDA:56,12,0,0
BRDA:56,12,1,0
BRDA:72,13,0,0
BRDA:72,13,1,0
BRDA:108,14,0,0
BRDA:108,14,1,0
BRDA:110,15,0,0
BRDA:110,15,1,0
BRDA:110,16,0,0
BRDA:110,16,1,0
BRDA:110,16,2,0
BRDA:113,17,0,0
BRDA:113,17,1,0
BRDA:113,18,0,0
BRDA:113,18,1,0
BRDA:116,19,0,0
BRDA:116,19,1,0
BRDA:136,20,0,0
BRDA:136,20,1,0
BRDA:150,21,0,0
BRDA:150,21,1,0
BRDA:155,22,0,0
BRDA:155,22,1,0
BRDA:156,23,0,0
BRDA:156,23,1,0
BRDA:156,23,2,0
BRDA:157,24,0,0
BRDA:157,24,1,0
BRDA:157,24,2,0
BRDA:158,25,0,0
BRDA:158,25,1,0
BRDA:158,25,2,0
BRDA:159,26,0,0
BRDA:159,26,1,0
BRDA:159,26,2,0
BRDA:160,27,0,0
BRDA:160,27,1,0
BRDA:160,27,2,0
BRDA:161,28,0,0
BRDA:161,28,1,0
BRDA:161,28,2,0
BRDA:163,29,0,0
BRDA:163,29,1,0
BRDA:163,29,2,0
BRDA:164,30,0,0
BRDA:164,30,1,0
BRDA:164,30,2,0
BRDA:165,31,0,0
BRDA:165,31,1,0
BRDA:165,31,2,0
BRDA:166,32,0,0
BRDA:166,32,1,0
BRDA:166,32,2,0
BRDA:167,33,0,0
BRDA:167,33,1,0
BRDA:167,33,2,0
BRDA:168,34,0,0
BRDA:168,34,1,0
BRDA:168,34,2,0
BRDA:169,35,0,0
BRDA:169,35,1,0
BRDA:169,35,2,0
BRDA:170,36,0,0
BRDA:170,36,1,0
BRDA:171,37,0,0
BRDA:171,37,1,0
BRDA:171,37,2,0
BRDA:172,38,0,0
BRDA:172,38,1,0
BRDA:172,38,2,0
BRDA:186,39,0,0
BRDA:186,39,1,0
BRDA:252,40,0,0
BRDA:259,41,0,0
BRDA:259,41,1,0
BRDA:261,42,0,0
BRDA:261,42,1,0
BRDA:264,43,0,0
BRDA:264,43,1,0
BRDA:264,44,0,0
BRDA:264,44,1,0
BRDA:266,45,0,0
BRDA:266,45,1,0
BRDA:266,46,0,0
BRDA:266,46,1,0
BRDA:275,47,0,0
BRDA:275,47,1,0
BRDA:288,48,0,0
BRDA:288,48,1,0
BRDA:292,49,0,0
BRDA:292,49,1,0
BRDA:299,50,0,0
BRDA:299,50,1,0
BRDA:301,51,0,0
BRDA:301,51,1,0
BRDA:302,52,0,0
BRDA:302,52,1,0
BRDA:309,53,0,0
BRDA:309,53,1,0
BRDA:310,54,0,0
BRDA:310,54,1,0
BRDA:323,55,0,0
BRDA:329,56,0,0
BRDA:329,56,1,0
BRDA:331,57,0,0
BRDA:331,57,1,0
BRDA:333,58,0,0
BRDA:333,58,1,0
BRDA:333,59,0,0
BRDA:333,59,1,0
BRDA:335,60,0,0
BRDA:335,60,1,0
BRDA:335,61,0,0
BRDA:335,61,1,0
BRDA:343,62,0,0
BRDA:343,62,1,0
BRDA:362,63,0,0
BRDA:387,64,0,0
BRDA:387,64,1,0
BRDA:390,65,0,0
BRDA:390,65,1,0
BRDA:393,66,0,0
BRDA:393,66,1,0
BRDA:396,67,0,0
BRDA:396,67,1,0
BRDA:452,68,0,0
BRDA:452,68,1,0
BRDA:456,69,0,0
BRDA:456,69,1,0
BRDA:456,70,0,0
BRDA:456,70,1,0
BRDA:461,71,0,0
BRDA:461,71,1,0
BRDA:470,72,0,0
BRDA:470,72,1,0
BRF:159
BRH:0
end_of_record
TN:
SF:src/models/Deadline.js
FN:4,(anonymous_0)
FN:24,(anonymous_1)
FN:30,(anonymous_2)
FN:40,(anonymous_3)
FN:55,(anonymous_4)
FN:89,(anonymous_5)
FNF:6
FNH:0
FNDA:0,(anonymous_0)
FNDA:0,(anonymous_1)
FNDA:0,(anonymous_2)
FNDA:0,(anonymous_3)
FNDA:0,(anonymous_4)
FNDA:0,(anonymous_5)
DA:1,0
DA:5,0
DA:6,0
DA:13,0
DA:21,0
DA:25,0
DA:26,0
DA:27,0
DA:31,0
DA:32,0
DA:37,0
DA:41,0
DA:42,0
DA:52,0
DA:56,0
DA:57,0
DA:58,0
DA:60,0
DA:61,0
DA:62,0
DA:65,0
DA:66,0
DA:67,0
DA:70,0
DA:71,0
DA:72,0
DA:74,0
DA:75,0
DA:79,0
DA:81,0
DA:84,0
DA:86,0
DA:90,0
DA:91,0
DA:92,0
DA:96,0
LF:36
LH:0
BRDA:17,0,0,0
BRDA:17,0,1,0
BRDA:18,1,0,0
BRDA:18,1,1,0
BRDA:40,2,0,0
BRDA:60,3,0,0
BRDA:60,3,1,0
BRDA:65,4,0,0
BRDA:65,4,1,0
BRDA:70,5,0,0
BRDA:70,5,1,0
BRDA:72,6,0,0
BRDA:72,6,1,0
BRDA:74,7,0,0
BRDA:74,7,1,0
BRF:15
BRH:0
end_of_record
TN:
SF:src/models/Essay.js
FN:4,(anonymous_0)
FN:26,(anonymous_1)
FN:32,(anonymous_2)
FN:42,(anonymous_3)
FN:55,(anonymous_4)
FN:86,(anonymous_5)
FNF:6
FNH:0
FNDA:0,(anonymous_0)
FNDA:0,(anonymous_1)
FNDA:0,(anonymous_2)
FNDA:0,(anonymous_3)
FNDA:0,(anonymous_4)
FNDA:0,(anonymous_5)
DA:1,0
DA:5,0
DA:6,0
DA:13,0
DA:23,0
DA:27,0
DA:28,0
DA:29,0
DA:33,0
DA:34,0
DA:39,0
DA:43,0
DA:44,0
DA:52,0
DA:56,0
DA:57,0
DA:58,0
DA:60,0
DA:61,0
DA:62,0
DA:63,0
DA:66,0
DA:67,0
DA:68,0
DA:71,0
DA:72,0
DA:73,0
DA:76,0
DA:78,0
DA:81,0
DA:83,0
DA:87,0
DA:88,0
DA:89,0
DA:93,0
LF:35
LH:0
BRDA:17,0,0,0
BRDA:17,0,1,0
BRDA:18,1,0,0
BRDA:18,1,1,0
BRDA:19,2,0,0
BRDA:19,2,1,0
BRDA:20,3,0,0
BRDA:20,3,1,0
BRDA:60,4,0,0
BRDA:60,4,1,0
BRDA:66,5,0,0
BRDA:66,5,1,0
BRDA:71,6,0,0
BRDA:71,6,1,0
BRF:14
BRH:0
end_of_record
TN:
SF:src/models/StudentActivity.js
FN:75,(anonymous_0)
FN:135,(anonymous_1)
FN:209,(anonymous_2)
FN:245,(anonymous_3)
FN:257,(anonymous_4)
FN:266,(anonymous_5)
FN:279,(anonymous_6)
FN:298,(anonymous_7)
FN:308,(anonymous_8)
FN:324,(anonymous_9)
FN:325,(anonymous_10)
FN:326,(anonymous_11)
FN:327,(anonymous_12)
FN:328,(anonymous_13)
FN:329,(anonymous_14)
FNF:15
FNH:0
FNDA:0,(anonymous_0)
FNDA:0,(anonymous_1)
FNDA:0,(anonymous_2)
FNDA:0,(anonymous_3)
FNDA:0,(anonymous_4)
FNDA:0,(anonymous_5)
FNDA:0,(anonymous_6)
FNDA:0,(anonymous_7)
FNDA:0,(anonymous_8)
FNDA:0,(anonymous_9)
FNDA:0,(anonymous_10)
FNDA:0,(anonymous_11)
FNDA:0,(anonymous_12)
FNDA:0,(anonymous_13)
FNDA:0,(anonymous_14)
DA:4,0
DA:10,0
DA:49,0
DA:76,0
DA:79,0
DA:82,0
DA:83,0
DA:84,0
DA:85,0
DA:88,0
DA:93,0
DA:95,0
DA:106,0
DA:129,0
DA:136,0
DA:139,0
DA:140,0
DA:143,0
DA:146,0
DA:147,0
DA:148,0
DA:152,0
DA:153,0
DA:154,0
DA:155,0
DA:157,0
DA:181,0
DA:203,0
DA:210,0
DA:218,0
DA:219,0
DA:220,0
DA:225,0
DA:226,0
DA:227,0
DA:232,0
DA:233,0
DA:234,0
DA:239,0
DA:246,0
DA:247,0
DA:248,0
DA:249,0
DA:250,0
DA:251,0
DA:258,0
DA:259,0
DA:260,0
DA:267,0
DA:268,0
DA:273,0
DA:280,0
DA:282,0
DA:288,0
DA:289,0
DA:292,0
DA:299,0
DA:300,0
DA:301,0
DA:302,0
DA:309,0
DA:310,0
DA:321,0
DA:323,0
DA:324,0
DA:325,0
DA:326,0
DA:327,0
DA:328,0
DA:329,0
DA:334,0
LF:71
LH:0
BRDA:79,0,0,0
BRDA:79,0,1,0
BRDA:79,0,2,0
BRDA:82,1,0,0
BRDA:82,1,1,0
BRDA:82,1,2,0
BRDA:83,2,0,0
BRDA:83,2,1,0
BRDA:83,2,2,0
BRDA:93,3,0,0
BRDA:93,3,1,0
BRDA:108,4,0,0
BRDA:108,4,1,0
BRDA:109,5,0,0
BRDA:109,5,1,0
BRDA:110,6,0,0
BRDA:110,6,1,0
BRDA:110,6,2,0
BRDA:111,7,0,0
BRDA:111,7,1,0
BRDA:111,7,2,0
BRDA:112,8,0,0
BRDA:112,8,1,0
BRDA:113,9,0,0
BRDA:113,9,1,0
BRDA:113,10,0,0
BRDA:113,10,1,0
BRDA:114,11,0,0
BRDA:114,11,1,0
BRDA:114,12,0,0
BRDA:114,12,1,0
BRDA:115,13,0,0
BRDA:115,13,1,0
BRDA:115,14,0,0
BRDA:115,14,1,0
BRDA:116,15,0,0
BRDA:116,15,1,0
BRDA:116,16,0,0
BRDA:116,16,1,0
BRDA:120,17,0,0
BRDA:120,17,1,0
BRDA:120,17,2,0
BRDA:122,18,0,0
BRDA:122,18,1,0
BRDA:122,19,0,0
BRDA:122,19,1,0
BRDA:123,20,0,0
BRDA:123,20,1,0
BRDA:123,21,0,0
BRDA:123,21,1,0
BRDA:124,22,0,0
BRDA:124,22,1,0
BRDA:124,23,0,0
BRDA:124,23,1,0
BRDA:125,24,0,0
BRDA:125,24,1,0
BRDA:125,25,0,0
BRDA:125,25,1,0
BRDA:140,26,0,0
BRDA:140,26,1,0
BRDA:146,27,0,0
BRDA:146,27,1,0
BRDA:147,28,0,0
BRDA:147,28,1,0
BRDA:152,29,0,0
BRDA:152,29,1,0
BRDA:152,29,2,0
BRDA:152,29,3,0
BRDA:153,30,0,0
BRDA:153,30,1,0
BRDA:153,30,2,0
BRDA:153,30,3,0
BRDA:182,31,0,0
BRDA:182,31,1,0
BRDA:182,31,2,0
BRDA:183,32,0,0
BRDA:183,32,1,0
BRDA:183,32,2,0
BRDA:184,33,0,0
BRDA:184,33,1,0
BRDA:184,33,2,0
BRDA:185,34,0,0
BRDA:185,34,1,0
BRDA:185,34,2,0
BRDA:186,35,0,0
BRDA:186,35,1,0
BRDA:187,36,0,0
BRDA:187,36,1,0
BRDA:187,37,0,0
BRDA:187,37,1,0
BRDA:187,38,0,0
BRDA:187,38,1,0
BRDA:187,39,0,0
BRDA:187,39,1,0
BRDA:188,40,0,0
BRDA:188,40,1,0
BRDA:188,41,0,0
BRDA:188,41,1,0
BRDA:188,42,0,0
BRDA:188,42,1,0
BRDA:188,43,0,0
BRDA:188,43,1,0
BRDA:189,44,0,0
BRDA:189,44,1,0
BRDA:189,45,0,0
BRDA:189,45,1,0
BRDA:189,46,0,0
BRDA:189,46,1,0
BRDA:189,47,0,0
BRDA:189,47,1,0
BRDA:190,48,0,0
BRDA:190,48,1,0
BRDA:190,49,0,0
BRDA:190,49,1,0
BRDA:190,50,0,0
BRDA:190,50,1,0
BRDA:190,51,0,0
BRDA:190,51,1,0
BRDA:194,52,0,0
BRDA:194,52,1,0
BRDA:194,52,2,0
BRDA:196,53,0,0
BRDA:196,53,1,0
BRDA:196,54,0,0
BRDA:196,54,1,0
BRDA:197,55,0,0
BRDA:197,55,1,0
BRDA:197,56,0,0
BRDA:197,56,1,0
BRDA:198,57,0,0
BRDA:198,57,1,0
BRDA:198,58,0,0
BRDA:198,58,1,0
BRDA:199,59,0,0
BRDA:199,59,1,0
BRDA:199,60,0,0
BRDA:199,60,1,0
BRDA:211,61,0,0
BRDA:211,61,1,0
BRDA:211,61,2,0
BRDA:212,62,0,0
BRDA:212,62,1,0
BRDA:212,62,2,0
BRDA:213,63,0,0
BRDA:213,63,1,0
BRDA:214,64,0,0
BRDA:214,64,1,0
BRDA:214,64,2,0
BRDA:219,65,0,0
BRDA:219,65,1,0
BRDA:226,66,0,0
BRDA:226,66,1,0
BRDA:233,67,0,0
BRDA:233,67,1,0
BRDA:247,68,0,0
BRDA:247,68,1,0
BRDA:247,69,0,0
BRDA:247,69,1,0
BRDA:248,70,0,0
BRDA:248,70,1,0
BRDA:248,71,0,0
BRDA:248,71,1,0
BRDA:249,72,0,0
BRDA:249,72,1,0
BRDA:249,73,0,0
BRDA:249,73,1,0
BRDA:250,74,0,0
BRDA:250,74,1,0
BRDA:250,75,0,0
BRDA:250,75,1,0
BRDA:324,76,0,0
BRDA:324,76,1,0
BRDA:325,77,0,0
BRDA:325,77,1,0
BRDA:326,78,0,0
BRDA:326,78,1,0
BRDA:327,79,0,0
BRDA:327,79,1,0
BRDA:329,80,0,0
BRDA:329,80,1,0
BRF:180
BRH:0
end_of_record
TN:
SF:src/models/StudentProfile.js
FN:10,(anonymous_0)
FN:26,(anonymous_1)
FN:123,(anonymous_2)
FN:224,(anonymous_3)
FN:244,(anonymous_4)
FN:263,(anonymous_5)
FN:305,(anonymous_6)
FN:349,(anonymous_7)
FNF:8
FNH:0
FNDA:0,(anonymous_0)
FNDA:0,(anonymous_1)
FNDA:0,(anonymous_2)
FNDA:0,(anonymous_3)
FNDA:0,(anonymous_4)
FNDA:0,(anonymous_5)
FNDA:0,(anonymous_6)
FNDA:0,(anonymous_7)
DA:4,0
DA:11,0
DA:14,0
DA:16,0
DA:17,0
DA:19,0
DA:27,0
DA:29,0
DA:61,0
DA:117,0
DA:124,0
DA:127,0
DA:128,0
DA:130,0
DA:185,0
DA:186,0
DA:187,0
DA:190,0
DA:191,0
DA:195,0
DA:196,0
DA:199,0
DA:200,0
DA:204,0
DA:205,0
DA:208,0
DA:209,0
DA:211,0
DA:217,0
DA:218,0
DA:225,0
DA:226,0
DA:227,0
DA:229,0
DA:231,0
DA:232,0
DA:233,0
DA:234,0
DA:235,0
DA:238,0
DA:245,0
DA:246,0
DA:247,0
DA:249,0
DA:250,0
DA:251,0
DA:252,0
DA:253,0
DA:254,0
DA:257,0
DA:264,0
DA:266,0
DA:267,0
DA:270,0
DA:273,0
DA:278,0
DA:281,0
DA:286,0
DA:289,0
DA:294,0
DA:297,0
DA:299,0
DA:306,0
DA:319,0
DA:320,0
DA:321,0
DA:322,0
DA:323,0
DA:328,0
DA:329,0
DA:330,0
DA:331,0
DA:336,0
DA:337,0
DA:338,0
DA:339,0
DA:343,0
DA:350,0
DA:353,0
DA:354,0
DA:357,0
DA:358,0
DA:359,0
DA:360,0
DA:362,0
DA:366,0
LF:86
LH:0
BRDA:16,0,0,0
BRDA:16,0,1,0
BRDA:63,1,0,0
BRDA:63,1,1,0
BRDA:63,1,2,0
BRDA:64,2,0,0
BRDA:64,2,1,0
BRDA:64,2,2,0
BRDA:65,3,0,0
BRDA:65,3,1,0
BRDA:66,4,0,0
BRDA:66,4,1,0
BRDA:66,4,2,0
BRDA:67,5,0,0
BRDA:67,5,1,0
BRDA:67,5,2,0
BRDA:68,6,0,0
BRDA:68,6,1,0
BRDA:68,6,2,0
BRDA:69,7,0,0
BRDA:69,7,1,0
BRDA:69,7,2,0
BRDA:70,8,0,0
BRDA:70,8,1,0
BRDA:70,8,2,0
BRDA:71,9,0,0
BRDA:71,9,1,0
BRDA:71,9,2,0
BRDA:72,10,0,0
BRDA:72,10,1,0
BRDA:72,10,2,0
BRDA:73,11,0,0
BRDA:73,11,1,0
BRDA:73,11,2,0
BRDA:74,12,0,0
BRDA:74,12,1,0
BRDA:74,12,2,0
BRDA:75,13,0,0
BRDA:75,13,1,0
BRDA:75,13,2,0
BRDA:76,14,0,0
BRDA:76,14,1,0
BRDA:76,14,2,0
BRDA:77,15,0,0
BRDA:77,15,1,0
BRDA:77,15,2,0
BRDA:78,16,0,0
BRDA:78,16,1,0
BRDA:78,16,2,0
BRDA:79,17,0,0
BRDA:79,17,1,0
BRDA:79,17,2,0
BRDA:80,18,0,0
BRDA:80,18,1,0
BRDA:80,18,2,0
BRDA:81,19,0,0
BRDA:81,19,1,0
BRDA:81,19,2,0
BRDA:82,20,0,0
BRDA:82,20,1,0
BRDA:82,20,2,0
BRDA:83,21,0,0
BRDA:83,21,1,0
BRDA:83,21,2,0
BRDA:84,22,0,0
BRDA:84,22,1,0
BRDA:84,22,2,0
BRDA:85,23,0,0
BRDA:85,23,1,0
BRDA:85,23,2,0
BRDA:86,24,0,0
BRDA:86,24,1,0
BRDA:86,24,2,0
BRDA:87,25,0,0
BRDA:87,25,1,0
BRDA:87,25,2,0
BRDA:88,26,0,0
BRDA:88,26,1,0
BRDA:88,26,2,0
BRDA:89,27,0,0
BRDA:89,27,1,0
BRDA:89,27,2,0
BRDA:90,28,0,0
BRDA:90,28,1,0
BRDA:90,28,2,0
BRDA:91,29,0,0
BRDA:91,29,1,0
BRDA:91,29,2,0
BRDA:92,30,0,0
BRDA:92,30,1,0
BRDA:92,30,2,0
BRDA:93,31,0,0
BRDA:93,31,1,0
BRDA:93,31,2,0
BRDA:94,32,0,0
BRDA:94,32,1,0
BRDA:95,33,0,0
BRDA:95,33,1,0
BRDA:95,33,2,0
BRDA:96,34,0,0
BRDA:96,34,1,0
BRDA:97,35,0,0
BRDA:97,35,1,0
BRDA:97,35,2,0
BRDA:98,36,0,0
BRDA:98,36,1,0
BRDA:98,36,2,0
BRDA:99,37,0,0
BRDA:99,37,1,0
BRDA:99,37,2,0
BRDA:100,38,0,0
BRDA:100,38,1,0
BRDA:100,39,0,0
BRDA:100,39,1,0
BRDA:101,40,0,0
BRDA:101,40,1,0
BRDA:101,41,0,0
BRDA:101,41,1,0
BRDA:102,42,0,0
BRDA:102,42,1,0
BRDA:102,42,2,0
BRDA:103,43,0,0
BRDA:103,43,1,0
BRDA:104,44,0,0
BRDA:104,44,1,0
BRDA:104,44,2,0
BRDA:105,45,0,0
BRDA:105,45,1,0
BRDA:105,45,2,0
BRDA:106,46,0,0
BRDA:106,46,1,0
BRDA:106,46,2,0
BRDA:107,47,0,0
BRDA:107,47,1,0
BRDA:107,47,2,0
BRDA:108,48,0,0
BRDA:108,48,1,0
BRDA:108,48,2,0
BRDA:109,49,0,0
BRDA:109,49,1,0
BRDA:109,49,2,0
BRDA:110,50,0,0
BRDA:110,50,1,0
BRDA:110,50,2,0
BRDA:111,51,0,0
BRDA:111,51,1,0
BRDA:111,51,2,0
BRDA:112,52,0,0
BRDA:112,52,1,0
BRDA:112,52,2,0
BRDA:113,53,0,0
BRDA:113,53,1,0
BRDA:113,53,2,0
BRDA:114,54,0,0
BRDA:114,54,1,0
BRDA:186,55,0,0
BRDA:186,55,1,0
BRDA:186,56,0,0
BRDA:186,56,1,0
BRDA:187,57,0,0
BRDA:187,57,1,0
BRDA:190,58,0,0
BRDA:190,58,1,0
BRDA:195,59,0,0
BRDA:195,59,1,0
BRDA:196,60,0,0
BRDA:196,60,1,0
BRDA:204,61,0,0
BRDA:204,61,1,0
BRDA:229,62,0,0
BRDA:229,62,1,0
BRDA:231,63,0,0
BRDA:231,63,1,0
BRDA:232,64,0,0
BRDA:232,64,1,0
BRDA:233,65,0,0
BRDA:233,65,1,0
BRDA:234,66,0,0
BRDA:234,66,1,0
BRDA:235,67,0,0
BRDA:235,67,1,0
BRDA:249,68,0,0
BRDA:249,68,1,0
BRDA:250,69,0,0
BRDA:250,69,1,0
BRDA:251,70,0,0
BRDA:251,70,1,0
BRDA:252,71,0,0
BRDA:252,71,1,0
BRDA:253,72,0,0
BRDA:253,72,1,0
BRDA:254,73,0,0
BRDA:254,73,1,0
BRDA:266,74,0,0
BRDA:266,74,1,0
BRDA:307,75,0,0
BRDA:307,75,1,0
BRDA:313,76,0,0
BRDA:313,76,1,0
BRDA:319,77,0,0
BRDA:319,77,1,0
BRDA:321,78,0,0
BRDA:321,78,1,0
BRDA:322,79,0,0
BRDA:322,79,1,0
BRDA:323,80,0,0
BRDA:323,80,1,0
BRDA:328,81,0,0
BRDA:328,81,1,0
BRDA:330,82,0,0
BRDA:330,82,1,0
BRDA:330,83,0,0
BRDA:330,83,1,0
BRDA:331,84,0,0
BRDA:331,84,1,0
BRDA:336,85,0,0
BRDA:336,85,1,0
BRDA:338,86,0,0
BRDA:338,86,1,0
BRDA:338,87,0,0
BRDA:338,87,1,0
BRDA:339,88,0,0
BRDA:339,88,1,0
BRDA:354,89,0,0
BRDA:354,89,1,0
BRF:225
BRH:0
end_of_record
TN:
SF:src/models/User.js
FN:5,(anonymous_0)
FN:16,(anonymous_1)
FN:31,(anonymous_2)
FN:37,(anonymous_3)
FN:43,(anonymous_4)
FN:67,(anonymous_5)
FN:71,(anonymous_6)
FNF:7
FNH:0
FNDA:0,(anonymous_0)
FNDA:0,(anonymous_1)
FNDA:0,(anonymous_2)
FNDA:0,(anonymous_3)
FNDA:0,(anonymous_4)
FNDA:0,(anonymous_5)
FNDA:0,(anonymous_6)
DA:1,0
DA:2,0
DA:6,0
DA:7,0
DA:12,0
DA:13,0
DA:17,0
DA:18,0
DA:19,0
DA:21,0
DA:22,0
DA:23,0
DA:24,0
DA:25,0
DA:28,0
DA:32,0
DA:33,0
DA:34,0
DA:38,0
DA:39,0
DA:40,0
DA:44,0
DA:45,0
DA:56,0
DA:64,0
DA:68,0
DA:72,0
DA:76,0
LF:28
LH:0
BRDA:21,0,0,0
BRDA:21,0,1,0
BRDA:22,1,0,0
BRDA:22,1,1,0
BRDA:23,2,0,0
BRDA:23,2,1,0
BRDA:24,3,0,0
BRDA:24,3,1,0
BRDA:25,4,0,0
BRDA:25,4,1,0
BRF:10
BRH:0
end_of_record
TN:
SF:src/routes/aiCounselor.js
FN:18,(anonymous_0)
FN:62,(anonymous_1)
FN:82,(anonymous_2)
FN:99,(anonymous_3)
FN:100,(anonymous_4)
FN:101,(anonymous_5)
FN:121,(anonymous_6)
FN:126,(anonymous_7)
FN:161,(anonymous_8)
FN:199,(anonymous_9)
FN:238,(anonymous_10)
FN:298,(anonymous_11)
FN:342,callAI
FN:374,intelligentCollegeMatching
FN:375,(anonymous_14)
FN:381,(anonymous_15)
FN:387,(anonymous_16)
FN:389,(anonymous_17)
FN:392,(anonymous_18)
FN:396,(anonymous_19)
FN:434,(anonymous_20)
FN:440,searchWithCriteria
FN:449,parseJSONFromAI
FN:460,parseRoadmapSteps
FN:464,(anonymous_24)
FN:476,generateTimeline
FN:491,getFallbackMajorGuidance
FN:494,(anonymous_27)
FN:504,getFallbackRequirements
FN:519,getFallbackSubjectAdvice
FN:535,getFallbackOpportunities
FN:551,getFallbackRoadmap
FN:567,basicSearch
FN:568,(anonymous_33)
FN:578,(anonymous_34)
FNF:35
FNH:0
FNDA:0,(anonymous_0)
FNDA:0,(anonymous_1)
FNDA:0,(anonymous_2)
FNDA:0,(anonymous_3)
FNDA:0,(anonymous_4)
FNDA:0,(anonymous_5)
FNDA:0,(anonymous_6)
FNDA:0,(anonymous_7)
FNDA:0,(anonymous_8)
FNDA:0,(anonymous_9)
FNDA:0,(anonymous_10)
FNDA:0,(anonymous_11)
FNDA:0,callAI
FNDA:0,intelligentCollegeMatching
FNDA:0,(anonymous_14)
FNDA:0,(anonymous_15)
FNDA:0,(anonymous_16)
FNDA:0,(anonymous_17)
FNDA:0,(anonymous_18)
FNDA:0,(anonymous_19)
FNDA:0,(anonymous_20)
FNDA:0,searchWithCriteria
FNDA:0,parseJSONFromAI
FNDA:0,parseRoadmapSteps
FNDA:0,(anonymous_24)
FNDA:0,generateTimeline
FNDA:0,getFallbackMajorGuidance
FNDA:0,(anonymous_27)
FNDA:0,getFallbackRequirements
FNDA:0,getFallbackSubjectAdvice
FNDA:0,getFallbackOpportunities
FNDA:0,getFallbackRoadmap
FNDA:0,basicSearch
FNDA:0,(anonymous_33)
FNDA:0,(anonymous_34)
DA:5,0
DA:6,0
DA:7,0
DA:10,0
DA:11,0
DA:18,0
DA:19,0
DA:20,0
DA:23,0
DA:39,0
DA:41,0
DA:48,0
DA:49,0
DA:62,0
DA:63,0
DA:64,0
DA:67,0
DA:70,0
DA:71,0
DA:82,0
DA:92,0
DA:94,0
DA:99,0
DA:100,0
DA:101,0
DA:106,0
DA:108,0
DA:109,0
DA:121,0
DA:122,0
DA:123,0
DA:125,0
DA:126,0
DA:141,0
DA:143,0
DA:149,0
DA:161,0
DA:162,0
DA:163,0
DA:165,0
DA:179,0
DA:181,0
DA:187,0
DA:199,0
DA:200,0
DA:201,0
DA:203,0
DA:218,0
DA:220,0
DA:226,0
DA:238,0
DA:239,0
DA:240,0
DA:242,0
DA:271,0
DA:274,0
DA:276,0
DA:284,0
DA:285,0
DA:298,0
DA:299,0
DA:300,0
DA:303,0
DA:315,0
DA:316,0
DA:319,0
DA:321,0
DA:329,0
DA:331,0
DA:332,0
DA:343,0
DA:344,0
DA:361,0
DA:363,0
DA:364,0
DA:367,0
DA:369,0
DA:370,0
DA:375,0
DA:376,0
DA:377,0
DA:380,0
DA:381,0
DA:382,0
DA:386,0
DA:387,0
DA:388,0
DA:389,0
DA:392,0
DA:393,0
DA:396,0
DA:397,0
DA:398,0
DA:399,0
DA:402,0
DA:403,0
DA:404,0
DA:405,0
DA:409,0
DA:410,0
DA:411,0
DA:414,0
DA:415,0
DA:416,0
DA:420,0
DA:421,0
DA:424,0
DA:434,0
DA:435,0
DA:442,0
DA:450,0
DA:452,0
DA:453,0
DA:454,0
DA:457,0
DA:461,0
DA:462,0
DA:464,0
DA:465,0
DA:473,0
DA:477,0
DA:480,0
DA:492,0
DA:494,0
DA:505,0
DA:520,0
DA:536,0
DA:552,0
DA:568,0
DA:569,0
DA:577,0
DA:578,0
DA:579,0
DA:580,0
DA:585,0
LF:135
LH:0
BRDA:76,0,0,0
BRDA:76,0,1,0
BRDA:100,1,0,0
BRDA:100,1,1,0
BRDA:342,2,0,0
BRDA:363,3,0,0
BRDA:363,3,1,0
BRDA:380,4,0,0
BRDA:380,4,1,0
BRDA:380,5,0,0
BRDA:380,5,1,0
BRDA:386,6,0,0
BRDA:386,6,1,0
BRDA:386,7,0,0
BRDA:386,7,1,0
BRDA:393,8,0,0
BRDA:393,8,1,0
BRDA:402,9,0,0
BRDA:402,9,1,0
BRDA:404,10,0,0
BRDA:404,10,1,0
BRDA:405,11,0,0
BRDA:405,11,1,0
BRDA:409,12,0,0
BRDA:409,12,1,0
BRDA:410,13,0,0
BRDA:410,13,1,0
BRDA:414,14,0,0
BRDA:414,14,1,0
BRDA:414,15,0,0
BRDA:414,15,1,0
BRDA:415,16,0,0
BRDA:415,16,1,0
BRDA:416,17,0,0
BRDA:416,17,1,0
BRDA:420,18,0,0
BRDA:420,18,1,0
BRDA:420,19,0,0
BRDA:420,19,1,0
BRDA:444,20,0,0
BRDA:444,20,1,0
BRDA:445,21,0,0
BRDA:445,21,1,0
BRDA:453,22,0,0
BRDA:453,22,1,0
BRDA:462,23,0,0
BRDA:462,23,1,0
BRDA:579,24,0,0
BRDA:579,24,1,0
BRF:49
BRH:0
end_of_record
TN:
SF:src/routes/applications.js
FNF:0
FNH:0
DA:1,0
DA:2,0
DA:3,0
DA:4,0
DA:5,0
DA:6,0
DA:9,0
DA:11,0
DA:12,0
DA:13,0
DA:14,0
DA:15,0
DA:17,0
LF:13
LH:0
BRF:0
BRH:0
end_of_record
TN:
SF:src/routes/auth.js
FNF:0
FNH:0
DA:1,0
DA:2,0
DA:3,0
DA:4,0
DA:5,0
DA:6,0
DA:7,0
DA:10,0
DA:11,0
DA:12,0
DA:13,0
DA:16,0
DA:17,0
DA:19,0
LF:14
LH:0
BRF:0
BRH:0
end_of_record
TN:
SF:src/routes/chancing.js
FN:25,(anonymous_0)
FN:76,(anonymous_1)
FN:152,(anonymous_2)
FN:168,(anonymous_3)
FN:168,(anonymous_4)
FN:201,(anonymous_5)
FN:225,(anonymous_6)
FN:226,(anonymous_7)
FN:226,(anonymous_8)
FN:253,(anonymous_9)
FN:301,(anonymous_10)
FN:302,(anonymous_11)
FN:303,(anonymous_12)
FN:320,(anonymous_13)
FN:386,(anonymous_14)
FN:387,(anonymous_15)
FN:388,(anonymous_16)
FN:408,(anonymous_17)
FN:486,(anonymous_18)
FN:517,(anonymous_19)
FN:517,(anonymous_20)
FN:562,(anonymous_21)
FN:581,(anonymous_22)
FN:582,(anonymous_23)
FN:583,(anonymous_24)
FN:595,(anonymous_25)
FN:597,(anonymous_26)
FN:597,(anonymous_27)
FN:615,(anonymous_28)
FN:637,(anonymous_29)
FN:670,(anonymous_30)
FN:699,(anonymous_31)
FN:736,(anonymous_32)
FN:753,(anonymous_33)
FN:755,(anonymous_34)
FN:755,(anonymous_35)
FN:770,(anonymous_36)
FN:792,(anonymous_37)
FN:801,(anonymous_38)
FN:802,(anonymous_39)
FN:803,(anonymous_40)
FN:805,(anonymous_41)
FN:820,(anonymous_42)
FN:906,(anonymous_43)
FN:931,(anonymous_44)
FN:967,(anonymous_45)
FN:1045,(anonymous_46)
FN:1067,(anonymous_47)
FN:1088,(anonymous_48)
FN:1120,(anonymous_49)
FN:1145,(anonymous_50)
FN:1145,(anonymous_51)
FN:1173,(anonymous_52)
FN:1220,(anonymous_53)
FN:1221,(anonymous_54)
FN:1222,(anonymous_55)
FN:1304,(anonymous_56)
FN:1380,(anonymous_57)
FNF:58
FNH:0
FNDA:0,(anonymous_0)
FNDA:0,(anonymous_1)
FNDA:0,(anonymous_2)
FNDA:0,(anonymous_3)
FNDA:0,(anonymous_4)
FNDA:0,(anonymous_5)
FNDA:0,(anonymous_6)
FNDA:0,(anonymous_7)
FNDA:0,(anonymous_8)
FNDA:0,(anonymous_9)
FNDA:0,(anonymous_10)
FNDA:0,(anonymous_11)
FNDA:0,(anonymous_12)
FNDA:0,(anonymous_13)
FNDA:0,(anonymous_14)
FNDA:0,(anonymous_15)
FNDA:0,(anonymous_16)
FNDA:0,(anonymous_17)
FNDA:0,(anonymous_18)
FNDA:0,(anonymous_19)
FNDA:0,(anonymous_20)
FNDA:0,(anonymous_21)
FNDA:0,(anonymous_22)
FNDA:0,(anonymous_23)
FNDA:0,(anonymous_24)
FNDA:0,(anonymous_25)
FNDA:0,(anonymous_26)
FNDA:0,(anonymous_27)
FNDA:0,(anonymous_28)
FNDA:0,(anonymous_29)
FNDA:0,(anonymous_30)
FNDA:0,(anonymous_31)
FNDA:0,(anonymous_32)
FNDA:0,(anonymous_33)
FNDA:0,(anonymous_34)
FNDA:0,(anonymous_35)
FNDA:0,(anonymous_36)
FNDA:0,(anonymous_37)
FNDA:0,(anonymous_38)
FNDA:0,(anonymous_39)
FNDA:0,(anonymous_40)
FNDA:0,(anonymous_41)
FNDA:0,(anonymous_42)
FNDA:0,(anonymous_43)
FNDA:0,(anonymous_44)
FNDA:0,(anonymous_45)
FNDA:0,(anonymous_46)
FNDA:0,(anonymous_47)
FNDA:0,(anonymous_48)
FNDA:0,(anonymous_49)
FNDA:0,(anonymous_50)
FNDA:0,(anonymous_51)
FNDA:0,(anonymous_52)
FNDA:0,(anonymous_53)
FNDA:0,(anonymous_54)
FNDA:0,(anonymous_55)
FNDA:0,(anonymous_56)
FNDA:0,(anonymous_57)
DA:4,0
DA:5,0
DA:6,0
DA:13,0
DA:14,0
DA:15,0
DA:16,0
DA:17,0
DA:18,0
DA:25,0
DA:26,0
DA:27,0
DA:29,0
DA:30,0
DA:37,0
DA:39,0
DA:40,0
DA:48,0
DA:50,0
DA:51,0
DA:57,0
DA:59,0
DA:62,0
DA:63,0
DA:69,0
DA:71,0
DA:76,0
DA:85,0
DA:90,0
DA:91,0
DA:92,0
DA:93,0
DA:94,0
DA:95,0
DA:96,0
DA:98,0
DA:103,0
DA:104,0
DA:105,0
DA:119,0
DA:122,0
DA:143,0
DA:144,0
DA:152,0
DA:153,0
DA:154,0
DA:156,0
DA:157,0
DA:163,0
DA:164,0
DA:165,0
DA:168,0
DA:171,0
DA:173,0
DA:174,0
DA:181,0
DA:192,0
DA:193,0
DA:201,0
DA:202,0
DA:203,0
DA:206,0
DA:208,0
DA:209,0
DA:225,0
DA:226,0
DA:229,0
DA:231,0
DA:232,0
DA:239,0
DA:244,0
DA:245,0
DA:253,0
DA:254,0
DA:255,0
DA:258,0
DA:260,0
DA:261,0
DA:270,0
DA:272,0
DA:273,0
DA:274,0
DA:276,0
DA:277,0
DA:278,0
DA:279,0
DA:282,0
DA:286,0
DA:288,0
DA:289,0
DA:297,0
DA:300,0
DA:301,0
DA:302,0
DA:303,0
DA:306,0
DA:311,0
DA:312,0
DA:320,0
DA:321,0
DA:322,0
DA:324,0
DA:325,0
DA:335,0
DA:336,0
DA:337,0
DA:340,0
DA:341,0
DA:343,0
DA:344,0
DA:345,0
DA:346,0
DA:347,0
DA:348,0
DA:349,0
DA:352,0
DA:353,0
DA:354,0
DA:355,0
DA:356,0
DA:357,0
DA:358,0
DA:359,0
DA:360,0
DA:361,0
DA:362,0
DA:363,0
DA:366,0
DA:367,0
DA:368,0
DA:369,0
DA:372,0
DA:378,0
DA:379,0
DA:382,0
DA:383,0
DA:384,0
DA:386,0
DA:387,0
DA:388,0
DA:390,0
DA:391,0
DA:392,0
DA:394,0
DA:400,0
DA:401,0
DA:404,0
DA:405,0
DA:406,0
DA:408,0
DA:409,0
DA:411,0
DA:417,0
DA:418,0
DA:421,0
DA:422,0
DA:424,0
DA:425,0
DA:426,0
DA:427,0
DA:428,0
DA:429,0
DA:430,0
DA:432,0
DA:438,0
DA:439,0
DA:442,0
DA:444,0
DA:445,0
DA:447,0
DA:448,0
DA:450,0
DA:451,0
DA:453,0
DA:454,0
DA:456,0
DA:457,0
DA:460,0
DA:477,0
DA:478,0
DA:486,0
DA:487,0
DA:488,0
DA:490,0
DA:491,0
DA:498,0
DA:500,0
DA:501,0
DA:509,0
DA:512,0
DA:513,0
DA:517,0
DA:520,0
DA:521,0
DA:523,0
DA:524,0
DA:528,0
DA:529,0
DA:530,0
DA:531,0
DA:532,0
DA:533,0
DA:535,0
DA:540,0
DA:541,0
DA:542,0
DA:543,0
DA:544,0
DA:545,0
DA:547,0
DA:550,0
DA:555,0
DA:562,0
DA:563,0
DA:564,0
DA:565,0
DA:566,0
DA:567,0
DA:569,0
DA:581,0
DA:582,0
DA:583,0
DA:585,0
DA:595,0
DA:597,0
DA:606,0
DA:607,0
DA:615,0
DA:616,0
DA:617,0
DA:619,0
DA:620,0
DA:626,0
DA:628,0
DA:629,0
DA:632,0
DA:637,0
DA:640,0
DA:646,0
DA:655,0
DA:661,0
DA:662,0
DA:670,0
DA:671,0
DA:672,0
DA:675,0
DA:677,0
DA:678,0
DA:680,0
DA:686,0
DA:688,0
DA:689,0
DA:690,0
DA:693,0
DA:694,0
DA:696,0
DA:699,0
DA:700,0
DA:701,0
DA:703,0
DA:704,0
DA:706,0
DA:709,0
DA:710,0
DA:712,0
DA:715,0
DA:722,0
DA:727,0
DA:728,0
DA:736,0
DA:737,0
DA:739,0
DA:740,0
DA:742,0
DA:743,0
DA:753,0
DA:754,0
DA:755,0
DA:758,0
DA:759,0
DA:767,0
DA:768,0
DA:770,0
DA:771,0
DA:777,0
DA:778,0
DA:779,0
DA:781,0
DA:792,0
DA:794,0
DA:801,0
DA:802,0
DA:803,0
DA:805,0
DA:811,0
DA:812,0
DA:820,0
DA:821,0
DA:822,0
DA:823,0
DA:824,0
DA:827,0
DA:829,0
DA:830,0
DA:838,0
DA:840,0
DA:841,0
DA:848,0
DA:849,0
DA:854,0
DA:862,0
DA:865,0
DA:867,0
DA:897,0
DA:898,0
DA:906,0
DA:907,0
DA:908,0
DA:909,0
DA:911,0
DA:914,0
DA:922,0
DA:924,0
DA:931,0
DA:958,0
DA:959,0
DA:967,0
DA:968,0
DA:969,0
DA:970,0
DA:972,0
DA:973,0
DA:979,0
DA:1027,0
DA:1032,0
DA:1033,0
DA:1045,0
DA:1046,0
DA:1047,0
DA:1049,0
DA:1058,0
DA:1059,0
DA:1067,0
DA:1068,0
DA:1069,0
DA:1071,0
DA:1079,0
DA:1080,0
DA:1088,0
DA:1089,0
DA:1090,0
DA:1091,0
DA:1093,0
DA:1094,0
DA:1103,0
DA:1111,0
DA:1112,0
DA:1120,0
DA:1121,0
DA:1122,0
DA:1124,0
DA:1125,0
DA:1132,0
DA:1134,0
DA:1135,0
DA:1143,0
DA:1144,0
DA:1145,0
DA:1148,0
DA:1154,0
DA:1163,0
DA:1164,0
DA:1173,0
DA:1174,0
DA:1175,0
DA:1181,0
DA:1183,0
DA:1184,0
DA:1190,0
DA:1191,0
DA:1192,0
DA:1199,0
DA:1200,0
DA:1201,0
DA:1208,0
DA:1209,0
DA:1210,0
DA:1216,0
DA:1219,0
DA:1220,0
DA:1221,0
DA:1222,0
DA:1225,0
DA:1235,0
DA:1258,0
DA:1261,0
DA:1262,0
DA:1268,0
DA:1280,0
DA:1283,0
DA:1285,0
DA:1295,0
DA:1296,0
DA:1304,0
DA:1305,0
DA:1306,0
DA:1308,0
DA:1320,0
DA:1321,0
DA:1336,0
DA:1345,0
DA:1346,0
DA:1348,0
DA:1349,0
DA:1350,0
DA:1351,0
DA:1355,0
DA:1371,0
DA:1372,0
DA:1380,0
DA:1381,0
DA:1382,0
DA:1383,0
DA:1386,0
DA:1403,0
DA:1411,0
DA:1412,0
DA:1416,0
LF:428
LH:0
BRDA:27,0,0,0
BRDA:29,1,0,0
BRDA:29,1,1,0
BRDA:39,2,0,0
BRDA:39,2,1,0
BRDA:50,3,0,0
BRDA:50,3,1,0
BRDA:57,4,0,0
BRDA:57,4,1,0
BRDA:57,4,2,0
BRDA:62,5,0,0
BRDA:62,5,1,0
BRDA:65,6,0,0
BRDA:65,6,1,0
BRDA:69,7,0,0
BRDA:69,7,1,0
BRDA:69,8,0,0
BRDA:69,8,1,0
BRDA:78,9,0,0
BRDA:78,9,1,0
BRDA:79,10,0,0
BRDA:79,10,1,0
BRDA:90,11,0,0
BRDA:90,11,1,0
BRDA:91,12,0,0
BRDA:91,12,1,0
BRDA:91,13,0,0
BRDA:91,13,1,0
BRDA:91,13,2,0
BRDA:93,14,0,0
BRDA:93,14,1,0
BRDA:93,15,0,0
BRDA:93,15,1,0
BRDA:93,15,2,0
BRDA:95,16,0,0
BRDA:95,16,1,0
BRDA:95,17,0,0
BRDA:95,17,1,0
BRDA:114,18,0,0
BRDA:114,18,1,0
BRDA:115,19,0,0
BRDA:115,19,1,0
BRDA:128,20,0,0
BRDA:128,20,1,0
BRDA:128,21,0,0
BRDA:128,21,1,0
BRDA:135,22,0,0
BRDA:135,22,1,0
BRDA:138,23,0,0
BRDA:138,23,1,0
BRDA:156,24,0,0
BRDA:156,24,1,0
BRDA:156,25,0,0
BRDA:156,25,1,0
BRDA:173,26,0,0
BRDA:173,26,1,0
BRDA:208,27,0,0
BRDA:208,27,1,0
BRDA:208,28,0,0
BRDA:208,28,1,0
BRDA:231,29,0,0
BRDA:231,29,1,0
BRDA:255,30,0,0
BRDA:260,31,0,0
BRDA:260,31,1,0
BRDA:270,32,0,0
BRDA:270,32,1,0
BRDA:270,32,2,0
BRDA:272,33,0,0
BRDA:272,33,1,0
BRDA:274,34,0,0
BRDA:274,34,1,0
BRDA:288,35,0,0
BRDA:288,35,1,0
BRDA:324,36,0,0
BRDA:324,36,1,0
BRDA:343,37,0,0
BRDA:343,37,1,0
BRDA:343,38,0,0
BRDA:343,38,1,0
BRDA:344,39,0,0
BRDA:344,39,1,0
BRDA:345,40,0,0
BRDA:345,40,1,0
BRDA:346,41,0,0
BRDA:346,41,1,0
BRDA:347,42,0,0
BRDA:347,42,1,0
BRDA:348,43,0,0
BRDA:348,43,1,0
BRDA:352,44,0,0
BRDA:352,44,1,0
BRDA:353,45,0,0
BRDA:353,45,1,0
BRDA:354,46,0,0
BRDA:354,46,1,0
BRDA:355,47,0,0
BRDA:355,47,1,0
BRDA:356,48,0,0
BRDA:356,48,1,0
BRDA:358,49,0,0
BRDA:358,49,1,0
BRDA:359,50,0,0
BRDA:359,50,1,0
BRDA:360,51,0,0
BRDA:360,51,1,0
BRDA:361,52,0,0
BRDA:361,52,1,0
BRDA:362,53,0,0
BRDA:362,53,1,0
BRDA:366,54,0,0
BRDA:366,54,1,0
BRDA:366,55,0,0
BRDA:366,55,1,0
BRDA:368,56,0,0
BRDA:368,56,1,0
BRDA:368,57,0,0
BRDA:368,57,1,0
BRDA:382,58,0,0
BRDA:382,58,1,0
BRDA:404,59,0,0
BRDA:404,59,1,0
BRDA:408,60,0,0
BRDA:408,60,1,0
BRDA:424,61,0,0
BRDA:424,61,1,0
BRDA:425,62,0,0
BRDA:425,62,1,0
BRDA:425,63,0,0
BRDA:425,63,1,0
BRDA:426,64,0,0
BRDA:426,64,1,0
BRDA:426,65,0,0
BRDA:426,65,1,0
BRDA:427,66,0,0
BRDA:427,66,1,0
BRDA:428,67,0,0
BRDA:428,67,1,0
BRDA:429,68,0,0
BRDA:429,68,1,0
BRDA:429,69,0,0
BRDA:429,69,1,0
BRDA:430,70,0,0
BRDA:430,70,1,0
BRDA:430,71,0,0
BRDA:430,71,1,0
BRDA:444,72,0,0
BRDA:444,72,1,0
BRDA:444,73,0,0
BRDA:444,73,1,0
BRDA:447,74,0,0
BRDA:447,74,1,0
BRDA:450,75,0,0
BRDA:450,75,1,0
BRDA:450,76,0,0
BRDA:450,76,1,0
BRDA:453,77,0,0
BRDA:453,77,1,0
BRDA:456,78,0,0
BRDA:456,78,1,0
BRDA:456,79,0,0
BRDA:456,79,1,0
BRDA:467,80,0,0
BRDA:467,80,1,0
BRDA:490,81,0,0
BRDA:490,81,1,0
BRDA:490,82,0,0
BRDA:490,82,1,0
BRDA:490,82,2,0
BRDA:500,83,0,0
BRDA:500,83,1,0
BRDA:524,84,0,0
BRDA:524,84,1,0
BRDA:524,84,2,0
BRDA:528,85,0,0
BRDA:528,85,1,0
BRDA:528,86,0,0
BRDA:528,86,1,0
BRDA:528,86,2,0
BRDA:530,87,0,0
BRDA:530,87,1,0
BRDA:530,88,0,0
BRDA:530,88,1,0
BRDA:530,88,2,0
BRDA:532,89,0,0
BRDA:532,89,1,0
BRDA:532,90,0,0
BRDA:532,90,1,0
BRDA:540,91,0,0
BRDA:540,91,1,0
BRDA:540,92,0,0
BRDA:540,92,1,0
BRDA:540,92,2,0
BRDA:542,93,0,0
BRDA:542,93,1,0
BRDA:542,94,0,0
BRDA:542,94,1,0
BRDA:542,94,2,0
BRDA:544,95,0,0
BRDA:544,95,1,0
BRDA:544,96,0,0
BRDA:544,96,1,0
BRDA:594,97,0,0
BRDA:594,97,1,0
BRDA:619,98,0,0
BRDA:619,98,1,0
BRDA:619,99,0,0
BRDA:619,99,1,0
BRDA:619,99,2,0
BRDA:632,100,0,0
BRDA:632,100,1,0
BRDA:633,101,0,0
BRDA:633,101,1,0
BRDA:636,102,0,0
BRDA:636,102,1,0
BRDA:637,103,0,0
BRDA:637,103,1,0
BRDA:652,104,0,0
BRDA:652,104,1,0
BRDA:672,105,0,0
BRDA:675,106,0,0
BRDA:675,106,1,0
BRDA:688,107,0,0
BRDA:688,107,1,0
BRDA:704,108,0,0
BRDA:704,108,1,0
BRDA:710,109,0,0
BRDA:710,109,1,0
BRDA:742,110,0,0
BRDA:742,110,1,0
BRDA:742,111,0,0
BRDA:742,111,1,0
BRDA:758,112,0,0
BRDA:758,112,1,0
BRDA:777,113,0,0
BRDA:777,113,1,0
BRDA:779,114,0,0
BRDA:779,114,1,0
BRDA:786,115,0,0
BRDA:786,115,1,0
BRDA:788,116,0,0
BRDA:788,116,1,0
BRDA:804,117,0,0
BRDA:804,117,1,0
BRDA:829,118,0,0
BRDA:829,118,1,0
BRDA:840,119,0,0
BRDA:840,119,1,0
BRDA:877,120,0,0
BRDA:877,120,1,0
BRDA:880,121,0,0
BRDA:880,121,1,0
BRDA:880,122,0,0
BRDA:880,122,1,0
BRDA:883,123,0,0
BRDA:883,123,1,0
BRDA:883,124,0,0
BRDA:883,124,1,0
BRDA:889,125,0,0
BRDA:889,125,1,0
BRDA:892,126,0,0
BRDA:892,126,1,0
BRDA:927,127,0,0
BRDA:927,127,1,0
BRDA:972,128,0,0
BRDA:972,128,1,0
BRDA:1053,129,0,0
BRDA:1053,129,1,0
BRDA:1054,130,0,0
BRDA:1054,130,1,0
BRDA:1093,131,0,0
BRDA:1093,131,1,0
BRDA:1124,132,0,0
BRDA:1124,132,1,0
BRDA:1124,133,0,0
BRDA:1124,133,1,0
BRDA:1134,134,0,0
BRDA:1134,134,1,0
BRDA:1150,135,0,0
BRDA:1150,135,1,0
BRDA:1157,136,0,0
BRDA:1157,136,1,0
BRDA:1158,137,0,0
BRDA:1158,137,1,0
BRDA:1159,138,0,0
BRDA:1159,138,1,0
BRDA:1183,139,0,0
BRDA:1183,139,1,0
BRDA:1183,140,0,0
BRDA:1183,140,1,0
BRDA:1191,141,0,0
BRDA:1191,141,1,0
BRDA:1200,142,0,0
BRDA:1200,142,1,0
BRDA:1209,143,0,0
BRDA:1209,143,1,0
BRDA:1219,144,0,0
BRDA:1219,144,1,0
BRDA:1222,145,0,0
BRDA:1222,145,1,0
BRDA:1238,146,0,0
BRDA:1238,146,1,0
BRDA:1238,146,2,0
BRDA:1239,147,0,0
BRDA:1239,147,1,0
BRDA:1240,148,0,0
BRDA:1240,148,1,0
BRDA:1241,149,0,0
BRDA:1241,149,1,0
BRDA:1242,150,0,0
BRDA:1242,150,1,0
BRDA:1246,151,0,0
BRDA:1246,151,1,0
BRDA:1247,152,0,0
BRDA:1247,152,1,0
BRDA:1248,153,0,0
BRDA:1248,153,1,0
BRDA:1249,154,0,0
BRDA:1249,154,1,0
BRDA:1251,155,0,0
BRDA:1251,155,1,0
BRDA:1255,156,0,0
BRDA:1255,156,1,0
BRDA:1320,157,0,0
BRDA:1320,157,1,0
BRDA:1349,158,0,0
BRDA:1349,158,1,0
BRDA:1351,159,0,0
BRDA:1351,159,1,0
BRDA:1364,160,0,0
BRDA:1364,160,1,0
BRF:331
BRH:0
end_of_record
TN:
SF:src/routes/chatbot.js
FN:17,(anonymous_0)
FN:60,(anonymous_1)
FN:92,(anonymous_2)
FN:103,getSmartResponse
FN:139,getCollegeRecommendations
FN:225,getChancingResponse
FN:236,(anonymous_6)
FN:256,getMajorResponse
FN:284,getActivitiesResponse
FN:298,(anonymous_9)
FN:299,(anonymous_10)
FN:300,(anonymous_11)
FN:323,getTestScoreResponse
FN:364,getSimpleResponse
FNF:14
FNH:0
FNDA:0,(anonymous_0)
FNDA:0,(anonymous_1)
FNDA:0,(anonymous_2)
FNDA:0,getSmartResponse
FNDA:0,getCollegeRecommendations
FNDA:0,getChancingResponse
FNDA:0,(anonymous_6)
FNDA:0,getMajorResponse
FNDA:0,getActivitiesResponse
FNDA:0,(anonymous_9)
FNDA:0,(anonymous_10)
FNDA:0,(anonymous_11)
FNDA:0,getTestScoreResponse
FNDA:0,getSimpleResponse
DA:4,0
DA:5,0
DA:6,0
DA:7,0
DA:8,0
DA:9,0
DA:11,0
DA:17,0
DA:18,0
DA:19,0
DA:21,0
DA:22,0
DA:29,0
DA:30,0
DA:31,0
DA:33,0
DA:37,0
DA:39,0
DA:47,0
DA:48,0
DA:60,0
DA:61,0
DA:62,0
DA:64,0
DA:65,0
DA:71,0
DA:73,0
DA:79,0
DA:80,0
DA:92,0
DA:93,0
DA:104,0
DA:107,0
DA:109,0
DA:113,0
DA:114,0
DA:118,0
DA:119,0
DA:123,0
DA:124,0
DA:128,0
DA:129,0
DA:133,0
DA:141,0
DA:142,0
DA:144,0
DA:145,0
DA:152,0
DA:153,0
DA:157,0
DA:158,0
DA:159,0
DA:161,0
DA:162,0
DA:163,0
DA:165,0
DA:166,0
DA:169,0
DA:170,0
DA:171,0
DA:172,0
DA:173,0
DA:174,0
DA:175,0
DA:176,0
DA:177,0
DA:178,0
DA:179,0
DA:180,0
DA:181,0
DA:182,0
DA:184,0
DA:185,0
DA:186,0
DA:187,0
DA:188,0
DA:189,0
DA:190,0
DA:191,0
DA:192,0
DA:193,0
DA:194,0
DA:195,0
DA:196,0
DA:197,0
DA:198,0
DA:200,0
DA:202,0
DA:203,0
DA:204,0
DA:205,0
DA:206,0
DA:207,0
DA:208,0
DA:209,0
DA:210,0
DA:212,0
DA:215,0
DA:216,0
DA:219,0
DA:226,0
DA:227,0
DA:233,0
DA:234,0
DA:235,0
DA:236,0
DA:238,0
DA:239,0
DA:240,0
DA:241,0
DA:242,0
DA:243,0
DA:245,0
DA:247,0
DA:257,0
DA:258,0
DA:269,0
DA:270,0
DA:285,0
DA:286,0
DA:297,0
DA:298,0
DA:299,0
DA:300,0
DA:302,0
DA:303,0
DA:304,0
DA:305,0
DA:306,0
DA:308,0
DA:309,0
DA:311,0
DA:314,0
DA:324,0
DA:325,0
DA:340,0
DA:341,0
DA:343,0
DA:344,0
DA:345,0
DA:347,0
DA:348,0
DA:349,0
DA:350,0
DA:351,0
DA:352,0
DA:354,0
DA:357,0
DA:365,0
DA:367,0
DA:368,0
DA:371,0
DA:372,0
DA:375,0
DA:376,0
DA:379,0
DA:380,0
DA:383,0
DA:384,0
DA:387,0
DA:388,0
DA:391,0
DA:392,0
DA:395,0
DA:396,0
DA:399,0
DA:400,0
DA:403,0
DA:404,0
DA:408,0
DA:411,0
LF:171
LH:0
BRDA:19,0,0,0
BRDA:21,1,0,0
BRDA:21,1,1,0
BRDA:42,2,0,0
BRDA:42,2,1,0
BRDA:43,3,0,0
BRDA:43,3,1,0
BRDA:64,4,0,0
BRDA:64,4,1,0
BRDA:107,5,0,0
BRDA:107,5,1,0
BRDA:107,6,0,0
BRDA:107,6,1,0
BRDA:107,6,2,0
BRDA:107,6,3,0
BRDA:107,6,4,0
BRDA:107,6,5,0
BRDA:107,6,6,0
BRDA:113,7,0,0
BRDA:113,7,1,0
BRDA:113,8,0,0
BRDA:113,8,1,0
BRDA:113,8,2,0
BRDA:118,9,0,0
BRDA:118,9,1,0
BRDA:118,10,0,0
BRDA:118,10,1,0
BRDA:118,10,2,0
BRDA:123,11,0,0
BRDA:123,11,1,0
BRDA:123,12,0,0
BRDA:123,12,1,0
BRDA:128,13,0,0
BRDA:128,13,1,0
BRDA:128,14,0,0
BRDA:128,14,1,0
BRDA:128,14,2,0
BRDA:142,15,0,0
BRDA:142,15,1,0
BRDA:144,16,0,0
BRDA:144,16,1,0
BRDA:152,17,0,0
BRDA:152,17,1,0
BRDA:152,18,0,0
BRDA:152,18,1,0
BRDA:152,18,2,0
BRDA:157,19,0,0
BRDA:157,19,1,0
BRDA:165,20,0,0
BRDA:165,20,1,0
BRDA:165,21,0,0
BRDA:165,21,1,0
BRDA:165,21,2,0
BRDA:166,22,0,0
BRDA:166,22,1,0
BRDA:166,23,0,0
BRDA:166,23,1,0
BRDA:166,24,0,0
BRDA:166,24,1,0
BRDA:169,25,0,0
BRDA:169,25,1,0
BRDA:169,26,0,0
BRDA:169,26,1,0
BRDA:169,26,2,0
BRDA:170,27,0,0
BRDA:170,27,1,0
BRDA:185,28,0,0
BRDA:185,28,1,0
BRDA:185,29,0,0
BRDA:185,29,1,0
BRDA:185,29,2,0
BRDA:186,30,0,0
BRDA:186,30,1,0
BRDA:202,31,0,0
BRDA:202,31,1,0
BRDA:226,32,0,0
BRDA:226,32,1,0
BRDA:226,33,0,0
BRDA:226,33,1,0
BRDA:226,33,2,0
BRDA:226,33,3,0
BRDA:226,33,4,0
BRDA:233,34,0,0
BRDA:233,34,1,0
BRDA:235,35,0,0
BRDA:235,35,1,0
BRDA:240,36,0,0
BRDA:240,36,1,0
BRDA:241,37,0,0
BRDA:241,37,1,0
BRDA:242,38,0,0
BRDA:242,38,1,0
BRDA:257,39,0,0
BRDA:257,39,1,0
BRDA:257,40,0,0
BRDA:257,40,1,0
BRDA:257,40,2,0
BRDA:285,41,0,0
BRDA:285,41,1,0
BRDA:285,42,0,0
BRDA:285,42,1,0
BRDA:285,42,2,0
BRDA:300,43,0,0
BRDA:300,43,1,0
BRDA:308,44,0,0
BRDA:308,44,1,0
BRDA:324,45,0,0
BRDA:324,45,1,0
BRDA:324,46,0,0
BRDA:324,46,1,0
BRDA:324,46,2,0
BRDA:344,47,0,0
BRDA:344,47,1,0
BRDA:345,48,0,0
BRDA:345,48,1,0
BRDA:347,49,0,0
BRDA:347,49,1,0
BRDA:347,50,0,0
BRDA:347,50,1,0
BRDA:349,51,0,0
BRDA:349,51,1,0
BRDA:349,52,0,0
BRDA:349,52,1,0
BRDA:351,53,0,0
BRDA:351,53,1,0
BRDA:351,54,0,0
BRDA:351,54,1,0
BRDA:367,55,0,0
BRDA:367,55,1,0
BRDA:371,56,0,0
BRDA:371,56,1,0
BRDA:371,57,0,0
BRDA:371,57,1,0
BRDA:375,58,0,0
BRDA:375,58,1,0
BRDA:375,59,0,0
BRDA:375,59,1,0
BRDA:379,60,0,0
BRDA:379,60,1,0
BRDA:379,61,0,0
BRDA:379,61,1,0
BRDA:383,62,0,0
BRDA:383,62,1,0
BRDA:383,63,0,0
BRDA:383,63,1,0
BRDA:387,64,0,0
BRDA:387,64,1,0
BRDA:387,65,0,0
BRDA:387,65,1,0
BRDA:391,66,0,0
BRDA:391,66,1,0
BRDA:391,67,0,0
BRDA:391,67,1,0
BRDA:395,68,0,0
BRDA:395,68,1,0
BRDA:395,69,0,0
BRDA:395,69,1,0
BRDA:399,70,0,0
BRDA:399,70,1,0
BRDA:399,71,0,0
BRDA:399,71,1,0
BRDA:403,72,0,0
BRDA:403,72,1,0
BRF:163
BRH:0
end_of_record
TN:
SF:src/routes/colleges.js
FNF:0
FNH:0
DA:1,0
DA:2,0
DA:3,0
DA:4,0
DA:9,0
DA:12,0
DA:15,0
DA:17,0
DA:18,0
DA:19,0
DA:20,0
DA:21,0
DA:22,0
DA:25,0
DA:26,0
DA:27,0
DA:30,0
DA:31,0
DA:32,0
DA:35,0
DA:36,0
DA:38,0
LF:22
LH:0
BRF:0
BRH:0
end_of_record
TN:
SF:src/routes/deadlines.js
FNF:0
FNH:0
DA:1,0
DA:2,0
DA:3,0
DA:4,0
DA:5,0
DA:6,0
DA:9,0
DA:11,0
DA:12,0
DA:13,0
DA:14,0
DA:16,0
LF:12
LH:0
BRF:0
BRH:0
end_of_record
TN:
SF:src/routes/essays.js
FNF:0
FNH:0
DA:1,0
DA:2,0
DA:3,0
DA:4,0
DA:5,0
DA:6,0
DA:9,0
DA:11,0
DA:12,0
DA:13,0
DA:14,0
DA:16,0
LF:12
LH:0
BRF:0
BRH:0
end_of_record
TN:
SF:src/routes/intelligentSearch.js
FN:14,(anonymous_0)
FN:49,(anonymous_1)
FNF:2
FNH:0
FNDA:0,(anonymous_0)
FNDA:0,(anonymous_1)
DA:4,0
DA:5,0
DA:6,0
DA:14,0
DA:15,0
DA:16,0
DA:18,0
DA:19,0
DA:25,0
DA:28,0
DA:30,0
DA:36,0
DA:37,0
DA:49,0
DA:50,0
DA:51,0
DA:53,0
DA:54,0
DA:60,0
DA:62,0
DA:69,0
DA:76,0
LF:22
LH:0
BRDA:16,0,0,0
BRDA:18,1,0,0
BRDA:18,1,1,0
BRDA:18,2,0,0
BRDA:18,2,1,0
BRDA:53,3,0,0
BRDA:53,3,1,0
BRF:7
BRH:0
end_of_record
TN:
SF:src/routes/ml.js
FN:14,hasMLConsent
FN:25,(anonymous_1)
FN:123,(anonymous_2)
FN:178,(anonymous_3)
FN:217,(anonymous_4)
FN:257,(anonymous_5)
FN:303,(anonymous_6)
FN:313,(anonymous_7)
FN:329,(anonymous_8)
FN:341,(anonymous_9)
FN:356,(anonymous_10)
FN:395,(anonymous_11)
FN:414,(anonymous_12)
FN:444,(anonymous_13)
FN:478,(anonymous_14)
FN:497,(anonymous_15)
FN:502,(anonymous_16)
FNF:17
FNH:0
FNDA:0,hasMLConsent
FNDA:0,(anonymous_1)
FNDA:0,(anonymous_2)
FNDA:0,(anonymous_3)
FNDA:0,(anonymous_4)
FNDA:0,(anonymous_5)
FNDA:0,(anonymous_6)
FNDA:0,(anonymous_7)
FNDA:0,(anonymous_8)
FNDA:0,(anonymous_9)
FNDA:0,(anonymous_10)
FNDA:0,(anonymous_11)
FNDA:0,(anonymous_12)
FNDA:0,(anonymous_13)
FNDA:0,(anonymous_14)
FNDA:0,(anonymous_15)
FNDA:0,(anonymous_16)
DA:4,0
DA:5,0
DA:6,0
DA:7,0
DA:8,0
DA:9,0
DA:15,0
DA:16,0
DA:17,0
DA:18,0
DA:25,0
DA:26,0
DA:27,0
DA:30,0
DA:31,0
DA:56,0
DA:58,0
DA:59,0
DA:65,0
DA:66,0
DA:67,0
DA:73,0
DA:75,0
DA:85,0
DA:106,0
DA:108,0
DA:114,0
DA:115,0
DA:123,0
DA:124,0
DA:125,0
DA:128,0
DA:129,0
DA:136,0
DA:138,0
DA:139,0
DA:145,0
DA:146,0
DA:147,0
DA:153,0
DA:155,0
DA:161,0
DA:163,0
DA:169,0
DA:170,0
DA:178,0
DA:179,0
DA:180,0
DA:183,0
DA:184,0
DA:196,0
DA:198,0
DA:199,0
DA:206,0
DA:207,0
DA:208,0
DA:216,0
DA:217,0
DA:219,0
DA:221,0
DA:228,0
DA:237,0
DA:239,0
DA:248,0
DA:249,0
DA:257,0
DA:258,0
DA:259,0
DA:260,0
DA:261,0
DA:263,0
DA:264,0
DA:265,0
DA:271,0
DA:274,0
DA:275,0
DA:276,0
DA:282,0
DA:288,0
DA:293,0
DA:294,0
DA:303,0
DA:304,0
DA:305,0
DA:306,0
DA:307,0
DA:309,0
DA:312,0
DA:313,0
DA:314,0
DA:315,0
DA:321,0
DA:324,0
DA:325,0
DA:329,0
DA:336,0
DA:337,0
DA:341,0
DA:349,0
DA:350,0
DA:356,0
DA:363,0
DA:364,0
DA:370,0
DA:381,0
DA:386,0
DA:387,0
DA:395,0
DA:396,0
DA:397,0
DA:399,0
DA:406,0
DA:414,0
DA:415,0
DA:416,0
DA:418,0
DA:419,0
DA:425,0
DA:426,0
DA:428,0
DA:430,0
DA:436,0
DA:444,0
DA:445,0
DA:446,0
DA:448,0
DA:465,0
DA:470,0
DA:478,0
DA:479,0
DA:480,0
DA:481,0
DA:483,0
DA:488,0
DA:489,0
DA:497,0
DA:498,0
DA:499,0
DA:502,0
DA:503,0
DA:506,0
DA:511,0
DA:512,0
DA:516,0
LF:144
LH:0
BRDA:18,0,0,0
BRDA:18,0,1,0
BRDA:30,1,0,0
BRDA:30,1,1,0
BRDA:58,2,0,0
BRDA:58,2,1,0
BRDA:58,3,0,0
BRDA:58,3,1,0
BRDA:66,4,0,0
BRDA:66,4,1,0
BRDA:88,5,0,0
BRDA:88,5,1,0
BRDA:89,6,0,0
BRDA:89,6,1,0
BRDA:90,7,0,0
BRDA:90,7,1,0
BRDA:91,8,0,0
BRDA:91,8,1,0
BRDA:92,9,0,0
BRDA:92,9,1,0
BRDA:93,10,0,0
BRDA:93,10,1,0
BRDA:94,11,0,0
BRDA:94,11,1,0
BRDA:95,12,0,0
BRDA:95,12,1,0
BRDA:96,13,0,0
BRDA:96,13,1,0
BRDA:97,14,0,0
BRDA:97,14,1,0
BRDA:98,15,0,0
BRDA:98,15,1,0
BRDA:99,16,0,0
BRDA:99,16,1,0
BRDA:100,17,0,0
BRDA:100,17,1,0
BRDA:102,18,0,0
BRDA:102,18,1,0
BRDA:103,19,0,0
BRDA:103,19,1,0
BRDA:128,20,0,0
BRDA:128,20,1,0
BRDA:138,21,0,0
BRDA:138,21,1,0
BRDA:138,22,0,0
BRDA:138,22,1,0
BRDA:146,23,0,0
BRDA:146,23,1,0
BRDA:161,24,0,0
BRDA:161,24,1,0
BRDA:183,25,0,0
BRDA:183,25,1,0
BRDA:198,26,0,0
BRDA:198,26,1,0
BRDA:206,27,0,0
BRDA:206,27,1,0
BRDA:206,28,0,0
BRDA:206,28,1,0
BRDA:207,29,0,0
BRDA:207,29,1,0
BRDA:207,30,0,0
BRDA:207,30,1,0
BRDA:207,30,2,0
BRDA:230,31,0,0
BRDA:230,31,1,0
BRDA:231,32,0,0
BRDA:231,32,1,0
BRDA:234,33,0,0
BRDA:234,33,1,0
BRDA:264,34,0,0
BRDA:264,34,1,0
BRDA:275,35,0,0
BRDA:275,35,1,0
BRDA:307,36,0,0
BRDA:307,37,0,0
BRDA:312,38,0,0
BRDA:312,38,1,0
BRDA:314,39,0,0
BRDA:314,39,1,0
BRDA:324,40,0,0
BRDA:324,40,1,0
BRDA:324,41,0,0
BRDA:324,41,1,0
BRDA:336,42,0,0
BRDA:336,42,1,0
BRDA:336,43,0,0
BRDA:336,43,1,0
BRDA:344,44,0,0
BRDA:344,44,1,0
BRDA:349,45,0,0
BRDA:349,45,1,0
BRDA:349,46,0,0
BRDA:349,46,1,0
BRDA:363,47,0,0
BRDA:363,47,1,0
BRDA:363,48,0,0
BRDA:363,48,1,0
BRDA:374,49,0,0
BRDA:374,49,1,0
BRDA:375,50,0,0
BRDA:375,50,1,0
BRDA:376,51,0,0
BRDA:376,51,1,0
BRDA:377,52,0,0
BRDA:377,52,1,0
BRDA:418,53,0,0
BRDA:418,53,1,0
BRDA:426,54,0,0
BRDA:426,54,1,0
BRDA:432,55,0,0
BRDA:432,55,1,0
BRF:111
BRH:0
end_of_record
TN:
SF:src/routes/profile.js
FN:10,(anonymous_0)
FN:47,(anonymous_1)
FN:92,(anonymous_2)
FN:108,(anonymous_3)
FN:127,(anonymous_4)
FN:165,(anonymous_5)
FN:188,(anonymous_6)
FN:222,(anonymous_7)
FN:255,(anonymous_8)
FN:295,(anonymous_9)
FN:345,(anonymous_10)
FN:366,(anonymous_11)
FN:366,(anonymous_12)
FN:370,(anonymous_13)
FN:370,(anonymous_14)
FN:392,(anonymous_15)
FN:393,(anonymous_16)
FN:414,(anonymous_17)
FN:415,(anonymous_18)
FN:416,(anonymous_19)
FN:431,(anonymous_20)
FN:433,(anonymous_21)
FN:433,(anonymous_22)
FN:451,(anonymous_23)
FN:474,(anonymous_24)
FN:475,(anonymous_25)
FN:476,(anonymous_26)
FN:480,(anonymous_27)
FNF:28
FNH:0
FNDA:0,(anonymous_0)
FNDA:0,(anonymous_1)
FNDA:0,(anonymous_2)
FNDA:0,(anonymous_3)
FNDA:0,(anonymous_4)
FNDA:0,(anonymous_5)
FNDA:0,(anonymous_6)
FNDA:0,(anonymous_7)
FNDA:0,(anonymous_8)
FNDA:0,(anonymous_9)
FNDA:0,(anonymous_10)
FNDA:0,(anonymous_11)
FNDA:0,(anonymous_12)
FNDA:0,(anonymous_13)
FNDA:0,(anonymous_14)
FNDA:0,(anonymous_15)
FNDA:0,(anonymous_16)
FNDA:0,(anonymous_17)
FNDA:0,(anonymous_18)
FNDA:0,(anonymous_19)
FNDA:0,(anonymous_20)
FNDA:0,(anonymous_21)
FNDA:0,(anonymous_22)
FNDA:0,(anonymous_23)
FNDA:0,(anonymous_24)
FNDA:0,(anonymous_25)
FNDA:0,(anonymous_26)
FNDA:0,(anonymous_27)
DA:1,0
DA:2,0
DA:3,0
DA:4,0
DA:5,0
DA:6,0
DA:7,0
DA:10,0
DA:11,0
DA:12,0
DA:14,0
DA:15,0
DA:22,0
DA:31,0
DA:33,0
DA:41,0
DA:42,0
DA:47,0
DA:48,0
DA:49,0
DA:50,0
DA:53,0
DA:54,0
DA:56,0
DA:66,0
DA:74,0
DA:76,0
DA:82,0
DA:83,0
DA:92,0
DA:93,0
DA:94,0
DA:96,0
DA:102,0
DA:103,0
DA:108,0
DA:109,0
DA:110,0
DA:112,0
DA:117,0
DA:118,0
DA:127,0
DA:128,0
DA:129,0
DA:131,0
DA:132,0
DA:148,0
DA:149,0
DA:151,0
DA:159,0
DA:160,0
DA:165,0
DA:166,0
DA:168,0
DA:170,0
DA:171,0
DA:174,0
DA:176,0
DA:182,0
DA:183,0
DA:188,0
DA:189,0
DA:190,0
DA:192,0
DA:193,0
DA:194,0
DA:200,0
DA:201,0
DA:202,0
DA:208,0
DA:210,0
DA:216,0
DA:217,0
DA:222,0
DA:223,0
DA:224,0
DA:226,0
DA:227,0
DA:228,0
DA:234,0
DA:235,0
DA:236,0
DA:242,0
DA:244,0
DA:249,0
DA:250,0
DA:255,0
DA:256,0
DA:257,0
DA:259,0
DA:260,0
DA:266,0
DA:267,0
DA:268,0
DA:274,0
DA:276,0
DA:282,0
DA:283,0
DA:295,0
DA:296,0
DA:297,0
DA:298,0
DA:301,0
DA:304,0
DA:305,0
DA:307,0
DA:310,0
DA:328,0
DA:330,0
DA:336,0
DA:337,0
DA:345,0
DA:346,0
DA:347,0
DA:348,0
DA:350,0
DA:351,0
DA:358,0
DA:359,0
DA:360,0
DA:361,0
DA:364,0
DA:365,0
DA:366,0
DA:369,0
DA:370,0
DA:374,0
DA:375,0
DA:376,0
DA:380,0
DA:381,0
DA:384,0
DA:385,0
DA:387,0
DA:388,0
DA:391,0
DA:392,0
DA:393,0
DA:394,0
DA:395,0
DA:396,0
DA:398,0
DA:414,0
DA:415,0
DA:416,0
DA:418,0
DA:431,0
DA:433,0
DA:442,0
DA:443,0
DA:451,0
DA:452,0
DA:453,0
DA:455,0
DA:456,0
DA:464,0
DA:474,0
DA:475,0
DA:476,0
DA:480,0
DA:489,0
DA:494,0
DA:495,0
DA:499,0
LF:164
LH:0
BRDA:14,0,0,0
BRDA:14,0,1,0
BRDA:24,1,0,0
BRDA:24,1,1,0
BRDA:25,2,0,0
BRDA:25,2,1,0
BRDA:26,3,0,0
BRDA:26,3,1,0
BRDA:27,4,0,0
BRDA:27,4,1,0
BRDA:67,5,0,0
BRDA:67,5,1,0
BRDA:67,5,2,0
BRDA:68,6,0,0
BRDA:68,6,1,0
BRDA:68,6,2,0
BRDA:69,7,0,0
BRDA:69,7,1,0
BRDA:69,7,2,0
BRDA:70,8,0,0
BRDA:70,8,1,0
BRDA:70,8,2,0
BRDA:131,9,0,0
BRDA:131,9,1,0
BRDA:170,10,0,0
BRDA:170,10,1,0
BRDA:193,11,0,0
BRDA:193,11,1,0
BRDA:201,12,0,0
BRDA:201,12,1,0
BRDA:201,13,0,0
BRDA:201,13,1,0
BRDA:227,14,0,0
BRDA:227,14,1,0
BRDA:235,15,0,0
BRDA:235,15,1,0
BRDA:235,16,0,0
BRDA:235,16,1,0
BRDA:259,17,0,0
BRDA:259,17,1,0
BRDA:267,18,0,0
BRDA:267,18,1,0
BRDA:307,19,0,0
BRDA:307,19,1,0
BRDA:307,20,0,0
BRDA:307,20,1,0
BRDA:307,20,2,0
BRDA:307,20,3,0
BRDA:307,20,4,0
BRDA:307,20,5,0
BRDA:318,21,0,0
BRDA:318,21,1,0
BRDA:318,22,0,0
BRDA:318,22,1,0
BRDA:319,23,0,0
BRDA:319,23,1,0
BRDA:320,24,0,0
BRDA:320,24,1,0
BRDA:320,25,0,0
BRDA:320,25,1,0
BRDA:321,26,0,0
BRDA:321,26,1,0
BRDA:322,27,0,0
BRDA:322,27,1,0
BRDA:322,28,0,0
BRDA:322,28,1,0
BRDA:323,29,0,0
BRDA:323,29,1,0
BRDA:350,30,0,0
BRDA:350,30,1,0
BRDA:365,31,0,0
BRDA:365,31,1,0
BRDA:365,32,0,0
BRDA:365,32,1,0
BRDA:365,32,2,0
BRDA:375,33,0,0
BRDA:375,33,1,0
BRDA:375,34,0,0
BRDA:375,34,1,0
BRDA:387,35,0,0
BRDA:387,35,1,0
BRDA:387,36,0,0
BRDA:387,36,1,0
BRDA:391,37,0,0
BRDA:391,37,1,0
BRDA:391,38,0,0
BRDA:391,38,1,0
BRDA:391,38,2,0
BRDA:391,38,3,0
BRDA:394,39,0,0
BRDA:394,39,1,0
BRDA:403,40,0,0
BRDA:403,40,1,0
BRDA:404,41,0,0
BRDA:404,41,1,0
BRDA:406,42,0,0
BRDA:406,42,1,0
BRDA:423,43,0,0
BRDA:423,43,1,0
BRDA:430,44,0,0
BRDA:430,44,1,0
BRDA:455,45,0,0
BRDA:455,45,1,0
BRDA:467,46,0,0
BRDA:467,46,1,0
BRDA:473,47,0,0
BRDA:473,47,1,0
BRDA:474,48,0,0
BRDA:474,48,1,0
BRDA:475,49,0,0
BRDA:475,49,1,0
BRDA:476,50,0,0
BRDA:476,50,1,0
BRDA:479,51,0,0
BRDA:479,51,1,0
BRDA:480,52,0,0
BRDA:480,52,1,0
BRDA:480,53,0,0
BRDA:480,53,1,0
BRF:119
BRH:0
end_of_record
TN:
SF:src/routes/recommendations.js
FN:12,(anonymous_0)
FN:54,(anonymous_1)
FN:93,determineClassification
FNF:3
FNH:0
FNDA:0,(anonymous_0)
FNDA:0,(anonymous_1)
FNDA:0,determineClassification
DA:4,0
DA:5,0
DA:6,0
DA:7,0
DA:8,0
DA:9,0
DA:12,0
DA:13,0
DA:14,0
DA:16,0
DA:17,0
DA:24,0
DA:26,0
DA:27,0
DA:35,0
DA:36,0
DA:39,0
DA:40,0
DA:42,0
DA:48,0
DA:49,0
DA:54,0
DA:55,0
DA:56,0
DA:58,0
DA:59,0
DA:65,0
DA:67,0
DA:68,0
DA:74,0
DA:75,0
DA:77,0
DA:78,0
DA:80,0
DA:87,0
DA:88,0
DA:95,0
DA:97,0
DA:98,0
DA:99,0
DA:102,0
LF:41
LH:0
BRDA:16,0,0,0
BRDA:16,0,1,0
BRDA:26,1,0,0
BRDA:26,1,1,0
BRDA:26,2,0,0
BRDA:26,2,1,0
BRDA:58,3,0,0
BRDA:58,3,1,0
BRDA:67,4,0,0
BRDA:67,4,1,0
BRDA:67,5,0,0
BRDA:67,5,1,0
BRDA:95,6,0,0
BRDA:95,6,1,0
BRDA:97,7,0,0
BRDA:97,7,1,0
BRDA:98,8,0,0
BRDA:98,8,1,0
BRF:18
BRH:0
end_of_record
TN:
SF:src/routes/research.js
FN:12,(anonymous_0)
FN:56,(anonymous_1)
FN:88,(anonymous_2)
FN:151,(anonymous_3)
FN:184,(anonymous_4)
FN:192,(anonymous_5)
FN:196,(anonymous_6)
FNF:7
FNH:0
FNDA:0,(anonymous_0)
FNDA:0,(anonymous_1)
FNDA:0,(anonymous_2)
FNDA:0,(anonymous_3)
FNDA:0,(anonymous_4)
FNDA:0,(anonymous_5)
FNDA:0,(anonymous_6)
DA:4,0
DA:5,0
DA:6,0
DA:7,0
DA:8,0
DA:12,0
DA:13,0
DA:14,0
DA:16,0
DA:17,0
DA:23,0
DA:24,0
DA:28,0
DA:32,0
DA:34,0
DA:35,0
DA:36,0
DA:39,0
DA:40,0
DA:42,0
DA:44,0
DA:45,0
DA:47,0
DA:48,0
DA:56,0
DA:57,0
DA:58,0
DA:64,0
DA:65,0
DA:73,0
DA:81,0
DA:82,0
DA:88,0
DA:89,0
DA:90,0
DA:92,0
DA:93,0
DA:99,0
DA:100,0
DA:101,0
DA:103,0
DA:104,0
DA:106,0
DA:108,0
DA:109,0
DA:110,0
DA:112,0
DA:113,0
DA:116,0
DA:126,0
DA:127,0
DA:130,0
DA:131,0
DA:132,0
DA:135,0
DA:137,0
DA:139,0
DA:140,0
DA:142,0
DA:143,0
DA:151,0
DA:152,0
DA:153,0
DA:159,0
DA:160,0
DA:168,0
DA:177,0
DA:178,0
DA:184,0
DA:185,0
DA:186,0
DA:187,0
DA:188,0
DA:189,0
DA:191,0
DA:192,0
DA:193,0
DA:194,0
DA:195,0
DA:196,0
DA:203,0
DA:205,0
DA:211,0
DA:212,0
DA:217,0
DA:219,0
LF:86
LH:0
BRDA:14,0,0,0
BRDA:16,1,0,0
BRDA:16,1,1,0
BRDA:16,2,0,0
BRDA:16,2,1,0
BRDA:34,3,0,0
BRDA:34,3,1,0
BRDA:60,4,0,0
BRDA:60,4,1,0
BRDA:61,5,0,0
BRDA:61,5,1,0
BRDA:77,6,0,0
BRDA:77,6,1,0
BRDA:90,7,0,0
BRDA:92,8,0,0
BRDA:92,8,1,0
BRDA:92,9,0,0
BRDA:92,9,1,0
BRDA:106,10,0,0
BRDA:106,10,1,0
BRDA:106,11,0,0
BRDA:106,11,1,0
BRDA:110,12,0,0
BRDA:110,12,1,0
BRDA:130,13,0,0
BRDA:130,13,1,0
BRDA:155,14,0,0
BRDA:155,14,1,0
BRDA:156,15,0,0
BRDA:156,15,1,0
BRDA:173,16,0,0
BRDA:173,16,1,0
BRDA:194,17,0,0
BRDA:194,17,1,0
BRDA:195,18,0,0
BRDA:195,18,1,0
BRF:36
BRH:0
end_of_record
TN:
SF:src/routes/search.js
FN:14,(anonymous_0)
FN:84,(anonymous_1)
FN:86,(anonymous_2)
FN:123,(anonymous_3)
FN:174,(anonymous_4)
FN:187,(anonymous_5)
FN:207,(anonymous_6)
FN:210,(anonymous_7)
FN:254,(anonymous_8)
FN:287,(anonymous_9)
FN:306,(anonymous_10)
FN:322,(anonymous_11)
FN:347,(anonymous_12)
FN:377,(anonymous_13)
FN:380,(anonymous_14)
FN:391,(anonymous_15)
FN:396,(anonymous_16)
FNF:17
FNH:0
FNDA:0,(anonymous_0)
FNDA:0,(anonymous_1)
FNDA:0,(anonymous_2)
FNDA:0,(anonymous_3)
FNDA:0,(anonymous_4)
FNDA:0,(anonymous_5)
FNDA:0,(anonymous_6)
FNDA:0,(anonymous_7)
FNDA:0,(anonymous_8)
FNDA:0,(anonymous_9)
FNDA:0,(anonymous_10)
FNDA:0,(anonymous_11)
FNDA:0,(anonymous_12)
FNDA:0,(anonymous_13)
FNDA:0,(anonymous_14)
FNDA:0,(anonymous_15)
FNDA:0,(anonymous_16)
DA:4,0
DA:5,0
DA:6,0
DA:7,0
DA:8,0
DA:14,0
DA:15,0
DA:28,0
DA:30,0
DA:31,0
DA:32,0
DA:35,0
DA:36,0
DA:42,0
DA:43,0
DA:47,0
DA:48,0
DA:49,0
DA:50,0
DA:51,0
DA:52,0
DA:53,0
DA:54,0
DA:56,0
DA:57,0
DA:62,0
DA:63,0
DA:64,0
DA:66,0
DA:67,0
DA:68,0
DA:72,0
DA:73,0
DA:74,0
DA:76,0
DA:77,0
DA:78,0
DA:82,0
DA:83,0
DA:84,0
DA:85,0
DA:86,0
DA:89,0
DA:92,0
DA:100,0
DA:101,0
DA:104,0
DA:105,0
DA:106,0
DA:109,0
DA:110,0
DA:113,0
DA:120,0
DA:123,0
DA:124,0
DA:125,0
DA:127,0
DA:128,0
DA:130,0
DA:149,0
DA:161,0
DA:162,0
DA:174,0
DA:175,0
DA:176,0
DA:179,0
DA:187,0
DA:189,0
DA:190,0
DA:191,0
DA:192,0
DA:193,0
DA:194,0
DA:195,0
DA:196,0
DA:199,0
DA:201,0
DA:205,0
DA:206,0
DA:207,0
DA:208,0
DA:209,0
DA:210,0
DA:215,0
DA:224,0
DA:241,0
DA:242,0
DA:254,0
DA:255,0
DA:256,0
DA:257,0
DA:259,0
DA:260,0
DA:266,0
DA:268,0
DA:273,0
DA:278,0
DA:279,0
DA:287,0
DA:288,0
DA:289,0
DA:290,0
DA:291,0
DA:293,0
DA:295,0
DA:304,0
DA:306,0
DA:313,0
DA:314,0
DA:322,0
DA:323,0
DA:324,0
DA:326,0
DA:328,0
DA:332,0
DA:338,0
DA:339,0
DA:347,0
DA:348,0
DA:349,0
DA:351,0
DA:352,0
DA:358,0
DA:361,0
DA:370,0
DA:376,0
DA:377,0
DA:378,0
DA:379,0
DA:380,0
DA:381,0
DA:382,0
DA:388,0
DA:391,0
DA:396,0
DA:403,0
DA:404,0
DA:408,0
LF:138
LH:0
BRDA:17,0,0,0
BRDA:24,1,0,0
BRDA:25,2,0,0
BRDA:26,3,0,0
BRDA:27,4,0,0
BRDA:35,5,0,0
BRDA:35,5,1,0
BRDA:47,6,0,0
BRDA:47,6,1,0
BRDA:49,7,0,0
BRDA:49,7,1,0
BRDA:51,8,0,0
BRDA:51,8,1,0
BRDA:51,9,0,0
BRDA:51,9,1,0
BRDA:53,10,0,0
BRDA:53,10,1,0
BRDA:53,11,0,0
BRDA:53,11,1,0
BRDA:62,12,0,0
BRDA:62,12,1,0
BRDA:66,13,0,0
BRDA:66,13,1,0
BRDA:72,14,0,0
BRDA:72,14,1,0
BRDA:76,15,0,0
BRDA:76,15,1,0
BRDA:82,16,0,0
BRDA:82,16,1,0
BRDA:89,17,0,0
BRDA:89,17,1,0
BRDA:100,18,0,0
BRDA:100,18,1,0
BRDA:101,19,0,0
BRDA:101,19,1,0
BRDA:127,20,0,0
BRDA:127,20,1,0
BRDA:128,21,0,0
BRDA:128,21,1,0
BRDA:189,22,0,0
BRDA:189,22,1,0
BRDA:191,23,0,0
BRDA:191,23,1,0
BRDA:193,24,0,0
BRDA:193,24,1,0
BRDA:195,25,0,0
BRDA:195,25,1,0
BRDA:209,26,0,0
BRDA:209,26,1,0
BRDA:230,27,0,0
BRDA:230,27,1,0
BRDA:231,28,0,0
BRDA:231,28,1,0
BRDA:234,29,0,0
BRDA:234,29,1,0
BRDA:235,30,0,0
BRDA:235,30,1,0
BRDA:259,31,0,0
BRDA:259,31,1,0
BRDA:259,32,0,0
BRDA:259,32,1,0
BRDA:271,33,0,0
BRDA:271,33,1,0
BRDA:291,34,0,0
BRDA:291,34,1,0
BRDA:351,35,0,0
BRDA:351,35,1,0
BRDA:351,36,0,0
BRDA:351,36,1,0
BRDA:379,37,0,0
BRDA:379,37,1,0
BRDA:381,38,0,0
BRDA:381,38,1,0
BRF:73
BRH:0
end_of_record
TN:
SF:src/routes/studentProfile.js
FN:14,(anonymous_0)
FN:45,(anonymous_1)
FN:68,(anonymous_2)
FN:91,(anonymous_3)
FN:124,(anonymous_4)
FN:160,(anonymous_5)
FN:191,(anonymous_6)
FN:233,(anonymous_7)
FN:274,(anonymous_8)
FN:314,(anonymous_9)
FNF:10
FNH:0
FNDA:0,(anonymous_0)
FNDA:0,(anonymous_1)
FNDA:0,(anonymous_2)
FNDA:0,(anonymous_3)
FNDA:0,(anonymous_4)
FNDA:0,(anonymous_5)
FNDA:0,(anonymous_6)
FNDA:0,(anonymous_7)
FNDA:0,(anonymous_8)
FNDA:0,(anonymous_9)
DA:4,0
DA:5,0
DA:6,0
DA:7,0
DA:8,0
DA:14,0
DA:15,0
DA:16,0
DA:18,0
DA:20,0
DA:27,0
DA:32,0
DA:33,0
DA:45,0
DA:46,0
DA:47,0
DA:49,0
DA:55,0
DA:56,0
DA:68,0
DA:69,0
DA:70,0
DA:72,0
DA:78,0
DA:79,0
DA:91,0
DA:92,0
DA:93,0
DA:95,0
DA:96,0
DA:102,0
DA:107,0
DA:108,0
DA:124,0
DA:125,0
DA:126,0
DA:128,0
DA:129,0
DA:136,0
DA:137,0
DA:139,0
DA:147,0
DA:148,0
DA:160,0
DA:161,0
DA:163,0
DA:165,0
DA:167,0
DA:170,0
DA:172,0
DA:178,0
DA:179,0
DA:191,0
DA:192,0
DA:193,0
DA:196,0
DA:197,0
DA:198,0
DA:204,0
DA:205,0
DA:206,0
DA:212,0
DA:214,0
DA:220,0
DA:221,0
DA:233,0
DA:234,0
DA:235,0
DA:238,0
DA:239,0
DA:240,0
DA:246,0
DA:247,0
DA:248,0
DA:254,0
DA:256,0
DA:261,0
DA:262,0
DA:274,0
DA:275,0
DA:276,0
DA:278,0
DA:279,0
DA:285,0
DA:286,0
DA:287,0
DA:293,0
DA:295,0
DA:301,0
DA:302,0
DA:314,0
DA:315,0
DA:316,0
DA:318,0
DA:319,0
DA:332,0
DA:334,0
DA:339,0
DA:340,0
DA:348,0
LF:100
LH:0
BRDA:18,0,0,0
BRDA:18,0,1,0
BRDA:95,1,0,0
BRDA:95,1,1,0
BRDA:128,2,0,0
BRDA:128,2,1,0
BRDA:165,3,0,0
BRDA:165,3,1,0
BRDA:197,4,0,0
BRDA:197,4,1,0
BRDA:205,5,0,0
BRDA:205,5,1,0
BRDA:205,6,0,0
BRDA:205,6,1,0
BRDA:239,7,0,0
BRDA:239,7,1,0
BRDA:247,8,0,0
BRDA:247,8,1,0
BRDA:247,9,0,0
BRDA:247,9,1,0
BRDA:278,10,0,0
BRDA:278,10,1,0
BRDA:286,11,0,0
BRDA:286,11,1,0
BRDA:318,12,0,0
BRDA:318,12,1,0
BRF:26
BRH:0
end_of_record
TN:
SF:src/routes/timeline.js
FN:8,(anonymous_0)
FNF:1
FNH:0
FNDA:0,(anonymous_0)
DA:1,0
DA:2,0
DA:3,0
DA:4,0
DA:5,0
DA:8,0
DA:9,0
DA:10,0
DA:13,0
DA:16,0
DA:19,0
DA:21,0
DA:26,0
DA:27,0
DA:31,0
LF:15
LH:0
BRF:0
BRH:0
end_of_record
TN:
SF:src/services/applicationService.js
FN:8,(anonymous_0)
FN:19,(anonymous_1)
FN:25,(anonymous_2)
FN:44,(anonymous_3)
FN:54,(anonymous_4)
FN:55,(anonymous_5)
FNF:6
FNH:0
FNDA:0,(anonymous_0)
FNDA:0,(anonymous_1)
FNDA:0,(anonymous_2)
FNDA:0,(anonymous_3)
FNDA:0,(anonymous_4)
FNDA:0,(anonymous_5)
DA:1,0
DA:2,0
DA:3,0
DA:4,0
DA:9,0
DA:10,0
DA:11,0
DA:14,0
DA:20,0
DA:21,0
DA:25,0
DA:26,0
DA:27,0
DA:28,0
DA:32,0
DA:38,0
DA:39,0
DA:45,0
DA:46,0
DA:47,0
DA:48,0
DA:50,0
DA:54,0
DA:55,0
DA:59,0
DA:65,0
DA:72,0
DA:80,0
DA:81,0
DA:86,0
LF:30
LH:0
BRDA:26,0,0,0
BRDA:26,0,1,0
BRDA:27,1,0,0
BRDA:27,1,1,0
BRDA:28,2,0,0
BRDA:28,2,1,0
BRDA:55,3,0,0
BRDA:55,3,1,0
BRDA:60,4,0,0
BRDA:60,4,1,0
BRDA:60,4,2,0
BRDA:60,4,3,0
BRF:12
BRH:0
end_of_record
TN:
SF:src/services/authService.js
FN:10,(anonymous_0)
FN:49,(anonymous_1)
FN:82,(anonymous_2)
FN:127,(anonymous_3)
FN:161,(anonymous_4)
FN:175,(anonymous_5)
FN:183,(anonymous_6)
FN:195,(anonymous_7)
FN:207,(anonymous_8)
FN:223,(anonymous_9)
FN:229,(anonymous_10)
FNF:11
FNH:0
FNDA:0,(anonymous_0)
FNDA:0,(anonymous_1)
FNDA:0,(anonymous_2)
FNDA:0,(anonymous_3)
FNDA:0,(anonymous_4)
FNDA:0,(anonymous_5)
FNDA:0,(anonymous_6)
FNDA:0,(anonymous_7)
FNDA:0,(anonymous_8)
FNDA:0,(anonymous_9)
FNDA:0,(anonymous_10)
DA:1,0
DA:2,0
DA:3,0
DA:4,0
DA:5,0
DA:6,0
DA:11,0
DA:13,0
DA:14,0
DA:15,0
DA:19,0
DA:22,0
DA:31,0
DA:34,0
DA:36,0
DA:38,0
DA:43,0
DA:44,0
DA:50,0
DA:52,0
DA:53,0
DA:54,0
DA:58,0
DA:59,0
DA:60,0
DA:64,0
DA:67,0
DA:69,0
DA:71,0
DA:76,0
DA:77,0
DA:83,0
DA:84,0
DA:86,0
DA:88,0
DA:90,0
DA:92,0
DA:93,0
DA:94,0
DA:95,0
DA:98,0
DA:109,0
DA:112,0
DA:114,0
DA:116,0
DA:121,0
DA:122,0
DA:128,0
DA:130,0
DA:133,0
DA:134,0
DA:138,0
DA:140,0
DA:141,0
DA:145,0
DA:146,0
DA:147,0
DA:151,0
DA:153,0
DA:155,0
DA:156,0
DA:162,0
DA:163,0
DA:164,0
DA:165,0
DA:167,0
DA:169,0
DA:170,0
DA:176,0
DA:177,0
DA:179,0
DA:184,0
DA:196,0
DA:208,0
DA:211,0
DA:212,0
DA:214,0
DA:219,0
DA:224,0
DA:225,0
DA:230,0
DA:231,0
DA:233,0
DA:238,0
LF:84
LH:0
BRDA:14,0,0,0
BRDA:14,0,1,0
BRDA:53,1,0,0
BRDA:53,1,1,0
BRDA:53,2,0,0
BRDA:53,2,1,0
BRDA:59,3,0,0
BRDA:59,3,1,0
BRDA:86,4,0,0
BRDA:86,4,1,0
BRDA:90,5,0,0
BRDA:90,5,1,0
BRDA:140,6,0,0
BRDA:140,6,1,0
BRDA:146,7,0,0
BRDA:146,7,1,0
BRF:16
BRH:0
end_of_record
TN:
SF:src/services/chancingCalculator.js
FN:13,calculateAdmissionChance
FN:209,(anonymous_1)
FN:251,(anonymous_2)
FN:252,(anonymous_3)
FN:253,(anonymous_4)
FN:402,calculatePercentile
FN:425,calculateJEEChance
FN:475,calculateUKChance
FN:486,(anonymous_8)
FN:533,calculateGermanChance
FN:594,getRecommendation
FN:610,getChancingForStudent
FN:650,(anonymous_12)
FN:654,(anonymous_13)
FN:655,(anonymous_14)
FN:656,(anonymous_15)
FN:666,(anonymous_16)
FN:675,(anonymous_17)
FN:684,calculateCDSBasedChance
FN:695,(anonymous_19)
FN:748,(anonymous_20)
FN:750,(anonymous_21)
FN:751,(anonymous_22)
FN:807,(anonymous_23)
FN:808,(anonymous_24)
FN:809,(anonymous_25)
FN:887,generateRecommendations
FN:922,getAdmittedSampleComparison
FN:967,(anonymous_28)
FNF:29
FNH:0
FNDA:0,calculateAdmissionChance
FNDA:0,(anonymous_1)
FNDA:0,(anonymous_2)
FNDA:0,(anonymous_3)
FNDA:0,(anonymous_4)
FNDA:0,calculatePercentile
FNDA:0,calculateJEEChance
FNDA:0,calculateUKChance
FNDA:0,(anonymous_8)
FNDA:0,calculateGermanChance
FNDA:0,getRecommendation
FNDA:0,getChancingForStudent
FNDA:0,(anonymous_12)
FNDA:0,(anonymous_13)
FNDA:0,(anonymous_14)
FNDA:0,(anonymous_15)
FNDA:0,(anonymous_16)
FNDA:0,(anonymous_17)
FNDA:0,calculateCDSBasedChance
FNDA:0,(anonymous_19)
FNDA:0,(anonymous_20)
FNDA:0,(anonymous_21)
FNDA:0,(anonymous_22)
FNDA:0,(anonymous_23)
FNDA:0,(anonymous_24)
FNDA:0,(anonymous_25)
FNDA:0,generateRecommendations
FNDA:0,getAdmittedSampleComparison
FNDA:0,(anonymous_28)
DA:4,0
DA:14,0
DA:15,0
DA:20,0
DA:21,0
DA:27,0
DA:28,0
DA:29,0
DA:35,0
DA:36,0
DA:37,0
DA:43,0
DA:44,0
DA:45,0
DA:52,0
DA:53,0
DA:60,0
DA:62,0
DA:68,0
DA:69,0
DA:70,0
DA:76,0
DA:77,0
DA:78,0
DA:84,0
DA:85,0
DA:86,0
DA:93,0
DA:94,0
DA:106,0
DA:107,0
DA:109,0
DA:110,0
DA:112,0
DA:113,0
DA:114,0
DA:120,0
DA:121,0
DA:122,0
DA:128,0
DA:129,0
DA:130,0
DA:137,0
DA:138,0
DA:150,0
DA:151,0
DA:153,0
DA:154,0
DA:155,0
DA:161,0
DA:162,0
DA:163,0
DA:169,0
DA:170,0
DA:171,0
DA:178,0
DA:179,0
DA:186,0
DA:188,0
DA:190,0
DA:191,0
DA:192,0
DA:193,0
DA:194,0
DA:195,0
DA:196,0
DA:197,0
DA:198,0
DA:200,0
DA:201,0
DA:208,0
DA:209,0
DA:210,0
DA:213,0
DA:214,0
DA:215,0
DA:221,0
DA:222,0
DA:223,0
DA:229,0
DA:230,0
DA:231,0
DA:238,0
DA:239,0
DA:250,0
DA:251,0
DA:252,0
DA:253,0
DA:255,0
DA:256,0
DA:257,0
DA:263,0
DA:264,0
DA:265,0
DA:271,0
DA:272,0
DA:273,0
DA:280,0
DA:281,0
DA:292,0
DA:293,0
DA:294,0
DA:295,0
DA:306,0
DA:307,0
DA:308,0
DA:316,0
DA:317,0
DA:318,0
DA:329,0
DA:332,0
DA:333,0
DA:336,0
DA:337,0
DA:343,0
DA:344,0
DA:350,0
DA:351,0
DA:360,0
DA:364,0
DA:365,0
DA:366,0
DA:367,0
DA:369,0
DA:373,0
DA:379,0
DA:403,0
DA:406,0
DA:408,0
DA:409,0
DA:411,0
DA:413,0
DA:415,0
DA:416,0
DA:419,0
DA:427,0
DA:428,0
DA:429,0
DA:433,0
DA:434,0
DA:435,0
DA:438,0
DA:440,0
DA:443,0
DA:447,0
DA:448,0
DA:449,0
DA:450,0
DA:451,0
DA:452,0
DA:453,0
DA:454,0
DA:455,0
DA:456,0
DA:457,0
DA:458,0
DA:459,0
DA:460,0
DA:461,0
DA:462,0
DA:464,0
DA:465,0
DA:466,0
DA:469,0
DA:476,0
DA:477,0
DA:480,0
DA:484,0
DA:485,0
DA:486,0
DA:487,0
DA:489,0
DA:490,0
DA:491,0
DA:492,0
DA:493,0
DA:494,0
DA:495,0
DA:496,0
DA:497,0
DA:499,0
DA:500,0
DA:502,0
DA:503,0
DA:504,0
DA:506,0
DA:507,0
DA:508,0
DA:509,0
DA:510,0
DA:511,0
DA:512,0
DA:513,0
DA:514,0
DA:516,0
DA:517,0
DA:523,0
DA:524,0
DA:525,0
DA:527,0
DA:534,0
DA:535,0
DA:538,0
DA:539,0
DA:547,0
DA:548,0
DA:549,0
DA:552,0
DA:553,0
DA:554,0
DA:555,0
DA:556,0
DA:557,0
DA:558,0
DA:559,0
DA:560,0
DA:562,0
DA:563,0
DA:568,0
DA:569,0
DA:570,0
DA:571,0
DA:572,0
DA:573,0
DA:574,0
DA:576,0
DA:577,0
DA:581,0
DA:584,0
DA:585,0
DA:586,0
DA:588,0
DA:595,0
DA:597,0
DA:599,0
DA:601,0
DA:603,0
DA:611,0
DA:613,0
DA:614,0
DA:620,0
DA:622,0
DA:623,0
DA:627,0
DA:628,0
DA:629,0
DA:630,0
DA:631,0
DA:632,0
DA:635,0
DA:638,0
DA:650,0
DA:653,0
DA:654,0
DA:655,0
DA:656,0
DA:659,0
DA:666,0
DA:675,0
DA:685,0
DA:687,0
DA:690,0
DA:691,0
DA:692,0
DA:695,0
DA:696,0
DA:698,0
DA:699,0
DA:701,0
DA:702,0
DA:714,0
DA:715,0
DA:716,0
DA:719,0
DA:721,0
DA:722,0
DA:723,0
DA:724,0
DA:725,0
DA:728,0
DA:729,0
DA:731,0
DA:732,0
DA:734,0
DA:737,0
DA:741,0
DA:747,0
DA:748,0
DA:749,0
DA:750,0
DA:751,0
DA:753,0
DA:754,0
DA:756,0
DA:760,0
DA:761,0
DA:763,0
DA:764,0
DA:765,0
DA:766,0
DA:769,0
DA:771,0
DA:774,0
DA:775,0
DA:776,0
DA:777,0
DA:780,0
DA:782,0
DA:789,0
DA:790,0
DA:792,0
DA:794,0
DA:795,0
DA:796,0
DA:797,0
DA:800,0
DA:806,0
DA:807,0
DA:808,0
DA:809,0
DA:814,0
DA:816,0
DA:820,0
DA:821,0
DA:822,0
DA:824,0
DA:828,0
DA:832,0
DA:833,0
DA:838,0
DA:839,0
DA:844,0
DA:846,0
DA:847,0
DA:853,0
DA:856,0
DA:858,0
DA:860,0
DA:863,0
DA:867,0
DA:868,0
DA:869,0
DA:871,0
DA:888,0
DA:890,0
DA:891,0
DA:892,0
DA:894,0
DA:895,0
DA:897,0
DA:898,0
DA:900,0
DA:901,0
DA:903,0
DA:904,0
DA:906,0
DA:907,0
DA:912,0
DA:913,0
DA:916,0
DA:923,0
DA:924,0
DA:927,0
DA:929,0
DA:930,0
DA:937,0
DA:938,0
DA:947,0
DA:948,0
DA:957,0
DA:958,0
DA:967,0
DA:968,0
DA:969,0
DA:977,0
DA:980,0
DA:983,0
LF:377
LH:0
BRDA:20,0,0,0
BRDA:20,0,1,0
BRDA:20,1,0,0
BRDA:20,1,1,0
BRDA:20,1,2,0
BRDA:27,2,0,0
BRDA:27,2,1,0
BRDA:35,3,0,0
BRDA:35,3,1,0
BRDA:43,4,0,0
BRDA:43,4,1,0
BRDA:60,5,0,0
BRDA:60,5,1,0
BRDA:60,6,0,0
BRDA:60,6,1,0
BRDA:60,6,2,0
BRDA:68,7,0,0
BRDA:68,7,1,0
BRDA:76,8,0,0
BRDA:76,8,1,0
BRDA:84,9,0,0
BRDA:84,9,1,0
BRDA:106,10,0,0
BRDA:106,10,1,0
BRDA:107,11,0,0
BRDA:107,11,1,0
BRDA:109,12,0,0
BRDA:109,12,1,0
BRDA:109,13,0,0
BRDA:109,13,1,0
BRDA:112,14,0,0
BRDA:112,14,1,0
BRDA:120,15,0,0
BRDA:120,15,1,0
BRDA:128,16,0,0
BRDA:128,16,1,0
BRDA:150,17,0,0
BRDA:150,17,1,0
BRDA:153,18,0,0
BRDA:153,18,1,0
BRDA:161,19,0,0
BRDA:161,19,1,0
BRDA:169,20,0,0
BRDA:169,20,1,0
BRDA:186,21,0,0
BRDA:186,21,1,0
BRDA:186,22,0,0
BRDA:186,22,1,0
BRDA:190,23,0,0
BRDA:190,23,1,0
BRDA:193,24,0,0
BRDA:193,24,1,0
BRDA:196,25,0,0
BRDA:196,25,1,0
BRDA:208,26,0,0
BRDA:208,26,1,0
BRDA:210,27,0,0
BRDA:210,27,1,0
BRDA:210,27,2,0
BRDA:213,28,0,0
BRDA:213,28,1,0
BRDA:221,29,0,0
BRDA:221,29,1,0
BRDA:229,30,0,0
BRDA:229,30,1,0
BRDA:250,31,0,0
BRDA:250,31,1,0
BRDA:255,32,0,0
BRDA:255,32,1,0
BRDA:263,33,0,0
BRDA:263,33,1,0
BRDA:263,34,0,0
BRDA:263,34,1,0
BRDA:271,35,0,0
BRDA:271,35,1,0
BRDA:271,36,0,0
BRDA:271,36,1,0
BRDA:292,37,0,0
BRDA:292,37,1,0
BRDA:293,38,0,0
BRDA:293,38,1,0
BRDA:293,39,0,0
BRDA:293,39,1,0
BRDA:306,40,0,0
BRDA:306,40,1,0
BRDA:316,41,0,0
BRDA:316,41,1,0
BRDA:329,42,0,0
BRDA:329,42,1,0
BRDA:336,43,0,0
BRDA:336,43,1,0
BRDA:343,44,0,0
BRDA:343,44,1,0
BRDA:350,45,0,0
BRDA:350,45,1,0
BRDA:364,46,0,0
BRDA:364,46,1,0
BRDA:366,47,0,0
BRDA:366,47,1,0
BRDA:373,48,0,0
BRDA:373,48,1,0
BRDA:375,49,0,0
BRDA:375,49,1,0
BRDA:403,50,0,0
BRDA:403,50,1,0
BRDA:406,51,0,0
BRDA:406,51,1,0
BRDA:411,52,0,0
BRDA:411,52,1,0
BRDA:413,53,0,0
BRDA:413,53,1,0
BRDA:427,54,0,0
BRDA:427,54,1,0
BRDA:428,55,0,0
BRDA:428,55,1,0
BRDA:429,56,0,0
BRDA:429,56,1,0
BRDA:429,56,2,0
BRDA:433,57,0,0
BRDA:433,57,1,0
BRDA:435,58,0,0
BRDA:435,58,1,0
BRDA:447,59,0,0
BRDA:447,59,1,0
BRDA:451,60,0,0
BRDA:451,60,1,0
BRDA:455,61,0,0
BRDA:455,61,1,0
BRDA:459,62,0,0
BRDA:459,62,1,0
BRDA:484,63,0,0
BRDA:484,63,1,0
BRDA:485,64,0,0
BRDA:485,64,1,0
BRDA:486,65,0,0
BRDA:486,65,1,0
BRDA:487,66,0,0
BRDA:487,66,1,0
BRDA:489,67,0,0
BRDA:489,67,1,0
BRDA:492,68,0,0
BRDA:492,68,1,0
BRDA:495,69,0,0
BRDA:495,69,1,0
BRDA:502,70,0,0
BRDA:502,70,1,0
BRDA:504,71,0,0
BRDA:504,71,1,0
BRDA:506,72,0,0
BRDA:506,72,1,0
BRDA:509,73,0,0
BRDA:509,73,1,0
BRDA:512,74,0,0
BRDA:512,74,1,0
BRDA:523,75,0,0
BRDA:523,75,1,0
BRDA:524,76,0,0
BRDA:524,76,1,0
BRDA:538,77,0,0
BRDA:538,77,1,0
BRDA:547,78,0,0
BRDA:547,78,1,0
BRDA:549,79,0,0
BRDA:549,79,1,0
BRDA:552,80,0,0
BRDA:552,80,1,0
BRDA:555,81,0,0
BRDA:555,81,1,0
BRDA:558,82,0,0
BRDA:558,82,1,0
BRDA:568,83,0,0
BRDA:568,83,1,0
BRDA:570,84,0,0
BRDA:570,84,1,0
BRDA:573,85,0,0
BRDA:573,85,1,0
BRDA:584,86,0,0
BRDA:584,86,1,0
BRDA:585,87,0,0
BRDA:585,87,1,0
BRDA:595,88,0,0
BRDA:595,88,1,0
BRDA:595,88,2,0
BRDA:595,88,3,0
BRDA:613,89,0,0
BRDA:613,89,1,0
BRDA:623,90,0,0
BRDA:623,90,1,0
BRDA:623,90,2,0
BRDA:627,91,0,0
BRDA:627,91,1,0
BRDA:627,92,0,0
BRDA:627,92,1,0
BRDA:627,92,2,0
BRDA:629,93,0,0
BRDA:629,93,1,0
BRDA:629,94,0,0
BRDA:629,94,1,0
BRDA:629,94,2,0
BRDA:631,95,0,0
BRDA:631,95,1,0
BRDA:631,96,0,0
BRDA:631,96,1,0
BRDA:642,97,0,0
BRDA:642,97,1,0
BRDA:642,98,0,0
BRDA:642,98,1,0
BRDA:661,99,0,0
BRDA:661,99,1,0
BRDA:661,100,0,0
BRDA:661,100,1,0
BRDA:661,101,0,0
[...]
BRDA:760,131,1,0
BRDA:763,132,0,0
BRDA:763,132,1,0
BRDA:763,133,0,0
BRDA:763,133,1,0
BRDA:763,133,2,0
BRDA:764,134,0,0
BRDA:764,134,1,0
BRDA:765,135,0,0
BRDA:765,135,1,0
BRDA:771,136,0,0
BRDA:771,136,1,0
BRDA:774,137,0,0
BRDA:774,137,1,0
BRDA:774,138,0,0
BRDA:774,138,1,0
BRDA:774,138,2,0
BRDA:775,139,0,0
BRDA:775,139,1,0
BRDA:776,140,0,0
BRDA:776,140,1,0
BRDA:782,141,0,0
BRDA:782,141,1,0
BRDA:789,142,0,0
BRDA:789,142,1,0
BRDA:792,143,0,0
BRDA:792,143,1,0
BRDA:794,144,0,0
BRDA:794,144,1,0
BRDA:795,145,0,0
BRDA:795,145,1,0
BRDA:796,146,0,0
BRDA:796,146,1,0
BRDA:800,147,0,0
BRDA:800,147,1,0
BRDA:802,148,0,0
BRDA:802,148,1,0
BRDA:806,149,0,0
BRDA:806,149,1,0
BRDA:816,150,0,0
BRDA:816,150,1,0
BRDA:820,151,0,0
BRDA:820,151,1,0
BRDA:822,152,0,0
BRDA:822,152,1,0
BRDA:824,153,0,0
BRDA:824,153,1,0
BRDA:828,154,0,0
BRDA:828,154,1,0
BRDA:832,155,0,0
BRDA:832,155,1,0
BRDA:833,156,0,0
BRDA:833,156,1,0
BRDA:838,157,0,0
BRDA:838,157,1,0
BRDA:839,158,0,0
BRDA:839,158,1,0
BRDA:844,159,0,0
BRDA:844,159,1,0
BRDA:844,160,0,0
BRDA:844,160,1,0
BRDA:846,161,0,0
BRDA:846,161,1,0
BRDA:853,162,0,0
BRDA:853,162,1,0
BRDA:856,163,0,0
BRDA:856,163,1,0
BRDA:867,164,0,0
BRDA:867,164,1,0
BRDA:868,165,0,0
BRDA:868,165,1,0
BRDA:891,166,0,0
BRDA:891,166,1,0
BRDA:892,167,0,0
BRDA:892,167,1,0
BRDA:892,167,2,0
BRDA:892,167,3,0
BRDA:892,167,4,0
BRDA:912,168,0,0
BRDA:912,168,1,0
BRDA:923,169,0,0
BRDA:923,169,1,0
BRDA:923,170,0,0
BRDA:923,170,1,0
BRDA:937,171,0,0
BRDA:937,171,1,0
BRDA:937,172,0,0
BRDA:937,172,1,0
BRDA:947,173,0,0
BRDA:947,173,1,0
BRDA:947,174,0,0
BRDA:947,174,1,0
BRDA:957,175,0,0
BRDA:957,175,1,0
BRDA:957,176,0,0
BRDA:957,176,1,0
BRDA:967,177,0,0
BRDA:967,177,1,0
BRDA:968,178,0,0
BRDA:968,178,1,0
BRDA:968,179,0,0
BRDA:968,179,1,0
BRF:373
BRH:0
end_of_record
TN:
SF:src/services/collegeService.js
FN:6,(anonymous_0)
FN:18,(anonymous_1)
FN:32,(anonymous_2)
FN:44,(anonymous_3)
FN:56,(anonymous_4)
FN:103,(anonymous_5)
FN:109,(anonymous_6)
FN:117,(anonymous_7)
FN:125,(anonymous_8)
FN:129,(anonymous_9)
FN:144,(anonymous_10)
FN:211,(anonymous_11)
FN:258,(anonymous_12)
FN:280,(anonymous_13)
FN:304,(anonymous_14)
FN:336,(anonymous_15)
FNF:16
FNH:0
FNDA:0,(anonymous_0)
FNDA:0,(anonymous_1)
FNDA:0,(anonymous_2)
FNDA:0,(anonymous_3)
FNDA:0,(anonymous_4)
FNDA:0,(anonymous_5)
FNDA:0,(anonymous_6)
FNDA:0,(anonymous_7)
FNDA:0,(anonymous_8)
FNDA:0,(anonymous_9)
FNDA:0,(anonymous_10)
FNDA:0,(anonymous_11)
FNDA:0,(anonymous_12)
FNDA:0,(anonymous_13)
FNDA:0,(anonymous_14)
FNDA:0,(anonymous_15)
DA:1,0
DA:2,0
DA:7,0
DA:8,0
DA:9,0
DA:10,0
DA:12,0
DA:13,0
DA:19,0
DA:20,0
DA:21,0
DA:22,0
DA:24,0
DA:26,0
DA:27,0
DA:33,0
DA:34,0
DA:35,0
DA:36,0
DA:38,0
DA:39,0
DA:45,0
DA:46,0
DA:47,0
DA:48,0
DA:50,0
DA:51,0
DA:57,0
DA:58,0
DA:59,0
DA:61,0
DA:68,0
DA:70,0
DA:72,0
DA:80,0
DA:81,0
DA:89,0
DA:97,0
DA:98,0
DA:104,0
DA:105,0
DA:106,0
DA:107,0
DA:108,0
DA:109,0
DA:111,0
DA:112,0
DA:118,0
DA:119,0
DA:120,0
DA:121,0
DA:122,0
DA:123,0
DA:125,0
DA:126,0
DA:127,0
DA:128,0
DA:129,0
DA:136,0
DA:138,0
DA:139,0
DA:145,0
DA:146,0
DA:147,0
DA:150,0
DA:153,0
DA:154,0
DA:163,0
DA:166,0
DA:172,0
DA:176,0
DA:177,0
DA:185,0
DA:187,0
DA:191,0
DA:192,0
DA:193,0
DA:194,0
DA:195,0
DA:196,0
DA:197,0
DA:203,0
DA:205,0
DA:206,0
DA:212,0
DA:213,0
DA:214,0
DA:217,0
DA:222,0
DA:224,0
DA:231,0
DA:239,0
DA:244,0
DA:246,0
DA:252,0
DA:253,0
DA:259,0
DA:260,0
DA:261,0
DA:263,0
DA:265,0
DA:272,0
DA:274,0
DA:275,0
DA:281,0
DA:282,0
DA:283,0
DA:285,0
DA:292,0
DA:293,0
DA:296,0
DA:298,0
DA:299,0
DA:305,0
DA:306,0
DA:307,0
DA:309,0
DA:323,0
DA:325,0
DA:330,0
DA:331,0
DA:337,0
DA:338,0
DA:339,0
DA:341,0
DA:343,0
DA:349,0
DA:351,0
DA:352,0
DA:357,0
LF:130
LH:0
BRDA:6,0,0,0
BRDA:21,1,0,0
BRDA:21,1,1,0
BRDA:32,2,0,0
BRDA:70,3,0,0
BRDA:70,3,1,0
BRDA:80,4,0,0
BRDA:80,4,1,0
BRDA:80,5,0,0
BRDA:80,5,1,0
BRDA:127,6,0,0
BRDA:127,6,1,0
BRDA:128,7,0,0
BRDA:128,7,1,0
BRDA:195,8,0,0
BRDA:195,8,1,0
BRDA:222,9,0,0
BRDA:222,9,1,0
BRDA:258,10,0,0
BRDA:263,11,0,0
BRDA:263,12,0,0
BRDA:292,13,0,0
BRDA:292,13,1,0
BRDA:314,14,0,0
BRDA:314,14,1,0
BRDA:315,15,0,0
BRDA:315,15,1,0
BRDA:316,16,0,0
BRDA:316,16,1,0
BRDA:317,17,0,0
BRDA:317,17,1,0
BRDA:320,18,0,0
BRDA:320,18,1,0
BRDA:323,19,0,0
BRDA:323,19,1,0
BRDA:336,20,0,0
BRDA:341,21,0,0
BRF:37
BRH:0
end_of_record
TN:
SF:src/services/dataAggregator.js
FN:14,(anonymous_0)
FN:66,(anonymous_1)
FN:83,(anonymous_2)
FN:119,(anonymous_3)
FN:142,(anonymous_4)
FNF:5
FNH:0
FNDA:0,(anonymous_0)
FNDA:0,(anonymous_1)
FNDA:0,(anonymous_2)
FNDA:0,(anonymous_3)
FNDA:0,(anonymous_4)
DA:4,0
DA:5,0
DA:15,0
DA:25,0
DA:26,0
DA:27,0
DA:28,0
DA:29,0
DA:30,0
DA:37,0
DA:38,0
DA:43,0
DA:44,0
DA:45,0
DA:46,0
DA:47,0
DA:54,0
DA:58,0
DA:67,0
DA:68,0
DA:69,0
DA:75,0
DA:77,0
DA:83,0
DA:84,0
DA:86,0
DA:88,0
DA:89,0
DA:90,0
DA:91,0
DA:92,0
DA:93,0
DA:96,0
DA:102,0
DA:103,0
DA:104,0
DA:106,0
DA:109,0
DA:110,0
DA:120,0
DA:121,0
DA:122,0
DA:129,0
DA:130,0
DA:133,0
DA:134,0
DA:143,0
DA:144,0
DA:145,0
DA:151,0
DA:152,0
DA:155,0
DA:161,0
DA:163,0
LF:54
LH:0
BRDA:14,0,0,0
BRDA:25,1,0,0
BRDA:25,1,1,0
BRDA:27,2,0,0
BRDA:27,2,1,0
BRDA:43,3,0,0
BRDA:43,3,1,0
BRDA:45,4,0,0
BRDA:45,4,1,0
BRDA:45,5,0,0
BRDA:45,5,1,0
BRDA:88,6,0,0
BRDA:88,6,1,0
BRDA:88,7,0,0
BRDA:88,7,1,0
BRDA:90,8,0,0
BRDA:90,8,1,0
BRDA:90,9,0,0
BRDA:90,9,1,0
BRDA:92,10,0,0
BRDA:92,10,1,0
BRDA:92,11,0,0
BRDA:92,11,1,0
BRF:23
BRH:0
end_of_record
TN:
SF:src/services/deadlineService.js
FN:6,(anonymous_0)
FN:19,(anonymous_1)
FN:38,(anonymous_2)
FN:42,(anonymous_3)
FNF:4
FNH:0
FNDA:0,(anonymous_0)
FNDA:0,(anonymous_1)
FNDA:0,(anonymous_2)
FNDA:0,(anonymous_3)
DA:1,0
DA:2,0
DA:7,0
DA:8,0
DA:10,0
DA:11,0
DA:19,0
DA:20,0
DA:21,0
DA:23,0
DA:24,0
DA:25,0
DA:27,0
DA:30,0
DA:32,0
DA:33,0
DA:39,0
DA:40,0
DA:42,0
DA:43,0
DA:47,0
DA:55,0
DA:56,0
DA:61,0
LF:24
LH:0
BRDA:23,0,0,0
BRDA:23,0,1,0
BRDA:24,1,0,0
BRDA:24,1,1,0
BRDA:25,2,0,0
BRDA:25,2,1,0
BRDA:27,3,0,0
BRDA:27,3,1,0
BRDA:51,4,0,0
BRDA:51,4,1,0
BRDA:51,5,0,0
BRDA:51,5,1,0
BRF:12
BRH:0
end_of_record
TN:
SF:src/services/essayService.js
FN:6,(anonymous_0)
FN:29,(anonymous_1)
FN:47,(anonymous_2)
FN:55,(anonymous_3)
FNF:4
FNH:0
FNDA:0,(anonymous_0)
FNDA:0,(anonymous_1)
FNDA:0,(anonymous_2)
FNDA:0,(anonymous_3)
DA:1,0
DA:2,0
DA:7,0
DA:8,0
DA:10,0
DA:20,0
DA:27,0
DA:29,0
DA:30,0
DA:31,0
DA:32,0
DA:33,0
DA:37,0
DA:39,0
DA:41,0
DA:42,0
DA:48,0
DA:50,0
DA:55,0
DA:59,0
LF:20
LH:0
BRDA:31,0,0,0
BRDA:31,0,1,0
BRDA:32,1,0,0
BRDA:32,1,1,0
BRDA:37,2,0,0
BRDA:37,2,1,0
BRDA:48,3,0,0
BRDA:48,3,1,0
BRF:8
BRH:0
end_of_record
TN:
SF:src/services/intelligentSearch.js
FN:13,(anonymous_0)
FN:45,(anonymous_1)
FN:47,(anonymous_2)
FN:50,(anonymous_3)
FN:52,(anonymous_4)
FN:55,(anonymous_5)
FN:57,(anonymous_6)
FN:60,(anonymous_7)
FN:62,(anonymous_8)
FN:65,(anonymous_9)
FN:67,(anonymous_10)
FN:76,(anonymous_11)
FN:113,(anonymous_12)
FN:133,(anonymous_13)
FN:182,(anonymous_14)
FN:223,(anonymous_15)
FN:246,(anonymous_16)
FN:269,(anonymous_17)
FN:284,(anonymous_18)
FN:315,(anonymous_19)
FN:330,(anonymous_20)
FN:345,(anonymous_21)
FNF:22
FNH:0
FNDA:0,(anonymous_0)
FNDA:0,(anonymous_1)
FNDA:0,(anonymous_2)
FNDA:0,(anonymous_3)
FNDA:0,(anonymous_4)
FNDA:0,(anonymous_5)
FNDA:0,(anonymous_6)
FNDA:0,(anonymous_7)
FNDA:0,(anonymous_8)
FNDA:0,(anonymous_9)
FNDA:0,(anonymous_10)
FNDA:0,(anonymous_11)
FNDA:0,(anonymous_12)
FNDA:0,(anonymous_13)
FNDA:0,(anonymous_14)
FNDA:0,(anonymous_15)
FNDA:0,(anonymous_16)
FNDA:0,(anonymous_17)
FNDA:0,(anonymous_18)
FNDA:0,(anonymous_19)
FNDA:0,(anonymous_20)
FNDA:0,(anonymous_21)
DA:4,0
DA:5,0
DA:14,0
DA:17,0
DA:18,0
DA:22,0
DA:23,0
DA:27,0
DA:28,0
DA:32,0
DA:33,0
DA:37,0
DA:38,0
DA:42,0
DA:46,0
DA:47,0
DA:51,0
DA:52,0
DA:56,0
DA:57,0
DA:61,0
DA:62,0
DA:66,0
DA:67,0
DA:78,0
DA:79,0
DA:86,0
DA:88,0
DA:90,0
DA:93,0
DA:96,0
DA:99,0
DA:102,0
DA:106,0
DA:115,0
DA:118,0
DA:119,0
DA:121,0
DA:134,0
DA:135,0
DA:136,0
DA:139,0
DA:140,0
DA:141,0
DA:145,0
DA:146,0
DA:147,0
DA:151,0
DA:152,0
DA:153,0
DA:157,0
DA:158,0
DA:159,0
DA:163,0
DA:164,0
DA:165,0
DA:166,0
DA:167,0
DA:171,0
DA:183,0
DA:184,0
DA:185,0
DA:187,0
DA:196,0
DA:197,0
DA:201,0
DA:202,0
DA:206,0
DA:207,0
DA:211,0
DA:212,0
DA:213,0
DA:214,0
DA:217,0
DA:224,0
DA:226,0
DA:227,0
DA:236,0
DA:247,0
DA:249,0
DA:250,0
DA:259,0
DA:271,0
DA:273,0
DA:285,0
DA:286,0
DA:304,0
DA:305,0
DA:306,0
DA:309,0
DA:316,0
DA:317,0
DA:319,0
DA:320,0
DA:321,0
DA:324,0
DA:331,0
DA:332,0
DA:334,0
DA:335,0
DA:336,0
DA:339,0
DA:346,0
DA:349,0
DA:351,0
DA:355,0
DA:359,0
DA:362,0
DA:366,0
DA:370,0
DA:373,0
DA:377,0
DA:380,0
DA:384,0
LF:114
LH:0
BRDA:17,0,0,0
BRDA:17,0,1,0
BRDA:22,1,0,0
BRDA:22,1,1,0
BRDA:27,2,0,0
BRDA:27,2,1,0
BRDA:32,3,0,0
BRDA:32,3,1,0
BRDA:37,4,0,0
BRDA:37,4,1,0
BRDA:76,5,0,0
BRDA:78,6,0,0
BRDA:78,6,1,0
BRDA:78,7,0,0
BRDA:78,7,1,0
BRDA:78,7,2,0
BRDA:88,8,0,0
BRDA:88,8,1,0
BRDA:88,8,2,0
BRDA:88,8,3,0
BRDA:88,8,4,0
BRDA:88,8,5,0
BRDA:88,8,6,0
BRDA:115,9,0,0
BRDA:115,9,1,0
BRDA:119,10,0,0
BRDA:119,10,1,0
BRDA:139,11,0,0
BRDA:139,11,1,0
BRDA:145,12,0,0
BRDA:145,12,1,0
BRDA:151,13,0,0
BRDA:151,13,1,0
BRDA:157,14,0,0
BRDA:157,14,1,0
BRDA:163,15,0,0
BRDA:163,15,1,0
BRDA:165,16,0,0
BRDA:165,16,1,0
BRDA:196,17,0,0
BRDA:196,17,1,0
BRDA:201,18,0,0
BRDA:201,18,1,0
BRDA:201,19,0,0
BRDA:201,19,1,0
BRDA:201,19,2,0
BRDA:206,20,0,0
BRDA:206,20,1,0
BRDA:211,21,0,0
BRDA:211,21,1,0
BRDA:211,22,0,0
BRDA:211,22,1,0
BRDA:213,23,0,0
BRDA:213,23,1,0
BRDA:226,24,0,0
BRDA:226,24,1,0
BRDA:249,25,0,0
BRDA:249,25,1,0
BRDA:271,26,0,0
BRDA:271,26,1,0
BRDA:305,27,0,0
BRDA:305,27,1,0
BRDA:320,28,0,0
BRDA:320,28,1,0
BRDA:335,29,0,0
BRDA:335,29,1,0
BRDA:349,30,0,0
BRDA:349,30,1,0
BRDA:349,30,2,0
BRF:69
BRH:0
end_of_record
TN:
SF:src/services/mlPredictionService.js
FN:12,(anonymous_0)
FN:27,(anonymous_1)
FN:49,(anonymous_2)
FN:51,(anonymous_3)
FN:52,(anonymous_4)
FN:53,(anonymous_5)
FN:77,(anonymous_6)
FN:92,(anonymous_7)
FN:124,(anonymous_8)
FN:139,(anonymous_9)
FN:157,(anonymous_10)
FN:172,(anonymous_11)
FN:187,(anonymous_12)
FN:203,(anonymous_13)
FN:223,(anonymous_14)
FN:245,(anonymous_15)
FN:265,(anonymous_16)
FNF:17
FNH:9
FNDA:1,(anonymous_0)
FNDA:4,(anonymous_1)
FNDA:3,(anonymous_2)
FNDA:5,(anonymous_3)
FNDA:5,(anonymous_4)
FNDA:5,(anonymous_5)
FNDA:2,(anonymous_6)
FNDA:1,(anonymous_7)
FNDA:1,(anonymous_8)
FNDA:0,(anonymous_9)
FNDA:0,(anonymous_10)
FNDA:0,(anonymous_11)
FNDA:0,(anonymous_12)
FNDA:0,(anonymous_13)
FNDA:0,(anonymous_14)
FNDA:0,(anonymous_15)
FNDA:0,(anonymous_16)
DA:4,1
DA:5,1
DA:8,1
DA:9,1
DA:13,1
DA:20,1
DA:21,1
DA:29,4
DA:30,3
DA:33,1
DA:34,1
DA:35,0
DA:36,0
DA:37,0
DA:39,1
DA:40,1
DA:41,1
DA:42,1
DA:51,5
DA:52,5
DA:53,5
DA:55,3
DA:78,2
DA:94,1
DA:96,1
DA:97,1
DA:104,0
DA:105,0
DA:110,0
DA:112,0
DA:113,0
DA:125,1
DA:127,1
DA:128,1
DA:136,0
DA:137,0
DA:139,0
DA:142,0
DA:144,0
DA:145,0
DA:158,0
DA:159,0
DA:161,0
DA:162,0
DA:163,0
DA:165,0
DA:173,0
DA:174,0
DA:176,0
DA:177,0
DA:178,0
DA:180,0
DA:188,0
DA:189,0
DA:191,0
DA:192,0
DA:193,0
DA:195,0
DA:196,0
DA:204,0
DA:205,0
DA:206,0
DA:209,0
DA:210,0
DA:211,0
DA:216,0
DA:224,0
DA:225,0
DA:226,0
DA:229,0
DA:230,0
DA:235,0
DA:237,0
DA:238,0
DA:246,0
DA:247,0
DA:248,0
DA:251,0
DA:252,0
DA:256,0
DA:258,0
DA:266,0
DA:267,0
DA:269,0
DA:270,0
DA:273,0
DA:275,0
DA:281,1
DA:283,1
LF:89
LH:28
BRDA:8,0,0,1
BRDA:8,0,1,1
BRDA:9,1,0,1
BRDA:9,1,1,1
BRDA:29,2,0,3
BRDA:29,2,1,1
BRDA:29,3,0,4
BRDA:29,3,1,3
BRDA:49,4,0,0
BRDA:53,5,0,5
BRDA:53,5,1,4
BRDA:58,6,0,3
BRDA:58,6,1,3
BRDA:62,7,0,3
BRDA:62,7,1,3
BRDA:63,8,0,3
BRDA:63,8,1,3
BRDA:67,9,0,3
BRDA:67,9,1,2
BRDA:68,10,0,3
BRDA:68,10,1,3
BRDA:69,11,0,3
BRDA:69,11,1,3
BRDA:83,12,0,2
BRDA:83,12,1,1
BRDA:96,13,0,1
BRDA:96,13,1,0
BRDA:127,14,0,1
BRDA:127,14,1,0
BRDA:159,15,0,0
BRDA:159,15,1,0
BRDA:174,16,0,0
BRDA:174,16,1,0
BRDA:178,17,0,0
BRDA:178,17,1,0
BRDA:189,18,0,0
BRDA:189,18,1,0
BRDA:193,19,0,0
BRDA:193,19,1,0
BRDA:205,20,0,0
BRDA:205,20,1,0
BRDA:223,21,0,0
BRDA:225,22,0,0
BRDA:225,22,1,0
BRDA:247,23,0,0
BRDA:247,23,1,0
BRDA:265,24,0,0
BRDA:267,25,0,0
BRDA:267,25,1,0
BRDA:271,26,0,0
BRDA:271,26,1,0
BRF:51
BRH:26
end_of_record
TN:
SF:src/services/researchService.js
FN:10,(anonymous_0)
FN:61,(anonymous_1)
FN:120,(anonymous_2)
FN:151,(anonymous_3)
FN:167,(anonymous_4)
FN:191,(anonymous_5)
FN:204,(anonymous_6)
FN:210,(anonymous_7)
FN:230,(anonymous_8)
FNF:9
FNH:0
FNDA:0,(anonymous_0)
FNDA:0,(anonymous_1)
FNDA:0,(anonymous_2)
FNDA:0,(anonymous_3)
FNDA:0,(anonymous_4)
FNDA:0,(anonymous_5)
FNDA:0,(anonymous_6)
FNDA:0,(anonymous_7)
FNDA:0,(anonymous_8)
DA:1,0
DA:2,0
DA:3,0
DA:4,0
DA:5,0
DA:6,0
DA:11,0
DA:12,0
DA:13,0
DA:14,0
DA:18,0
DA:21,0
DA:22,0
DA:23,0
DA:24,0
DA:25,0
DA:29,0
DA:33,0
DA:35,0
DA:36,0
DA:38,0
DA:39,0
DA:41,0
DA:42,0
DA:44,0
DA:45,0
DA:47,0
DA:51,0
DA:53,0
DA:55,0
DA:56,0
DA:62,0
DA:63,0
DA:73,0
DA:74,0
DA:75,0
DA:76,0
DA:82,0
DA:83,0
DA:84,0
DA:85,0
DA:91,0
DA:92,0
DA:93,0
DA:94,0
DA:100,0
DA:101,0
DA:102,0
DA:103,0
DA:108,0
DA:121,0
DA:122,0
DA:125,0
DA:126,0
DA:127,0
DA:128,0
DA:134,0
DA:135,0
DA:139,0
DA:152,0
DA:153,0
DA:155,0
DA:156,0
DA:157,0
DA:158,0
DA:165,0
DA:167,0
DA:168,0
DA:169,0
DA:170,0
DA:179,0
DA:194,0
DA:205,0
DA:206,0
DA:211,0
DA:212,0
DA:217,0
DA:218,0
DA:220,0
DA:231,0
DA:234,0
DA:235,0
DA:237,0
DA:243,0
DA:253,0
DA:257,0
LF:86
LH:0
BRDA:10,0,0,0
BRDA:13,1,0,0
BRDA:13,1,1,0
BRDA:21,2,0,0
BRDA:21,2,1,0
BRDA:23,3,0,0
BRDA:23,3,1,0
BRDA:33,4,0,0
BRDA:33,4,1,0
BRDA:33,4,2,0
BRDA:33,4,3,0
BRDA:33,4,4,0
BRDA:73,5,0,0
BRDA:73,5,1,0
BRDA:75,6,0,0
BRDA:75,6,1,0
BRDA:83,7,0,0
BRDA:83,7,1,0
BRDA:91,8,0,0
BRDA:91,8,1,0
BRDA:91,9,0,0
BRDA:91,9,1,0
BRDA:93,10,0,0
BRDA:93,10,1,0
BRDA:101,11,0,0
BRDA:101,11,1,0
BRDA:111,12,0,0
BRDA:111,12,1,0
BRDA:115,13,0,0
BRDA:115,13,1,0
BRDA:125,14,0,0
BRDA:125,14,1,0
BRDA:127,15,0,0
BRDA:127,15,1,0
BRDA:142,16,0,0
BRDA:142,16,1,0
BRDA:146,17,0,0
BRDA:146,17,1,0
BRDA:155,18,0,0
BRDA:155,18,1,0
BRDA:157,19,0,0
BRDA:157,19,1,0
BRDA:169,20,0,0
BRDA:169,20,1,0
BRDA:182,21,0,0
BRDA:182,21,1,0
BRDA:186,22,0,0
BRDA:186,22,1,0
BRDA:218,23,0,0
BRDA:218,23,1,0
BRDA:222,24,0,0
BRDA:222,24,1,0
BRF:52
BRH:0
end_of_record
TN:
SF:src/services/scrappingService.js
FN:9,(anonymous_0)
FN:15,(anonymous_1)
FN:29,(anonymous_2)
FN:44,(anonymous_3)
FN:51,(anonymous_4)
FN:58,(anonymous_5)
FN:62,(anonymous_6)
FN:67,(anonymous_7)
FN:72,(anonymous_8)
FN:81,(anonymous_9)
FN:141,(anonymous_10)
FN:189,(anonymous_11)
FN:208,(anonymous_12)
FN:220,(anonymous_13)
FN:225,(anonymous_14)
FN:228,(anonymous_15)
FN:245,(anonymous_16)
FN:246,(anonymous_17)
FN:246,(anonymous_18)
FN:255,(anonymous_19)
FNF:20
FNH:0
FNDA:0,(anonymous_0)
FNDA:0,(anonymous_1)
FNDA:0,(anonymous_2)
FNDA:0,(anonymous_3)
FNDA:0,(anonymous_4)
FNDA:0,(anonymous_5)
FNDA:0,(anonymous_6)
FNDA:0,(anonymous_7)
FNDA:0,(anonymous_8)
FNDA:0,(anonymous_9)
FNDA:0,(anonymous_10)
FNDA:0,(anonymous_11)
FNDA:0,(anonymous_12)
FNDA:0,(anonymous_13)
FNDA:0,(anonymous_14)
FNDA:0,(anonymous_15)
FNDA:0,(anonymous_16)
FNDA:0,(anonymous_17)
FNDA:0,(anonymous_18)
FNDA:0,(anonymous_19)
DA:1,0
DA:2,0
DA:3,0
DA:4,0
DA:5,0
DA:6,0
DA:10,0
DA:11,0
DA:16,0
DA:17,0
DA:18,0
DA:21,0
DA:22,0
DA:23,0
DA:27,0
DA:29,0
DA:32,0
DA:33,0
DA:35,0
DA:38,0
DA:39,0
DA:45,0
DA:46,0
DA:47,0
DA:49,0
DA:50,0
DA:51,0
DA:54,0
DA:59,0
DA:62,0
DA:63,0
DA:67,0
DA:68,0
DA:72,0
DA:73,0
DA:77,0
DA:82,0
DA:83,0
DA:84,0
DA:87,0
DA:88,0
DA:89,0
DA:90,0
DA:91,0
DA:100,0
DA:103,0
DA:114,0
DA:117,0
DA:119,0
DA:121,0
DA:131,0
DA:132,0
DA:142,0
DA:143,0
DA:144,0
DA:155,0
DA:158,0
DA:160,0
DA:161,0
DA:165,0
DA:166,0
DA:167,0
DA:171,0
DA:172,0
DA:173,0
DA:177,0
DA:178,0
DA:179,0
DA:183,0
DA:184,0
DA:185,0
DA:189,0
DA:190,0
DA:191,0
DA:192,0
DA:193,0
DA:200,0
DA:202,0
DA:203,0
DA:209,0
DA:210,0
DA:211,0
DA:214,0
DA:220,0
DA:221,0
DA:224,0
DA:225,0
DA:226,0
DA:227,0
DA:228,0
DA:230,0
DA:231,0
DA:232,0
DA:245,0
DA:246,0
DA:248,0
DA:250,0
DA:251,0
DA:256,0
DA:257,0
DA:258,0
DA:259,0
DA:260,0
DA:261,0
DA:265,0
LF:105
LH:0
BRDA:21,0,0,0
BRDA:21,0,1,0
BRDA:46,1,0,0
BRDA:46,1,1,0
BRDA:49,2,0,0
BRDA:49,2,1,0
BRDA:62,3,0,0
BRDA:62,3,1,0
BRDA:67,4,0,0
BRDA:67,4,1,0
BRDA:72,5,0,0
BRDA:72,5,1,0
BRDA:81,6,0,0
BRDA:87,7,0,0
BRDA:87,7,1,0
BRDA:89,8,0,0
BRDA:89,8,1,0
BRDA:126,9,0,0
BRDA:126,9,1,0
BRDA:158,10,0,0
BRDA:158,10,1,0
BRDA:160,11,0,0
BRDA:160,11,1,0
BRDA:166,12,0,0
BRDA:166,12,1,0
BRDA:172,13,0,0
BRDA:172,13,1,0
BRDA:178,14,0,0
BRDA:178,14,1,0
BRDA:184,15,0,0
BRDA:184,15,1,0
BRDA:191,16,0,0
BRDA:191,16,1,0
BRDA:191,17,0,0
BRDA:191,17,1,0
BRDA:224,18,0,0
BRDA:224,18,1,0
BRDA:227,19,0,0
BRDA:227,19,1,0
BRDA:231,20,0,0
BRDA:231,20,1,0
BRDA:257,21,0,0
BRDA:257,21,1,0
BRDA:257,22,0,0
BRDA:257,22,1,0
BRDA:258,23,0,0
BRDA:258,23,1,0
BRDA:258,24,0,0
BRDA:258,24,1,0
BRDA:259,25,0,0
BRDA:259,25,1,0
BRDA:259,26,0,0
BRDA:259,26,1,0
BRDA:260,27,0,0
BRDA:260,27,1,0
BRF:55
BRH:0
end_of_record
TN:
SF:src/services/webScraper.js
FN:11,(anonymous_0)
FN:23,(anonymous_1)
FN:41,(anonymous_2)
FN:64,(anonymous_3)
FN:72,(anonymous_4)
FN:83,(anonymous_5)
FN:135,(anonymous_6)
FN:152,(anonymous_7)
FN:162,(anonymous_8)
FN:165,(anonymous_9)
FN:172,(anonymous_10)
FN:191,(anonymous_11)
FN:202,(anonymous_12)
FN:211,(anonymous_13)
FN:226,(anonymous_14)
FN:287,(anonymous_15)
FNF:16
FNH:0
FNDA:0,(anonymous_0)
FNDA:0,(anonymous_1)
FNDA:0,(anonymous_2)
FNDA:0,(anonymous_3)
FNDA:0,(anonymous_4)
FNDA:0,(anonymous_5)
FNDA:0,(anonymous_6)
FNDA:0,(anonymous_7)
FNDA:0,(anonymous_8)
FNDA:0,(anonymous_9)
FNDA:0,(anonymous_10)
FNDA:0,(anonymous_11)
FNDA:0,(anonymous_12)
FNDA:0,(anonymous_13)
FNDA:0,(anonymous_14)
FNDA:0,(anonymous_15)
DA:4,0
DA:5,0
DA:6,0
DA:7,0
DA:8,0
DA:12,0
DA:13,0
DA:14,0
DA:15,0
DA:24,0
DA:25,0
DA:26,0
DA:29,0
DA:30,0
DA:32,0
DA:33,0
DA:38,0
DA:39,0
DA:41,0
DA:44,0
DA:46,0
DA:47,0
DA:48,0
DA:52,0
DA:55,0
DA:56,0
DA:65,0
DA:66,0
DA:67,0
DA:69,0
DA:70,0
DA:71,0
DA:72,0
DA:75,0
DA:84,0
DA:86,0
DA:87,0
DA:88,0
DA:89,0
DA:93,0
DA:94,0
DA:97,0
DA:100,0
DA:101,0
DA:111,0
DA:113,0
DA:122,0
DA:123,0
DA:136,0
DA:138,0
DA:139,0
DA:142,0
DA:143,0
DA:152,0
DA:153,0
DA:156,0
DA:162,0
DA:163,0
DA:164,0
DA:165,0
DA:171,0
DA:172,0
DA:173,0
DA:174,0
DA:175,0
DA:180,0
DA:181,0
DA:183,0
DA:192,0
DA:194,0
DA:195,0
DA:198,0
DA:199,0
DA:202,0
DA:203,0
DA:206,0
DA:211,0
DA:212,0
DA:213,0
DA:217,0
DA:227,0
DA:229,0
DA:232,0
DA:233,0
DA:236,0
DA:237,0
DA:240,0
DA:241,0
DA:244,0
DA:245,0
DA:249,0
DA:250,0
DA:251,0
DA:258,0
DA:259,0
DA:261,0
DA:272,0
DA:273,0
DA:276,0
DA:277,0
DA:288,0
DA:290,0
DA:292,0
DA:295,0
DA:298,0
DA:301,0
DA:307,0
DA:309,0
LF:108
LH:0
BRDA:12,0,0,0
BRDA:12,0,1,0
BRDA:13,1,0,0
BRDA:13,1,1,0
BRDA:29,2,0,0
BRDA:29,2,1,0
BRDA:32,3,0,0
BRDA:32,3,1,0
BRDA:32,4,0,0
BRDA:32,4,1,0
BRDA:46,5,0,0
BRDA:46,5,1,0
BRDA:46,6,0,0
BRDA:46,6,1,0
BRDA:66,7,0,0
BRDA:66,7,1,0
BRDA:69,8,0,0
BRDA:69,8,1,0
BRDA:87,9,0,0
BRDA:87,9,1,0
BRDA:138,10,0,0
BRDA:138,10,1,0
BRDA:164,11,0,0
BRDA:164,11,1,0
BRDA:174,12,0,0
BRDA:174,12,1,0
BRDA:174,13,0,0
BRDA:174,13,1,0
BRDA:194,14,0,0
BRDA:194,14,1,0
BRDA:212,15,0,0
BRDA:212,15,1,0
BRDA:212,16,0,0
BRDA:212,16,1,0
BRDA:212,16,2,0
BRDA:229,17,0,0
BRDA:229,17,1,0
BRDA:229,17,2,0
BRDA:229,17,3,0
BRDA:244,18,0,0
BRDA:244,18,1,0
BRDA:288,19,0,0
BRDA:288,19,1,0
BRDA:290,20,0,0
BRDA:290,20,1,0
BRDA:290,20,2,0
BRDA:290,20,3,0
BRDA:292,21,0,0
BRDA:292,21,1,0
BRDA:295,22,0,0
BRDA:295,22,1,0
BRDA:298,23,0,0
BRDA:298,23,1,0
BRF:53
BRH:0
end_of_record
TN:
SF:src/utils/helpers.js
FN:5,(anonymous_0)
FN:12,(anonymous_1)
FN:20,(anonymous_2)
FN:33,(anonymous_3)
FN:39,(anonymous_4)
FN:49,(anonymous_5)
FN:50,(anonymous_6)
FN:54,(anonymous_7)
FNF:8
FNH:0
FNDA:0,(anonymous_0)
FNDA:0,(anonymous_1)
FNDA:0,(anonymous_2)
FNDA:0,(anonymous_3)
FNDA:0,(anonymous_4)
FNDA:0,(anonymous_5)
FNDA:0,(anonymous_6)
FNDA:0,(anonymous_7)
DA:1,0
DA:6,0
DA:7,0
DA:8,0
DA:13,0
DA:14,0
DA:15,0
DA:16,0
DA:21,0
DA:23,0
DA:24,0
DA:25,0
DA:26,0
DA:29,0
DA:34,0
DA:35,0
DA:40,0
DA:41,0
DA:42,0
DA:44,0
DA:50,0
DA:55,0
DA:56,0
DA:57,0
DA:59,0
DA:63,0
LF:26
LH:0
BRDA:5,0,0,0
BRDA:20,1,0,0
BRDA:23,2,0,0
BRDA:23,2,1,0
BRDA:25,3,0,0
BRDA:25,3,1,0
BRDA:34,4,0,0
BRDA:34,4,1,0
BRF:8
BRH:0
end_of_record
TN:
SF:src/utils/logger.js
FNF:0
FNH:0
DA:1,1
DA:2,1
DA:4,1
DA:17,1
DA:18,0
DA:26,1
LF:6
LH:5
BRDA:5,0,0,0
BRDA:5,0,1,1
BRDA:17,1,0,0
BRDA:17,1,1,1
BRF:4
BRH:2
end_of_record
TN:
SF:src/utils/validators.js
FNF:0
FNH:0
DA:1,0
DA:2,0
DA:4,0
DA:79,0
LF:4
LH:0
BRF:0
BRH:0
end_of_record
